000 (47129.000.000) 2025-05-01 20:08:52 Job submitted from host: <[2a05:b400:104:100::500:82f]:19363?addrs=[2a05-b400-104-100--500-82f]-19363&alias=el9-06.hep.phy.cam.ac.uk>
...
040 (47129.000.000) 2025-05-01 20:08:52 Started transferring input files
	Transferring to host: <[2a05:b400:104:200::dc00:4]:33805?addrs=[2a05-b400-104-200--dc00-4]-33805&alias=dc-cpu-04.hep.phy.cam.ac.uk>
...
040 (47129.000.000) 2025-05-01 20:08:58 Finished transferring input files
...
001 (47129.000.000) 2025-05-01 20:08:58 Job executing on host: <[2a05:b400:104:200::dc00:4]:33533?addrs=[2a05-b400-104-200--dc00-4]-33533&alias=dc-cpu-04.hep.phy.cam.ac.uk>
	SlotName: slot1_18@dc-cpu-04.hep.phy.cam.ac.uk
	CondorScratchDir = "/var/work/condor/execute/dir_3770540"
	Cpus = 4
	Disk = 2098176
	GPUs = 0
	Memory = 4096
...
006 (47129.000.000) 2025-05-01 20:09:06 Image size of job updated: 99008
	97  -  MemoryUsage of job (MB)
	99008  -  ResidentSetSize of job (KB)
...
006 (47129.000.000) 2025-05-01 20:14:06 Image size of job updated: 438572
	429  -  MemoryUsage of job (MB)
	438572  -  ResidentSetSize of job (KB)
...
006 (47129.000.000) 2025-05-01 20:29:07 Image size of job updated: 438608
	429  -  MemoryUsage of job (MB)
	438608  -  ResidentSetSize of job (KB)
...
