Configuration:
   Detector:
	 gap width: 0.1
	 steps: 500
	 electric field: 54000
	 ebar calculation steps: 140
	 anode: 0.12 cm, epsilon=5
	 cathode: 0.12 cm, epsilon=5
	 threshold: 3 pC
   Gas composition:
	 temperature: 293.15
	 pressure: 760
	 gases: 4
	 gas 0 -- name: c2h2f4 - percentage: 64
	 gas 1 -- name: co2 - percentage: 30
	 gas 2 -- name: isobutane - percentage: 5
	 gas 3 -- name: sf6 - percentage: 1
   Simulation parameters:
	 particle: muon
	 momentum: 5e+09
	 x0: 0
	 theta: 0
	 events to simulate: 72
	 threads to use: 8
	 outfile path: out/ATLAS_2024_54kV.dat
	 generator: SFMT
	 random global seed
	 Debug outputs: 0
	 verbose: 1
	 verbosity level: 1
	 snapshots: 0
Init SFMT generator with random seed: 1423650914
MediumMagboltz::SetComposition: C2H2F4/CO2/iC4H10/SF6 (64/30/5/1)
	Gas table file: C2H2F4-0.64_CO2-0.3_iC4H10-0.05_SF6-0.01_temp-293.15_pres-760.gas
MediumMagboltz::LoadGasFile:
    Reading file gastables/C2H2F4-0.64_CO2-0.3_iC4H10-0.05_SF6-0.01_temp-293.15_pres-760.gas.
    Version 13.
    Gas composition set to iC4H10/CO2/SF6/C2H2F4 (5/30/1/64).

Transport parameters:
	alpha: 238.155 cm-1
	eta: 26.8089 cm-1
	E: 54000 kV/cm
	Drift velocity: (0.0128846,0,0) cm/ns
	Ion Drift velocity: (0,0,0) cm/ns
	Diffusion coefficient: (0.0103252, 0.0118378) cm-1/2
	Dt: 0.0155224 ns

EbarTable filename: fDiffT:0.0118378-gapWidth:0.1-eps1:5-eps3:5-cathode:0.12-anode:0.12-Nstep:500-Dx:0.0002-EbarTableSize:140
Hash representation: 15092061468677048545
Computing Ebar Table ... 

TAvalanche::Computing cluster density.
TAvalanche::Computing electron density and cluster size.
Longitudinal diffusion generator: SIMD-oriented Fast Mersenne Twister
Initialising avalanche (Id: 0) with Heed track (thread 0) for muon with momentum 5e+09 at position 0 with angle 0
Garfield::RandomEngineSTL seed: 1832967557
Cluster density for muon with momentum 5e+09 : 77.9916
TAvalanche1D::initialiseTrackHeed -- 6 electrons produced by heed track.

Longitudinal diffusion generator: SIMD-oriented Fast Mersenne Twister
Initialising avalanche (Id: 1) with Heed track (thread 1) for muon with momentum 5e+09 at position 0 with angle 0
Garfield::RandomEngineSTL seed: -668479070
Cluster density for muon with momentum 5e+09 : 77.9916
TAvalanche1D::initialiseTrackHeed -- 17 electrons produced by heed track.

Longitudinal diffusion generator: SIMD-oriented Fast Mersenne Twister
Initialising avalanche (Id: 2) with Heed track (thread 2) for muon with momentum 5e+09 at position 0 with angle 0
Garfield::RandomEngineSTL seed: 1430662660
Cluster density for muon with momentum 5e+09 : 77.9916
TAvalanche1D::initialiseTrackHeed -- 29 electrons produced by heed track.

Longitudinal diffusion generator: SIMD-oriented Fast Mersenne Twister
Initialising avalanche (Id: 3) with Heed track (thread 3) for muon with momentum 5e+09 at position 0 with angle 0
Garfield::RandomEngineSTL seed: 1189658038
Cluster density for muon with momentum 5e+09 : 77.9916
TAvalanche1D::initialiseTrackHeed -- 10 electrons produced by heed track.

Longitudinal diffusion generator: SIMD-oriented Fast Mersenne Twister
Initialising avalanche (Id: 4) with Heed track (thread 4) for muon with momentum 5e+09 at position 0 with angle 0
Garfield::RandomEngineSTL seed: -1802248554
Cluster density for muon with momentum 5e+09 : 77.9916
TAvalanche1D::initialiseTrackHeed -- 19 electrons produced by heed track.

Longitudinal diffusion generator: SIMD-oriented Fast Mersenne Twister
Initialising avalanche (Id: 5) with Heed track (thread 5) for muon with momentum 5e+09 at position 0 with angle 0
Garfield::RandomEngineSTL seed: 1432047469
Cluster density for muon with momentum 5e+09 : 77.9916
TAvalanche1D::initialiseTrackHeed -- 35 electrons produced by heed track.

Longitudinal diffusion generator: SIMD-oriented Fast Mersenne Twister
Initialising avalanche (Id: 6) with Heed track (thread 6) for muon with momentum 5e+09 at position 0 with angle 0
Garfield::RandomEngineSTL seed: 595031910
Cluster density for muon with momentum 5e+09 : 77.9916
TAvalanche1D::initialiseTrackHeed -- 36 electrons produced by heed track.

Longitudinal diffusion generator: SIMD-oriented Fast Mersenne Twister
Initialising avalanche (Id: 7) with Heed track (thread 7) for muon with momentum 5e+09 at position 0 with angle 0
Garfield::RandomEngineSTL seed: -1955563518
Cluster density for muon with momentum 5e+09 : 77.9916
TAvalanche1D::initialiseTrackHeed -- 6 electrons produced by heed track.


2025-05-01.22:03:54 - Avalanche simulation id 0 (0nth simulation) terminated with success (6727 seconds).

Longitudinal diffusion generator: SIMD-oriented Fast Mersenne Twister
Initialising avalanche (Id: 8) with Heed track (thread 8) for muon with momentum 5e+09 at position 0 with angle 0
Garfield::RandomEngineSTL seed: 37057919
Cluster density for muon with momentum 5e+09 : 77.9916
TAvalanche1D::initialiseTrackHeed -- 16 electrons produced by heed track.

clt failed
clt failed
clt failed
clt failed
clt failed
clt failed
clt failed

2025-05-01.23:13:10 - Avalanche simulation id 4 (1nth simulation) terminated with success (10881 seconds).

Longitudinal diffusion generator: SIMD-oriented Fast Mersenne Twister
Initialising avalanche (Id: 9) with Heed track (thread 9) for muon with momentum 5e+09 at position 0 with angle 0
Garfield::RandomEngineSTL seed: 40840506
Cluster density for muon with momentum 5e+09 : 77.9916
TAvalanche1D::initialiseTrackHeed -- 21 electrons produced by heed track.

clt failed
clt failed
clt failed
clt failed
clt failed
clt failed
clt failed
clt failed
clt failed
clt failed
clt failed
clt failed
clt failed
clt failed
clt failed
clt failed
clt failed
clt failed
clt failed
clt failed
clt failed
clt failed
clt failed
clt failed
clt failed
clt failed
clt failed
clt failed
clt failed
clt failed
clt failed
clt failed
clt failed
clt failed
clt failed
clt failed
clt failed
clt failed
clt failed
clt failed
clt failed
clt failed
clt failed
clt failed
clt failed
clt failed
clt failed
clt failed
clt failed
clt failed
clt failed
clt failed
clt failed
clt failed
clt failed
clt failed
clt failed
clt failed
clt failed
clt failed
clt failed
clt failed
clt failed
clt failed
clt failed
clt failed
clt failed
clt failed
clt failed
clt failed
clt failed
clt failed
clt failed
clt failed
clt failed
clt failed
clt failed
clt failed
clt failed
clt failed
clt failed
clt failed
clt failed
clt failed
clt failed
clt failed
clt failed
clt failed
clt failed
clt failed
clt failed
clt failed
clt failed
clt failed
clt failed
clt failed
clt failed
clt failed
clt failed
clt failed
clt failed
clt failed
clt failed
clt failed
clt failed
clt failed
clt failed
clt failed
clt failed
clt failed
clt failed
clt failed
clt failed
clt failed
clt failed
clt failed
clt failed
clt failed
clt failed
clt failed
clt failed
clt failed
clt failed
clt failed
clt failed
clt failed
clt failed
clt failed
clt failed
clt failed
clt failed
clt failed
clt failed
clt failed
clt failed
clt failed
clt failed
clt failed
clt failed
clt failed
clt failed
clt failed
clt failed
clt failed
clt failed
clt failed
clt failed
clt failed
clt failed
clt failed
clt failed
clt failed
clt failed
clt failed
clt failed
clt failed
clt failed
clt failed
clt failed
clt failed
clt failed
clt failed
clt failed
clt failed
clt failed
clt failed
clt failed
clt failed
clt failed
clt failed
clt failed
clt failed
clt failed
clt failed
clt failed
clt failed
clt failed
clt failed
clt failed
clt failed
clt failed
clt failed
clt failed
clt failed
clt failed
clt failed
clt failed
clt failed
clt failed
clt failed
clt failed
clt failed
clt failed
clt failed
clt failed
clt failed
clt failed
clt failed
clt failed
clt failed
clt failed
clt failed
clt failed
clt failed
clt failed
clt failed
clt failed
clt failed
clt failed
clt failed
clt failed
clt failed
clt failed
clt failed
clt failed
clt failed
clt failed
clt failed
clt failed
clt failed
clt failed
clt failed
clt failed
clt failed
clt failed
clt failed
clt failed
clt failed
clt failed
clt failed
clt failed
clt failed
clt failed
clt failed
clt failed
clt failed
clt failed
clt failed
clt failed
clt failed
clt failed
clt failed
clt failed
clt failed
clt failed
clt failed
clt failed
clt failed
clt failed
clt failed
clt failed
clt failed
clt failed
clt failed
clt failed
clt failed
clt failed
clt failed
clt failed
clt failed
clt failed
clt failed
clt failed
clt failed
clt failed
clt failed
clt failed
clt failed
clt failed
clt failed
clt failed
clt failed
clt failed
clt failed
clt failed
clt failed
clt failed
clt failed
clt failed
clt failed
clt failed
clt failed
clt failed
clt failed
clt failed
clt failed
clt failed
clt failed
clt failed
clt failed
clt failed
clt failed
clt failed
clt failed
clt failed
clt failed
clt failed

2025-05-01.23:34:43 - Avalanche simulation id 6 (2nth simulation) terminated with success (12174 seconds).

Longitudinal diffusion generator: SIMD-oriented Fast Mersenne Twister
Initialising avalanche (Id: 10) with Heed track (thread 10) for muon with momentum 5e+09 at position 0 with angle 0
Garfield::RandomEngineSTL seed: 1936804520
Cluster density for muon with momentum 5e+09 : 77.9916
TAvalanche1D::initialiseTrackHeed -- 3 electrons produced by heed track.

clt failed
clt failed
clt failed
clt failed
clt failed
clt failed
clt failed
clt failed
clt failed
clt failed
clt failed
clt failed
clt failed
clt failed
clt failed
clt failed
clt failed
clt failed
clt failed
clt failed
clt failed
clt failed
clt failed
clt failed
clt failed
clt failed
clt failed
clt failed
clt failed
clt failed
clt failed
clt failed
clt failed
clt failed
clt failed
clt failed
clt failed
clt failed
clt failed
clt failed

2025-05-01.23:38:32 - Avalanche simulation id 5 (3nth simulation) terminated with success (12403 seconds).

Longitudinal diffusion generator: SIMD-oriented Fast Mersenne Twister
Initialising avalanche (Id: 11) with Heed track (thread 11) for muon with momentum 5e+09 at position 0 with angle 0
Garfield::RandomEngineSTL seed: 1794081732
Cluster density for muon with momentum 5e+09 : 77.9916
TAvalanche1D::initialiseTrackHeed -- 8 electrons produced by heed track.

clt failed
clt failed
clt failed
clt failed
clt failed
clt failed
clt failed
clt failed
clt failed
clt failed
clt failed
clt failed
clt failed
clt failed
clt failed
clt failed
clt failed
clt failed
clt failed
clt failed
clt failed
clt failed
clt failed
clt failed
clt failed
clt failed
clt failed
clt failed
clt failed
clt failed
clt failed
clt failed
clt failed
clt failed
clt failed
clt failed
clt failed
clt failed
clt failed
clt failed
clt failed
clt failed
clt failed
clt failed
clt failed
clt failed
clt failed
clt failed
clt failed
clt failed
clt failed
clt failed
clt failed
clt failed
clt failed
clt failed
clt failed
clt failed
clt failed
clt failed
clt failed
clt failed
clt failed
clt failed
clt failed
clt failed
clt failed
clt failed
clt failed
clt failed
clt failed
clt failed
clt failed
clt failed
clt failed
clt failed
clt failed
clt failed
clt failed
clt failed
clt failed
clt failed
clt failed
clt failed
clt failed
clt failed
clt failed
clt failed
clt failed
clt failed
clt failed
clt failed
clt failed
clt failed
clt failed
clt failed
clt failed
clt failed
clt failed
clt failed
clt failed
clt failed
clt failed
clt failed
clt failed
clt failed
clt failed
clt failed
clt failed
clt failed
clt failed
clt failed
clt failed
clt failed
clt failed
clt failed
clt failed
clt failed
clt failed
clt failed
clt failed
clt failed
clt failed
clt failed
clt failed
clt failed
clt failed
clt failed
clt failed
clt failed
clt failed
clt failed
clt failed
clt failed
clt failed
clt failed
clt failed
clt failed
clt failed
clt failed
clt failed
clt failed
clt failed
clt failed
clt failed
clt failed
clt failed
clt failed
clt failed
clt failed
clt failed
clt failed
clt failed
clt failed
clt failed
clt failed
clt failed
clt failed
clt failed
clt failed
clt failed
clt failed
clt failed
clt failed
clt failed
clt failed
clt failed
clt failed
clt failed
clt failed
clt failed
clt failed
clt failed
clt failed
clt failed
clt failed
clt failed
clt failed
clt failed
clt failed
clt failed
clt failed
clt failed
clt failed
clt failed
clt failed
clt failed
clt failed
clt failed
clt failed
clt failed
clt failed
clt failed
clt failed
clt failed
clt failed
clt failed
clt failed
clt failed
clt failed
clt failed
clt failed
clt failed
clt failed
clt failed
clt failed
clt failed
clt failed
clt failed
clt failed
clt failed
clt failed
clt failed
clt failed
clt failed
clt failed
clt failed
clt failed
clt failed

2025-05-01.23:48:49 - Avalanche simulation id 1 (4nth simulation) terminated with success (13021 seconds).

Longitudinal diffusion generator: SIMD-oriented Fast Mersenne Twister
Initialising avalanche (Id: 12) with Heed track (thread 12) for muon with momentum 5e+09 at position 0 with angle 0
Garfield::RandomEngineSTL seed: -568220690
Cluster density for muon with momentum 5e+09 : 77.9916
TAvalanche1D::initialiseTrackHeed -- 13 electrons produced by heed track.

clt failed

2025-05-02.00:10:41 - Avalanche simulation id 3 (5nth simulation) terminated with success (14333 seconds).

Longitudinal diffusion generator: SIMD-oriented Fast Mersenne Twister
Initialising avalanche (Id: 13) with Heed track (thread 13) for muon with momentum 5e+09 at position 0 with angle 0
Garfield::RandomEngineSTL seed: 685717029
Cluster density for muon with momentum 5e+09 : 77.9916
TAvalanche1D::initialiseTrackHeed -- 12 electrons produced by heed track.


2025-05-02.00:10:53 - Avalanche simulation id 2 (6nth simulation) terminated with success (14345 seconds).

Longitudinal diffusion generator: SIMD-oriented Fast Mersenne Twister
Initialising avalanche (Id: 14) with Heed track (thread 14) for muon with momentum 5e+09 at position 0 with angle 0
Garfield::RandomEngineSTL seed: -1985782185
Cluster density for muon with momentum 5e+09 : 77.9916
TAvalanche1D::initialiseTrackHeed -- 10 electrons produced by heed track.


2025-05-02.00:14:56 - Avalanche simulation id 7 (7nth simulation) terminated with success (14587 seconds).

Longitudinal diffusion generator: SIMD-oriented Fast Mersenne Twister
Initialising avalanche (Id: 15) with Heed track (thread 15) for muon with momentum 5e+09 at position 0 with angle 0
Garfield::RandomEngineSTL seed: -1943594289
Cluster density for muon with momentum 5e+09 : 77.9916
TAvalanche1D::initialiseTrackHeed -- 5 electrons produced by heed track.


2025-05-02.01:18:52 - Avalanche simulation id 10 (8nth simulation) terminated with success (6248 seconds).

Longitudinal diffusion generator: SIMD-oriented Fast Mersenne Twister
Initialising avalanche (Id: 16) with Heed track (thread 16) for muon with momentum 5e+09 at position 0 with angle 0
Garfield::RandomEngineSTL seed: 735909059
Cluster density for muon with momentum 5e+09 : 77.9916
TAvalanche1D::initialiseTrackHeed -- 9 electrons produced by heed track.


2025-05-02.01:39:50 - Avalanche simulation id 15 (9nth simulation) terminated with success (5093 seconds).

Longitudinal diffusion generator: SIMD-oriented Fast Mersenne Twister
Initialising avalanche (Id: 17) with Heed track (thread 17) for muon with momentum 5e+09 at position 0 with angle 0
Garfield::RandomEngineSTL seed: 672339783
Cluster density for muon with momentum 5e+09 : 77.9916
TAvalanche1D::initialiseTrackHeed -- 12 electrons produced by heed track.


2025-05-02.02:10:18 - Avalanche simulation id 8 (10nth simulation) terminated with success (14783 seconds).

Longitudinal diffusion generator: SIMD-oriented Fast Mersenne Twister
Initialising avalanche (Id: 18) with Heed track (thread 18) for muon with momentum 5e+09 at position 0 with angle 0
Garfield::RandomEngineSTL seed: -2124038121
Cluster density for muon with momentum 5e+09 : 77.9916
TAvalanche1D::initialiseTrackHeed -- 8 electrons produced by heed track.


2025-05-02.03:01:47 - Avalanche simulation id 9 (11nth simulation) terminated with success (13717 seconds).

Longitudinal diffusion generator: SIMD-oriented Fast Mersenne Twister
Initialising avalanche (Id: 19) with Heed track (thread 19) for muon with momentum 5e+09 at position 0 with angle 0
Garfield::RandomEngineSTL seed: -851575548
Cluster density for muon with momentum 5e+09 : 77.9916
TAvalanche1D::initialiseTrackHeed -- 31 electrons produced by heed track.


2025-05-02.03:31:31 - Avalanche simulation id 11 (12nth simulation) terminated with success (13979 seconds).

Longitudinal diffusion generator: SIMD-oriented Fast Mersenne Twister
Initialising avalanche (Id: 20) with Heed track (thread 20) for muon with momentum 5e+09 at position 0 with angle 0
Garfield::RandomEngineSTL seed: 941044422
Cluster density for muon with momentum 5e+09 : 77.9916
TAvalanche1D::initialiseTrackHeed -- 30 electrons produced by heed track.


2025-05-02.03:33:33 - Avalanche simulation id 12 (13nth simulation) terminated with success (13484 seconds).

Longitudinal diffusion generator: SIMD-oriented Fast Mersenne Twister
Initialising avalanche (Id: 21) with Heed track (thread 21) for muon with momentum 5e+09 at position 0 with angle 0
Garfield::RandomEngineSTL seed: -1586716390
Cluster density for muon with momentum 5e+09 : 77.9916
TAvalanche1D::initialiseTrackHeed -- 14 electrons produced by heed track.


2025-05-02.03:45:55 - Avalanche simulation id 13 (14nth simulation) terminated with success (12914 seconds).

Longitudinal diffusion generator: SIMD-oriented Fast Mersenne Twister
Initialising avalanche (Id: 22) with Heed track (thread 22) for muon with momentum 5e+09 at position 0 with angle 0
Garfield::RandomEngineSTL seed: 1136284380
Cluster density for muon with momentum 5e+09 : 77.9916
TAvalanche1D::initialiseTrackHeed -- 10 electrons produced by heed track.


2025-05-02.03:50:57 - Avalanche simulation id 14 (15nth simulation) terminated with success (13204 seconds).

Longitudinal diffusion generator: SIMD-oriented Fast Mersenne Twister
Initialising avalanche (Id: 23) with Heed track (thread 23) for muon with momentum 5e+09 at position 0 with angle 0
Garfield::RandomEngineSTL seed: 1697480949
Cluster density for muon with momentum 5e+09 : 77.9916
TAvalanche1D::initialiseTrackHeed -- 20 electrons produced by heed track.


2025-05-02.04:52:24 - Avalanche simulation id 16 (16nth simulation) terminated with success (12812 seconds).

Longitudinal diffusion generator: SIMD-oriented Fast Mersenne Twister
Initialising avalanche (Id: 24) with Heed track (thread 24) for muon with momentum 5e+09 at position 0 with angle 0
Garfield::RandomEngineSTL seed: 9982293
Cluster density for muon with momentum 5e+09 : 77.9916
TAvalanche1D::initialiseTrackHeed -- 19 electrons produced by heed track.


2025-05-02.05:16:13 - Avalanche simulation id 17 (17nth simulation) terminated with success (12983 seconds).

Longitudinal diffusion generator: SIMD-oriented Fast Mersenne Twister
Initialising avalanche (Id: 25) with Heed track (thread 25) for muon with momentum 5e+09 at position 0 with angle 0
Garfield::RandomEngineSTL seed: 205468955
Cluster density for muon with momentum 5e+09 : 77.9916
TAvalanche1D::initialiseTrackHeed -- 6 electrons produced by heed track.


2025-05-02.05:51:50 - Avalanche simulation id 19 (18nth simulation) terminated with success (10203 seconds).

Longitudinal diffusion generator: SIMD-oriented Fast Mersenne Twister
Initialising avalanche (Id: 26) with Heed track (thread 26) for muon with momentum 5e+09 at position 0 with angle 0
Garfield::RandomEngineSTL seed: 1611608913
Cluster density for muon with momentum 5e+09 : 77.9916
TAvalanche1D::initialiseTrackHeed -- 10 electrons produced by heed track.


2025-05-02.05:53:40 - Avalanche simulation id 20 (19nth simulation) terminated with success (8528 seconds).

Longitudinal diffusion generator: SIMD-oriented Fast Mersenne Twister
Initialising avalanche (Id: 27) with Heed track (thread 27) for muon with momentum 5e+09 at position 0 with angle 0
Garfield::RandomEngineSTL seed: 130441441
Cluster density for muon with momentum 5e+09 : 77.9916
TAvalanche1D::initialiseTrackHeed -- 14 electrons produced by heed track.


2025-05-02.05:55:48 - Avalanche simulation id 18 (20nth simulation) terminated with success (13530 seconds).

Longitudinal diffusion generator: SIMD-oriented Fast Mersenne Twister
Initialising avalanche (Id: 28) with Heed track (thread 28) for muon with momentum 5e+09 at position 0 with angle 0
Garfield::RandomEngineSTL seed: 1867897364
Cluster density for muon with momentum 5e+09 : 77.9916
TAvalanche1D::initialiseTrackHeed -- 11 electrons produced by heed track.

clt failed
clt failed
clt failed
clt failed
clt failed
clt failed
clt failed
clt failed
clt failed
clt failed
clt failed
clt failed
clt failed
clt failed
clt failed
clt failed
clt failed
clt failed
clt failed
clt failed
clt failed
clt failed
clt failed
clt failed
clt failed
clt failed
clt failed
clt failed
clt failed
clt failed
clt failed
clt failed
clt failed
clt failed
clt failed
clt failed
clt failed
clt failed
clt failed
clt failed
clt failed
clt failed
clt failed
clt failed
clt failed
clt failed
clt failed
clt failed
clt failed
clt failed
clt failed
clt failed
clt failed
clt failed
clt failed
clt failed
clt failed
clt failed
clt failed
clt failed
clt failed
clt failed

2025-05-02.06:27:19 - Avalanche simulation id 21 (21nth simulation) terminated with success (10425 seconds).

Longitudinal diffusion generator: SIMD-oriented Fast Mersenne Twister
Initialising avalanche (Id: 29) with Heed track (thread 29) for muon with momentum 5e+09 at position 0 with angle 0
Garfield::RandomEngineSTL seed: -1017297352
Cluster density for muon with momentum 5e+09 : 77.9916
TAvalanche1D::initialiseTrackHeed -- 6 electrons produced by heed track.

clt failed
clt failed
clt failed
clt failed
clt failed
clt failed
clt failed
clt failed
clt failed
clt failed
clt failed
clt failed
clt failed
clt failed
clt failed
clt failed
clt failed
clt failed
clt failed
clt failed
clt failed
clt failed
clt failed
clt failed
clt failed
clt failed
clt failed
clt failed
clt failed
clt failed
clt failed
clt failed
clt failed
clt failed
clt failed
clt failed
clt failed
clt failed
clt failed
clt failed
clt failed
clt failed
clt failed
clt failed
clt failed
clt failed
clt failed
clt failed
clt failed
clt failed
clt failed
clt failed
clt failed
clt failed
clt failed
clt failed
clt failed
clt failed
clt failed
clt failed
clt failed
clt failed
clt failed
clt failed
clt failed
clt failed
clt failed
clt failed
clt failed
clt failed
clt failed
clt failed
clt failed
clt failed
clt failed
clt failed
clt failed
clt failed
clt failed

2025-05-02.07:39:12 - Avalanche simulation id 23 (22nth simulation) terminated with success (13694 seconds).

Longitudinal diffusion generator: SIMD-oriented Fast Mersenne Twister
Initialising avalanche (Id: 30) with Heed track (thread 30) for muon with momentum 5e+09 at position 0 with angle 0
Garfield::RandomEngineSTL seed: -558745340
Cluster density for muon with momentum 5e+09 : 77.9916
TAvalanche1D::initialiseTrackHeed -- 10 electrons produced by heed track.

clt failed
clt failed
clt failed
clt failed
clt failed
clt failed
clt failed
clt failed

2025-05-02.07:47:30 - Avalanche simulation id 22 (23nth simulation) terminated with success (14494 seconds).

Longitudinal diffusion generator: SIMD-oriented Fast Mersenne Twister
Initialising avalanche (Id: 31) with Heed track (thread 31) for muon with momentum 5e+09 at position 0 with angle 0
Garfield::RandomEngineSTL seed: -534829761
Cluster density for muon with momentum 5e+09 : 77.9916
TAvalanche1D::initialiseTrackHeed -- 10 electrons produced by heed track.

clt failed
clt failed
clt failed
clt failed
clt failed
clt failed
clt failed
clt failed
clt failed
clt failed
clt failed
clt failed
clt failed
clt failed
clt failed
clt failed

2025-05-02.08:04:09 - Avalanche simulation id 25 (24nth simulation) terminated with success (10075 seconds).

Longitudinal diffusion generator: SIMD-oriented Fast Mersenne Twister
Initialising avalanche (Id: 32) with Heed track (thread 32) for muon with momentum 5e+09 at position 0 with angle 0
Garfield::RandomEngineSTL seed: 1879640737
Cluster density for muon with momentum 5e+09 : 77.9916
TAvalanche1D::initialiseTrackHeed -- 7 electrons produced by heed track.

clt failed
clt failed
clt failed
clt failed
clt failed
clt failed
clt failed
clt failed
clt failed
clt failed
clt failed
clt failed
clt failed
clt failed
clt failed
clt failed
clt failed
clt failed
clt failed
clt failed
clt failed
clt failed
clt failed
clt failed
clt failed
clt failed
clt failed
clt failed
clt failed
clt failed
clt failed
clt failed
clt failed
clt failed
clt failed
clt failed
clt failed
clt failed
clt failed
clt failed
clt failed
clt failed
clt failed
clt failed
clt failed
clt failed
clt failed
clt failed
clt failed
clt failed
clt failed
clt failed
clt failed
clt failed
clt failed
clt failed
clt failed
clt failed
clt failed
clt failed
clt failed
clt failed
clt failed
clt failed
clt failed
clt failed
clt failed
clt failed
clt failed
clt failed
clt failed
clt failed
clt failed
clt failed
clt failed
clt failed
clt failed
clt failed
clt failed
clt failed
clt failed
clt failed
clt failed
clt failed
clt failed
clt failed
clt failed
clt failed
clt failed
clt failed
clt failed
clt failed
clt failed
clt failed
clt failed
clt failed
clt failed
clt failed
clt failed
clt failed
clt failed
clt failed
clt failed
clt failed
clt failed
clt failed
clt failed
clt failed
clt failed
clt failed
clt failed
clt failed
clt failed
clt failed
clt failed
clt failed
clt failed

2025-05-02.09:32:53 - Avalanche simulation id 24 (25nth simulation) terminated with success (16829 seconds).

Longitudinal diffusion generator: SIMD-oriented Fast Mersenne Twister
Initialising avalanche (Id: 33) with Heed track (thread 33) for muon with momentum 5e+09 at position 0 with angle 0
Garfield::RandomEngineSTL seed: 252843592
Cluster density for muon with momentum 5e+09 : 77.9916
TAvalanche1D::initialiseTrackHeed -- 11 electrons produced by heed track.

clt failed
clt failed
clt failed
clt failed
clt failed
clt failed
clt failed
clt failed
clt failed
clt failed
clt failed
clt failed
clt failed
clt failed
clt failed
clt failed
clt failed
clt failed
clt failed
clt failed
clt failed
clt failed
clt failed
clt failed
clt failed
clt failed
clt failed
clt failed
clt failed
clt failed
clt failed
clt failed
clt failed
clt failed
clt failed
clt failed
clt failed
clt failed
clt failed
clt failed
clt failed
clt failed
clt failed
clt failed
clt failed
clt failed
clt failed
clt failed
clt failed

2025-05-02.09:44:16 - Avalanche simulation id 30 (26nth simulation) terminated with success (7504 seconds).

Longitudinal diffusion generator: SIMD-oriented Fast Mersenne Twister
Initialising avalanche (Id: 34) with Heed track (thread 34) for muon with momentum 5e+09 at position 0 with angle 0
Garfield::RandomEngineSTL seed: -2145282016
Cluster density for muon with momentum 5e+09 : 77.9916
TAvalanche1D::initialiseTrackHeed -- 7 electrons produced by heed track.

clt failed
clt failed
clt failed
clt failed
clt failed
clt failed
clt failed
clt failed
clt failed
clt failed
clt failed
clt failed
clt failed
clt failed
clt failed
clt failed
clt failed
clt failed
clt failed
clt failed
clt failed
clt failed
clt failed
clt failed
clt failed
clt failed
clt failed
clt failed
clt failed
clt failed
clt failed
clt failed
clt failed
clt failed
clt failed
clt failed
clt failed
clt failed
clt failed
clt failed
clt failed
clt failed
clt failed
clt failed
clt failed
clt failed
clt failed
clt failed
clt failed
clt failed
clt failed
clt failed
clt failed
clt failed
clt failed
clt failed
clt failed
clt failed
clt failed
clt failed
clt failed
clt failed
clt failed
clt failed
clt failed
clt failed
clt failed
clt failed
clt failed
clt failed
clt failed
clt failed
clt failed
clt failed
clt failed
clt failed
clt failed
clt failed
clt failed
clt failed
clt failed
clt failed
clt failed
clt failed
clt failed
clt failed
clt failed
clt failed
clt failed
clt failed
clt failed
clt failed
clt failed
clt failed
clt failed
clt failed
clt failed
clt failed
clt failed
clt failed
clt failed
clt failed
clt failed
clt failed
clt failed
clt failed
clt failed
clt failed
clt failed
clt failed
clt failed
clt failed
clt failed
clt failed
clt failed
clt failed
clt failed
clt failed
clt failed
clt failed
clt failed
clt failed
clt failed
clt failed
clt failed
clt failed
clt failed
clt failed
clt failed
clt failed
clt failed
clt failed
clt failed
clt failed
clt failed
clt failed
clt failed
clt failed
clt failed
clt failed
clt failed
clt failed
clt failed
clt failed
clt failed
clt failed
clt failed
clt failed
clt failed
clt failed
clt failed
clt failed
clt failed
clt failed
clt failed
clt failed
clt failed
clt failed
clt failed
clt failed
clt failed
clt failed
clt failed
clt failed
clt failed
clt failed
clt failed
clt failed
clt failed
clt failed
clt failed
clt failed
clt failed
clt failed
clt failed
clt failed
clt failed
clt failed
clt failed
clt failed
clt failed
clt failed
clt failed
clt failed
clt failed
clt failed
clt failed
clt failed
clt failed
clt failed
clt failed
clt failed
clt failed
clt failed
clt failed
clt failed
clt failed
clt failed
clt failed
clt failed
clt failed
clt failed
clt failed
clt failed
clt failed
clt failed
clt failed
clt failed
clt failed
clt failed
clt failed
clt failed
clt failed
clt failed
clt failed
clt failed
clt failed
clt failed
clt failed
clt failed
clt failed
clt failed
clt failed
clt failed
clt failed
clt failed
clt failed
clt failed
clt failed
clt failed
clt failed
clt failed
clt failed
clt failed
clt failed
clt failed
clt failed
clt failed
clt failed
clt failed
clt failed
clt failed
clt failed
clt failed
clt failed
clt failed
clt failed
clt failed
clt failed
clt failed
clt failed
clt failed
clt failed
clt failed
clt failed
clt failed
clt failed
clt failed
clt failed
clt failed
clt failed
clt failed
clt failed
clt failed
clt failed
clt failed
clt failed
clt failed
clt failed
clt failed
clt failed
clt failed
clt failed
clt failed
clt failed
clt failed
clt failed
clt failed
clt failed
clt failed
clt failed
clt failed
clt failed
clt failed
clt failed
clt failed
clt failed
clt failed
clt failed
clt failed
clt failed
clt failed
clt failed
clt failed
clt failed
clt failed
clt failed
clt failed
clt failed
clt failed
clt failed
clt failed
clt failed
clt failed
clt failed
clt failed
clt failed
clt failed
clt failed
clt failed
clt failed
clt failed
clt failed
clt failed
clt failed
clt failed
clt failed
clt failed
clt failed
clt failed
clt failed
clt failed
clt failed
clt failed
clt failed
clt failed
clt failed
clt failed
clt failed

2025-05-02.10:41:17 - Avalanche simulation id 27 (27nth simulation) terminated with success (17257 seconds).

Longitudinal diffusion generator: SIMD-oriented Fast Mersenne Twister
Initialising avalanche (Id: 35) with Heed track (thread 35) for muon with momentum 5e+09 at position 0 with angle 0
Garfield::RandomEngineSTL seed: -841591941
Cluster density for muon with momentum 5e+09 : 77.9916
TAvalanche1D::initialiseTrackHeed -- 14 electrons produced by heed track.

clt failed
clt failed
clt failed
clt failed
clt failed
clt failed
clt failed
clt failed
clt failed
clt failed
clt failed
clt failed
clt failed
clt failed
clt failed
clt failed
clt failed
clt failed
clt failed
clt failed
clt failed
clt failed
clt failed
clt failed
clt failed
clt failed
clt failed
clt failed
clt failed
clt failed
clt failed
clt failed
clt failed
clt failed
clt failed
clt failed
clt failed
clt failed
clt failed
clt failed
clt failed
clt failed
clt failed
clt failed
clt failed
clt failed
clt failed
clt failed
clt failed
clt failed
clt failed
clt failed
clt failed
clt failed
clt failed
clt failed
clt failed
clt failed
clt failed
clt failed
clt failed
clt failed
clt failed
clt failed
clt failed
clt failed
clt failed
clt failed
clt failed
clt failed
clt failed
clt failed
clt failed
clt failed
clt failed
clt failed
clt failed
clt failed
clt failed
clt failed
clt failed
clt failed
clt failed
clt failed
clt failed
clt failed
clt failed
clt failed
clt failed
clt failed
clt failed
clt failed
clt failed
clt failed
clt failed
clt failed
clt failed
clt failed
clt failed
clt failed
clt failed
clt failed
clt failed
clt failed
clt failed
clt failed
clt failed
clt failed
clt failed
clt failed
clt failed
clt failed
clt failed
clt failed
clt failed
clt failed
clt failed
clt failed
clt failed
clt failed
clt failed
clt failed
clt failed
clt failed
clt failed
clt failed
clt failed
clt failed
clt failed
clt failed
clt failed
clt failed
clt failed
clt failed
clt failed
clt failed
clt failed
clt failed
clt failed
clt failed
clt failed
clt failed
clt failed
clt failed
clt failed
clt failed
clt failed
clt failed
clt failed
clt failed
clt failed
clt failed
clt failed
clt failed
clt failed
clt failed
clt failed
clt failed
clt failed
clt failed
clt failed
clt failed
clt failed
clt failed
clt failed
clt failed
clt failed
clt failed
clt failed
clt failed
clt failed
clt failed
clt failed
clt failed
clt failed
clt failed
clt failed
clt failed
clt failed
clt failed
clt failed
clt failed
clt failed
clt failed
clt failed
clt failed
clt failed
clt failed
clt failed
clt failed
clt failed
clt failed
clt failed
clt failed
clt failed
clt failed
clt failed
clt failed
clt failed
clt failed
clt failed
clt failed
clt failed
clt failed
clt failed
clt failed
clt failed
clt failed
clt failed
clt failed
clt failed
clt failed
clt failed
clt failed
clt failed
clt failed
clt failed
clt failed
clt failed
clt failed
clt failed
clt failed
clt failed
clt failed
clt failed
clt failed
clt failed
clt failed
clt failed
clt failed
clt failed
clt failed
clt failed
clt failed
clt failed
clt failed
clt failed
clt failed
clt failed
clt failed
clt failed
clt failed
clt failed
clt failed
clt failed
clt failed
clt failed
clt failed
clt failed
clt failed
clt failed
clt failed
clt failed
clt failed
clt failed
clt failed
clt failed
clt failed
clt failed
clt failed
clt failed
clt failed
clt failed
clt failed
clt failed
clt failed
clt failed
clt failed
clt failed
clt failed
clt failed
clt failed
clt failed
clt failed
clt failed
clt failed
clt failed
clt failed
clt failed
clt failed
clt failed
clt failed
clt failed
clt failed
clt failed
clt failed
clt failed
clt failed
clt failed
clt failed
clt failed
clt failed
clt failed
clt failed
clt failed
clt failed
clt failed
clt failed
clt failed
clt failed

2025-05-02.10:56:48 - Avalanche simulation id 29 (28nth simulation) terminated with success (16169 seconds).

Longitudinal diffusion generator: SIMD-oriented Fast Mersenne Twister
Initialising avalanche (Id: 36) with Heed track (thread 36) for muon with momentum 5e+09 at position 0 with angle 0
Garfield::RandomEngineSTL seed: 161878242
Cluster density for muon with momentum 5e+09 : 77.9916
TAvalanche1D::initialiseTrackHeed -- 14 electrons produced by heed track.


2025-05-02.10:57:33 - Avalanche simulation id 26 (29nth simulation) terminated with success (18343 seconds).

Longitudinal diffusion generator: SIMD-oriented Fast Mersenne Twister
Initialising avalanche (Id: 37) with Heed track (thread 37) for muon with momentum 5e+09 at position 0 with angle 0
Garfield::RandomEngineSTL seed: -264012563
Cluster density for muon with momentum 5e+09 : 77.9916
TAvalanche1D::initialiseTrackHeed -- 5 electrons produced by heed track.

clt failed
clt failed
clt failed
clt failed

2025-05-02.11:02:44 - Avalanche simulation id 32 (30nth simulation) terminated with success (10715 seconds).

Longitudinal diffusion generator: SIMD-oriented Fast Mersenne Twister
Initialising avalanche (Id: 38) with Heed track (thread 38) for muon with momentum 5e+09 at position 0 with angle 0
Garfield::RandomEngineSTL seed: 371458154
Cluster density for muon with momentum 5e+09 : 77.9916
TAvalanche1D::initialiseTrackHeed -- 4 electrons produced by heed track.

clt failed
clt failed
clt failed
clt failed
clt failed
clt failed
clt failed
clt failed
clt failed
clt failed
clt failed
clt failed
clt failed
clt failed
clt failed
clt failed
clt failed
clt failed
clt failed
clt failed
clt failed
clt failed
clt failed
clt failed
clt failed
clt failed
clt failed
clt failed
clt failed
clt failed
clt failed
clt failed
clt failed
clt failed
clt failed
clt failed
clt failed
clt failed
clt failed
clt failed
clt failed
clt failed
clt failed
clt failed
clt failed
clt failed
clt failed
clt failed
clt failed
clt failed
clt failed
clt failed
clt failed
clt failed
clt failed
clt failed
clt failed
clt failed
clt failed
clt failed
clt failed
clt failed
clt failed
clt failed
clt failed
clt failed
clt failed
clt failed
clt failed
clt failed
clt failed
clt failed
clt failed
clt failed
clt failed
clt failed
clt failed
clt failed
clt failed
clt failed
clt failed
clt failed
clt failed
clt failed
clt failed
clt failed
clt failed
clt failed
clt failed
clt failed
clt failed
clt failed
clt failed
clt failed
clt failed
clt failed
clt failed
clt failed
clt failed
clt failed
clt failed
clt failed
clt failed
clt failed
clt failed
clt failed
clt failed
clt failed
clt failed
clt failed
clt failed
clt failed
clt failed
clt failed
clt failed
clt failed
clt failed
clt failed
clt failed
clt failed
clt failed
clt failed
clt failed
clt failed
clt failed
clt failed
clt failed
clt failed
clt failed
clt failed
clt failed
clt failed
clt failed
clt failed
clt failed
clt failed
clt failed
clt failed
clt failed
clt failed
clt failed
clt failed
clt failed
clt failed
clt failed
clt failed
clt failed
clt failed
clt failed
clt failed
clt failed
clt failed
clt failed
clt failed
clt failed
clt failed
clt failed
clt failed
clt failed
clt failed
clt failed
clt failed
clt failed
clt failed
clt failed
clt failed
clt failed
clt failed
clt failed
clt failed
clt failed
clt failed
clt failed
clt failed
clt failed
clt failed
clt failed
clt failed
clt failed
clt failed
clt failed
clt failed
clt failed
clt failed
clt failed
clt failed
clt failed
clt failed
clt failed
clt failed
clt failed
clt failed
clt failed
clt failed
clt failed
clt failed
clt failed
clt failed
clt failed
clt failed
clt failed
clt failed
clt failed
clt failed
clt failed
clt failed
clt failed
clt failed
clt failed
clt failed
clt failed
clt failed
clt failed
clt failed
clt failed
clt failed
clt failed
clt failed
clt failed
clt failed
clt failed
clt failed
clt failed
clt failed
clt failed
clt failed
clt failed
clt failed
clt failed
clt failed
clt failed
clt failed
clt failed
clt failed
clt failed
clt failed
clt failed
clt failed
clt failed
clt failed
clt failed
clt failed
clt failed
clt failed
clt failed
clt failed
clt failed
clt failed
clt failed
clt failed
clt failed
clt failed
clt failed
clt failed
clt failed
clt failed
clt failed
clt failed
clt failed
clt failed
clt failed
clt failed
clt failed
clt failed
clt failed
clt failed
clt failed
clt failed
clt failed
clt failed
clt failed
clt failed
clt failed
clt failed
clt failed
clt failed
clt failed
clt failed
clt failed
clt failed
clt failed
clt failed
clt failed
clt failed
clt failed
clt failed
clt failed
clt failed
clt failed
clt failed
clt failed
clt failed
clt failed
clt failed
clt failed
clt failed

2025-05-02.11:54:36 - Avalanche simulation id 31 (31nth simulation) terminated with success (14826 seconds).

Longitudinal diffusion generator: SIMD-oriented Fast Mersenne Twister
Initialising avalanche (Id: 39) with Heed track (thread 39) for muon with momentum 5e+09 at position 0 with angle 0
Garfield::RandomEngineSTL seed: 1421776645
Cluster density for muon with momentum 5e+09 : 77.9916
TAvalanche1D::initialiseTrackHeed -- 11 electrons produced by heed track.

clt failed
clt failed
clt failed
clt failed
clt failed
clt failed
clt failed
clt failed
clt failed
clt failed
clt failed
clt failed
clt failed
clt failed
clt failed
clt failed
clt failed
clt failed
clt failed
clt failed
clt failed

2025-05-02.12:13:21 - Avalanche simulation id 33 (32nth simulation) terminated with success (9627 seconds).

Longitudinal diffusion generator: SIMD-oriented Fast Mersenne Twister
Initialising avalanche (Id: 40) with Heed track (thread 40) for muon with momentum 5e+09 at position 0 with angle 0
Garfield::RandomEngineSTL seed: 1177555017
Cluster density for muon with momentum 5e+09 : 77.9916
TAvalanche1D::initialiseTrackHeed -- 12 electrons produced by heed track.

clt failed
clt failed
clt failed
clt failed
clt failed
clt failed
clt failed
clt failed
clt failed
clt failed
clt failed
clt failed
clt failed
clt failed
clt failed
clt failed
clt failed
clt failed
clt failed
clt failed
clt failed
clt failed
clt failed
clt failed
clt failed
clt failed
clt failed
clt failed
clt failed
clt failed
clt failed
clt failed
clt failed
clt failed
clt failed
clt failed
clt failed
clt failed
clt failed
clt failed
clt failed
clt failed
clt failed
clt failed
clt failed
clt failed
clt failed
clt failed
clt failed
clt failed
clt failed
clt failed
clt failed
clt failed
clt failed
clt failed
clt failed
clt failed
clt failed
clt failed
clt failed
clt failed
clt failed
clt failed
clt failed
clt failed
clt failed
clt failed
clt failed
clt failed
clt failed
clt failed
clt failed
clt failed
clt failed
clt failed
clt failed
clt failed
clt failed
clt failed
clt failed
clt failed
clt failed
clt failed
clt failed
clt failed
clt failed
clt failed
clt failed
clt failed
clt failed
clt failed
clt failed
clt failed
clt failed
clt failed
clt failed
clt failed
clt failed
clt failed
clt failed
clt failed
clt failed
clt failed
clt failed
clt failed
clt failed
clt failed
clt failed
clt failed
clt failed
clt failed
clt failed
clt failed
clt failed
clt failed
clt failed
clt failed
clt failed
clt failed
clt failed
clt failed
clt failed
clt failed
clt failed
clt failed
clt failed
clt failed
clt failed
clt failed
clt failed
clt failed
clt failed
clt failed
clt failed
clt failed
clt failed
clt failed
clt failed
clt failed
clt failed
clt failed
clt failed
clt failed
clt failed
clt failed
clt failed
clt failed
clt failed
clt failed
clt failed
clt failed
clt failed
clt failed
clt failed
clt failed
clt failed
clt failed
clt failed
clt failed
clt failed
clt failed
clt failed
clt failed
clt failed
clt failed
clt failed
clt failed
clt failed
clt failed
clt failed
clt failed
clt failed
clt failed
clt failed
clt failed
clt failed
clt failed
clt failed
clt failed
clt failed
clt failed
clt failed
clt failed
clt failed
clt failed
clt failed
clt failed
clt failed
clt failed
clt failed
clt failed
clt failed
clt failed
clt failed
clt failed
clt failed
clt failed
clt failed
clt failed
clt failed
clt failed
clt failed
clt failed
clt failed
clt failed
clt failed
clt failed
clt failed
clt failed
clt failed
clt failed
clt failed
clt failed
clt failed
clt failed
clt failed
clt failed
clt failed
clt failed
clt failed
clt failed
clt failed
clt failed
clt failed
clt failed
clt failed
clt failed
clt failed
clt failed
clt failed
clt failed
clt failed
clt failed
clt failed
clt failed
clt failed
clt failed
clt failed
clt failed
clt failed
clt failed
clt failed
clt failed
clt failed
clt failed
clt failed
clt failed
clt failed
clt failed
clt failed
clt failed
clt failed
clt failed
clt failed
clt failed
clt failed
clt failed
clt failed
clt failed
clt failed
clt failed
clt failed
clt failed
clt failed
clt failed
clt failed
clt failed
clt failed
clt failed
clt failed
clt failed
clt failed
clt failed
clt failed
clt failed
clt failed
clt failed
clt failed
clt failed
clt failed
clt failed
clt failed
clt failed
clt failed
clt failed
clt failed
clt failed
clt failed
clt failed
clt failed
clt failed
clt failed
clt failed
clt failed
clt failed
clt failed
clt failed
clt failed
clt failed
clt failed
clt failed
clt failed
clt failed
clt failed
clt failed
clt failed
clt failed
clt failed
clt failed
clt failed
clt failed
clt failed
clt failed
clt failed
clt failed
clt failed
clt failed
clt failed
clt failed
clt failed
clt failed
clt failed
clt failed
clt failed
clt failed
clt failed
clt failed
clt failed
clt failed
clt failed

2025-05-02.13:06:33 - Avalanche simulation id 34 (33nth simulation) terminated with success (12136 seconds).

Longitudinal diffusion generator: SIMD-oriented Fast Mersenne Twister
Initialising avalanche (Id: 41) with Heed track (thread 41) for muon with momentum 5e+09 at position 0 with angle 0
Garfield::RandomEngineSTL seed: -425000017
Cluster density for muon with momentum 5e+09 : 77.9916
TAvalanche1D::initialiseTrackHeed -- 11 electrons produced by heed track.

clt failed
clt failed
clt failed
clt failed
clt failed
clt failed
clt failed
clt failed
clt failed
clt failed
clt failed
clt failed
clt failed
clt failed
clt failed
clt failed
clt failed
clt failed
clt failed
clt failed
clt failed
clt failed
clt failed
clt failed
clt failed
clt failed
clt failed
clt failed
clt failed
clt failed
clt failed
clt failed
clt failed
clt failed
clt failed
clt failed
clt failed
clt failed
clt failed
clt failed
clt failed
clt failed
clt failed
clt failed
clt failed
clt failed
clt failed
clt failed
clt failed
clt failed
clt failed
clt failed
clt failed
clt failed
clt failed
clt failed
clt failed
clt failed
clt failed
clt failed
clt failed
clt failed
clt failed
clt failed
clt failed
clt failed
clt failed
clt failed
clt failed
clt failed
clt failed
clt failed
clt failed
clt failed
clt failed
clt failed
clt failed
clt failed
clt failed
clt failed
clt failed
clt failed
clt failed
clt failed
clt failed
clt failed
clt failed
clt failed
clt failed
clt failed
clt failed
clt failed
clt failed
clt failed
clt failed
clt failed
clt failed
clt failed
clt failed
clt failed
clt failed
clt failed
clt failed
clt failed
clt failed
clt failed
clt failed
clt failed
clt failed
clt failed
clt failed
clt failed
clt failed
clt failed
clt failed
clt failed
clt failed
clt failed
clt failed
clt failed
clt failed
clt failed
clt failed
clt failed
clt failed
clt failed
clt failed
clt failed
clt failed
clt failed
clt failed
clt failed
clt failed
clt failed
clt failed
clt failed
clt failed
clt failed
clt failed
clt failed
clt failed
clt failed
clt failed
clt failed
clt failed
clt failed
clt failed
clt failed
clt failed
clt failed
clt failed
clt failed
clt failed
clt failed
clt failed
clt failed
clt failed
clt failed
clt failed
clt failed
clt failed
clt failed
clt failed
clt failed
clt failed
clt failed
clt failed
clt failed
clt failed
clt failed
clt failed
clt failed
clt failed
clt failed
clt failed
clt failed
clt failed
clt failed
clt failed
clt failed
clt failed
clt failed
clt failed
clt failed
clt failed
clt failed
clt failed
clt failed
clt failed

2025-05-02.13:14:59 - Avalanche simulation id 38 (34nth simulation) terminated with success (7934 seconds).

Longitudinal diffusion generator: SIMD-oriented Fast Mersenne Twister
Initialising avalanche (Id: 42) with Heed track (thread 42) for muon with momentum 5e+09 at position 0 with angle 0
Garfield::RandomEngineSTL seed: -1568753058
Cluster density for muon with momentum 5e+09 : 77.9916
TAvalanche1D::initialiseTrackHeed -- 18 electrons produced by heed track.

clt failed
clt failed
clt failed
clt failed
clt failed
clt failed
clt failed
clt failed
clt failed
clt failed
clt failed
clt failed
clt failed
clt failed
clt failed
clt failed
clt failed
clt failed
clt failed
clt failed
clt failed
clt failed
clt failed
clt failed
clt failed
clt failed

2025-05-02.13:37:53 - Avalanche simulation id 37 (35nth simulation) terminated with success (9619 seconds).

Longitudinal diffusion generator: SIMD-oriented Fast Mersenne Twister
Initialising avalanche (Id: 43) with Heed track (thread 43) for muon with momentum 5e+09 at position 0 with angle 0
Garfield::RandomEngineSTL seed: 342769081
Cluster density for muon with momentum 5e+09 : 77.9916
TAvalanche1D::initialiseTrackHeed -- 18 electrons produced by heed track.

clt failed
clt failed
clt failed
clt failed
clt failed
clt failed
clt failed
clt failed
clt failed
clt failed
clt failed
clt failed
clt failed
clt failed
clt failed
clt failed
clt failed
clt failed
clt failed
clt failed
clt failed
clt failed
clt failed
clt failed
clt failed
clt failed
clt failed
clt failed
clt failed

2025-05-02.13:59:17 - Avalanche simulation id 35 (36nth simulation) terminated with success (11879 seconds).

Longitudinal diffusion generator: SIMD-oriented Fast Mersenne Twister
Initialising avalanche (Id: 44) with Heed track (thread 44) for muon with momentum 5e+09 at position 0 with angle 0
Garfield::RandomEngineSTL seed: -1685368810
Cluster density for muon with momentum 5e+09 : 77.9916
TAvalanche1D::initialiseTrackHeed -- 5 electrons produced by heed track.

clt failed
clt failed
clt failed
clt failed
clt failed
clt failed

2025-05-02.14:04:14 - Avalanche simulation id 28 (37nth simulation) terminated with success (29306 seconds).

Longitudinal diffusion generator: SIMD-oriented Fast Mersenne Twister
Initialising avalanche (Id: 45) with Heed track (thread 45) for muon with momentum 5e+09 at position 0 with angle 0
Garfield::RandomEngineSTL seed: 240473039
Cluster density for muon with momentum 5e+09 : 77.9916
TAvalanche1D::initialiseTrackHeed -- 6 electrons produced by heed track.

clt failed
clt failed
clt failed
clt failed
clt failed
clt failed
clt failed
clt failed
clt failed
clt failed
clt failed
clt failed
clt failed
clt failed
clt failed
clt failed
clt failed
clt failed
clt failed
clt failed
clt failed
clt failed
clt failed
clt failed
clt failed
clt failed
clt failed
clt failed
clt failed
clt failed
clt failed
clt failed
clt failed
clt failed
clt failed
clt failed
clt failed
clt failed
clt failed
clt failed
clt failed
clt failed
clt failed
clt failed
clt failed
clt failed
clt failed
clt failed
clt failed
clt failed
clt failed
clt failed
clt failed
clt failed
clt failed
clt failed
clt failed
clt failed
clt failed
clt failed
clt failed
clt failed
clt failed
clt failed
clt failed
clt failed
clt failed
clt failed
clt failed

2025-05-02.14:32:06 - Avalanche simulation id 36 (38nth simulation) terminated with success (12917 seconds).

Longitudinal diffusion generator: SIMD-oriented Fast Mersenne Twister
Initialising avalanche (Id: 46) with Heed track (thread 46) for muon with momentum 5e+09 at position 0 with angle 0
Garfield::RandomEngineSTL seed: -1320244081
Cluster density for muon with momentum 5e+09 : 77.9916
TAvalanche1D::initialiseTrackHeed -- 7 electrons produced by heed track.

clt failed
clt failed
clt failed
clt failed
clt failed
clt failed
clt failed
clt failed

2025-05-02.14:46:22 - Avalanche simulation id 39 (39nth simulation) terminated with success (10306 seconds).

Longitudinal diffusion generator: SIMD-oriented Fast Mersenne Twister
Initialising avalanche (Id: 47) with Heed track (thread 47) for muon with momentum 5e+09 at position 0 with angle 0
Garfield::RandomEngineSTL seed: 1218773222
Cluster density for muon with momentum 5e+09 : 77.9916
TAvalanche1D::initialiseTrackHeed -- 15 electrons produced by heed track.

clt failed
clt failed
clt failed
clt failed
clt failed
clt failed
clt failed
clt failed
clt failed
clt failed
clt failed
clt failed
clt failed
clt failed
clt failed
clt failed
clt failed
clt failed
clt failed
clt failed
clt failed
clt failed
clt failed
clt failed

2025-05-02.15:12:49 - Avalanche simulation id 40 (40nth simulation) terminated with success (10768 seconds).

Longitudinal diffusion generator: SIMD-oriented Fast Mersenne Twister
Initialising avalanche (Id: 48) with Heed track (thread 48) for muon with momentum 5e+09 at position 0 with angle 0
Garfield::RandomEngineSTL seed: -1609942160
Cluster density for muon with momentum 5e+09 : 77.9916
TAvalanche1D::initialiseTrackHeed -- 5 electrons produced by heed track.

clt failed
clt failed
clt failed
clt failed
clt failed
clt failed
clt failed
clt failed
clt failed
clt failed
clt failed
clt failed
clt failed
clt failed
clt failed
clt failed
clt failed
clt failed
clt failed
clt failed
clt failed
clt failed
clt failed
clt failed
clt failed
clt failed
clt failed
clt failed
clt failed
clt failed
clt failed
clt failed
clt failed
clt failed
clt failed
clt failed
clt failed
clt failed
clt failed
clt failed
clt failed
clt failed
clt failed
clt failed
clt failed
clt failed
clt failed
clt failed
clt failed
clt failed
clt failed
clt failed
clt failed
clt failed
clt failed
clt failed
clt failed
clt failed
clt failed
clt failed
clt failed
clt failed
clt failed
clt failed
clt failed

2025-05-02.16:23:08 - Avalanche simulation id 44 (41nth simulation) terminated with success (8630 seconds).

Longitudinal diffusion generator: SIMD-oriented Fast Mersenne Twister
Initialising avalanche (Id: 49) with Heed track (thread 49) for muon with momentum 5e+09 at position 0 with angle 0
Garfield::RandomEngineSTL seed: -1468457778
Cluster density for muon with momentum 5e+09 : 77.9916
TAvalanche1D::initialiseTrackHeed -- 5 electrons produced by heed track.

clt failed
clt failed
clt failed
clt failed
clt failed
clt failed
clt failed
clt failed
clt failed

2025-05-02.16:32:36 - Avalanche simulation id 42 (42nth simulation) terminated with success (11857 seconds).

Longitudinal diffusion generator: SIMD-oriented Fast Mersenne Twister
Initialising avalanche (Id: 50) with Heed track (thread 50) for muon with momentum 5e+09 at position 0 with angle 0
Garfield::RandomEngineSTL seed: 941163518
Cluster density for muon with momentum 5e+09 : 77.9916
TAvalanche1D::initialiseTrackHeed -- 11 electrons produced by heed track.

clt failed
clt failed
clt failed
clt failed
clt failed
clt failed
clt failed
clt failed
clt failed
clt failed
clt failed
clt failed
clt failed
clt failed
clt failed

2025-05-02.16:48:07 - Avalanche simulation id 41 (43nth simulation) terminated with success (13294 seconds).

Longitudinal diffusion generator: SIMD-oriented Fast Mersenne Twister
Initialising avalanche (Id: 51) with Heed track (thread 51) for muon with momentum 5e+09 at position 0 with angle 0
Garfield::RandomEngineSTL seed: 1197085454
Cluster density for muon with momentum 5e+09 : 77.9916
TAvalanche1D::initialiseTrackHeed -- 20 electrons produced by heed track.

clt failed
clt failed

2025-05-02.16:50:07 - Avalanche simulation id 43 (44nth simulation) terminated with success (11534 seconds).

Longitudinal diffusion generator: SIMD-oriented Fast Mersenne Twister
Initialising avalanche (Id: 52) with Heed track (thread 52) for muon with momentum 5e+09 at position 0 with angle 0
Garfield::RandomEngineSTL seed: 1556290229
Cluster density for muon with momentum 5e+09 : 77.9916
TAvalanche1D::initialiseTrackHeed -- 20 electrons produced by heed track.

clt failed
clt failed
clt failed
clt failed
clt failed
clt failed
clt failed
clt failed
clt failed
clt failed
clt failed
clt failed
clt failed
clt failed
clt failed
clt failed
clt failed
clt failed
clt failed
clt failed
clt failed
clt failed
clt failed
clt failed
clt failed
clt failed
clt failed
clt failed
clt failed
clt failed
clt failed
clt failed
clt failed
clt failed
clt failed
clt failed
clt failed
clt failed
clt failed
clt failed
clt failed
clt failed
clt failed
clt failed
clt failed
clt failed
clt failed
clt failed
clt failed
clt failed
clt failed
clt failed
clt failed
clt failed
clt failed
clt failed
clt failed
clt failed
clt failed
clt failed
clt failed
clt failed
clt failed
clt failed
clt failed
clt failed
clt failed
clt failed
clt failed
clt failed
clt failed
clt failed
clt failed
clt failed
clt failed
clt failed
clt failed
clt failed
clt failed
clt failed
clt failed
clt failed
clt failed
clt failed
clt failed
clt failed
clt failed
clt failed
clt failed
clt failed
clt failed
clt failed
clt failed
clt failed
clt failed
clt failed
clt failed
clt failed
clt failed
clt failed
clt failed
clt failed
clt failed
clt failed
clt failed
clt failed
clt failed
clt failed
clt failed
clt failed
clt failed
clt failed
clt failed
clt failed
clt failed
clt failed
clt failed
clt failed
clt failed
clt failed
clt failed
clt failed
clt failed
clt failed
clt failed
clt failed
clt failed
clt failed
clt failed
clt failed
clt failed
clt failed
clt failed
clt failed
clt failed
clt failed
clt failed
clt failed
clt failed
clt failed
clt failed
clt failed
clt failed
clt failed
clt failed
clt failed
clt failed
clt failed
clt failed
clt failed
clt failed
clt failed
clt failed
clt failed
clt failed
clt failed
clt failed
clt failed
clt failed
clt failed
clt failed
clt failed
clt failed
clt failed
clt failed
clt failed
clt failed
clt failed
clt failed
clt failed
clt failed
clt failed
clt failed
clt failed
clt failed
clt failed
clt failed
clt failed
clt failed
clt failed
clt failed
clt failed
clt failed
clt failed
clt failed
clt failed
clt failed
clt failed
clt failed
clt failed
clt failed
clt failed
clt failed
clt failed
clt failed
clt failed
clt failed
clt failed
clt failed
clt failed
clt failed
clt failed
clt failed
clt failed
clt failed
clt failed
clt failed
clt failed
clt failed
clt failed
clt failed
clt failed
clt failed
clt failed
clt failed
clt failed
clt failed
clt failed
clt failed
clt failed
clt failed
clt failed
clt failed
clt failed
clt failed

2025-05-02.17:31:02 - Avalanche simulation id 46 (45nth simulation) terminated with success (10736 seconds).

Longitudinal diffusion generator: SIMD-oriented Fast Mersenne Twister
Initialising avalanche (Id: 53) with Heed track (thread 53) for muon with momentum 5e+09 at position 0 with angle 0
Garfield::RandomEngineSTL seed: -87994936
Cluster density for muon with momentum 5e+09 : 77.9916
TAvalanche1D::initialiseTrackHeed -- 10 electrons produced by heed track.

clt failed
clt failed
clt failed
clt failed
clt failed
clt failed
clt failed
clt failed
clt failed
clt failed
clt failed
clt failed
clt failed
clt failed
clt failed
clt failed
clt failed
clt failed
clt failed
clt failed
clt failed
clt failed
clt failed
clt failed
clt failed
clt failed
clt failed
clt failed
clt failed
clt failed
clt failed
clt failed
clt failed
clt failed
clt failed
clt failed
clt failed
clt failed
clt failed
clt failed
clt failed
clt failed
clt failed
clt failed
clt failed
clt failed
clt failed
clt failed
clt failed
clt failed

2025-05-02.18:13:06 - Avalanche simulation id 47 (46nth simulation) terminated with success (12404 seconds).

Longitudinal diffusion generator: SIMD-oriented Fast Mersenne Twister
Initialising avalanche (Id: 54) with Heed track (thread 54) for muon with momentum 5e+09 at position 0 with angle 0
Garfield::RandomEngineSTL seed: -1524763748
Cluster density for muon with momentum 5e+09 : 77.9916
TAvalanche1D::initialiseTrackHeed -- 9 electrons produced by heed track.

clt failed
clt failed
clt failed
clt failed
clt failed
clt failed
clt failed
clt failed
clt failed
clt failed
clt failed

2025-05-02.18:30:53 - Avalanche simulation id 48 (47nth simulation) terminated with success (11883 seconds).

Longitudinal diffusion generator: SIMD-oriented Fast Mersenne Twister
Initialising avalanche (Id: 55) with Heed track (thread 55) for muon with momentum 5e+09 at position 0 with angle 0
Garfield::RandomEngineSTL seed: 731364770
Cluster density for muon with momentum 5e+09 : 77.9916
TAvalanche1D::initialiseTrackHeed -- 11 electrons produced by heed track.

clt failed
clt failed
clt failed
clt failed
clt failed
clt failed
clt failed
clt failed
clt failed
clt failed
clt failed
clt failed
clt failed
clt failed
clt failed
clt failed
clt failed
clt failed
clt failed
clt failed
clt failed
clt failed
clt failed
clt failed
clt failed

2025-05-02.19:29:21 - Avalanche simulation id 53 (48nth simulation) terminated with success (7098 seconds).

Longitudinal diffusion generator: SIMD-oriented Fast Mersenne Twister
Initialising avalanche (Id: 56) with Heed track (thread 56) for muon with momentum 5e+09 at position 0 with angle 0
Garfield::RandomEngineSTL seed: -334891081
Cluster density for muon with momentum 5e+09 : 77.9916
TAvalanche1D::initialiseTrackHeed -- 8 electrons produced by heed track.

clt failed
clt failed
clt failed
clt failed
clt failed
clt failed
clt failed
clt failed
clt failed
clt failed
clt failed
clt failed
clt failed
clt failed
clt failed
clt failed
clt failed
clt failed
clt failed
clt failed
clt failed
clt failed
clt failed
clt failed
clt failed
clt failed
clt failed
clt failed
clt failed

2025-05-02.19:59:11 - Avalanche simulation id 50 (49nth simulation) terminated with success (12395 seconds).

Longitudinal diffusion generator: SIMD-oriented Fast Mersenne Twister
Initialising avalanche (Id: 57) with Heed track (thread 57) for muon with momentum 5e+09 at position 0 with angle 0
Garfield::RandomEngineSTL seed: 709072015
Cluster density for muon with momentum 5e+09 : 77.9916
TAvalanche1D::initialiseTrackHeed -- 27 electrons produced by heed track.

clt failed
clt failed
clt failed
clt failed
clt failed
clt failed
clt failed

2025-05-02.20:07:45 - Avalanche simulation id 49 (50nth simulation) terminated with success (13477 seconds).

Longitudinal diffusion generator: SIMD-oriented Fast Mersenne Twister
Initialising avalanche (Id: 58) with Heed track (thread 58) for muon with momentum 5e+09 at position 0 with angle 0
Garfield::RandomEngineSTL seed: 1534654790
Cluster density for muon with momentum 5e+09 : 77.9916
TAvalanche1D::initialiseTrackHeed -- 12 electrons produced by heed track.

clt failed
clt failed
clt failed
clt failed
clt failed
clt failed
clt failed
clt failed
clt failed
clt failed
clt failed
clt failed
clt failed
clt failed
clt failed
clt failed
clt failed
clt failed
clt failed
clt failed
clt failed
clt failed
clt failed
clt failed
clt failed
clt failed
clt failed
clt failed
clt failed
clt failed
clt failed
clt failed
clt failed
clt failed
clt failed
clt failed
clt failed
clt failed
clt failed
clt failed
clt failed
clt failed
clt failed
clt failed
clt failed
clt failed
clt failed
clt failed
clt failed
clt failed
clt failed
clt failed
clt failed
clt failed
clt failed
clt failed
clt failed
clt failed
clt failed
clt failed
clt failed
clt failed
clt failed
clt failed
clt failed
clt failed
clt failed
clt failed
clt failed
clt failed
clt failed
clt failed
clt failed
clt failed
clt failed

2025-05-02.20:43:09 - Avalanche simulation id 52 (51nth simulation) terminated with success (13981 seconds).

Longitudinal diffusion generator: SIMD-oriented Fast Mersenne Twister
Initialising avalanche (Id: 59) with Heed track (thread 59) for muon with momentum 5e+09 at position 0 with angle 0
Garfield::RandomEngineSTL seed: 777017772
Cluster density for muon with momentum 5e+09 : 77.9916
TAvalanche1D::initialiseTrackHeed -- 12 electrons produced by heed track.

clt failed
clt failed
clt failed
clt failed
clt failed
clt failed
clt failed
clt failed
clt failed
clt failed
clt failed
clt failed
clt failed
clt failed
clt failed
clt failed
clt failed
clt failed
clt failed
clt failed
clt failed
clt failed
clt failed
clt failed
clt failed
clt failed
clt failed
clt failed
clt failed
clt failed
clt failed
clt failed
clt failed
clt failed
clt failed
clt failed
clt failed
clt failed
clt failed
clt failed
clt failed
clt failed
clt failed
clt failed
clt failed
clt failed
clt failed
clt failed
clt failed
clt failed
clt failed
clt failed
clt failed
clt failed
clt failed
clt failed
clt failed
clt failed
clt failed
clt failed
clt failed
clt failed
clt failed
clt failed
clt failed
clt failed
clt failed
clt failed
clt failed
clt failed
clt failed
clt failed
clt failed
clt failed
clt failed
clt failed
clt failed
clt failed
clt failed
clt failed
clt failed
clt failed
clt failed
clt failed
clt failed
clt failed
clt failed
clt failed
clt failed
clt failed
clt failed
clt failed
clt failed
clt failed
clt failed
clt failed
clt failed
clt failed
clt failed
clt failed
clt failed
clt failed
clt failed
clt failed
clt failed
clt failed
clt failed
clt failed
clt failed
clt failed
clt failed
clt failed
clt failed
clt failed
clt failed
clt failed
clt failed
clt failed
clt failed
clt failed
clt failed
clt failed
clt failed
clt failed
clt failed
clt failed
clt failed
clt failed
clt failed
clt failed
clt failed
clt failed
clt failed
clt failed
clt failed
clt failed
clt failed
clt failed
clt failed
clt failed
clt failed
clt failed
clt failed
clt failed
clt failed
clt failed
clt failed
clt failed
clt failed
clt failed
clt failed
clt failed
clt failed
clt failed
clt failed
clt failed
clt failed
clt failed
clt failed
clt failed
clt failed
clt failed
clt failed
clt failed
clt failed
clt failed
clt failed
clt failed
clt failed
clt failed
clt failed
clt failed
clt failed
clt failed
clt failed
clt failed
clt failed
clt failed
clt failed
clt failed
clt failed
clt failed
clt failed
clt failed
clt failed
clt failed
clt failed
clt failed
clt failed
clt failed
clt failed
clt failed
clt failed
clt failed
clt failed
clt failed
clt failed
clt failed
clt failed
clt failed
clt failed
clt failed
clt failed
clt failed
clt failed
clt failed
clt failed
clt failed
clt failed
clt failed
clt failed
clt failed
clt failed
clt failed
clt failed
clt failed
clt failed
clt failed
clt failed
clt failed
clt failed
clt failed
clt failed
clt failed
clt failed
clt failed
clt failed

2025-05-02.20:50:32 - Avalanche simulation id 51 (52nth simulation) terminated with success (14544 seconds).

Longitudinal diffusion generator: SIMD-oriented Fast Mersenne Twister
Initialising avalanche (Id: 60) with Heed track (thread 60) for muon with momentum 5e+09 at position 0 with angle 0
Garfield::RandomEngineSTL seed: 1914034218
Cluster density for muon with momentum 5e+09 : 77.9916
TAvalanche1D::initialiseTrackHeed -- 25 electrons produced by heed track.

clt failed

2025-05-02.20:52:32 - Avalanche simulation id 45 (53nth simulation) terminated with success (24498 seconds).

Longitudinal diffusion generator: SIMD-oriented Fast Mersenne Twister
Initialising avalanche (Id: 61) with Heed track (thread 61) for muon with momentum 5e+09 at position 0 with angle 0
Garfield::RandomEngineSTL seed: -165296294
Cluster density for muon with momentum 5e+09 : 77.9916
TAvalanche1D::initialiseTrackHeed -- 6 electrons produced by heed track.


2025-05-02.21:31:29 - Avalanche simulation id 54 (54nth simulation) terminated with success (11902 seconds).

Longitudinal diffusion generator: SIMD-oriented Fast Mersenne Twister
Initialising avalanche (Id: 62) with Heed track (thread 62) for muon with momentum 5e+09 at position 0 with angle 0
Garfield::RandomEngineSTL seed: 158994450
Cluster density for muon with momentum 5e+09 : 77.9916
TAvalanche1D::initialiseTrackHeed -- 11 electrons produced by heed track.


2025-05-02.21:44:13 - Avalanche simulation id 56 (55nth simulation) terminated with success (8092 seconds).

Longitudinal diffusion generator: SIMD-oriented Fast Mersenne Twister
Initialising avalanche (Id: 63) with Heed track (thread 63) for muon with momentum 5e+09 at position 0 with angle 0
Garfield::RandomEngineSTL seed: 1021074831
Cluster density for muon with momentum 5e+09 : 77.9916
TAvalanche1D::initialiseTrackHeed -- 5 electrons produced by heed track.


2025-05-02.22:53:31 - Avalanche simulation id 55 (56nth simulation) terminated with success (15758 seconds).

Longitudinal diffusion generator: SIMD-oriented Fast Mersenne Twister
Initialising avalanche (Id: 64) with Heed track (thread 64) for muon with momentum 5e+09 at position 0 with angle 0
Garfield::RandomEngineSTL seed: 1410710506
Cluster density for muon with momentum 5e+09 : 77.9916
TAvalanche1D::initialiseTrackHeed -- 15 electrons produced by heed track.

clt failed
clt failed
clt failed
clt failed
clt failed
clt failed
clt failed
clt failed
clt failed
clt failed
clt failed
clt failed
clt failed
clt failed
clt failed
clt failed
clt failed
clt failed
clt failed
clt failed
clt failed
clt failed
clt failed
clt failed
clt failed
clt failed
clt failed
clt failed
clt failed
clt failed
clt failed
clt failed
clt failed
clt failed
clt failed
clt failed
clt failed
clt failed
clt failed
clt failed
clt failed
clt failed
clt failed
clt failed
clt failed
clt failed
clt failed
clt failed
clt failed
clt failed
clt failed
clt failed
clt failed
clt failed
clt failed
clt failed
clt failed
clt failed
clt failed
clt failed
clt failed
clt failed
clt failed
clt failed
clt failed
clt failed
clt failed
clt failed
clt failed
clt failed
clt failed
clt failed
clt failed
clt failed
clt failed
clt failed
clt failed
clt failed
clt failed
clt failed
clt failed
clt failed
clt failed
clt failed
clt failed
clt failed
clt failed
clt failed
clt failed
clt failed
clt failed
clt failed
clt failed
clt failed
clt failed
clt failed
clt failed
clt failed
clt failed
clt failed
clt failed
clt failed
clt failed
clt failed
clt failed
clt failed
clt failed
clt failed
clt failed
clt failed
clt failed
clt failed
clt failed
clt failed
clt failed
clt failed
clt failed
clt failed
clt failed
clt failed
clt failed
clt failed
clt failed
clt failed
clt failed
clt failed
clt failed
clt failed
clt failed
clt failed
clt failed
clt failed
clt failed
clt failed
clt failed
clt failed
clt failed
clt failed
clt failed
clt failed
clt failed
clt failed
clt failed
clt failed
clt failed
clt failed
clt failed
clt failed
clt failed
clt failed
clt failed
clt failed
clt failed
clt failed
clt failed
clt failed
clt failed
clt failed
clt failed
clt failed
clt failed
clt failed
clt failed
clt failed
clt failed
clt failed
clt failed
clt failed
clt failed
clt failed
clt failed
clt failed
clt failed
clt failed
clt failed
clt failed
clt failed
clt failed
clt failed
clt failed
clt failed
clt failed
clt failed
clt failed
clt failed
clt failed
clt failed
clt failed
clt failed
clt failed
clt failed
clt failed
clt failed
clt failed
clt failed
clt failed
clt failed
clt failed
clt failed
clt failed
clt failed
clt failed
clt failed
clt failed
clt failed
clt failed
clt failed
clt failed
clt failed
clt failed
clt failed
clt failed
clt failed
clt failed
clt failed
clt failed
clt failed
clt failed
clt failed
clt failed
clt failed
clt failed
clt failed
clt failed
clt failed
clt failed
clt failed
clt failed
clt failed
clt failed
clt failed
clt failed
clt failed
clt failed
clt failed
clt failed
clt failed
clt failed
clt failed
clt failed
clt failed
clt failed
clt failed
clt failed
clt failed
clt failed
clt failed
clt failed
clt failed
clt failed
clt failed
clt failed
clt failed
clt failed
clt failed
clt failed
clt failed

2025-05-02.23:14:54 - Avalanche simulation id 58 (57nth simulation) terminated with success (11228 seconds).

Longitudinal diffusion generator: SIMD-oriented Fast Mersenne Twister
Initialising avalanche (Id: 65) with Heed track (thread 65) for muon with momentum 5e+09 at position 0 with angle 0
Garfield::RandomEngineSTL seed: 1015066091
Cluster density for muon with momentum 5e+09 : 77.9916
TAvalanche1D::initialiseTrackHeed -- 7 electrons produced by heed track.


2025-05-02.23:36:37 - Avalanche simulation id 61 (58nth simulation) terminated with success (9844 seconds).

Longitudinal diffusion generator: SIMD-oriented Fast Mersenne Twister
Initialising avalanche (Id: 66) with Heed track (thread 66) for muon with momentum 5e+09 at position 0 with angle 0
Garfield::RandomEngineSTL seed: 292133238
Cluster density for muon with momentum 5e+09 : 77.9916
TAvalanche1D::initialiseTrackHeed -- 18 electrons produced by heed track.


2025-05-02.23:48:29 - Avalanche simulation id 57 (59nth simulation) terminated with success (13757 seconds).

Longitudinal diffusion generator: SIMD-oriented Fast Mersenne Twister
Initialising avalanche (Id: 67) with Heed track (thread 67) for muon with momentum 5e+09 at position 0 with angle 0
Garfield::RandomEngineSTL seed: -1569562388
Cluster density for muon with momentum 5e+09 : 77.9916
TAvalanche1D::initialiseTrackHeed -- 10 electrons produced by heed track.


2025-05-03.00:33:33 - Avalanche simulation id 59 (60nth simulation) terminated with success (13824 seconds).

Longitudinal diffusion generator: SIMD-oriented Fast Mersenne Twister
Initialising avalanche (Id: 68) with Heed track (thread 68) for muon with momentum 5e+09 at position 0 with angle 0
Garfield::RandomEngineSTL seed: -293851141
Cluster density for muon with momentum 5e+09 : 77.9916
TAvalanche1D::initialiseTrackHeed -- 2 electrons produced by heed track.


2025-05-03.00:38:03 - Avalanche simulation id 60 (61nth simulation) terminated with success (13651 seconds).

Longitudinal diffusion generator: SIMD-oriented Fast Mersenne Twister
Initialising avalanche (Id: 69) with Heed track (thread 69) for muon with momentum 5e+09 at position 0 with angle 0
Garfield::RandomEngineSTL seed: -325202626
Cluster density for muon with momentum 5e+09 : 77.9916
TAvalanche1D::initialiseTrackHeed -- 29 electrons produced by heed track.


2025-05-03.00:58:11 - Avalanche simulation id 62 (62nth simulation) terminated with success (12401 seconds).

Longitudinal diffusion generator: SIMD-oriented Fast Mersenne Twister
Initialising avalanche (Id: 70) with Heed track (thread 70) for muon with momentum 5e+09 at position 0 with angle 0
Garfield::RandomEngineSTL seed: 471241743
Cluster density for muon with momentum 5e+09 : 77.9916
TAvalanche1D::initialiseTrackHeed -- 10 electrons produced by heed track.

clt failed
clt failed
clt failed
clt failed
clt failed
clt failed
clt failed
clt failed
clt failed
clt failed
clt failed
clt failed
clt failed
clt failed
clt failed
clt failed
clt failed
clt failed
clt failed
clt failed
clt failed
clt failed
clt failed
clt failed
clt failed
clt failed
clt failed
clt failed
clt failed
clt failed
clt failed
clt failed
clt failed
clt failed
clt failed
clt failed
clt failed
clt failed
clt failed
clt failed
clt failed
clt failed
clt failed
clt failed
clt failed
clt failed
clt failed
clt failed
clt failed
clt failed
clt failed
clt failed
clt failed
clt failed
clt failed
clt failed
clt failed
clt failed
clt failed
clt failed
clt failed
clt failed
clt failed
clt failed
clt failed
clt failed
clt failed
clt failed
clt failed
clt failed
clt failed
clt failed
clt failed
clt failed
clt failed
clt failed
clt failed
clt failed
clt failed
clt failed
clt failed
clt failed
clt failed
clt failed
clt failed
clt failed
clt failed
clt failed
clt failed
clt failed
clt failed
clt failed
clt failed
clt failed
clt failed
clt failed
clt failed
clt failed
clt failed
clt failed
clt failed
clt failed
clt failed
clt failed
clt failed
clt failed
clt failed
clt failed
clt failed
clt failed
clt failed
clt failed
clt failed
clt failed
clt failed
clt failed
clt failed
clt failed
clt failed
clt failed
clt failed
clt failed
clt failed
clt failed
clt failed
clt failed
clt failed
clt failed
clt failed
clt failed
clt failed
clt failed
clt failed
clt failed
clt failed
clt failed
clt failed
clt failed
clt failed
clt failed
clt failed
clt failed
clt failed
clt failed
clt failed
clt failed
clt failed
clt failed
clt failed
clt failed
clt failed
clt failed
clt failed
clt failed
clt failed
clt failed
clt failed
clt failed
clt failed
clt failed
clt failed
clt failed
clt failed
clt failed
clt failed
clt failed
clt failed
clt failed
clt failed
clt failed
clt failed
clt failed
clt failed
clt failed
clt failed
clt failed
clt failed
clt failed
clt failed
clt failed
clt failed
clt failed
clt failed
clt failed
clt failed
clt failed
clt failed
clt failed
clt failed
clt failed
clt failed
clt failed
clt failed
clt failed
clt failed
clt failed
clt failed
clt failed
clt failed
clt failed
clt failed
clt failed
clt failed
clt failed
clt failed
clt failed
clt failed
clt failed
clt failed
clt failed
clt failed
clt failed
clt failed
clt failed
clt failed
clt failed
clt failed
clt failed
clt failed
clt failed
clt failed
clt failed
clt failed
clt failed
clt failed
clt failed
clt failed
clt failed
clt failed
clt failed
clt failed
clt failed
clt failed
clt failed
clt failed
clt failed
clt failed
clt failed
clt failed
clt failed
clt failed
clt failed
clt failed
clt failed
clt failed
clt failed
clt failed
clt failed
clt failed
clt failed
clt failed
clt failed

2025-05-03.01:48:17 - Avalanche simulation id 64 (63nth simulation) terminated with success (10485 seconds).

Longitudinal diffusion generator: SIMD-oriented Fast Mersenne Twister
Initialising avalanche (Id: 71) with Heed track (thread 71) for muon with momentum 5e+09 at position 0 with angle 0
Garfield::RandomEngineSTL seed: 1038131182
Cluster density for muon with momentum 5e+09 : 77.9916
TAvalanche1D::initialiseTrackHeed -- 7 electrons produced by heed track.


2025-05-03.01:53:21 - Avalanche simulation id 63 (64nth simulation) terminated with success (14947 seconds).


2025-05-03.02:23:04 - Avalanche simulation id 67 (65nth simulation) terminated with success (9275 seconds).

clt failed
clt failed
clt failed
clt failed
clt failed
clt failed
clt failed
clt failed
clt failed
clt failed
clt failed
clt failed
clt failed
clt failed
clt failed
clt failed
clt failed
clt failed
clt failed
clt failed
clt failed
clt failed
clt failed
clt failed
clt failed
clt failed
clt failed
clt failed
clt failed
clt failed
clt failed
clt failed
clt failed
clt failed
clt failed
clt failed
clt failed
clt failed
clt failed
clt failed
clt failed
clt failed
clt failed
clt failed
clt failed
clt failed
clt failed
clt failed
clt failed
clt failed
clt failed
clt failed
clt failed
clt failed
clt failed
clt failed
clt failed
clt failed
clt failed
clt failed
clt failed
clt failed
clt failed
clt failed
clt failed
clt failed
clt failed
clt failed
clt failed
clt failed
clt failed
clt failed
clt failed
clt failed
clt failed
clt failed
clt failed
clt failed
clt failed
clt failed
clt failed
clt failed
clt failed
clt failed
clt failed
clt failed
clt failed
clt failed
clt failed
clt failed
clt failed
clt failed
clt failed
clt failed
clt failed
clt failed
clt failed
clt failed
clt failed
clt failed
clt failed
clt failed
clt failed
clt failed
clt failed
clt failed
clt failed
clt failed
clt failed
clt failed
clt failed
clt failed
clt failed
clt failed
clt failed
clt failed
clt failed
clt failed
clt failed
clt failed
clt failed
clt failed
clt failed
clt failed
clt failed
clt failed
clt failed
clt failed
clt failed
clt failed
clt failed
clt failed
clt failed
clt failed
clt failed
clt failed
clt failed
clt failed
clt failed
clt failed
clt failed
clt failed
clt failed
clt failed
clt failed
clt failed
clt failed
clt failed
clt failed
clt failed
clt failed
clt failed
clt failed
clt failed
clt failed
clt failed
clt failed
clt failed
clt failed
clt failed
clt failed
clt failed
clt failed
clt failed
clt failed
clt failed
clt failed
clt failed
clt failed
clt failed
clt failed
clt failed
clt failed
clt failed
clt failed
clt failed
clt failed
clt failed
clt failed
clt failed
clt failed
clt failed
clt failed
clt failed
clt failed
clt failed
clt failed
clt failed
clt failed
clt failed
clt failed
clt failed
clt failed
clt failed
clt failed
clt failed
clt failed
clt failed
clt failed
clt failed
clt failed
clt failed
clt failed
clt failed
clt failed
clt failed
clt failed
clt failed
clt failed
clt failed
clt failed
clt failed
clt failed
clt failed
clt failed
clt failed
clt failed
clt failed
clt failed
clt failed
clt failed
clt failed
clt failed
clt failed
clt failed
clt failed
clt failed
clt failed
clt failed
clt failed
clt failed
clt failed
clt failed
clt failed
clt failed
clt failed
clt failed
clt failed
clt failed
clt failed
clt failed
clt failed
clt failed
clt failed
clt failed
clt failed
clt failed
clt failed
clt failed
clt failed
clt failed
clt failed
clt failed
clt failed
clt failed
clt failed
clt failed
clt failed
clt failed
clt failed
clt failed
clt failed
clt failed
clt failed
clt failed
clt failed
clt failed
clt failed
clt failed
clt failed
clt failed
clt failed
clt failed
clt failed
clt failed
clt failed
clt failed
clt failed
clt failed
clt failed
clt failed
clt failed
clt failed
clt failed
clt failed
clt failed

2025-05-03.02:39:20 - Avalanche simulation id 65 (66nth simulation) terminated with success (12266 seconds).


2025-05-03.02:42:39 - Avalanche simulation id 68 (67nth simulation) terminated with success (7746 seconds).


2025-05-03.02:48:08 - Avalanche simulation id 69 (68nth simulation) terminated with success (7805 seconds).


2025-05-03.03:01:20 - Avalanche simulation id 66 (69nth simulation) terminated with success (12283 seconds).


2025-05-03.03:19:26 - Avalanche simulation id 71 (70nth simulation) terminated with success (5469 seconds).


2025-05-03.03:20:49 - Avalanche simulation id 70 (71nth simulation) terminated with success (8558 seconds).

Failed to load module MathCore
Failed to load module Hist
Failed to load module ROOTDataFrame
Failed to load module SpectrumPainter
Failed to load module ROOTTMVASofieParser
Failed to load module SPlot
Failed to load module TreePlayer
Failed to load module Gpad
Failed to load module Foam
Failed to load module ROOTBrowserv7
Failed to load module RooFitHS3
Failed to load module Physics
Failed to load module ROOTBrowsable
Failed to load module RCsg
Failed to load module Minuit2
Failed to load module Unfold
Failed to load module ROOTHist
Failed to load module PyMVA
Failed to load module Graf3d
Failed to load module FFTW
Failed to load module Quadp
Failed to load module RooFitMore
Failed to load module Hbook
Failed to load module GX11
Failed to load module Postscript
Failed to load module Genetic
Failed to load module FITSIO
Failed to load module HistFactory
Failed to load module ROOTGeomViewer
Failed to load module MathCore
Failed to load module Fumili
Failed to load module FitPanel
Failed to load module Smatrix
Failed to load module Spectrum
Failed to load module Unuran
Failed to load module ROOTFitPanelv7
Failed to load module ASImageGui
Failed to load module Geom
Failed to load module ROOTHistDraw
Failed to load module Graf
Failed to load module Gviz3d
Failed to load module Eve
Failed to load module Minuit
Failed to load module WebGui6
Failed to load module TMVAUtils
Failed to load module RooStats
Failed to load module GeomPainter
Failed to load module GuiHtml
Failed to load module ROOTEve
Failed to load module HistPainter
Failed to load module MLP
Failed to load module Ged
Failed to load module GuiBld
Failed to load module TMVA
Failed to load module TMVAGui
Failed to load module RooFitXRooFit
Failed to load module ROOTWebDisplay
Failed to load module RHTTPSniff
Failed to load module RGL
Failed to load module Tree
Failed to load module GX11TTF
Failed to load module ROOTTMVASofie
Failed to load module EG
Failed to load module X3d
Failed to load module Gui
Failed to load module ASImage
Failed to load module Matrix
Failed to load module Recorder
Failed to load module Gdml
Failed to load module ROOTTreeViewer
Failed to load module MathMore
Failed to load module GenVector
Failed to load module RooFitCore
Failed to load module RooFit
Failed to load module Hist
Failed to load module ROOTNTupleUtil
Failed to load module TreeViewer
Failed to load module MathCore
Failed to load module GenVector
Failed to load module Matrix
Failed to load module Hist
Failed to load module Geom
Failed to load module Gdml
Failed to load module Graf
Failed to load module Gpad
Failed to load module Graf3d
Failed to load module Tree
Failed to load module TreePlayer
Failed to load module ROOTDataFrame
Failed to load module Physics
Failed to load module Postscript
Failed to load module Gui
