000 (298.002.000) 2025-05-09 00:28:44 Job submitted from host: <[2a05:b400:104:200:20a:f7ff:fe41:b290]:10909?addrs=[2a05-b400-104-200-20a-f7ff-fe41-b290]-10909&alias=el9-08.hep.phy.cam.ac.uk>
...
040 (298.002.000) 2025-05-09 00:47:45 Started transferring input files
	Transferring to host: <[2a05:b400:104:200::500:dc23]:42549?addrs=[2a05-b400-104-200--500-dc23]-42549&alias=wcdc-035.hep.phy.cam.ac.uk>
...
040 (298.002.000) 2025-05-09 13:52:55 Finished transferring output files
...
005 (298.002.000) 2025-05-09 13:52:55 Job terminated.
	(1) Normal termination (return value 0)
		Usr 2 02:51:13, Sys 0 00:00:29  -  Run Remote Usage
		Usr 0 00:00:00, Sys 0 00:00:00  -  Run Local Usage
		Usr 2 02:51:13, Sys 0 00:00:29  -  Total Remote Usage
		Usr 0 00:00:00, Sys 0 00:00:00  -  Total Local Usage
	130381279  -  Run Bytes Sent By Job
	634195951  -  Run Bytes Received By Job
	130381279  -  Total Bytes Sent By Job
	634195951  -  Total Bytes Received By Job
	Partitionable Resources :     Usage  Request Allocated 
	   Cpus                 :      1.99        4         4 
	   Disk (KB)            : 746825     4194304   4195328 
	   GPUs                 :                            0 
	   Memory (MB)          :    293        6144      6144 
	   TimeExecute (s)      :  47102                       
	   TimeSlotBusy (s)     :  47110                       

	Job terminated of its own accord at 2025-05-09T12:52:53Z with exit-code 0.
...
