000 (47152.000.000) 2025-05-04 00:43:00 Job submitted from host: <[2a05:b400:104:100::500:82f]:19363?addrs=[2a05-b400-104-100--500-82f]-19363&alias=el9-06.hep.phy.cam.ac.uk>
...
040 (47152.000.000) 2025-05-04 00:43:01 Started transferring input files
	Transferring to host: <[2a05:b400:104:200::500:dc22]:43695?addrs=[2a05-b400-104-200--500-dc22]-43695&alias=wcdc-034.hep.phy.cam.ac.uk>
...
040 (47152.000.000) 2025-05-05 11:00:52 Finished transferring output files
...
005 (47152.000.000) 2025-05-05 11:00:52 Job terminated.
	(1) Normal termination (return value 0)
		Usr 8 09:54:57, Sys 0 00:00:19  -  Run Remote Usage
		Usr 0 00:00:00, Sys 0 00:00:00  -  Run Local Usage
		Usr 8 09:54:57, Sys 0 00:00:19  -  Total Remote Usage
		Usr 0 00:00:00, Sys 0 00:00:00  -  Total Local Usage
	7789875  -  Run Bytes Sent By Job
	590459851  -  Run Bytes Received By Job
	7789875  -  Total Bytes Sent By Job
	590459851  -  Total Bytes Received By Job
	Partitionable Resources :     Usage  Request Allocated 
	   Cpus                 :      1.99        6         6 
	   Disk (KB)            : 604990     3145728   3146752 
	   GPUs                 :                            0 
	   Memory (MB)          :    364        6144      6144 
	   TimeExecute (s)      : 123466                       
	   TimeSlotBusy (s)     : 123471                       

	Job terminated of its own accord at 2025-05-05T10:00:52Z with exit-code 0.
...
