000 (47132.000.000) 2025-05-01 20:09:46 Job submitted from host: <[2a05:b400:104:100::500:82f]:19363?addrs=[2a05-b400-104-100--500-82f]-19363&alias=el9-06.hep.phy.cam.ac.uk>
...
040 (47132.000.000) 2025-05-01 20:36:55 Started transferring input files
	Transferring to host: <[2a05:b400:104:200::500:dc82]:40477?addrs=[2a05-b400-104-200--500-dc82]-40477&alias=wcdc-130.hep.phy.cam.ac.uk>
...
040 (47132.000.000) 2025-05-03 00:19:23 Finished transferring output files
...
005 (47132.000.000) 2025-05-03 00:19:23 Job terminated.
	(1) Normal termination (return value 0)
		Usr 8 22:42:37, Sys 0 00:00:30  -  Run Remote Usage
		Usr 0 00:00:00, Sys 0 00:00:00  -  Run Local Usage
		Usr 8 22:42:37, Sys 0 00:00:30  -  Total Remote Usage
		Usr 0 00:00:00, Sys 0 00:00:00  -  Total Local Usage
	6457113  -  Run Bytes Sent By Job
	589119373  -  Run Bytes Received By Job
	6457113  -  Total Bytes Sent By Job
	589119373  -  Total Bytes Received By Job
	Partitionable Resources :     Usage  Request Allocated 
	   Cpus                 :      1.99        4         4 
	   Disk (KB)            : 603687     2097152   2098176 
	   GPUs                 :                            0 
	   Memory (MB)          :    458        4096      4096 
	   TimeExecute (s)      :  99742                       
	   TimeSlotBusy (s)     :  99749                       

	Job terminated of its own accord at 2025-05-02T23:19:22Z with exit-code 0.
...
