Configuration:
   Detector:
	 gap width: 0.1
	 steps: 500
	 electric field: 49000
	 ebar calculation steps: 140
	 anode: 0.12 cm, epsilon=5
	 cathode: 0.12 cm, epsilon=5
	 threshold: 3 pC
   Gas composition:
	 temperature: 293.15
	 pressure: 760
	 gases: 3
	 gas 0 -- name: c2h2f4 - percentage: 94.7
	 gas 1 -- name: sf6 - percentage: 0.3
	 gas 2 -- name: isobutane - percentage: 4.7
   Simulation parameters:
	 particle: muon
	 momentum: 5e+09
	 x0: 0
	 theta: 0
	 events to simulate: 50
	 threads to use: 4
	 outfile path: out/ATLAS_noCO2_49kV.dat
	 generator: SFMT
	 random global seed
	 Debug outputs: 0
	 verbose: 1
	 verbosity level: 1
	 snapshots: 0
Init SFMT generator with random seed: 3580671600
MediumMagboltz::SetComposition: C2H2F4/SF6/iC4H10 (94.985/0.300903/4.71414)
	Gas table file: C2H2F4-0.94985_SF6-0.00300903_iC4H10-0.0471414_temp-293.15_pres-760.gas
MediumMagboltz::LoadGasFile:
    Reading file gastables/C2H2F4-0.94985_SF6-0.00300903_iC4H10-0.0471414_temp-293.15_pres-760.gas.
    Version 13.
MediumMagboltz::GetMixture:
    Renormalizing the percentages.
    Gas composition set to iC4H10/SF6/C2H2F4 (4.71414/0.300903/94.985).

Transport parameters:
	alpha: 145.642 cm-1
	eta: 12.7997 cm-1
	E: 49000 kV/cm
	Drift velocity: (0.0101066,0,0) cm/ns
	Ion Drift velocity: (0,0,0) cm/ns
	Diffusion coefficient: (0.00990491, 0.011924) cm-1/2
	Dt: 0.019789 ns

EbarTable filename: fDiffT:0.011924-gapWidth:0.1-eps1:5-eps3:5-cathode:0.12-anode:0.12-Nstep:500-Dx:0.0002-EbarTableSize:140
Hash representation: 10068033494760882178
TAvalanche::Computing cluster density.
TAvalanche::Computing electron density and cluster size.
Longitudinal diffusion generator: SIMD-oriented Fast Mersenne Twister
Initialising avalanche (Id: 0) with Heed track (thread 0) for muon with momentum 5e+09 at position 0 with angle 0
Garfield::RandomEngineSTL seed: -619451406
Cluster density for muon with momentum 5e+09 : 92.1483
TAvalanche1D::initialiseTrackHeed -- 18 electrons produced by heed track.

Longitudinal diffusion generator: SIMD-oriented Fast Mersenne Twister
Initialising avalanche (Id: 1) with Heed track (thread 1) for muon with momentum 5e+09 at position 0 with angle 0
Garfield::RandomEngineSTL seed: -166685815
Cluster density for muon with momentum 5e+09 : 92.1483
TAvalanche1D::initialiseTrackHeed -- 17 electrons produced by heed track.

Longitudinal diffusion generator: SIMD-oriented Fast Mersenne Twister
Initialising avalanche (Id: 2) with Heed track (thread 2) for muon with momentum 5e+09 at position 0 with angle 0
Garfield::RandomEngineSTL seed: -963205190
Cluster density for muon with momentum 5e+09 : 92.1483
TAvalanche1D::initialiseTrackHeed -- 18 electrons produced by heed track.

Longitudinal diffusion generator: SIMD-oriented Fast Mersenne Twister
Initialising avalanche (Id: 3) with Heed track (thread 3) for muon with momentum 5e+09 at position 0 with angle 0
Garfield::RandomEngineSTL seed: 117790274
Cluster density for muon with momentum 5e+09 : 92.1483
TAvalanche1D::initialiseTrackHeed -- 4 electrons produced by heed track.


2025-05-09.01:05:18 - Avalanche simulation id 1 (0nth simulation) terminated with success (944 seconds).

Longitudinal diffusion generator: SIMD-oriented Fast Mersenne Twister
Initialising avalanche (Id: 4) with Heed track (thread 4) for muon with momentum 5e+09 at position 0 with angle 0
Garfield::RandomEngineSTL seed: 69220410
Cluster density for muon with momentum 5e+09 : 92.1483
TAvalanche1D::initialiseTrackHeed -- 6 electrons produced by heed track.


2025-05-09.01:11:54 - Avalanche simulation id 4 (1nth simulation) terminated with success (396 seconds).

Longitudinal diffusion generator: SIMD-oriented Fast Mersenne Twister
Initialising avalanche (Id: 5) with Heed track (thread 5) for muon with momentum 5e+09 at position 0 with angle 0
Garfield::RandomEngineSTL seed: 877873873
Cluster density for muon with momentum 5e+09 : 92.1483
TAvalanche1D::initialiseTrackHeed -- 10 electrons produced by heed track.


2025-05-09.01:35:05 - Avalanche simulation id 0 (2nth simulation) terminated with success (2731 seconds).

Longitudinal diffusion generator: SIMD-oriented Fast Mersenne Twister
Initialising avalanche (Id: 6) with Heed track (thread 6) for muon with momentum 5e+09 at position 0 with angle 0
Garfield::RandomEngineSTL seed: 42567893
Cluster density for muon with momentum 5e+09 : 92.1483
TAvalanche1D::initialiseTrackHeed -- 24 electrons produced by heed track.


2025-05-09.01:54:22 - Avalanche simulation id 3 (3nth simulation) terminated with success (3887 seconds).

Longitudinal diffusion generator: SIMD-oriented Fast Mersenne Twister
Initialising avalanche (Id: 7) with Heed track (thread 7) for muon with momentum 5e+09 at position 0 with angle 0
Garfield::RandomEngineSTL seed: 365688645
Cluster density for muon with momentum 5e+09 : 92.1483
TAvalanche1D::initialiseTrackHeed -- 38 electrons produced by heed track.


2025-05-09.02:03:03 - Avalanche simulation id 2 (4nth simulation) terminated with success (4408 seconds).

Longitudinal diffusion generator: SIMD-oriented Fast Mersenne Twister
Initialising avalanche (Id: 8) with Heed track (thread 8) for muon with momentum 5e+09 at position 0 with angle 0
Garfield::RandomEngineSTL seed: -205593938
Cluster density for muon with momentum 5e+09 : 92.1483
TAvalanche1D::initialiseTrackHeed -- 11 electrons produced by heed track.


2025-05-09.02:15:57 - Avalanche simulation id 5 (5nth simulation) terminated with success (3842 seconds).

Longitudinal diffusion generator: SIMD-oriented Fast Mersenne Twister
Initialising avalanche (Id: 9) with Heed track (thread 9) for muon with momentum 5e+09 at position 0 with angle 0
Garfield::RandomEngineSTL seed: 19876454
Cluster density for muon with momentum 5e+09 : 92.1483
TAvalanche1D::initialiseTrackHeed -- 9 electrons produced by heed track.


2025-05-09.03:00:22 - Avalanche simulation id 6 (6nth simulation) terminated with success (5117 seconds).

Longitudinal diffusion generator: SIMD-oriented Fast Mersenne Twister
Initialising avalanche (Id: 10) with Heed track (thread 10) for muon with momentum 5e+09 at position 0 with angle 0
Garfield::RandomEngineSTL seed: -1251047692
Cluster density for muon with momentum 5e+09 : 92.1483
TAvalanche1D::initialiseTrackHeed -- 23 electrons produced by heed track.


2025-05-09.03:04:56 - Avalanche simulation id 8 (7nth simulation) terminated with success (3713 seconds).

Longitudinal diffusion generator: SIMD-oriented Fast Mersenne Twister
Initialising avalanche (Id: 11) with Heed track (thread 11) for muon with momentum 5e+09 at position 0 with angle 0
Garfield::RandomEngineSTL seed: 554046596
Cluster density for muon with momentum 5e+09 : 92.1483
TAvalanche1D::initialiseTrackHeed -- 6 electrons produced by heed track.


2025-05-09.03:27:37 - Avalanche simulation id 9 (8nth simulation) terminated with success (4299 seconds).

Longitudinal diffusion generator: SIMD-oriented Fast Mersenne Twister
Initialising avalanche (Id: 12) with Heed track (thread 12) for muon with momentum 5e+09 at position 0 with angle 0
Garfield::RandomEngineSTL seed: -237537359
Cluster density for muon with momentum 5e+09 : 92.1483
TAvalanche1D::initialiseTrackHeed -- 15 electrons produced by heed track.


2025-05-09.03:38:06 - Avalanche simulation id 11 (9nth simulation) terminated with success (1989 seconds).

Longitudinal diffusion generator: SIMD-oriented Fast Mersenne Twister
Initialising avalanche (Id: 13) with Heed track (thread 13) for muon with momentum 5e+09 at position 0 with angle 0
Garfield::RandomEngineSTL seed: 1776611374
Cluster density for muon with momentum 5e+09 : 92.1483
TAvalanche1D::initialiseTrackHeed -- 10 electrons produced by heed track.


2025-05-09.03:38:21 - Avalanche simulation id 7 (10nth simulation) terminated with success (6239 seconds).

Longitudinal diffusion generator: SIMD-oriented Fast Mersenne Twister
Initialising avalanche (Id: 14) with Heed track (thread 14) for muon with momentum 5e+09 at position 0 with angle 0
Garfield::RandomEngineSTL seed: 1950446096
Cluster density for muon with momentum 5e+09 : 92.1483
TAvalanche1D::initialiseTrackHeed -- 21 electrons produced by heed track.


2025-05-09.04:23:44 - Avalanche simulation id 13 (11nth simulation) terminated with success (2737 seconds).

Longitudinal diffusion generator: SIMD-oriented Fast Mersenne Twister
Initialising avalanche (Id: 15) with Heed track (thread 15) for muon with momentum 5e+09 at position 0 with angle 0
Garfield::RandomEngineSTL seed: -144175582
Cluster density for muon with momentum 5e+09 : 92.1483
TAvalanche1D::initialiseTrackHeed -- 9 electrons produced by heed track.


2025-05-09.04:44:43 - Avalanche simulation id 14 (12nth simulation) terminated with success (3981 seconds).

Longitudinal diffusion generator: SIMD-oriented Fast Mersenne Twister
Initialising avalanche (Id: 16) with Heed track (thread 16) for muon with momentum 5e+09 at position 0 with angle 0
Garfield::RandomEngineSTL seed: -951961758
Cluster density for muon with momentum 5e+09 : 92.1483
TAvalanche1D::initialiseTrackHeed -- 14 electrons produced by heed track.


2025-05-09.04:53:15 - Avalanche simulation id 10 (13nth simulation) terminated with success (6773 seconds).

Longitudinal diffusion generator: SIMD-oriented Fast Mersenne Twister
Initialising avalanche (Id: 17) with Heed track (thread 17) for muon with momentum 5e+09 at position 0 with angle 0
Garfield::RandomEngineSTL seed: -143019576
Cluster density for muon with momentum 5e+09 : 92.1483
TAvalanche1D::initialiseTrackHeed -- 9 electrons produced by heed track.


2025-05-09.05:01:24 - Avalanche simulation id 12 (14nth simulation) terminated with success (5627 seconds).

Longitudinal diffusion generator: SIMD-oriented Fast Mersenne Twister
Initialising avalanche (Id: 18) with Heed track (thread 18) for muon with momentum 5e+09 at position 0 with angle 0
Garfield::RandomEngineSTL seed: -1283919425
Cluster density for muon with momentum 5e+09 : 92.1483
TAvalanche1D::initialiseTrackHeed -- 14 electrons produced by heed track.


2025-05-09.05:03:50 - Avalanche simulation id 15 (15nth simulation) terminated with success (2405 seconds).

Longitudinal diffusion generator: SIMD-oriented Fast Mersenne Twister
Initialising avalanche (Id: 19) with Heed track (thread 19) for muon with momentum 5e+09 at position 0 with angle 0
Garfield::RandomEngineSTL seed: 646482640
Cluster density for muon with momentum 5e+09 : 92.1483
TAvalanche1D::initialiseTrackHeed -- 15 electrons produced by heed track.


2025-05-09.05:13:13 - Avalanche simulation id 16 (16nth simulation) terminated with success (1710 seconds).

Longitudinal diffusion generator: SIMD-oriented Fast Mersenne Twister
Initialising avalanche (Id: 20) with Heed track (thread 20) for muon with momentum 5e+09 at position 0 with angle 0
Garfield::RandomEngineSTL seed: 746409956
Cluster density for muon with momentum 5e+09 : 92.1483
TAvalanche1D::initialiseTrackHeed -- 14 electrons produced by heed track.


2025-05-09.05:44:10 - Avalanche simulation id 18 (17nth simulation) terminated with success (2565 seconds).

Longitudinal diffusion generator: SIMD-oriented Fast Mersenne Twister
Initialising avalanche (Id: 21) with Heed track (thread 21) for muon with momentum 5e+09 at position 0 with angle 0
Garfield::RandomEngineSTL seed: -161975003
Cluster density for muon with momentum 5e+09 : 92.1483
TAvalanche1D::initialiseTrackHeed -- 19 electrons produced by heed track.


2025-05-09.05:48:00 - Avalanche simulation id 17 (18nth simulation) terminated with success (3284 seconds).

Longitudinal diffusion generator: SIMD-oriented Fast Mersenne Twister
Initialising avalanche (Id: 22) with Heed track (thread 22) for muon with momentum 5e+09 at position 0 with angle 0
Garfield::RandomEngineSTL seed: -407887907
Cluster density for muon with momentum 5e+09 : 92.1483
TAvalanche1D::initialiseTrackHeed -- 12 electrons produced by heed track.


2025-05-09.06:00:11 - Avalanche simulation id 19 (19nth simulation) terminated with success (3381 seconds).

Longitudinal diffusion generator: SIMD-oriented Fast Mersenne Twister
Initialising avalanche (Id: 23) with Heed track (thread 23) for muon with momentum 5e+09 at position 0 with angle 0
Garfield::RandomEngineSTL seed: 1776376823
Cluster density for muon with momentum 5e+09 : 92.1483
TAvalanche1D::initialiseTrackHeed -- 26 electrons produced by heed track.


2025-05-09.06:30:31 - Avalanche simulation id 22 (20nth simulation) terminated with success (2551 seconds).

Longitudinal diffusion generator: SIMD-oriented Fast Mersenne Twister
Initialising avalanche (Id: 24) with Heed track (thread 24) for muon with momentum 5e+09 at position 0 with angle 0
Garfield::RandomEngineSTL seed: 6541316
Cluster density for muon with momentum 5e+09 : 92.1483
TAvalanche1D::initialiseTrackHeed -- 15 electrons produced by heed track.


2025-05-09.06:37:33 - Avalanche simulation id 20 (21nth simulation) terminated with success (5059 seconds).

Longitudinal diffusion generator: SIMD-oriented Fast Mersenne Twister
Initialising avalanche (Id: 25) with Heed track (thread 25) for muon with momentum 5e+09 at position 0 with angle 0
Garfield::RandomEngineSTL seed: -819870219
Cluster density for muon with momentum 5e+09 : 92.1483
TAvalanche1D::initialiseTrackHeed -- 10 electrons produced by heed track.


2025-05-09.07:22:45 - Avalanche simulation id 25 (22nth simulation) terminated with success (2711 seconds).

Longitudinal diffusion generator: SIMD-oriented Fast Mersenne Twister
Initialising avalanche (Id: 26) with Heed track (thread 26) for muon with momentum 5e+09 at position 0 with angle 0
Garfield::RandomEngineSTL seed: 1430836197
Cluster density for muon with momentum 5e+09 : 92.1483
TAvalanche1D::initialiseTrackHeed -- 10 electrons produced by heed track.


2025-05-09.07:41:47 - Avalanche simulation id 23 (23nth simulation) terminated with success (6095 seconds).

Longitudinal diffusion generator: SIMD-oriented Fast Mersenne Twister
Initialising avalanche (Id: 27) with Heed track (thread 27) for muon with momentum 5e+09 at position 0 with angle 0
Garfield::RandomEngineSTL seed: 205301251
Cluster density for muon with momentum 5e+09 : 92.1483
TAvalanche1D::initialiseTrackHeed -- 14 electrons produced by heed track.


2025-05-09.07:51:14 - Avalanche simulation id 24 (24nth simulation) terminated with success (4842 seconds).

Longitudinal diffusion generator: SIMD-oriented Fast Mersenne Twister
Initialising avalanche (Id: 28) with Heed track (thread 28) for muon with momentum 5e+09 at position 0 with angle 0
Garfield::RandomEngineSTL seed: 486455933
Cluster density for muon with momentum 5e+09 : 92.1483
TAvalanche1D::initialiseTrackHeed -- 14 electrons produced by heed track.


2025-05-09.07:53:21 - Avalanche simulation id 21 (25nth simulation) terminated with success (7751 seconds).

Longitudinal diffusion generator: SIMD-oriented Fast Mersenne Twister
Initialising avalanche (Id: 29) with Heed track (thread 29) for muon with momentum 5e+09 at position 0 with angle 0
Garfield::RandomEngineSTL seed: 933054927
Cluster density for muon with momentum 5e+09 : 92.1483
TAvalanche1D::initialiseTrackHeed -- 11 electrons produced by heed track.


2025-05-09.08:00:08 - Avalanche simulation id 26 (26nth simulation) terminated with success (2243 seconds).

Longitudinal diffusion generator: SIMD-oriented Fast Mersenne Twister
Initialising avalanche (Id: 30) with Heed track (thread 30) for muon with momentum 5e+09 at position 0 with angle 0
Garfield::RandomEngineSTL seed: -971399920
Cluster density for muon with momentum 5e+09 : 92.1483
TAvalanche1D::initialiseTrackHeed -- 31 electrons produced by heed track.


2025-05-09.08:22:35 - Avalanche simulation id 29 (27nth simulation) terminated with success (1753 seconds).

Longitudinal diffusion generator: SIMD-oriented Fast Mersenne Twister
Initialising avalanche (Id: 31) with Heed track (thread 31) for muon with momentum 5e+09 at position 0 with angle 0
Garfield::RandomEngineSTL seed: -1167003913
Cluster density for muon with momentum 5e+09 : 92.1483
TAvalanche1D::initialiseTrackHeed -- 15 electrons produced by heed track.


2025-05-09.08:24:32 - Avalanche simulation id 28 (28nth simulation) terminated with success (1997 seconds).

Longitudinal diffusion generator: SIMD-oriented Fast Mersenne Twister
Initialising avalanche (Id: 32) with Heed track (thread 32) for muon with momentum 5e+09 at position 0 with angle 0
Garfield::RandomEngineSTL seed: 617216958
Cluster density for muon with momentum 5e+09 : 92.1483
TAvalanche1D::initialiseTrackHeed -- 7 electrons produced by heed track.


2025-05-09.08:28:25 - Avalanche simulation id 32 (29nth simulation) terminated with success (233 seconds).

Longitudinal diffusion generator: SIMD-oriented Fast Mersenne Twister
Initialising avalanche (Id: 33) with Heed track (thread 33) for muon with momentum 5e+09 at position 0 with angle 0
Garfield::RandomEngineSTL seed: -1612816402
Cluster density for muon with momentum 5e+09 : 92.1483
TAvalanche1D::initialiseTrackHeed -- 10 electrons produced by heed track.


2025-05-09.08:42:39 - Avalanche simulation id 27 (30nth simulation) terminated with success (3652 seconds).

Longitudinal diffusion generator: SIMD-oriented Fast Mersenne Twister
Initialising avalanche (Id: 34) with Heed track (thread 34) for muon with momentum 5e+09 at position 0 with angle 0
Garfield::RandomEngineSTL seed: 1137626524
Cluster density for muon with momentum 5e+09 : 92.1483
TAvalanche1D::initialiseTrackHeed -- 17 electrons produced by heed track.


2025-05-09.09:47:38 - Avalanche simulation id 30 (31nth simulation) terminated with success (6450 seconds).

Longitudinal diffusion generator: SIMD-oriented Fast Mersenne Twister
Initialising avalanche (Id: 35) with Heed track (thread 35) for muon with momentum 5e+09 at position 0 with angle 0
Garfield::RandomEngineSTL seed: -1077715412
Cluster density for muon with momentum 5e+09 : 92.1483
TAvalanche1D::initialiseTrackHeed -- 10 electrons produced by heed track.


2025-05-09.09:56:37 - Avalanche simulation id 33 (32nth simulation) terminated with success (5292 seconds).

Longitudinal diffusion generator: SIMD-oriented Fast Mersenne Twister
Initialising avalanche (Id: 36) with Heed track (thread 36) for muon with momentum 5e+09 at position 0 with angle 0
Garfield::RandomEngineSTL seed: 681071282
Cluster density for muon with momentum 5e+09 : 92.1483
TAvalanche1D::initialiseTrackHeed -- 19 electrons produced by heed track.


2025-05-09.09:56:46 - Avalanche simulation id 31 (33nth simulation) terminated with success (5651 seconds).

Longitudinal diffusion generator: SIMD-oriented Fast Mersenne Twister
Initialising avalanche (Id: 37) with Heed track (thread 37) for muon with momentum 5e+09 at position 0 with angle 0
Garfield::RandomEngineSTL seed: 1190599012
Cluster density for muon with momentum 5e+09 : 92.1483
TAvalanche1D::initialiseTrackHeed -- 31 electrons produced by heed track.


2025-05-09.10:02:57 - Avalanche simulation id 34 (34nth simulation) terminated with success (4817 seconds).

Longitudinal diffusion generator: SIMD-oriented Fast Mersenne Twister
Initialising avalanche (Id: 38) with Heed track (thread 38) for muon with momentum 5e+09 at position 0 with angle 0
Garfield::RandomEngineSTL seed: 1412230893
Cluster density for muon with momentum 5e+09 : 92.1483
TAvalanche1D::initialiseTrackHeed -- 5 electrons produced by heed track.


2025-05-09.10:23:12 - Avalanche simulation id 35 (35nth simulation) terminated with success (2134 seconds).

Longitudinal diffusion generator: SIMD-oriented Fast Mersenne Twister
Initialising avalanche (Id: 39) with Heed track (thread 39) for muon with momentum 5e+09 at position 0 with angle 0
Garfield::RandomEngineSTL seed: 1164350326
Cluster density for muon with momentum 5e+09 : 92.1483
TAvalanche1D::initialiseTrackHeed -- 11 electrons produced by heed track.


2025-05-09.10:41:31 - Avalanche simulation id 37 (36nth simulation) terminated with success (2684 seconds).

Longitudinal diffusion generator: SIMD-oriented Fast Mersenne Twister
Initialising avalanche (Id: 40) with Heed track (thread 40) for muon with momentum 5e+09 at position 0 with angle 0
Garfield::RandomEngineSTL seed: 2131758232
Cluster density for muon with momentum 5e+09 : 92.1483
TAvalanche1D::initialiseTrackHeed -- 10 electrons produced by heed track.


2025-05-09.11:06:54 - Avalanche simulation id 38 (37nth simulation) terminated with success (3837 seconds).

Longitudinal diffusion generator: SIMD-oriented Fast Mersenne Twister
Initialising avalanche (Id: 41) with Heed track (thread 41) for muon with momentum 5e+09 at position 0 with angle 0
Garfield::RandomEngineSTL seed: -1152780770
Cluster density for muon with momentum 5e+09 : 92.1483
TAvalanche1D::initialiseTrackHeed -- 12 electrons produced by heed track.


2025-05-09.11:10:49 - Avalanche simulation id 36 (38nth simulation) terminated with success (4451 seconds).

Longitudinal diffusion generator: SIMD-oriented Fast Mersenne Twister
Initialising avalanche (Id: 42) with Heed track (thread 42) for muon with momentum 5e+09 at position 0 with angle 0
Garfield::RandomEngineSTL seed: -502041181
Cluster density for muon with momentum 5e+09 : 92.1483
TAvalanche1D::initialiseTrackHeed -- 16 electrons produced by heed track.


2025-05-09.11:18:51 - Avalanche simulation id 39 (39nth simulation) terminated with success (3338 seconds).

Longitudinal diffusion generator: SIMD-oriented Fast Mersenne Twister
Initialising avalanche (Id: 43) with Heed track (thread 43) for muon with momentum 5e+09 at position 0 with angle 0
Garfield::RandomEngineSTL seed: -1216896599
Cluster density for muon with momentum 5e+09 : 92.1483
TAvalanche1D::initialiseTrackHeed -- 11 electrons produced by heed track.


2025-05-09.11:37:54 - Avalanche simulation id 40 (40nth simulation) terminated with success (3383 seconds).

Longitudinal diffusion generator: SIMD-oriented Fast Mersenne Twister
Initialising avalanche (Id: 44) with Heed track (thread 44) for muon with momentum 5e+09 at position 0 with angle 0
Garfield::RandomEngineSTL seed: 964032175
Cluster density for muon with momentum 5e+09 : 92.1483
TAvalanche1D::initialiseTrackHeed -- 10 electrons produced by heed track.


2025-05-09.11:39:01 - Avalanche simulation id 43 (41nth simulation) terminated with success (1209 seconds).

Longitudinal diffusion generator: SIMD-oriented Fast Mersenne Twister
Initialising avalanche (Id: 45) with Heed track (thread 45) for muon with momentum 5e+09 at position 0 with angle 0
Garfield::RandomEngineSTL seed: -971939658
Cluster density for muon with momentum 5e+09 : 92.1483
TAvalanche1D::initialiseTrackHeed -- 12 electrons produced by heed track.


2025-05-09.11:48:02 - Avalanche simulation id 44 (42nth simulation) terminated with success (608 seconds).

Longitudinal diffusion generator: SIMD-oriented Fast Mersenne Twister
Initialising avalanche (Id: 46) with Heed track (thread 46) for muon with momentum 5e+09 at position 0 with angle 0
Garfield::RandomEngineSTL seed: 1275976637
Cluster density for muon with momentum 5e+09 : 92.1483
TAvalanche1D::initialiseTrackHeed -- 63 electrons produced by heed track.


2025-05-09.12:36:35 - Avalanche simulation id 45 (43nth simulation) terminated with success (3453 seconds).

Longitudinal diffusion generator: SIMD-oriented Fast Mersenne Twister
Initialising avalanche (Id: 47) with Heed track (thread 47) for muon with momentum 5e+09 at position 0 with angle 0
Garfield::RandomEngineSTL seed: 1790203182
Cluster density for muon with momentum 5e+09 : 92.1483
TAvalanche1D::initialiseTrackHeed -- 10 electrons produced by heed track.


2025-05-09.12:42:42 - Avalanche simulation id 42 (44nth simulation) terminated with success (5513 seconds).

Longitudinal diffusion generator: SIMD-oriented Fast Mersenne Twister
Initialising avalanche (Id: 48) with Heed track (thread 48) for muon with momentum 5e+09 at position 0 with angle 0
Garfield::RandomEngineSTL seed: 438405545
Cluster density for muon with momentum 5e+09 : 92.1483
TAvalanche1D::initialiseTrackHeed -- 10 electrons produced by heed track.


2025-05-09.12:50:53 - Avalanche simulation id 41 (45nth simulation) terminated with success (6239 seconds).

Longitudinal diffusion generator: SIMD-oriented Fast Mersenne Twister
Initialising avalanche (Id: 49) with Heed track (thread 49) for muon with momentum 5e+09 at position 0 with angle 0
Garfield::RandomEngineSTL seed: 159164365
Cluster density for muon with momentum 5e+09 : 92.1483
TAvalanche1D::initialiseTrackHeed -- 15 electrons produced by heed track.


2025-05-09.13:12:56 - Avalanche simulation id 47 (46nth simulation) terminated with success (2181 seconds).


2025-05-09.13:30:31 - Avalanche simulation id 46 (47nth simulation) terminated with success (6148 seconds).


2025-05-09.13:52:11 - Avalanche simulation id 49 (48nth simulation) terminated with success (3677 seconds).


2025-05-09.13:52:52 - Avalanche simulation id 48 (49nth simulation) terminated with success (4209 seconds).

