Configuration:
   Detector:
	 gap width: 0.1
	 steps: 200
	 electric field: 55000
	 ebar calculation steps: 140
	 anode: 0.12 cm, epsilon=5
	 cathode: 0.12 cm, epsilon=5
	 threshold: 3 pC
   Gas composition:
	 temperature: 293.15
	 pressure: 760
	 gases: 3
	 gas 0 -- name: c2h2f4 - percentage: 94.7
	 gas 1 -- name: sf6 - percentage: 0.3
	 gas 2 -- name: isobutane - percentage: 5
   Simulation parameters:
	 particle: muon
	 momentum: 5e+09
	 x0: 0
	 theta: 0
	 events to simulate: 50
	 threads to use: 8
	 outfile path: out/steps200_ATLAS_noCO2_55kV.dat
	 generator: SFMT
	 random global seed
	 Debug outputs: 0
	 verbose: 1
	 verbosity level: 1
	 snapshots: 0
Init SFMT generator with random seed: 2075681771
MediumMagboltz::SetComposition: C2H2F4/SF6/iC4H10 (94.7/0.3/5)
	Gas table file: C2H2F4-0.947_SF6-0.003_iC4H10-0.05_temp-293.15_pres-760.gas
MediumMagboltz::LoadGasFile:
    Reading file gastables/C2H2F4-0.947_SF6-0.003_iC4H10-0.05_temp-293.15_pres-760.gas.
    Version 13.
    Gas composition set to iC4H10/SF6/C2H2F4 (5/0.3/94.7).

Transport parameters:
	alpha: 224.003 cm-1
	eta: 10.0694 cm-1
	E: 55000 kV/cm
	Drift velocity: (0.0109665,0,0) cm/ns
	Ion Drift velocity: (0,0,0) cm/ns
	Diffusion coefficient: (0.00961309, 0.0119864) cm-1/2
	Dt: 0.0455936 ns

EbarTable filename: fDiffT:0.0119864-gapWidth:0.1-eps1:5-eps3:5-cathode:0.12-anode:0.12-Nstep:200-Dx:0.0005-EbarTableSize:140
Hash representation: 6160487015716187665
Computing Ebar Table ... 

TAvalanche::Computing cluster density.
TAvalanche::Computing electron density and cluster size.
Longitudinal diffusion generator: SIMD-oriented Fast Mersenne Twister
Initialising avalanche (Id: 0) with Heed track (thread 0) for muon with momentum 5e+09 at position 0 with angle 0
Garfield::RandomEngineSTL seed: -2124793242
Cluster density for muon with momentum 5e+09 : 92.198
TAvalanche1D::initialiseTrackHeed -- 4 electrons produced by heed track.

Longitudinal diffusion generator: SIMD-oriented Fast Mersenne Twister
Initialising avalanche (Id: 1) with Heed track (thread 1) for muon with momentum 5e+09 at position 0 with angle 0
Garfield::RandomEngineSTL seed: 1565549519
Cluster density for muon with momentum 5e+09 : 92.198
TAvalanche1D::initialiseTrackHeed -- 73 electrons produced by heed track.

Longitudinal diffusion generator: SIMD-oriented Fast Mersenne Twister
Initialising avalanche (Id: 2) with Heed track (thread 2) for muon with momentum 5e+09 at position 0 with angle 0
Garfield::RandomEngineSTL seed: 836046347
Cluster density for muon with momentum 5e+09 : 92.198
TAvalanche1D::initialiseTrackHeed -- 11 electrons produced by heed track.

Longitudinal diffusion generator: SIMD-oriented Fast Mersenne Twister
Initialising avalanche (Id: 3) with Heed track (thread 3) for muon with momentum 5e+09 at position 0 with angle 0
Garfield::RandomEngineSTL seed: -14243925
Cluster density for muon with momentum 5e+09 : 92.198
TAvalanche1D::initialiseTrackHeed -- 15 electrons produced by heed track.

Longitudinal diffusion generator: SIMD-oriented Fast Mersenne Twister
Initialising avalanche (Id: 4) with Heed track (thread 4) for muon with momentum 5e+09 at position 0 with angle 0
Garfield::RandomEngineSTL seed: 930699917
Cluster density for muon with momentum 5e+09 : 92.198
TAvalanche1D::initialiseTrackHeed -- 9 electrons produced by heed track.

Longitudinal diffusion generator: SIMD-oriented Fast Mersenne Twister
Initialising avalanche (Id: 5) with Heed track (thread 5) for muon with momentum 5e+09 at position 0 with angle 0
Garfield::RandomEngineSTL seed: 704217458
Cluster density for muon with momentum 5e+09 : 92.198
TAvalanche1D::initialiseTrackHeed -- 12 electrons produced by heed track.

Longitudinal diffusion generator: SIMD-oriented Fast Mersenne Twister
Initialising avalanche (Id: 6) with Heed track (thread 6) for muon with momentum 5e+09 at position 0 with angle 0
Garfield::RandomEngineSTL seed: 768382922
Cluster density for muon with momentum 5e+09 : 92.198
TAvalanche1D::initialiseTrackHeed -- 10 electrons produced by heed track.

Longitudinal diffusion generator: SIMD-oriented Fast Mersenne Twister
Initialising avalanche (Id: 7) with Heed track (thread 7) for muon with momentum 5e+09 at position 0 with angle 0
Garfield::RandomEngineSTL seed: -1180654459
Cluster density for muon with momentum 5e+09 : 92.198
TAvalanche1D::initialiseTrackHeed -- 11 electrons produced by heed track.


2025-05-13.11:27:55 - Avalanche simulation id 1 (0nth simulation) terminated with success (129 seconds).

Longitudinal diffusion generator: SIMD-oriented Fast Mersenne Twister
Initialising avalanche (Id: 8) with Heed track (thread 8) for muon with momentum 5e+09 at position 0 with angle 0
Garfield::RandomEngineSTL seed: -257213117
Cluster density for muon with momentum 5e+09 : 92.198
TAvalanche1D::initialiseTrackHeed -- 28 electrons produced by heed track.


2025-05-13.11:54:08 - Avalanche simulation id 4 (1nth simulation) terminated with success (1702 seconds).

Longitudinal diffusion generator: SIMD-oriented Fast Mersenne Twister
Initialising avalanche (Id: 9) with Heed track (thread 9) for muon with momentum 5e+09 at position 0 with angle 0
Garfield::RandomEngineSTL seed: 967612009
Cluster density for muon with momentum 5e+09 : 92.198
TAvalanche1D::initialiseTrackHeed -- 11 electrons produced by heed track.


2025-05-13.11:58:12 - Avalanche simulation id 2 (2nth simulation) terminated with success (1947 seconds).

Longitudinal diffusion generator: SIMD-oriented Fast Mersenne Twister
Initialising avalanche (Id: 10) with Heed track (thread 10) for muon with momentum 5e+09 at position 0 with angle 0
Garfield::RandomEngineSTL seed: 962407340
Cluster density for muon with momentum 5e+09 : 92.198
TAvalanche1D::initialiseTrackHeed -- 150 electrons produced by heed track.


2025-05-13.12:02:12 - Avalanche simulation id 0 (3nth simulation) terminated with success (2187 seconds).

Longitudinal diffusion generator: SIMD-oriented Fast Mersenne Twister
Initialising avalanche (Id: 11) with Heed track (thread 11) for muon with momentum 5e+09 at position 0 with angle 0
Garfield::RandomEngineSTL seed: 768891352
Cluster density for muon with momentum 5e+09 : 92.198
TAvalanche1D::initialiseTrackHeed -- 12 electrons produced by heed track.

aval_explosive_behaviour_clt, c = 1.00855e+10

2025-05-13.12:12:48 - Avalanche simulation id 5 (4nth simulation) terminated with error: 6 (2821 seconds).

Longitudinal diffusion generator: SIMD-oriented Fast Mersenne Twister
Initialising avalanche (Id: 12) with Heed track (thread 12) for muon with momentum 5e+09 at position 0 with angle 0
Garfield::RandomEngineSTL seed: 1205243725
Cluster density for muon with momentum 5e+09 : 92.198
TAvalanche1D::initialiseTrackHeed -- 36 electrons produced by heed track.


2025-05-13.12:13:40 - Avalanche simulation id 6 (5nth simulation) terminated with success (2873 seconds).

Longitudinal diffusion generator: SIMD-oriented Fast Mersenne Twister
Initialising avalanche (Id: 13) with Heed track (thread 13) for muon with momentum 5e+09 at position 0 with angle 0
Garfield::RandomEngineSTL seed: 1356711884
Cluster density for muon with momentum 5e+09 : 92.198
TAvalanche1D::initialiseTrackHeed -- 8 electrons produced by heed track.


2025-05-13.12:21:22 - Avalanche simulation id 7 (6nth simulation) terminated with success (3335 seconds).

Longitudinal diffusion generator: SIMD-oriented Fast Mersenne Twister
Initialising avalanche (Id: 14) with Heed track (thread 14) for muon with momentum 5e+09 at position 0 with angle 0
Garfield::RandomEngineSTL seed: 538029084
Cluster density for muon with momentum 5e+09 : 92.198
TAvalanche1D::initialiseTrackHeed -- 14 electrons produced by heed track.


2025-05-13.12:21:28 - Avalanche simulation id 8 (7nth simulation) terminated with success (3213 seconds).

Longitudinal diffusion generator: SIMD-oriented Fast Mersenne Twister
Initialising avalanche (Id: 15) with Heed track (thread 15) for muon with momentum 5e+09 at position 0 with angle 0
Garfield::RandomEngineSTL seed: -701936010
Cluster density for muon with momentum 5e+09 : 92.198
TAvalanche1D::initialiseTrackHeed -- 20 electrons produced by heed track.

aval_explosive_behaviour_clt, c = 6.24204e+10

2025-05-13.12:24:06 - Avalanche simulation id 3 (8nth simulation) terminated with error: 6 (3501 seconds).

Longitudinal diffusion generator: SIMD-oriented Fast Mersenne Twister
Initialising avalanche (Id: 16) with Heed track (thread 16) for muon with momentum 5e+09 at position 0 with angle 0
Garfield::RandomEngineSTL seed: 1946382204
Cluster density for muon with momentum 5e+09 : 92.198
TAvalanche1D::initialiseTrackHeed -- 14 electrons produced by heed track.

aval_explosive_behaviour_clt, c = 1.3008e+11

2025-05-13.12:31:04 - Avalanche simulation id 10 (9nth simulation) terminated with error: 6 (1972 seconds).

Longitudinal diffusion generator: SIMD-oriented Fast Mersenne Twister
Initialising avalanche (Id: 17) with Heed track (thread 17) for muon with momentum 5e+09 at position 0 with angle 0
Garfield::RandomEngineSTL seed: 1774745859
Cluster density for muon with momentum 5e+09 : 92.198
TAvalanche1D::initialiseTrackHeed -- 8 electrons produced by heed track.

aval_explosive_behaviour_clt, c = 7.02744e+12

2025-05-13.12:34:51 - Avalanche simulation id 9 (10nth simulation) terminated with error: 6 (2443 seconds).

Longitudinal diffusion generator: SIMD-oriented Fast Mersenne Twister
Initialising avalanche (Id: 18) with Heed track (thread 18) for muon with momentum 5e+09 at position 0 with angle 0
Garfield::RandomEngineSTL seed: -1845222253
Cluster density for muon with momentum 5e+09 : 92.198
TAvalanche1D::initialiseTrackHeed -- 7 electrons produced by heed track.

aval_explosive_behaviour_clt, c = 1.0131e+11

2025-05-13.12:53:28 - Avalanche simulation id 14 (11nth simulation) terminated with error: 6 (1925 seconds).

Longitudinal diffusion generator: SIMD-oriented Fast Mersenne Twister
Initialising avalanche (Id: 19) with Heed track (thread 19) for muon with momentum 5e+09 at position 0 with angle 0
Garfield::RandomEngineSTL seed: 1712049167
Cluster density for muon with momentum 5e+09 : 92.198
TAvalanche1D::initialiseTrackHeed -- 12 electrons produced by heed track.

aval_explosive_behaviour_clt, c = 1.29788e+10

2025-05-13.12:54:34 - Avalanche simulation id 11 (12nth simulation) terminated with error: 6 (3141 seconds).

Longitudinal diffusion generator: SIMD-oriented Fast Mersenne Twister
Initialising avalanche (Id: 20) with Heed track (thread 20) for muon with momentum 5e+09 at position 0 with angle 0
Garfield::RandomEngineSTL seed: -1757693097
Cluster density for muon with momentum 5e+09 : 92.198
TAvalanche1D::initialiseTrackHeed -- 15 electrons produced by heed track.


2025-05-13.12:56:59 - Avalanche simulation id 16 (13nth simulation) terminated with success (1972 seconds).

Longitudinal diffusion generator: SIMD-oriented Fast Mersenne Twister
Initialising avalanche (Id: 21) with Heed track (thread 21) for muon with momentum 5e+09 at position 0 with angle 0
Garfield::RandomEngineSTL seed: 298650924
Cluster density for muon with momentum 5e+09 : 92.198
TAvalanche1D::initialiseTrackHeed -- 17 electrons produced by heed track.

aval_explosive_behaviour_clt, c = 6.3446e+12

2025-05-13.12:57:27 - Avalanche simulation id 13 (14nth simulation) terminated with error: 6 (2627 seconds).

Longitudinal diffusion generator: SIMD-oriented Fast Mersenne Twister
Initialising avalanche (Id: 22) with Heed track (thread 22) for muon with momentum 5e+09 at position 0 with angle 0
Garfield::RandomEngineSTL seed: 1052476242
Cluster density for muon with momentum 5e+09 : 92.198
TAvalanche1D::initialiseTrackHeed -- 6 electrons produced by heed track.

aval_explosive_behaviour_clt, c = 4.42604e+10

2025-05-13.13:03:17 - Avalanche simulation id 17 (15nth simulation) terminated with error: 6 (1932 seconds).

Longitudinal diffusion generator: SIMD-oriented Fast Mersenne Twister
Initialising avalanche (Id: 23) with Heed track (thread 23) for muon with momentum 5e+09 at position 0 with angle 0
Garfield::RandomEngineSTL seed: -1667812499
Cluster density for muon with momentum 5e+09 : 92.198
TAvalanche1D::initialiseTrackHeed -- 43 electrons produced by heed track.


2025-05-13.13:16:01 - Avalanche simulation id 15 (16nth simulation) terminated with success (3272 seconds).

Longitudinal diffusion generator: SIMD-oriented Fast Mersenne Twister
Initialising avalanche (Id: 24) with Heed track (thread 24) for muon with momentum 5e+09 at position 0 with angle 0
Garfield::RandomEngineSTL seed: -61170347
Cluster density for muon with momentum 5e+09 : 92.198
TAvalanche1D::initialiseTrackHeed -- 42 electrons produced by heed track.


2025-05-13.13:20:16 - Avalanche simulation id 18 (17nth simulation) terminated with success (2725 seconds).

Longitudinal diffusion generator: SIMD-oriented Fast Mersenne Twister
Initialising avalanche (Id: 25) with Heed track (thread 25) for muon with momentum 5e+09 at position 0 with angle 0
Garfield::RandomEngineSTL seed: 1579798261
Cluster density for muon with momentum 5e+09 : 92.198
TAvalanche1D::initialiseTrackHeed -- 9 electrons produced by heed track.


2025-05-13.13:39:01 - Avalanche simulation id 12 (18nth simulation) terminated with success (5173 seconds).

Longitudinal diffusion generator: SIMD-oriented Fast Mersenne Twister
Initialising avalanche (Id: 26) with Heed track (thread 26) for muon with momentum 5e+09 at position 0 with angle 0
Garfield::RandomEngineSTL seed: 458168126
Cluster density for muon with momentum 5e+09 : 92.198
TAvalanche1D::initialiseTrackHeed -- 38 electrons produced by heed track.

aval_explosive_behaviour_clt, c = 3.79973e+11

2025-05-13.13:41:49 - Avalanche simulation id 19 (19nth simulation) terminated with error: 6 (2900 seconds).

Longitudinal diffusion generator: SIMD-oriented Fast Mersenne Twister
Initialising avalanche (Id: 27) with Heed track (thread 27) for muon with momentum 5e+09 at position 0 with angle 0
Garfield::RandomEngineSTL seed: 1035817493
Cluster density for muon with momentum 5e+09 : 92.198
TAvalanche1D::initialiseTrackHeed -- 7 electrons produced by heed track.

aval_explosive_behaviour_clt, c = 2.61352e+10

2025-05-13.13:57:19 - Avalanche simulation id 20 (20nth simulation) terminated with error: 6 (3764 seconds).

Longitudinal diffusion generator: SIMD-oriented Fast Mersenne Twister
Initialising avalanche (Id: 28) with Heed track (thread 28) for muon with momentum 5e+09 at position 0 with angle 0
Garfield::RandomEngineSTL seed: -1174924221
Cluster density for muon with momentum 5e+09 : 92.198
TAvalanche1D::initialiseTrackHeed -- 15 electrons produced by heed track.


2025-05-13.14:01:33 - Avalanche simulation id 23 (21nth simulation) terminated with success (3495 seconds).

Longitudinal diffusion generator: SIMD-oriented Fast Mersenne Twister
Initialising avalanche (Id: 29) with Heed track (thread 29) for muon with momentum 5e+09 at position 0 with angle 0
Garfield::RandomEngineSTL seed: -1351642711
Cluster density for muon with momentum 5e+09 : 92.198
TAvalanche1D::initialiseTrackHeed -- 26 electrons produced by heed track.

aval_clt_fail, !(round(c) >= 0 , c = -0.65825, x = 0.0005, n = 18388, nm = 0.000195825
, alpha = 0, eta = 17076.6, sigma = 1.8974, fRngCLT = 0x14a86c001790

2025-05-13.14:09:50 - Avalanche simulation id 25 (22nth simulation) terminated with success (2974 seconds).

Longitudinal diffusion generator: SIMD-oriented Fast Mersenne Twister
Initialising avalanche (Id: 30) with Heed track (thread 30) for muon with momentum 5e+09 at position 0 with angle 0
Garfield::RandomEngineSTL seed: 894077153
Cluster density for muon with momentum 5e+09 : 92.198
TAvalanche1D::initialiseTrackHeed -- 10 electrons produced by heed track.


2025-05-13.14:11:20 - Avalanche simulation id 24 (23nth simulation) terminated with success (3319 seconds).

Longitudinal diffusion generator: SIMD-oriented Fast Mersenne Twister
Initialising avalanche (Id: 31) with Heed track (thread 31) for muon with momentum 5e+09 at position 0 with angle 0
Garfield::RandomEngineSTL seed: -1346450141
Cluster density for muon with momentum 5e+09 : 92.198
TAvalanche1D::initialiseTrackHeed -- 20 electrons produced by heed track.


2025-05-13.14:16:46 - Avalanche simulation id 22 (24nth simulation) terminated with success (4758 seconds).

Longitudinal diffusion generator: SIMD-oriented Fast Mersenne Twister
Initialising avalanche (Id: 32) with Heed track (thread 32) for muon with momentum 5e+09 at position 0 with angle 0
Garfield::RandomEngineSTL seed: 1092072153
Cluster density for muon with momentum 5e+09 : 92.198
TAvalanche1D::initialiseTrackHeed -- 35 electrons produced by heed track.


2025-05-13.14:17:42 - Avalanche simulation id 21 (25nth simulation) terminated with success (4843 seconds).

Longitudinal diffusion generator: SIMD-oriented Fast Mersenne Twister
Initialising avalanche (Id: 33) with Heed track (thread 33) for muon with momentum 5e+09 at position 0 with angle 0
Garfield::RandomEngineSTL seed: -463208255
Cluster density for muon with momentum 5e+09 : 92.198
TAvalanche1D::initialiseTrackHeed -- 6 electrons produced by heed track.


2025-05-13.14:26:14 - Avalanche simulation id 27 (26nth simulation) terminated with success (2664 seconds).

Longitudinal diffusion generator: SIMD-oriented Fast Mersenne Twister
Initialising avalanche (Id: 34) with Heed track (thread 34) for muon with momentum 5e+09 at position 0 with angle 0
Garfield::RandomEngineSTL seed: 1955604774
Cluster density for muon with momentum 5e+09 : 92.198
TAvalanche1D::initialiseTrackHeed -- 14 electrons produced by heed track.


2025-05-13.14:36:50 - Avalanche simulation id 29 (27nth simulation) terminated with success (2117 seconds).

Longitudinal diffusion generator: SIMD-oriented Fast Mersenne Twister
Initialising avalanche (Id: 35) with Heed track (thread 35) for muon with momentum 5e+09 at position 0 with angle 0
Garfield::RandomEngineSTL seed: -1666730943
Cluster density for muon with momentum 5e+09 : 92.198
TAvalanche1D::initialiseTrackHeed -- 5 electrons produced by heed track.


2025-05-13.14:41:52 - Avalanche simulation id 32 (28nth simulation) terminated with success (1506 seconds).

Longitudinal diffusion generator: SIMD-oriented Fast Mersenne Twister
Initialising avalanche (Id: 36) with Heed track (thread 36) for muon with momentum 5e+09 at position 0 with angle 0
Garfield::RandomEngineSTL seed: -227628881
Cluster density for muon with momentum 5e+09 : 92.198
TAvalanche1D::initialiseTrackHeed -- 14 electrons produced by heed track.

aval_explosive_behaviour_clt, c = 2.29831e+10

2025-05-13.14:44:33 - Avalanche simulation id 26 (29nth simulation) terminated with error: 6 (3931 seconds).

Longitudinal diffusion generator: SIMD-oriented Fast Mersenne Twister
Initialising avalanche (Id: 37) with Heed track (thread 37) for muon with momentum 5e+09 at position 0 with angle 0
Garfield::RandomEngineSTL seed: -1339857592
Cluster density for muon with momentum 5e+09 : 92.198
TAvalanche1D::initialiseTrackHeed -- 15 electrons produced by heed track.

aval_explosive_behaviour_clt, c = 1.23479e+10

2025-05-13.15:01:14 - Avalanche simulation id 30 (30nth simulation) terminated with error: 6 (3083 seconds).

Longitudinal diffusion generator: SIMD-oriented Fast Mersenne Twister
Initialising avalanche (Id: 38) with Heed track (thread 38) for muon with momentum 5e+09 at position 0 with angle 0
Garfield::RandomEngineSTL seed: -828141916
Cluster density for muon with momentum 5e+09 : 92.198
TAvalanche1D::initialiseTrackHeed -- 10 electrons produced by heed track.


2025-05-13.15:05:41 - Avalanche simulation id 35 (31nth simulation) terminated with success (1730 seconds).

Longitudinal diffusion generator: SIMD-oriented Fast Mersenne Twister
Initialising avalanche (Id: 39) with Heed track (thread 39) for muon with momentum 5e+09 at position 0 with angle 0
Garfield::RandomEngineSTL seed: -657901473
Cluster density for muon with momentum 5e+09 : 92.198
TAvalanche1D::initialiseTrackHeed -- 12 electrons produced by heed track.


2025-05-13.15:06:42 - Avalanche simulation id 33 (32nth simulation) terminated with success (2939 seconds).

Longitudinal diffusion generator: SIMD-oriented Fast Mersenne Twister
Initialising avalanche (Id: 40) with Heed track (thread 40) for muon with momentum 5e+09 at position 0 with angle 0
Garfield::RandomEngineSTL seed: 722820986
Cluster density for muon with momentum 5e+09 : 92.198
TAvalanche1D::initialiseTrackHeed -- 8 electrons produced by heed track.


2025-05-13.15:07:46 - Avalanche simulation id 34 (33nth simulation) terminated with success (2492 seconds).

Longitudinal diffusion generator: SIMD-oriented Fast Mersenne Twister
Initialising avalanche (Id: 41) with Heed track (thread 41) for muon with momentum 5e+09 at position 0 with angle 0
Garfield::RandomEngineSTL seed: -2066489846
Cluster density for muon with momentum 5e+09 : 92.198
TAvalanche1D::initialiseTrackHeed -- 12 electrons produced by heed track.


2025-05-13.15:16:10 - Avalanche simulation id 36 (34nth simulation) terminated with success (2057 seconds).

Longitudinal diffusion generator: SIMD-oriented Fast Mersenne Twister
Initialising avalanche (Id: 42) with Heed track (thread 42) for muon with momentum 5e+09 at position 0 with angle 0
Garfield::RandomEngineSTL seed: -2048416346
Cluster density for muon with momentum 5e+09 : 92.198
TAvalanche1D::initialiseTrackHeed -- 13 electrons produced by heed track.


2025-05-13.15:19:57 - Avalanche simulation id 37 (35nth simulation) terminated with success (2124 seconds).

Longitudinal diffusion generator: SIMD-oriented Fast Mersenne Twister
Initialising avalanche (Id: 43) with Heed track (thread 43) for muon with momentum 5e+09 at position 0 with angle 0
Garfield::RandomEngineSTL seed: -1745358301
Cluster density for muon with momentum 5e+09 : 92.198
TAvalanche1D::initialiseTrackHeed -- 80 electrons produced by heed track.


2025-05-13.15:25:04 - Avalanche simulation id 28 (36nth simulation) terminated with success (5264 seconds).

Longitudinal diffusion generator: SIMD-oriented Fast Mersenne Twister
Initialising avalanche (Id: 44) with Heed track (thread 44) for muon with momentum 5e+09 at position 0 with angle 0
Garfield::RandomEngineSTL seed: -1097742094
Cluster density for muon with momentum 5e+09 : 92.198
TAvalanche1D::initialiseTrackHeed -- 14 electrons produced by heed track.


2025-05-13.15:30:39 - Avalanche simulation id 31 (37nth simulation) terminated with success (4758 seconds).

Longitudinal diffusion generator: SIMD-oriented Fast Mersenne Twister
Initialising avalanche (Id: 45) with Heed track (thread 45) for muon with momentum 5e+09 at position 0 with angle 0
Garfield::RandomEngineSTL seed: -595464976
Cluster density for muon with momentum 5e+09 : 92.198
TAvalanche1D::initialiseTrackHeed -- 12 electrons produced by heed track.


2025-05-13.15:40:13 - Avalanche simulation id 38 (38nth simulation) terminated with success (2338 seconds).

Longitudinal diffusion generator: SIMD-oriented Fast Mersenne Twister
Initialising avalanche (Id: 46) with Heed track (thread 46) for muon with momentum 5e+09 at position 0 with angle 0
Garfield::RandomEngineSTL seed: 1337304072
Cluster density for muon with momentum 5e+09 : 92.198
TAvalanche1D::initialiseTrackHeed -- 85 electrons produced by heed track.

aval_explosive_behaviour_clt, c = 2.05576e+10

2025-05-13.15:47:55 - Avalanche simulation id 39 (39nth simulation) terminated with error: 6 (2534 seconds).

Longitudinal diffusion generator: SIMD-oriented Fast Mersenne Twister
Initialising avalanche (Id: 47) with Heed track (thread 47) for muon with momentum 5e+09 at position 0 with angle 0
Garfield::RandomEngineSTL seed: 1855130884
Cluster density for muon with momentum 5e+09 : 92.198
TAvalanche1D::initialiseTrackHeed -- 10 electrons produced by heed track.

aval_explosive_behaviour_clt, c = 7.28579e+12

2025-05-13.15:53:05 - Avalanche simulation id 40 (40nth simulation) terminated with error: 6 (2783 seconds).

Longitudinal diffusion generator: SIMD-oriented Fast Mersenne Twister
Initialising avalanche (Id: 48) with Heed track (thread 48) for muon with momentum 5e+09 at position 0 with angle 0
Garfield::RandomEngineSTL seed: 1408205653
Cluster density for muon with momentum 5e+09 : 92.198
TAvalanche1D::initialiseTrackHeed -- 17 electrons produced by heed track.

aval_explosive_behaviour_clt, c = 7.38851e+11

2025-05-13.15:58:41 - Avalanche simulation id 41 (41nth simulation) terminated with error: 6 (3055 seconds).

Longitudinal diffusion generator: SIMD-oriented Fast Mersenne Twister
Initialising avalanche (Id: 49) with Heed track (thread 49) for muon with momentum 5e+09 at position 0 with angle 0
Garfield::RandomEngineSTL seed: 1419794708
Cluster density for muon with momentum 5e+09 : 92.198
TAvalanche1D::initialiseTrackHeed -- 41 electrons produced by heed track.

aval_explosive_behaviour_clt, c = 2.32672e+10

2025-05-13.15:59:45 - Avalanche simulation id 45 (42nth simulation) terminated with error: 6 (1746 seconds).


2025-05-13.16:00:07 - Avalanche simulation id 49 (43nth simulation) terminated with success (86 seconds).


2025-05-13.16:04:00 - Avalanche simulation id 46 (44nth simulation) terminated with success (1427 seconds).

aval_explosive_behaviour_clt, c = 5.93749e+10

2025-05-13.16:22:49 - Avalanche simulation id 44 (45nth simulation) terminated with error: 6 (3465 seconds).


2025-05-13.16:24:04 - Avalanche simulation id 42 (46nth simulation) terminated with success (4074 seconds).


2025-05-13.16:25:29 - Avalanche simulation id 43 (47nth simulation) terminated with success (3932 seconds).

aval_explosive_behaviour_clt, c = 2.33695e+10

2025-05-13.16:27:37 - Avalanche simulation id 48 (48nth simulation) terminated with error: 6 (2072 seconds).

aval_explosive_behaviour_clt, c = 1.01883e+10

2025-05-13.16:29:03 - Avalanche simulation id 47 (49nth simulation) terminated with error: 6 (2468 seconds).

