Configuration:
   Detector:
	 gap width: 0.1
	 steps: 200
	 electric field: 53000
	 ebar calculation steps: 140
	 anode: 0.12 cm, epsilon=5
	 cathode: 0.12 cm, epsilon=5
	 threshold: 3 pC
   Gas composition:
	 temperature: 293.15
	 pressure: 760
	 gases: 3
	 gas 0 -- name: c2h2f4 - percentage: 94.7
	 gas 1 -- name: sf6 - percentage: 0.3
	 gas 2 -- name: isobutane - percentage: 5
   Simulation parameters:
	 particle: muon
	 momentum: 5e+09
	 x0: 0
	 theta: 0
	 events to simulate: 50
	 threads to use: 8
	 outfile path: out/steps200_ATLAS_noCO2_53kV.dat
	 generator: SFMT
	 random global seed
	 Debug outputs: 0
	 verbose: 1
	 verbosity level: 1
	 snapshots: 0
Init SFMT generator with random seed: 3404356536
MediumMagboltz::SetComposition: C2H2F4/SF6/iC4H10 (94.7/0.3/5)
	Gas table file: C2H2F4-0.947_SF6-0.003_iC4H10-0.05_temp-293.15_pres-760.gas
MediumMagboltz::LoadGasFile:
    Reading file gastables/C2H2F4-0.947_SF6-0.003_iC4H10-0.05_temp-293.15_pres-760.gas.
    Version 13.
    Gas composition set to iC4H10/SF6/C2H2F4 (5/0.3/94.7).

Transport parameters:
	alpha: 196.694 cm-1
	eta: 10.6399 cm-1
	E: 53000 kV/cm
	Drift velocity: (0.0106656,0,0) cm/ns
	Ion Drift velocity: (0,0,0) cm/ns
	Diffusion coefficient: (0.00949337, 0.0118932) cm-1/2
	Dt: 0.0468798 ns

EbarTable filename: fDiffT:0.0118932-gapWidth:0.1-eps1:5-eps3:5-cathode:0.12-anode:0.12-Nstep:200-Dx:0.0005-EbarTableSize:140
Hash representation: 3618876002495711220
Computing Ebar Table ... 

TAvalanche::Computing cluster density.
TAvalanche::Computing electron density and cluster size.
Longitudinal diffusion generator: SIMD-oriented Fast Mersenne Twister
Initialising avalanche (Id: 0) with Heed track (thread 0) for muon with momentum 5e+09 at position 0 with angle 0
Garfield::RandomEngineSTL seed: -1964996040
Cluster density for muon with momentum 5e+09 : 92.198
TAvalanche1D::initialiseTrackHeed -- 10 electrons produced by heed track.

Longitudinal diffusion generator: SIMD-oriented Fast Mersenne Twister
Initialising avalanche (Id: 1) with Heed track (thread 1) for muon with momentum 5e+09 at position 0 with angle 0
Garfield::RandomEngineSTL seed: -598903049
Cluster density for muon with momentum 5e+09 : 92.198
TAvalanche1D::initialiseTrackHeed -- 15 electrons produced by heed track.

Longitudinal diffusion generator: SIMD-oriented Fast Mersenne Twister
Initialising avalanche (Id: 2) with Heed track (thread 2) for muon with momentum 5e+09 at position 0 with angle 0
Garfield::RandomEngineSTL seed: -1500122757
Cluster density for muon with momentum 5e+09 : 92.198
TAvalanche1D::initialiseTrackHeed -- 10 electrons produced by heed track.

Longitudinal diffusion generator: SIMD-oriented Fast Mersenne Twister
Initialising avalanche (Id: 3) with Heed track (thread 3) for muon with momentum 5e+09 at position 0 with angle 0
Garfield::RandomEngineSTL seed: -40273429
Cluster density for muon with momentum 5e+09 : 92.198
TAvalanche1D::initialiseTrackHeed -- 10 electrons produced by heed track.

Longitudinal diffusion generator: SIMD-oriented Fast Mersenne Twister
Initialising avalanche (Id: 4) with Heed track (thread 4) for muon with momentum 5e+09 at position 0 with angle 0
Garfield::RandomEngineSTL seed: -1889739586
Cluster density for muon with momentum 5e+09 : 92.198
TAvalanche1D::initialiseTrackHeed -- 52 electrons produced by heed track.

Longitudinal diffusion generator: SIMD-oriented Fast Mersenne Twister
Initialising avalanche (Id: 5) with Heed track (thread 5) for muon with momentum 5e+09 at position 0 with angle 0
Garfield::RandomEngineSTL seed: 498877047
Cluster density for muon with momentum 5e+09 : 92.198
TAvalanche1D::initialiseTrackHeed -- 21 electrons produced by heed track.

Longitudinal diffusion generator: SIMD-oriented Fast Mersenne Twister
Initialising avalanche (Id: 6) with Heed track (thread 6) for muon with momentum 5e+09 at position 0 with angle 0
Garfield::RandomEngineSTL seed: 1527464577
Cluster density for muon with momentum 5e+09 : 92.198
TAvalanche1D::initialiseTrackHeed -- 7 electrons produced by heed track.

Longitudinal diffusion generator: SIMD-oriented Fast Mersenne Twister
Initialising avalanche (Id: 7) with Heed track (thread 7) for muon with momentum 5e+09 at position 0 with angle 0
Garfield::RandomEngineSTL seed: 996475301
Cluster density for muon with momentum 5e+09 : 92.198
TAvalanche1D::initialiseTrackHeed -- 8 electrons produced by heed track.


2025-05-13.12:04:04 - Avalanche simulation id 2 (0nth simulation) terminated with success (2278 seconds).

Longitudinal diffusion generator: SIMD-oriented Fast Mersenne Twister
Initialising avalanche (Id: 8) with Heed track (thread 8) for muon with momentum 5e+09 at position 0 with angle 0
Garfield::RandomEngineSTL seed: 373036291
Cluster density for muon with momentum 5e+09 : 92.198
TAvalanche1D::initialiseTrackHeed -- 12 electrons produced by heed track.


2025-05-13.12:07:13 - Avalanche simulation id 7 (1nth simulation) terminated with success (2465 seconds).

Longitudinal diffusion generator: SIMD-oriented Fast Mersenne Twister
Initialising avalanche (Id: 9) with Heed track (thread 9) for muon with momentum 5e+09 at position 0 with angle 0
Garfield::RandomEngineSTL seed: 899138891
Cluster density for muon with momentum 5e+09 : 92.198
TAvalanche1D::initialiseTrackHeed -- 18 electrons produced by heed track.


2025-05-13.12:08:05 - Avalanche simulation id 0 (2nth simulation) terminated with success (2519 seconds).

Longitudinal diffusion generator: SIMD-oriented Fast Mersenne Twister
Initialising avalanche (Id: 10) with Heed track (thread 10) for muon with momentum 5e+09 at position 0 with angle 0
Garfield::RandomEngineSTL seed: 875154078
Cluster density for muon with momentum 5e+09 : 92.198
TAvalanche1D::initialiseTrackHeed -- 28 electrons produced by heed track.

aval_explosive_behaviour_clt, c = 5.46376e+10

2025-05-13.12:10:17 - Avalanche simulation id 4 (3nth simulation) terminated with error: 6 (2650 seconds).

Longitudinal diffusion generator: SIMD-oriented Fast Mersenne Twister
Initialising avalanche (Id: 11) with Heed track (thread 11) for muon with momentum 5e+09 at position 0 with angle 0
Garfield::RandomEngineSTL seed: 249831531
Cluster density for muon with momentum 5e+09 : 92.198
TAvalanche1D::initialiseTrackHeed -- 15 electrons produced by heed track.

aval_explosive_behaviour_clt, c = 1.76122e+11

2025-05-13.12:12:26 - Avalanche simulation id 3 (4nth simulation) terminated with error: 6 (2780 seconds).

Longitudinal diffusion generator: SIMD-oriented Fast Mersenne Twister
Initialising avalanche (Id: 12) with Heed track (thread 12) for muon with momentum 5e+09 at position 0 with angle 0
Garfield::RandomEngineSTL seed: 723725175
Cluster density for muon with momentum 5e+09 : 92.198
TAvalanche1D::initialiseTrackHeed -- 11 electrons produced by heed track.


2025-05-13.12:22:38 - Avalanche simulation id 1 (5nth simulation) terminated with success (3391 seconds).

Longitudinal diffusion generator: SIMD-oriented Fast Mersenne Twister
Initialising avalanche (Id: 13) with Heed track (thread 13) for muon with momentum 5e+09 at position 0 with angle 0
Garfield::RandomEngineSTL seed: -547261634
Cluster density for muon with momentum 5e+09 : 92.198
TAvalanche1D::initialiseTrackHeed -- 5 electrons produced by heed track.


2025-05-13.12:22:54 - Avalanche simulation id 13 (6nth simulation) terminated with success (16 seconds).

Longitudinal diffusion generator: SIMD-oriented Fast Mersenne Twister
Initialising avalanche (Id: 14) with Heed track (thread 14) for muon with momentum 5e+09 at position 0 with angle 0
Garfield::RandomEngineSTL seed: 909832568
Cluster density for muon with momentum 5e+09 : 92.198
TAvalanche1D::initialiseTrackHeed -- 5 electrons produced by heed track.


2025-05-13.12:25:31 - Avalanche simulation id 5 (7nth simulation) terminated with success (3564 seconds).

Longitudinal diffusion generator: SIMD-oriented Fast Mersenne Twister
Initialising avalanche (Id: 15) with Heed track (thread 15) for muon with momentum 5e+09 at position 0 with angle 0
Garfield::RandomEngineSTL seed: -505982636
Cluster density for muon with momentum 5e+09 : 92.198
TAvalanche1D::initialiseTrackHeed -- 16 electrons produced by heed track.


2025-05-13.12:27:26 - Avalanche simulation id 6 (8nth simulation) terminated with success (3679 seconds).

Longitudinal diffusion generator: SIMD-oriented Fast Mersenne Twister
Initialising avalanche (Id: 16) with Heed track (thread 16) for muon with momentum 5e+09 at position 0 with angle 0
Garfield::RandomEngineSTL seed: -720825461
Cluster density for muon with momentum 5e+09 : 92.198
TAvalanche1D::initialiseTrackHeed -- 68 electrons produced by heed track.


2025-05-13.12:32:27 - Avalanche simulation id 14 (9nth simulation) terminated with success (572 seconds).

Longitudinal diffusion generator: SIMD-oriented Fast Mersenne Twister
Initialising avalanche (Id: 17) with Heed track (thread 17) for muon with momentum 5e+09 at position 0 with angle 0
Garfield::RandomEngineSTL seed: -1713066516
Cluster density for muon with momentum 5e+09 : 92.198
TAvalanche1D::initialiseTrackHeed -- 7 electrons produced by heed track.


2025-05-13.12:47:48 - Avalanche simulation id 10 (10nth simulation) terminated with success (2382 seconds).

Longitudinal diffusion generator: SIMD-oriented Fast Mersenne Twister
Initialising avalanche (Id: 18) with Heed track (thread 18) for muon with momentum 5e+09 at position 0 with angle 0
Garfield::RandomEngineSTL seed: 1818463641
Cluster density for muon with momentum 5e+09 : 92.198
TAvalanche1D::initialiseTrackHeed -- 10 electrons produced by heed track.

aval_explosive_behaviour_clt, c = 1.00673e+11

2025-05-13.12:49:37 - Avalanche simulation id 12 (11nth simulation) terminated with error: 6 (2230 seconds).

Longitudinal diffusion generator: SIMD-oriented Fast Mersenne Twister
Initialising avalanche (Id: 19) with Heed track (thread 19) for muon with momentum 5e+09 at position 0 with angle 0
Garfield::RandomEngineSTL seed: -1704451226
Cluster density for muon with momentum 5e+09 : 92.198
TAvalanche1D::initialiseTrackHeed -- 14 electrons produced by heed track.


2025-05-13.12:55:07 - Avalanche simulation id 11 (12nth simulation) terminated with success (2690 seconds).

Longitudinal diffusion generator: SIMD-oriented Fast Mersenne Twister
Initialising avalanche (Id: 20) with Heed track (thread 20) for muon with momentum 5e+09 at position 0 with angle 0
Garfield::RandomEngineSTL seed: -1922816786
Cluster density for muon with momentum 5e+09 : 92.198
TAvalanche1D::initialiseTrackHeed -- 20 electrons produced by heed track.


2025-05-13.12:55:30 - Avalanche simulation id 16 (13nth simulation) terminated with success (1683 seconds).

Longitudinal diffusion generator: SIMD-oriented Fast Mersenne Twister
Initialising avalanche (Id: 21) with Heed track (thread 21) for muon with momentum 5e+09 at position 0 with angle 0
Garfield::RandomEngineSTL seed: -934071499
Cluster density for muon with momentum 5e+09 : 92.198
TAvalanche1D::initialiseTrackHeed -- 22 electrons produced by heed track.


2025-05-13.12:57:40 - Avalanche simulation id 9 (14nth simulation) terminated with success (3027 seconds).

Longitudinal diffusion generator: SIMD-oriented Fast Mersenne Twister
Initialising avalanche (Id: 22) with Heed track (thread 22) for muon with momentum 5e+09 at position 0 with angle 0
Garfield::RandomEngineSTL seed: 1220912298
Cluster density for muon with momentum 5e+09 : 92.198
TAvalanche1D::initialiseTrackHeed -- 26 electrons produced by heed track.

aval_explosive_behaviour_clt, c = 3.72467e+10

2025-05-13.12:58:08 - Avalanche simulation id 21 (15nth simulation) terminated with error: 6 (158 seconds).

Longitudinal diffusion generator: SIMD-oriented Fast Mersenne Twister
Initialising avalanche (Id: 23) with Heed track (thread 23) for muon with momentum 5e+09 at position 0 with angle 0
Garfield::RandomEngineSTL seed: -1181694771
Cluster density for muon with momentum 5e+09 : 92.198
TAvalanche1D::initialiseTrackHeed -- 17 electrons produced by heed track.


2025-05-13.13:17:22 - Avalanche simulation id 17 (16nth simulation) terminated with success (2694 seconds).

Longitudinal diffusion generator: SIMD-oriented Fast Mersenne Twister
Initialising avalanche (Id: 24) with Heed track (thread 24) for muon with momentum 5e+09 at position 0 with angle 0
Garfield::RandomEngineSTL seed: 173504385
Cluster density for muon with momentum 5e+09 : 92.198
TAvalanche1D::initialiseTrackHeed -- 21 electrons produced by heed track.


2025-05-13.13:22:31 - Avalanche simulation id 8 (17nth simulation) terminated with success (4706 seconds).

Longitudinal diffusion generator: SIMD-oriented Fast Mersenne Twister
Initialising avalanche (Id: 25) with Heed track (thread 25) for muon with momentum 5e+09 at position 0 with angle 0
Garfield::RandomEngineSTL seed: 1218222361
Cluster density for muon with momentum 5e+09 : 92.198
TAvalanche1D::initialiseTrackHeed -- 18 electrons produced by heed track.

aval_explosive_behaviour_clt, c = 2.14116e+11

2025-05-13.13:44:18 - Avalanche simulation id 18 (18nth simulation) terminated with error: 6 (3390 seconds).

Longitudinal diffusion generator: SIMD-oriented Fast Mersenne Twister
Initialising avalanche (Id: 26) with Heed track (thread 26) for muon with momentum 5e+09 at position 0 with angle 0
Garfield::RandomEngineSTL seed: -1192777736
Cluster density for muon with momentum 5e+09 : 92.198
TAvalanche1D::initialiseTrackHeed -- 10 electrons produced by heed track.


2025-05-13.13:47:47 - Avalanche simulation id 15 (19nth simulation) terminated with success (4936 seconds).

Longitudinal diffusion generator: SIMD-oriented Fast Mersenne Twister
Initialising avalanche (Id: 27) with Heed track (thread 27) for muon with momentum 5e+09 at position 0 with angle 0
Garfield::RandomEngineSTL seed: -268219602
Cluster density for muon with momentum 5e+09 : 92.198
TAvalanche1D::initialiseTrackHeed -- 6 electrons produced by heed track.

aval_explosive_behaviour_clt, c = 4.50004e+10

2025-05-13.13:47:56 - Avalanche simulation id 23 (20nth simulation) terminated with error: 6 (2987 seconds).

Longitudinal diffusion generator: SIMD-oriented Fast Mersenne Twister
Initialising avalanche (Id: 28) with Heed track (thread 28) for muon with momentum 5e+09 at position 0 with angle 0
Garfield::RandomEngineSTL seed: 425906585
Cluster density for muon with momentum 5e+09 : 92.198
TAvalanche1D::initialiseTrackHeed -- 8 electrons produced by heed track.

aval_explosive_behaviour_clt, c = 1.48645e+13

2025-05-13.13:56:41 - Avalanche simulation id 24 (21nth simulation) terminated with error: 6 (2358 seconds).

Longitudinal diffusion generator: SIMD-oriented Fast Mersenne Twister
Initialising avalanche (Id: 29) with Heed track (thread 29) for muon with momentum 5e+09 at position 0 with angle 0
Garfield::RandomEngineSTL seed: 1396704865
Cluster density for muon with momentum 5e+09 : 92.198
TAvalanche1D::initialiseTrackHeed -- 12 electrons produced by heed track.

aval_explosive_behaviour_clt, c = 2.38949e+10

2025-05-13.13:59:20 - Avalanche simulation id 20 (22nth simulation) terminated with error: 6 (3852 seconds).

Longitudinal diffusion generator: SIMD-oriented Fast Mersenne Twister
Initialising avalanche (Id: 30) with Heed track (thread 30) for muon with momentum 5e+09 at position 0 with angle 0
Garfield::RandomEngineSTL seed: -35330438
Cluster density for muon with momentum 5e+09 : 92.198
TAvalanche1D::initialiseTrackHeed -- 11 electrons produced by heed track.


2025-05-13.14:03:05 - Avalanche simulation id 25 (23nth simulation) terminated with success (2433 seconds).

Longitudinal diffusion generator: SIMD-oriented Fast Mersenne Twister
Initialising avalanche (Id: 31) with Heed track (thread 31) for muon with momentum 5e+09 at position 0 with angle 0
Garfield::RandomEngineSTL seed: 1078749127
Cluster density for muon with momentum 5e+09 : 92.198
TAvalanche1D::initialiseTrackHeed -- 8 electrons produced by heed track.

aval_explosive_behaviour_clt, c = 5.12867e+10

2025-05-13.14:03:22 - Avalanche simulation id 19 (24nth simulation) terminated with error: 6 (4425 seconds).

Longitudinal diffusion generator: SIMD-oriented Fast Mersenne Twister
Initialising avalanche (Id: 32) with Heed track (thread 32) for muon with momentum 5e+09 at position 0 with angle 0
Garfield::RandomEngineSTL seed: -736984719
Cluster density for muon with momentum 5e+09 : 92.198
TAvalanche1D::initialiseTrackHeed -- 12 electrons produced by heed track.


2025-05-13.14:25:00 - Avalanche simulation id 27 (25nth simulation) terminated with success (2232 seconds).

Longitudinal diffusion generator: SIMD-oriented Fast Mersenne Twister
Initialising avalanche (Id: 33) with Heed track (thread 33) for muon with momentum 5e+09 at position 0 with angle 0
Garfield::RandomEngineSTL seed: -315544123
Cluster density for muon with momentum 5e+09 : 92.198
TAvalanche1D::initialiseTrackHeed -- 23 electrons produced by heed track.

aval_explosive_behaviour_clt, c = 1.76115e+11

2025-05-13.14:27:44 - Avalanche simulation id 29 (26nth simulation) terminated with error: 6 (1862 seconds).

Longitudinal diffusion generator: SIMD-oriented Fast Mersenne Twister
Initialising avalanche (Id: 34) with Heed track (thread 34) for muon with momentum 5e+09 at position 0 with angle 0
Garfield::RandomEngineSTL seed: 47455532
Cluster density for muon with momentum 5e+09 : 92.198
TAvalanche1D::initialiseTrackHeed -- 20 electrons produced by heed track.


2025-05-13.14:29:24 - Avalanche simulation id 28 (27nth simulation) terminated with success (2487 seconds).

Longitudinal diffusion generator: SIMD-oriented Fast Mersenne Twister
Initialising avalanche (Id: 35) with Heed track (thread 35) for muon with momentum 5e+09 at position 0 with angle 0
Garfield::RandomEngineSTL seed: -1308782932
Cluster density for muon with momentum 5e+09 : 92.198
TAvalanche1D::initialiseTrackHeed -- 6 electrons produced by heed track.


2025-05-13.14:45:27 - Avalanche simulation id 31 (28nth simulation) terminated with success (2542 seconds).

Longitudinal diffusion generator: SIMD-oriented Fast Mersenne Twister
Initialising avalanche (Id: 36) with Heed track (thread 36) for muon with momentum 5e+09 at position 0 with angle 0
Garfield::RandomEngineSTL seed: 438590392
Cluster density for muon with momentum 5e+09 : 92.198
TAvalanche1D::initialiseTrackHeed -- 19 electrons produced by heed track.


2025-05-13.14:47:02 - Avalanche simulation id 22 (29nth simulation) terminated with success (6561 seconds).

Longitudinal diffusion generator: SIMD-oriented Fast Mersenne Twister
Initialising avalanche (Id: 37) with Heed track (thread 37) for muon with momentum 5e+09 at position 0 with angle 0
Garfield::RandomEngineSTL seed: -751327734
Cluster density for muon with momentum 5e+09 : 92.198
TAvalanche1D::initialiseTrackHeed -- 13 electrons produced by heed track.


2025-05-13.14:48:51 - Avalanche simulation id 30 (30nth simulation) terminated with success (2971 seconds).

Longitudinal diffusion generator: SIMD-oriented Fast Mersenne Twister
Initialising avalanche (Id: 38) with Heed track (thread 38) for muon with momentum 5e+09 at position 0 with angle 0
Garfield::RandomEngineSTL seed: 115106892
Cluster density for muon with momentum 5e+09 : 92.198
TAvalanche1D::initialiseTrackHeed -- 10 electrons produced by heed track.

aval_explosive_behaviour_clt, c = 3.01644e+10

2025-05-13.14:54:51 - Avalanche simulation id 26 (31nth simulation) terminated with error: 6 (4232 seconds).

Longitudinal diffusion generator: SIMD-oriented Fast Mersenne Twister
Initialising avalanche (Id: 39) with Heed track (thread 39) for muon with momentum 5e+09 at position 0 with angle 0
Garfield::RandomEngineSTL seed: -2074778282
Cluster density for muon with momentum 5e+09 : 92.198
TAvalanche1D::initialiseTrackHeed -- 20 electrons produced by heed track.


2025-05-13.14:58:08 - Avalanche simulation id 35 (32nth simulation) terminated with success (1724 seconds).

Longitudinal diffusion generator: SIMD-oriented Fast Mersenne Twister
Initialising avalanche (Id: 40) with Heed track (thread 40) for muon with momentum 5e+09 at position 0 with angle 0
Garfield::RandomEngineSTL seed: -1040470438
Cluster density for muon with momentum 5e+09 : 92.198
TAvalanche1D::initialiseTrackHeed -- 13 electrons produced by heed track.

aval_explosive_behaviour_clt, c = 1.95524e+11

2025-05-13.15:01:45 - Avalanche simulation id 32 (33nth simulation) terminated with error: 6 (3503 seconds).

Longitudinal diffusion generator: SIMD-oriented Fast Mersenne Twister
Initialising avalanche (Id: 41) with Heed track (thread 41) for muon with momentum 5e+09 at position 0 with angle 0
Garfield::RandomEngineSTL seed: 1258584657
Cluster density for muon with momentum 5e+09 : 92.198
TAvalanche1D::initialiseTrackHeed -- 13 electrons produced by heed track.


2025-05-13.15:24:08 - Avalanche simulation id 38 (34nth simulation) terminated with success (2116 seconds).

Longitudinal diffusion generator: SIMD-oriented Fast Mersenne Twister
Initialising avalanche (Id: 42) with Heed track (thread 42) for muon with momentum 5e+09 at position 0 with angle 0
Garfield::RandomEngineSTL seed: 146688261
Cluster density for muon with momentum 5e+09 : 92.198
TAvalanche1D::initialiseTrackHeed -- 24 electrons produced by heed track.


2025-05-13.15:26:56 - Avalanche simulation id 40 (35nth simulation) terminated with success (1727 seconds).

Longitudinal diffusion generator: SIMD-oriented Fast Mersenne Twister
Initialising avalanche (Id: 43) with Heed track (thread 43) for muon with momentum 5e+09 at position 0 with angle 0
Garfield::RandomEngineSTL seed: -939021720
Cluster density for muon with momentum 5e+09 : 92.198
TAvalanche1D::initialiseTrackHeed -- 28 electrons produced by heed track.


2025-05-13.15:30:43 - Avalanche simulation id 39 (36nth simulation) terminated with success (2152 seconds).

Longitudinal diffusion generator: SIMD-oriented Fast Mersenne Twister
Initialising avalanche (Id: 44) with Heed track (thread 44) for muon with momentum 5e+09 at position 0 with angle 0
Garfield::RandomEngineSTL seed: -1007867594
Cluster density for muon with momentum 5e+09 : 92.198
TAvalanche1D::initialiseTrackHeed -- 15 electrons produced by heed track.


2025-05-13.15:37:53 - Avalanche simulation id 33 (37nth simulation) terminated with success (4373 seconds).

Longitudinal diffusion generator: SIMD-oriented Fast Mersenne Twister
Initialising avalanche (Id: 45) with Heed track (thread 45) for muon with momentum 5e+09 at position 0 with angle 0
Garfield::RandomEngineSTL seed: 535554943
Cluster density for muon with momentum 5e+09 : 92.198
TAvalanche1D::initialiseTrackHeed -- 14 electrons produced by heed track.


2025-05-13.15:54:53 - Avalanche simulation id 34 (38nth simulation) terminated with success (5229 seconds).

Longitudinal diffusion generator: SIMD-oriented Fast Mersenne Twister
Initialising avalanche (Id: 46) with Heed track (thread 46) for muon with momentum 5e+09 at position 0 with angle 0
Garfield::RandomEngineSTL seed: -1545552116
Cluster density for muon with momentum 5e+09 : 92.198
TAvalanche1D::initialiseTrackHeed -- 7 electrons produced by heed track.


2025-05-13.15:56:59 - Avalanche simulation id 36 (39nth simulation) terminated with success (4291 seconds).

Longitudinal diffusion generator: SIMD-oriented Fast Mersenne Twister
Initialising avalanche (Id: 47) with Heed track (thread 47) for muon with momentum 5e+09 at position 0 with angle 0
Garfield::RandomEngineSTL seed: 671980788
Cluster density for muon with momentum 5e+09 : 92.198
TAvalanche1D::initialiseTrackHeed -- 49 electrons produced by heed track.


2025-05-13.16:01:34 - Avalanche simulation id 41 (40nth simulation) terminated with success (3588 seconds).

Longitudinal diffusion generator: SIMD-oriented Fast Mersenne Twister
Initialising avalanche (Id: 48) with Heed track (thread 48) for muon with momentum 5e+09 at position 0 with angle 0
Garfield::RandomEngineSTL seed: 1969161936
Cluster density for muon with momentum 5e+09 : 92.198
TAvalanche1D::initialiseTrackHeed -- 18 electrons produced by heed track.

aval_explosive_behaviour_clt, c = 7.64305e+10

2025-05-13.16:19:58 - Avalanche simulation id 42 (41nth simulation) terminated with error: 6 (3349 seconds).

Longitudinal diffusion generator: SIMD-oriented Fast Mersenne Twister
Initialising avalanche (Id: 49) with Heed track (thread 49) for muon with momentum 5e+09 at position 0 with angle 0
Garfield::RandomEngineSTL seed: -821290261
Cluster density for muon with momentum 5e+09 : 92.198
TAvalanche1D::initialiseTrackHeed -- 26 electrons produced by heed track.

aval_explosive_behaviour_clt, c = 2.32437e+12

2025-05-13.16:25:22 - Avalanche simulation id 43 (42nth simulation) terminated with error: 6 (3505 seconds).


2025-05-13.16:27:07 - Avalanche simulation id 47 (43nth simulation) terminated with success (1808 seconds).


2025-05-13.16:33:17 - Avalanche simulation id 37 (44nth simulation) terminated with success (6374 seconds).


2025-05-13.16:35:31 - Avalanche simulation id 44 (45nth simulation) terminated with success (3887 seconds).


2025-05-13.16:40:27 - Avalanche simulation id 49 (46nth simulation) terminated with success (1229 seconds).

aval_explosive_behaviour_clt, c = 1.25902e+11

2025-05-13.16:41:53 - Avalanche simulation id 45 (47nth simulation) terminated with error: 6 (3839 seconds).


2025-05-13.16:45:07 - Avalanche simulation id 46 (48nth simulation) terminated with success (3014 seconds).


2025-05-13.16:50:49 - Avalanche simulation id 48 (49nth simulation) terminated with success (2954 seconds).

