Configuration:
   Detector:
	 gap width: 0.1
	 steps: 200
	 electric field: 47000
	 ebar calculation steps: 140
	 anode: 0.12 cm, epsilon=5
	 cathode: 0.12 cm, epsilon=5
	 threshold: 3 pC
   Gas composition:
	 temperature: 293.15
	 pressure: 760
	 gases: 3
	 gas 0 -- name: c2h2f4 - percentage: 94.7
	 gas 1 -- name: sf6 - percentage: 0.3
	 gas 2 -- name: isobutane - percentage: 5
   Simulation parameters:
	 particle: muon
	 momentum: 5e+09
	 x0: 0
	 theta: 0
	 events to simulate: 50
	 threads to use: 8
	 outfile path: out/steps200_ATLAS_noCO2_47kV.dat
	 generator: SFMT
	 random global seed
	 Debug outputs: 0
	 verbose: 1
	 verbosity level: 1
	 snapshots: 0
Init SFMT generator with random seed: 3551371060
MediumMagboltz::SetComposition: C2H2F4/SF6/iC4H10 (94.7/0.3/5)
	Gas table file: C2H2F4-0.947_SF6-0.003_iC4H10-0.05_temp-293.15_pres-760.gas
MediumMagboltz::LoadGasFile:
    Reading file gastables/C2H2F4-0.947_SF6-0.003_iC4H10-0.05_temp-293.15_pres-760.gas.
    Version 13.
    Gas composition set to iC4H10/SF6/C2H2F4 (5/0.3/94.7).

Transport parameters:
	alpha: 126.882 cm-1
	eta: 14.1868 cm-1
	E: 47000 kV/cm
	Drift velocity: (0.00981441,0,0) cm/ns
	Ion Drift velocity: (0,0,0) cm/ns
	Diffusion coefficient: (0.00982837, 0.0124416) cm-1/2
	Dt: 0.0509455 ns

EbarTable filename: fDiffT:0.0124416-gapWidth:0.1-eps1:5-eps3:5-cathode:0.12-anode:0.12-Nstep:200-Dx:0.0005-EbarTableSize:140
Hash representation: 9363937942087955912
Computing Ebar Table ... 

TAvalanche::Computing cluster density.
TAvalanche::Computing electron density and cluster size.
Longitudinal diffusion generator: SIMD-oriented Fast Mersenne Twister
Initialising avalanche (Id: 0) with Heed track (thread 0) for muon with momentum 5e+09 at position 0 with angle 0
Garfield::RandomEngineSTL seed: 901102506
Cluster density for muon with momentum 5e+09 : 92.198
TAvalanche1D::initialiseTrackHeed -- 6 electrons produced by heed track.

Longitudinal diffusion generator: SIMD-oriented Fast Mersenne Twister
Initialising avalanche (Id: 1) with Heed track (thread 1) for muon with momentum 5e+09 at position 0 with angle 0
Garfield::RandomEngineSTL seed: 1976349030
Cluster density for muon with momentum 5e+09 : 92.198
TAvalanche1D::initialiseTrackHeed -- 15 electrons produced by heed track.

Longitudinal diffusion generator: SIMD-oriented Fast Mersenne Twister
Initialising avalanche (Id: 2) with Heed track (thread 2) for muon with momentum 5e+09 at position 0 with angle 0
Garfield::RandomEngineSTL seed: 606416104
Cluster density for muon with momentum 5e+09 : 92.198
TAvalanche1D::initialiseTrackHeed -- 8 electrons produced by heed track.

Longitudinal diffusion generator: SIMD-oriented Fast Mersenne Twister
Initialising avalanche (Id: 3) with Heed track (thread 3) for muon with momentum 5e+09 at position 0 with angle 0
Garfield::RandomEngineSTL seed: -311952816
Cluster density for muon with momentum 5e+09 : 92.198
TAvalanche1D::initialiseTrackHeed -- 7 electrons produced by heed track.

Longitudinal diffusion generator: SIMD-oriented Fast Mersenne Twister
Initialising avalanche (Id: 4) with Heed track (thread 4) for muon with momentum 5e+09 at position 0 with angle 0
Garfield::RandomEngineSTL seed: -180133885
Cluster density for muon with momentum 5e+09 : 92.198
TAvalanche1D::initialiseTrackHeed -- 20 electrons produced by heed track.

Longitudinal diffusion generator: SIMD-oriented Fast Mersenne Twister
Initialising avalanche (Id: 5) with Heed track (thread 5) for muon with momentum 5e+09 at position 0 with angle 0
Garfield::RandomEngineSTL seed: 689849733
Cluster density for muon with momentum 5e+09 : 92.198
TAvalanche1D::initialiseTrackHeed -- 48 electrons produced by heed track.

Longitudinal diffusion generator: SIMD-oriented Fast Mersenne Twister
Initialising avalanche (Id: 6) with Heed track (thread 6) for muon with momentum 5e+09 at position 0 with angle 0
Garfield::RandomEngineSTL seed: 511386924
Cluster density for muon with momentum 5e+09 : 92.198
TAvalanche1D::initialiseTrackHeed -- 6 electrons produced by heed track.

Longitudinal diffusion generator: SIMD-oriented Fast Mersenne Twister
Initialising avalanche (Id: 7) with Heed track (thread 7) for muon with momentum 5e+09 at position 0 with angle 0
Garfield::RandomEngineSTL seed: 710759930
Cluster density for muon with momentum 5e+09 : 92.198
TAvalanche1D::initialiseTrackHeed -- 5 electrons produced by heed track.


2025-05-13.11:34:38 - Avalanche simulation id 6 (0nth simulation) terminated with success (606 seconds).

Longitudinal diffusion generator: SIMD-oriented Fast Mersenne Twister
Initialising avalanche (Id: 8) with Heed track (thread 8) for muon with momentum 5e+09 at position 0 with angle 0
Garfield::RandomEngineSTL seed: 125612861
Cluster density for muon with momentum 5e+09 : 92.198
TAvalanche1D::initialiseTrackHeed -- 6 electrons produced by heed track.


2025-05-13.11:38:01 - Avalanche simulation id 5 (1nth simulation) terminated with success (810 seconds).

Longitudinal diffusion generator: SIMD-oriented Fast Mersenne Twister
Initialising avalanche (Id: 9) with Heed track (thread 9) for muon with momentum 5e+09 at position 0 with angle 0
Garfield::RandomEngineSTL seed: -772698623
Cluster density for muon with momentum 5e+09 : 92.198
TAvalanche1D::initialiseTrackHeed -- 19 electrons produced by heed track.


2025-05-13.11:38:23 - Avalanche simulation id 3 (2nth simulation) terminated with success (832 seconds).

Longitudinal diffusion generator: SIMD-oriented Fast Mersenne Twister
Initialising avalanche (Id: 10) with Heed track (thread 10) for muon with momentum 5e+09 at position 0 with angle 0
Garfield::RandomEngineSTL seed: -797684811
Cluster density for muon with momentum 5e+09 : 92.198
TAvalanche1D::initialiseTrackHeed -- 82 electrons produced by heed track.


2025-05-13.11:40:07 - Avalanche simulation id 7 (3nth simulation) terminated with success (935 seconds).

Longitudinal diffusion generator: SIMD-oriented Fast Mersenne Twister
Initialising avalanche (Id: 11) with Heed track (thread 11) for muon with momentum 5e+09 at position 0 with angle 0
Garfield::RandomEngineSTL seed: 817370672
Cluster density for muon with momentum 5e+09 : 92.198
TAvalanche1D::initialiseTrackHeed -- 4 electrons produced by heed track.


2025-05-13.11:41:12 - Avalanche simulation id 0 (4nth simulation) terminated with success (1002 seconds).

Longitudinal diffusion generator: SIMD-oriented Fast Mersenne Twister
Initialising avalanche (Id: 12) with Heed track (thread 12) for muon with momentum 5e+09 at position 0 with angle 0
Garfield::RandomEngineSTL seed: -520284974
Cluster density for muon with momentum 5e+09 : 92.198
TAvalanche1D::initialiseTrackHeed -- 60 electrons produced by heed track.


2025-05-13.11:43:40 - Avalanche simulation id 2 (5nth simulation) terminated with success (1149 seconds).

Longitudinal diffusion generator: SIMD-oriented Fast Mersenne Twister
Initialising avalanche (Id: 13) with Heed track (thread 13) for muon with momentum 5e+09 at position 0 with angle 0
Garfield::RandomEngineSTL seed: -1452225127
Cluster density for muon with momentum 5e+09 : 92.198
TAvalanche1D::initialiseTrackHeed -- 56 electrons produced by heed track.


2025-05-13.11:45:58 - Avalanche simulation id 8 (6nth simulation) terminated with success (680 seconds).

Longitudinal diffusion generator: SIMD-oriented Fast Mersenne Twister
Initialising avalanche (Id: 14) with Heed track (thread 14) for muon with momentum 5e+09 at position 0 with angle 0
Garfield::RandomEngineSTL seed: -47311044
Cluster density for muon with momentum 5e+09 : 92.198
TAvalanche1D::initialiseTrackHeed -- 9 electrons produced by heed track.


2025-05-13.11:49:33 - Avalanche simulation id 11 (7nth simulation) terminated with success (565 seconds).

Longitudinal diffusion generator: SIMD-oriented Fast Mersenne Twister
Initialising avalanche (Id: 15) with Heed track (thread 15) for muon with momentum 5e+09 at position 0 with angle 0
Garfield::RandomEngineSTL seed: -477872128
Cluster density for muon with momentum 5e+09 : 92.198
TAvalanche1D::initialiseTrackHeed -- 13 electrons produced by heed track.

aval_explosive_behaviour_clt, c = 2.75692e+11

2025-05-13.11:50:11 - Avalanche simulation id 13 (8nth simulation) terminated with error: 6 (391 seconds).

Longitudinal diffusion generator: SIMD-oriented Fast Mersenne Twister
Initialising avalanche (Id: 16) with Heed track (thread 16) for muon with momentum 5e+09 at position 0 with angle 0
Garfield::RandomEngineSTL seed: -38362706
Cluster density for muon with momentum 5e+09 : 92.198
TAvalanche1D::initialiseTrackHeed -- 19 electrons produced by heed track.


2025-05-13.11:52:17 - Avalanche simulation id 9 (9nth simulation) terminated with success (855 seconds).

Longitudinal diffusion generator: SIMD-oriented Fast Mersenne Twister
Initialising avalanche (Id: 17) with Heed track (thread 17) for muon with momentum 5e+09 at position 0 with angle 0
Garfield::RandomEngineSTL seed: 994313783
Cluster density for muon with momentum 5e+09 : 92.198
TAvalanche1D::initialiseTrackHeed -- 19 electrons produced by heed track.


2025-05-13.11:54:18 - Avalanche simulation id 1 (10nth simulation) terminated with success (1787 seconds).

Longitudinal diffusion generator: SIMD-oriented Fast Mersenne Twister
Initialising avalanche (Id: 18) with Heed track (thread 18) for muon with momentum 5e+09 at position 0 with angle 0
Garfield::RandomEngineSTL seed: -253118251
Cluster density for muon with momentum 5e+09 : 92.198
TAvalanche1D::initialiseTrackHeed -- 25 electrons produced by heed track.


2025-05-13.12:02:25 - Avalanche simulation id 14 (11nth simulation) terminated with success (986 seconds).

Longitudinal diffusion generator: SIMD-oriented Fast Mersenne Twister
Initialising avalanche (Id: 19) with Heed track (thread 19) for muon with momentum 5e+09 at position 0 with angle 0
Garfield::RandomEngineSTL seed: -933413386
Cluster density for muon with momentum 5e+09 : 92.198
TAvalanche1D::initialiseTrackHeed -- 9 electrons produced by heed track.


2025-05-13.12:07:50 - Avalanche simulation id 4 (12nth simulation) terminated with success (2599 seconds).

Longitudinal diffusion generator: SIMD-oriented Fast Mersenne Twister
Initialising avalanche (Id: 20) with Heed track (thread 20) for muon with momentum 5e+09 at position 0 with angle 0
Garfield::RandomEngineSTL seed: 380388305
Cluster density for muon with momentum 5e+09 : 92.198
TAvalanche1D::initialiseTrackHeed -- 12 electrons produced by heed track.


2025-05-13.12:08:08 - Avalanche simulation id 10 (13nth simulation) terminated with success (1785 seconds).

Longitudinal diffusion generator: SIMD-oriented Fast Mersenne Twister
Initialising avalanche (Id: 21) with Heed track (thread 21) for muon with momentum 5e+09 at position 0 with angle 0
Garfield::RandomEngineSTL seed: -1783352034
Cluster density for muon with momentum 5e+09 : 92.198
TAvalanche1D::initialiseTrackHeed -- 38 electrons produced by heed track.


2025-05-13.12:12:50 - Avalanche simulation id 17 (14nth simulation) terminated with success (1233 seconds).

Longitudinal diffusion generator: SIMD-oriented Fast Mersenne Twister
Initialising avalanche (Id: 22) with Heed track (thread 22) for muon with momentum 5e+09 at position 0 with angle 0
Garfield::RandomEngineSTL seed: -1453690493
Cluster density for muon with momentum 5e+09 : 92.198
TAvalanche1D::initialiseTrackHeed -- 6 electrons produced by heed track.


2025-05-13.12:13:53 - Avalanche simulation id 16 (15nth simulation) terminated with success (1422 seconds).

Longitudinal diffusion generator: SIMD-oriented Fast Mersenne Twister
Initialising avalanche (Id: 23) with Heed track (thread 23) for muon with momentum 5e+09 at position 0 with angle 0
Garfield::RandomEngineSTL seed: 864429109
Cluster density for muon with momentum 5e+09 : 92.198
TAvalanche1D::initialiseTrackHeed -- 16 electrons produced by heed track.


2025-05-13.12:14:00 - Avalanche simulation id 18 (16nth simulation) terminated with success (1182 seconds).

Longitudinal diffusion generator: SIMD-oriented Fast Mersenne Twister
Initialising avalanche (Id: 24) with Heed track (thread 24) for muon with momentum 5e+09 at position 0 with angle 0
Garfield::RandomEngineSTL seed: 477813916
Cluster density for muon with momentum 5e+09 : 92.198
TAvalanche1D::initialiseTrackHeed -- 8 electrons produced by heed track.


2025-05-13.12:15:53 - Avalanche simulation id 20 (17nth simulation) terminated with success (482 seconds).

Longitudinal diffusion generator: SIMD-oriented Fast Mersenne Twister
Initialising avalanche (Id: 25) with Heed track (thread 25) for muon with momentum 5e+09 at position 0 with angle 0
Garfield::RandomEngineSTL seed: 936324226
Cluster density for muon with momentum 5e+09 : 92.198
TAvalanche1D::initialiseTrackHeed -- 12 electrons produced by heed track.


2025-05-13.12:16:15 - Avalanche simulation id 12 (18nth simulation) terminated with success (2102 seconds).

Longitudinal diffusion generator: SIMD-oriented Fast Mersenne Twister
Initialising avalanche (Id: 26) with Heed track (thread 26) for muon with momentum 5e+09 at position 0 with angle 0
Garfield::RandomEngineSTL seed: 577573618
Cluster density for muon with momentum 5e+09 : 92.198
TAvalanche1D::initialiseTrackHeed -- 22 electrons produced by heed track.


2025-05-13.12:18:29 - Avalanche simulation id 19 (19nth simulation) terminated with success (964 seconds).

Longitudinal diffusion generator: SIMD-oriented Fast Mersenne Twister
Initialising avalanche (Id: 27) with Heed track (thread 27) for muon with momentum 5e+09 at position 0 with angle 0
Garfield::RandomEngineSTL seed: -2074649827
Cluster density for muon with momentum 5e+09 : 92.198
TAvalanche1D::initialiseTrackHeed -- 15 electrons produced by heed track.


2025-05-13.12:20:09 - Avalanche simulation id 27 (20nth simulation) terminated with success (99 seconds).

Longitudinal diffusion generator: SIMD-oriented Fast Mersenne Twister
Initialising avalanche (Id: 28) with Heed track (thread 28) for muon with momentum 5e+09 at position 0 with angle 0
Garfield::RandomEngineSTL seed: -1242383541
Cluster density for muon with momentum 5e+09 : 92.198
TAvalanche1D::initialiseTrackHeed -- 4 electrons produced by heed track.


2025-05-13.12:26:03 - Avalanche simulation id 24 (21nth simulation) terminated with success (722 seconds).

Longitudinal diffusion generator: SIMD-oriented Fast Mersenne Twister
Initialising avalanche (Id: 29) with Heed track (thread 29) for muon with momentum 5e+09 at position 0 with angle 0
Garfield::RandomEngineSTL seed: 571919686
Cluster density for muon with momentum 5e+09 : 92.198
TAvalanche1D::initialiseTrackHeed -- 12 electrons produced by heed track.


2025-05-13.12:34:38 - Avalanche simulation id 15 (22nth simulation) terminated with success (2705 seconds).

Longitudinal diffusion generator: SIMD-oriented Fast Mersenne Twister
Initialising avalanche (Id: 30) with Heed track (thread 30) for muon with momentum 5e+09 at position 0 with angle 0
Garfield::RandomEngineSTL seed: -1632959944
Cluster density for muon with momentum 5e+09 : 92.198
TAvalanche1D::initialiseTrackHeed -- 9 electrons produced by heed track.


2025-05-13.12:35:47 - Avalanche simulation id 22 (23nth simulation) terminated with success (1376 seconds).

Longitudinal diffusion generator: SIMD-oriented Fast Mersenne Twister
Initialising avalanche (Id: 31) with Heed track (thread 31) for muon with momentum 5e+09 at position 0 with angle 0
Garfield::RandomEngineSTL seed: -877376594
Cluster density for muon with momentum 5e+09 : 92.198
TAvalanche1D::initialiseTrackHeed -- 8 electrons produced by heed track.


2025-05-13.12:38:22 - Avalanche simulation id 30 (24nth simulation) terminated with success (223 seconds).

Longitudinal diffusion generator: SIMD-oriented Fast Mersenne Twister
Initialising avalanche (Id: 32) with Heed track (thread 32) for muon with momentum 5e+09 at position 0 with angle 0
Garfield::RandomEngineSTL seed: 2086537569
Cluster density for muon with momentum 5e+09 : 92.198
TAvalanche1D::initialiseTrackHeed -- 9 electrons produced by heed track.

aval_clt_fail, !(round(c) >= 0 , c = -0.968374, x = 0.0005, n = 22212, nm = 0.000195825
, alpha = 0, eta = 17076.6, sigma = 2.08538, fRngCLT = 0x152df8009600

2025-05-13.12:45:10 - Avalanche simulation id 31 (25nth simulation) terminated with success (563 seconds).

Longitudinal diffusion generator: SIMD-oriented Fast Mersenne Twister
Initialising avalanche (Id: 33) with Heed track (thread 33) for muon with momentum 5e+09 at position 0 with angle 0
Garfield::RandomEngineSTL seed: 859159512
Cluster density for muon with momentum 5e+09 : 92.198
TAvalanche1D::initialiseTrackHeed -- 13 electrons produced by heed track.


2025-05-13.12:46:51 - Avalanche simulation id 25 (26nth simulation) terminated with success (1858 seconds).

Longitudinal diffusion generator: SIMD-oriented Fast Mersenne Twister
Initialising avalanche (Id: 34) with Heed track (thread 34) for muon with momentum 5e+09 at position 0 with angle 0
Garfield::RandomEngineSTL seed: 1483080160
Cluster density for muon with momentum 5e+09 : 92.198
TAvalanche1D::initialiseTrackHeed -- 55 electrons produced by heed track.


2025-05-13.12:48:50 - Avalanche simulation id 28 (27nth simulation) terminated with success (1721 seconds).

Longitudinal diffusion generator: SIMD-oriented Fast Mersenne Twister
Initialising avalanche (Id: 35) with Heed track (thread 35) for muon with momentum 5e+09 at position 0 with angle 0
Garfield::RandomEngineSTL seed: -1509834287
Cluster density for muon with momentum 5e+09 : 92.198
TAvalanche1D::initialiseTrackHeed -- 7 electrons produced by heed track.


2025-05-13.12:51:24 - Avalanche simulation id 21 (28nth simulation) terminated with success (2595 seconds).

Longitudinal diffusion generator: SIMD-oriented Fast Mersenne Twister
Initialising avalanche (Id: 36) with Heed track (thread 36) for muon with momentum 5e+09 at position 0 with angle 0
Garfield::RandomEngineSTL seed: -1768212318
Cluster density for muon with momentum 5e+09 : 92.198
TAvalanche1D::initialiseTrackHeed -- 14 electrons produced by heed track.


2025-05-13.12:53:20 - Avalanche simulation id 33 (29nth simulation) terminated with success (490 seconds).

Longitudinal diffusion generator: SIMD-oriented Fast Mersenne Twister
Initialising avalanche (Id: 37) with Heed track (thread 37) for muon with momentum 5e+09 at position 0 with angle 0
Garfield::RandomEngineSTL seed: 897615478
Cluster density for muon with momentum 5e+09 : 92.198
TAvalanche1D::initialiseTrackHeed -- 9 electrons produced by heed track.


2025-05-13.12:53:49 - Avalanche simulation id 26 (30nth simulation) terminated with success (2253 seconds).

Longitudinal diffusion generator: SIMD-oriented Fast Mersenne Twister
Initialising avalanche (Id: 38) with Heed track (thread 38) for muon with momentum 5e+09 at position 0 with angle 0
Garfield::RandomEngineSTL seed: -418535739
Cluster density for muon with momentum 5e+09 : 92.198
TAvalanche1D::initialiseTrackHeed -- 28 electrons produced by heed track.


2025-05-13.12:57:35 - Avalanche simulation id 36 (31nth simulation) terminated with success (370 seconds).

Longitudinal diffusion generator: SIMD-oriented Fast Mersenne Twister
Initialising avalanche (Id: 39) with Heed track (thread 39) for muon with momentum 5e+09 at position 0 with angle 0
Garfield::RandomEngineSTL seed: 390739773
Cluster density for muon with momentum 5e+09 : 92.198
TAvalanche1D::initialiseTrackHeed -- 11 electrons produced by heed track.


2025-05-13.13:05:54 - Avalanche simulation id 23 (32nth simulation) terminated with success (3121 seconds).

Longitudinal diffusion generator: SIMD-oriented Fast Mersenne Twister
Initialising avalanche (Id: 40) with Heed track (thread 40) for muon with momentum 5e+09 at position 0 with angle 0
Garfield::RandomEngineSTL seed: 982658198
Cluster density for muon with momentum 5e+09 : 92.198
TAvalanche1D::initialiseTrackHeed -- 14 electrons produced by heed track.


2025-05-13.13:09:49 - Avalanche simulation id 29 (33nth simulation) terminated with success (2626 seconds).

Longitudinal diffusion generator: SIMD-oriented Fast Mersenne Twister
Initialising avalanche (Id: 41) with Heed track (thread 41) for muon with momentum 5e+09 at position 0 with angle 0
Garfield::RandomEngineSTL seed: 1545851347
Cluster density for muon with momentum 5e+09 : 92.198
TAvalanche1D::initialiseTrackHeed -- 15 electrons produced by heed track.

aval_explosive_behaviour_clt, c = 7.35909e+24

2025-05-13.13:11:13 - Avalanche simulation id 38 (34nth simulation) terminated with error: 6 (1044 seconds).

Longitudinal diffusion generator: SIMD-oriented Fast Mersenne Twister
Initialising avalanche (Id: 42) with Heed track (thread 42) for muon with momentum 5e+09 at position 0 with angle 0
Garfield::RandomEngineSTL seed: 1928473182
Cluster density for muon with momentum 5e+09 : 92.198
TAvalanche1D::initialiseTrackHeed -- 23 electrons produced by heed track.


2025-05-13.13:15:28 - Avalanche simulation id 37 (35nth simulation) terminated with success (1327 seconds).

Longitudinal diffusion generator: SIMD-oriented Fast Mersenne Twister
Initialising avalanche (Id: 43) with Heed track (thread 43) for muon with momentum 5e+09 at position 0 with angle 0
Garfield::RandomEngineSTL seed: -1033945873
Cluster density for muon with momentum 5e+09 : 92.198
TAvalanche1D::initialiseTrackHeed -- 9 electrons produced by heed track.


2025-05-13.13:16:35 - Avalanche simulation id 32 (36nth simulation) terminated with success (2293 seconds).

Longitudinal diffusion generator: SIMD-oriented Fast Mersenne Twister
Initialising avalanche (Id: 44) with Heed track (thread 44) for muon with momentum 5e+09 at position 0 with angle 0
Garfield::RandomEngineSTL seed: -1573333339
Cluster density for muon with momentum 5e+09 : 92.198
TAvalanche1D::initialiseTrackHeed -- 15 electrons produced by heed track.


2025-05-13.13:21:07 - Avalanche simulation id 35 (37nth simulation) terminated with success (1936 seconds).

Longitudinal diffusion generator: SIMD-oriented Fast Mersenne Twister
Initialising avalanche (Id: 45) with Heed track (thread 45) for muon with momentum 5e+09 at position 0 with angle 0
Garfield::RandomEngineSTL seed: -1299385406
Cluster density for muon with momentum 5e+09 : 92.198
TAvalanche1D::initialiseTrackHeed -- 14 electrons produced by heed track.


2025-05-13.13:24:17 - Avalanche simulation id 39 (38nth simulation) terminated with success (1602 seconds).

Longitudinal diffusion generator: SIMD-oriented Fast Mersenne Twister
Initialising avalanche (Id: 46) with Heed track (thread 46) for muon with momentum 5e+09 at position 0 with angle 0
Garfield::RandomEngineSTL seed: -825612381
Cluster density for muon with momentum 5e+09 : 92.198
TAvalanche1D::initialiseTrackHeed -- 11 electrons produced by heed track.


2025-05-13.13:25:55 - Avalanche simulation id 40 (39nth simulation) terminated with success (1200 seconds).

Longitudinal diffusion generator: SIMD-oriented Fast Mersenne Twister
Initialising avalanche (Id: 47) with Heed track (thread 47) for muon with momentum 5e+09 at position 0 with angle 0
Garfield::RandomEngineSTL seed: 678938398
Cluster density for muon with momentum 5e+09 : 92.198
TAvalanche1D::initialiseTrackHeed -- 16 electrons produced by heed track.


2025-05-13.13:30:57 - Avalanche simulation id 43 (40nth simulation) terminated with success (928 seconds).

Longitudinal diffusion generator: SIMD-oriented Fast Mersenne Twister
Initialising avalanche (Id: 48) with Heed track (thread 48) for muon with momentum 5e+09 at position 0 with angle 0
Garfield::RandomEngineSTL seed: 680166729
Cluster density for muon with momentum 5e+09 : 92.198
TAvalanche1D::initialiseTrackHeed -- 10 electrons produced by heed track.


2025-05-13.13:40:20 - Avalanche simulation id 41 (41nth simulation) terminated with success (1830 seconds).

Longitudinal diffusion generator: SIMD-oriented Fast Mersenne Twister
Initialising avalanche (Id: 49) with Heed track (thread 49) for muon with momentum 5e+09 at position 0 with angle 0
Garfield::RandomEngineSTL seed: 537942672
Cluster density for muon with momentum 5e+09 : 92.198
TAvalanche1D::initialiseTrackHeed -- 10 electrons produced by heed track.


2025-05-13.13:43:01 - Avalanche simulation id 34 (42nth simulation) terminated with success (3369 seconds).


2025-05-13.13:49:19 - Avalanche simulation id 44 (43nth simulation) terminated with success (1964 seconds).


2025-05-13.13:50:22 - Avalanche simulation id 47 (44nth simulation) terminated with success (1466 seconds).


2025-05-13.13:53:17 - Avalanche simulation id 42 (45nth simulation) terminated with success (2524 seconds).


2025-05-13.13:53:47 - Avalanche simulation id 49 (46nth simulation) terminated with success (807 seconds).


2025-05-13.13:58:01 - Avalanche simulation id 46 (47nth simulation) terminated with success (2023 seconds).


2025-05-13.13:58:32 - Avalanche simulation id 48 (48nth simulation) terminated with success (1654 seconds).


2025-05-13.13:58:41 - Avalanche simulation id 45 (49nth simulation) terminated with success (2254 seconds).

