000 (1166.000.000) 2025-05-13 11:21:46 Job submitted from host: <[2a05:b400:104:200:20a:f7ff:fe41:b290]:10909?addrs=[2a05-b400-104-200-20a-f7ff-fe41-b290]-10909&alias=el9-08.hep.phy.cam.ac.uk>
...
040 (1166.000.000) 2025-05-13 11:21:46 Started transferring input files
	Transferring to host: <[2a05:b400:104:200::dc00:3]:43007?addrs=[2a05-b400-104-200--dc00-3]-43007&alias=dc-cpu-03.hep.phy.cam.ac.uk>
...
040 (1166.000.000) 2025-05-13 11:21:50 Finished transferring input files
...
001 (1166.000.000) 2025-05-13 11:21:50 Job executing on host: <[2a05:b400:104:200::dc00:3]:44735?addrs=[2a05-b400-104-200--dc00-3]-44735&alias=dc-cpu-03.hep.phy.cam.ac.uk>
	SlotName: slot1_10@dc-cpu-03.hep.phy.cam.ac.uk
	CondorScratchDir = "/var/work/condor/execute/dir_476502"
	Cpus = 4
	Disk = 4195328
	GPUs = 0
	Memory = 6144
...
006 (1166.000.000) 2025-05-13 11:21:58 Image size of job updated: 111308
	109  -  MemoryUsage of job (MB)
	111308  -  ResidentSetSize of job (KB)
...
006 (1166.000.000) 2025-05-13 11:26:58 Image size of job updated: 448660
	439  -  MemoryUsage of job (MB)
	448660  -  ResidentSetSize of job (KB)
...
006 (1166.000.000) 2025-05-13 11:37:00 Image size of job updated: 448776
	439  -  MemoryUsage of job (MB)
	448776  -  ResidentSetSize of job (KB)
...
006 (1166.000.000) 2025-05-13 11:42:00 Image size of job updated: 472248
	462  -  MemoryUsage of job (MB)
	472248  -  ResidentSetSize of job (KB)
...
006 (1166.000.000) 2025-05-13 11:47:01 Image size of job updated: 473784
	463  -  MemoryUsage of job (MB)
	473676  -  ResidentSetSize of job (KB)
...
006 (1166.000.000) 2025-05-13 11:52:02 Image size of job updated: 473788
	463  -  MemoryUsage of job (MB)
	473788  -  ResidentSetSize of job (KB)
...
006 (1166.000.000) 2025-05-13 11:57:02 Image size of job updated: 475316
	465  -  MemoryUsage of job (MB)
	475316  -  ResidentSetSize of job (KB)
...
006 (1166.000.000) 2025-05-13 12:07:03 Image size of job updated: 475320
	465  -  MemoryUsage of job (MB)
	475320  -  ResidentSetSize of job (KB)
...
006 (1166.000.000) 2025-05-13 12:12:03 Image size of job updated: 476876
	466  -  MemoryUsage of job (MB)
	476876  -  ResidentSetSize of job (KB)
...
006 (1166.000.000) 2025-05-13 12:17:03 Image size of job updated: 476884
	466  -  MemoryUsage of job (MB)
	476876  -  ResidentSetSize of job (KB)
...
006 (1166.000.000) 2025-05-13 12:57:07 Image size of job updated: 476884
	466  -  MemoryUsage of job (MB)
	476884  -  ResidentSetSize of job (KB)
...
006 (1166.000.000) 2025-05-13 13:17:08 Image size of job updated: 476904
	466  -  MemoryUsage of job (MB)
	476904  -  ResidentSetSize of job (KB)
...
006 (1166.000.000) 2025-05-13 13:42:10 Image size of job updated: 476912
	466  -  MemoryUsage of job (MB)
	476912  -  ResidentSetSize of job (KB)
...
