000 (716.002.000) 2025-05-10 12:23:12 Job submitted from host: <[2a05:b400:104:200:20a:f7ff:fe41:b290]:10909?addrs=[2a05-b400-104-200-20a-f7ff-fe41-b290]-10909&alias=el9-08.hep.phy.cam.ac.uk>
...
040 (716.002.000) 2025-05-10 12:23:18 Entered queue to transfer input files
	Transferring to host: <[2a05:b400:104:200:21e:67ff:fefe:924c]:37507?addrs=[2a05-b400-104-200-21e-67ff-fefe-924c]-37507&alias=wcdc-007.hep.phy.cam.ac.uk>
...
040 (716.002.000) 2025-05-10 12:23:22 Started transferring input files
	Seconds spent in queue: 4
...
040 (716.002.000) 2025-05-11 01:30:23 Finished transferring output files
...
005 (716.002.000) 2025-05-11 01:30:23 Job terminated.
	(1) Normal termination (return value 0)
		Usr 2 03:08:56, Sys 0 00:00:47  -  Run Remote Usage
		Usr 0 00:00:00, Sys 0 00:00:00  -  Run Local Usage
		Usr 2 03:08:56, Sys 0 00:00:47  -  Total Remote Usage
		Usr 0 00:00:00, Sys 0 00:00:00  -  Total Local Usage
	130357060  -  Run Bytes Sent By Job
	634187885  -  Run Bytes Received By Job
	130357060  -  Total Bytes Sent By Job
	634187885  -  Total Bytes Received By Job
	Partitionable Resources :     Usage  Request Allocated 
	   Cpus                 :      1.00        4         4 
	   Disk (KB)            : 746802     4194304   4195328 
	   GPUs                 :                            0 
	   Memory (MB)          :    290        6144      6144 
	   TimeExecute (s)      :  47212                       
	   TimeSlotBusy (s)     :  47230                       

	Job terminated of its own accord at 2025-05-11T00:30:21Z with exit-code 0.
...
