000 (716.009.000) 2025-05-10 12:23:12 Job submitted from host: <[2a05:b400:104:200:20a:f7ff:fe41:b290]:10909?addrs=[2a05-b400-104-200-20a-f7ff-fe41-b290]-10909&alias=el9-08.hep.phy.cam.ac.uk>
...
040 (716.009.000) 2025-05-10 12:23:13 Started transferring input files
	Transferring to host: <[2a05:b400:104:200:868f:69ff:fefd:4ab1]:37527?addrs=[2a05-b400-104-200-868f-69ff-fefd-4ab1]-37527&alias=wcdc-019.hep.phy.cam.ac.uk>
...
040 (716.009.000) 2025-05-10 12:23:22 Finished transferring input files
...
001 (716.009.000) 2025-05-10 12:23:22 Job executing on host: <[2a05:b400:104:200:868f:69ff:fefd:4ab1]:35143?addrs=[2a05-b400-104-200-868f-69ff-fefd-4ab1]-35143&alias=wcdc-019.hep.phy.cam.ac.uk>
	SlotName: slot1_1@wcdc-019.hep.phy.cam.ac.uk
	CondorScratchDir = "/var/work/condor/execute/dir_6474"
	Cpus = 4
	Disk = 4195328
	GPUs = 0
	Memory = 6144
...
006 (716.009.000) 2025-05-11 04:40:10 Image size of job updated: 301412
	295  -  MemoryUsage of job (MB)
	301412  -  ResidentSetSize of job (KB)
...
006 (716.009.000) 2025-05-11 15:26:16 Image size of job updated: 301424
	295  -  MemoryUsage of job (MB)
	301424  -  ResidentSetSize of job (KB)
...
