000 (1309.009.000) 2025-05-14 11:18:54 Job submitted from host: <[2a05:b400:104:200:20a:f7ff:fe41:b290]:10909?addrs=[2a05-b400-104-200-20a-f7ff-fe41-b290]-10909&alias=el9-08.hep.phy.cam.ac.uk>
...
040 (1309.009.000) 2025-05-14 11:19:04 Started transferring input files
	Transferring to host: <[2a05:b400:104:200:21e:67ff:fefe:d29a]:37827?addrs=[2a05-b400-104-200-21e-67ff-fefe-d29a]-37827&alias=wcdc-011.hep.phy.cam.ac.uk>
...
040 (1309.009.000) 2025-05-14 11:19:11 Finished transferring input files
...
001 (1309.009.000) 2025-05-14 11:19:11 Job executing on host: <[2a05:b400:104:200:21e:67ff:fefe:d29a]:35415?addrs=[2a05-b400-104-200-21e-67ff-fefe-d29a]-35415&alias=wcdc-011.hep.phy.cam.ac.uk>
	SlotName: slot1_2@wcdc-011.hep.phy.cam.ac.uk
	CondorScratchDir = "/var/work/condor/execute/dir_2905657"
	Cpus = 4
	Disk = 4195328
	GPUs = 0
	Memory = 4096
...
006 (1309.009.000) 2025-05-14 11:19:20 Image size of job updated: 22688
	23  -  MemoryUsage of job (MB)
	22688  -  ResidentSetSize of job (KB)
...
006 (1309.009.000) 2025-05-14 11:24:21 Image size of job updated: 452028
	442  -  MemoryUsage of job (MB)
	452028  -  ResidentSetSize of job (KB)
...
006 (1309.009.000) 2025-05-14 11:29:21 Image size of job updated: 452036
	442  -  MemoryUsage of job (MB)
	452036  -  ResidentSetSize of job (KB)
...
006 (1309.009.000) 2025-05-14 11:59:24 Image size of job updated: 452040
	442  -  MemoryUsage of job (MB)
	452040  -  ResidentSetSize of job (KB)
...
006 (1309.009.000) 2025-05-14 12:14:26 Image size of job updated: 452064
	442  -  MemoryUsage of job (MB)
	452064  -  ResidentSetSize of job (KB)
...
022 (1309.009.000) 2025-05-14 18:07:15 Job disconnected, attempting to reconnect
    Local schedd and job shadow died, schedd now running again
    Trying to reconnect to slot1_2@wcdc-011.hep.phy.cam.ac.uk <[2a05:b400:104:200:21e:67ff:fefe:d29a]:35415?addrs=[2a05-b400-104-200-21e-67ff-fefe-d29a]-35415&alias=wcdc-011.hep.phy.cam.ac.uk>
...
023 (1309.009.000) 2025-05-14 18:07:17 Job reconnected to slot1_2@wcdc-011.hep.phy.cam.ac.uk
    startd address: <[2a05:b400:104:200:21e:67ff:fefe:d29a]:35415?addrs=[2a05-b400-104-200-21e-67ff-fefe-d29a]-35415&alias=wcdc-011.hep.phy.cam.ac.uk>
    starter address: <[2a05:b400:104:200:21e:67ff:fefe:d29a]:37827?addrs=[2a05-b400-104-200-21e-67ff-fefe-d29a]-37827&alias=wcdc-011.hep.phy.cam.ac.uk>
...
022 (1309.009.000) 2025-05-15 15:57:12 Job disconnected, attempting to reconnect
    Local schedd and job shadow died, schedd now running again
    Trying to reconnect to slot1_2@wcdc-011.hep.phy.cam.ac.uk <[2a05:b400:104:200:21e:67ff:fefe:d29a]:35415?addrs=[2a05-b400-104-200-21e-67ff-fefe-d29a]-35415&alias=wcdc-011.hep.phy.cam.ac.uk>
...
023 (1309.009.000) 2025-05-15 15:57:13 Job reconnected to slot1_2@wcdc-011.hep.phy.cam.ac.uk
    startd address: <[2a05:b400:104:200:21e:67ff:fefe:d29a]:35415?addrs=[2a05-b400-104-200-21e-67ff-fefe-d29a]-35415&alias=wcdc-011.hep.phy.cam.ac.uk>
    starter address: <[2a05:b400:104:200:21e:67ff:fefe:d29a]:37827?addrs=[2a05-b400-104-200-21e-67ff-fefe-d29a]-37827&alias=wcdc-011.hep.phy.cam.ac.uk>
...
