000 (1309.002.000) 2025-05-14 11:18:54 Job submitted from host: <[2a05:b400:104:200:20a:f7ff:fe41:b290]:10909?addrs=[2a05-b400-104-200-20a-f7ff-fe41-b290]-10909&alias=el9-08.hep.phy.cam.ac.uk>
...
040 (1309.002.000) 2025-05-14 11:19:04 Started transferring input files
	Transferring to host: <[2a05:b400:104:200::500:dc02]:37039?addrs=[2a05-b400-104-200--500-dc02]-37039&alias=wcdc-002.hep.phy.cam.ac.uk>
...
040 (1309.002.000) 2025-05-14 11:19:13 Finished transferring input files
...
001 (1309.002.000) 2025-05-14 11:19:13 Job executing on host: <[2a05:b400:104:200::500:dc02]:43533?addrs=[2a05-b400-104-200--500-dc02]-43533&alias=wcdc-002.hep.phy.cam.ac.uk>
	SlotName: slot1_3@wcdc-002.hep.phy.cam.ac.uk
	CondorScratchDir = "/var/work/condor/execute/dir_3071434"
	Cpus = 4
	Disk = 4195328
	GPUs = 0
	Memory = 4096
...
006 (1309.002.000) 2025-05-14 11:19:26 Image size of job updated: 56
	1  -  MemoryUsage of job (MB)
	56  -  ResidentSetSize of job (KB)
...
006 (1309.002.000) 2025-05-14 11:34:27 Image size of job updated: 13136
	10  -  MemoryUsage of job (MB)
	9492  -  ResidentSetSize of job (KB)
...
006 (1309.002.000) 2025-05-14 11:44:29 Image size of job updated: 13136
	12  -  MemoryUsage of job (MB)
	12112  -  ResidentSetSize of job (KB)
...
006 (1309.002.000) 2025-05-14 11:49:29 Image size of job updated: 23700
	24  -  MemoryUsage of job (MB)
	23700  -  ResidentSetSize of job (KB)
...
006 (1309.002.000) 2025-05-14 11:54:29 Image size of job updated: 33660
	33  -  MemoryUsage of job (MB)
	33660  -  ResidentSetSize of job (KB)
...
006 (1309.002.000) 2025-05-14 11:59:30 Image size of job updated: 45184
	45  -  MemoryUsage of job (MB)
	45184  -  ResidentSetSize of job (KB)
...
006 (1309.002.000) 2025-05-14 12:09:31 Image size of job updated: 117476
	115  -  MemoryUsage of job (MB)
	117476  -  ResidentSetSize of job (KB)
...
006 (1309.002.000) 2025-05-14 12:14:31 Image size of job updated: 449988
	440  -  MemoryUsage of job (MB)
	449988  -  ResidentSetSize of job (KB)
...
006 (1309.002.000) 2025-05-14 12:19:32 Image size of job updated: 449992
	440  -  MemoryUsage of job (MB)
	449992  -  ResidentSetSize of job (KB)
...
006 (1309.002.000) 2025-05-14 12:24:33 Image size of job updated: 449996
	440  -  MemoryUsage of job (MB)
	449996  -  ResidentSetSize of job (KB)
...
022 (1309.002.000) 2025-05-14 18:07:15 Job disconnected, attempting to reconnect
    Local schedd and job shadow died, schedd now running again
    Trying to reconnect to slot1_3@wcdc-002.hep.phy.cam.ac.uk <[2a05:b400:104:200::500:dc02]:43533?addrs=[2a05-b400-104-200--500-dc02]-43533&alias=wcdc-002.hep.phy.cam.ac.uk>
...
023 (1309.002.000) 2025-05-14 18:07:17 Job reconnected to slot1_3@wcdc-002.hep.phy.cam.ac.uk
    startd address: <[2a05:b400:104:200::500:dc02]:43533?addrs=[2a05-b400-104-200--500-dc02]-43533&alias=wcdc-002.hep.phy.cam.ac.uk>
    starter address: <[2a05:b400:104:200::500:dc02]:37039?addrs=[2a05-b400-104-200--500-dc02]-37039&alias=wcdc-002.hep.phy.cam.ac.uk>
...
006 (1309.002.000) 2025-05-14 19:40:14 Image size of job updated: 451376
	441  -  MemoryUsage of job (MB)
	451376  -  ResidentSetSize of job (KB)
...
006 (1309.002.000) 2025-05-14 22:15:29 Image size of job updated: 452916
	443  -  MemoryUsage of job (MB)
	452916  -  ResidentSetSize of job (KB)
...
