000 (1309.005.000) 2025-05-14 11:18:54 Job submitted from host: <[2a05:b400:104:200:20a:f7ff:fe41:b290]:10909?addrs=[2a05-b400-104-200-20a-f7ff-fe41-b290]-10909&alias=el9-08.hep.phy.cam.ac.uk>
...
040 (1309.005.000) 2025-05-14 11:19:04 Started transferring input files
	Transferring to host: <[2a05:b400:104:200::500:dc86]:36907?addrs=[2a05-b400-104-200--500-dc86]-36907&alias=wcdc-134.hep.phy.cam.ac.uk>
...
040 (1309.005.000) 2025-05-14 11:19:11 Finished transferring input files
...
001 (1309.005.000) 2025-05-14 11:19:11 Job executing on host: <[2a05:b400:104:200::500:dc86]:36313?addrs=[2a05-b400-104-200--500-dc86]-36313&alias=wcdc-134.hep.phy.cam.ac.uk>
	SlotName: slot1_2@wcdc-134.hep.phy.cam.ac.uk
	CondorScratchDir = "/var/work/condor/execute/dir_1812846"
	Cpus = 4
	Disk = 4195328
	GPUs = 0
	Memory = 4096
...
006 (1309.005.000) 2025-05-14 11:19:20 Image size of job updated: 48
	1  -  MemoryUsage of job (MB)
	48  -  ResidentSetSize of job (KB)
...
006 (1309.005.000) 2025-05-14 11:24:21 Image size of job updated: 450172
	440  -  MemoryUsage of job (MB)
	450172  -  ResidentSetSize of job (KB)
...
006 (1309.005.000) 2025-05-14 11:29:21 Image size of job updated: 450180
	440  -  MemoryUsage of job (MB)
	450180  -  ResidentSetSize of job (KB)
...
006 (1309.005.000) 2025-05-14 11:39:22 Image size of job updated: 450184
	440  -  MemoryUsage of job (MB)
	450184  -  ResidentSetSize of job (KB)
...
006 (1309.005.000) 2025-05-14 11:49:23 Image size of job updated: 450188
	440  -  MemoryUsage of job (MB)
	450188  -  ResidentSetSize of job (KB)
...
006 (1309.005.000) 2025-05-14 13:09:30 Image size of job updated: 450228
	440  -  MemoryUsage of job (MB)
	450228  -  ResidentSetSize of job (KB)
...
022 (1309.005.000) 2025-05-14 18:07:15 Job disconnected, attempting to reconnect
    Local schedd and job shadow died, schedd now running again
    Trying to reconnect to slot1_2@wcdc-134.hep.phy.cam.ac.uk <[2a05:b400:104:200::500:dc86]:36313?addrs=[2a05-b400-104-200--500-dc86]-36313&alias=wcdc-134.hep.phy.cam.ac.uk>
...
023 (1309.005.000) 2025-05-14 18:07:17 Job reconnected to slot1_2@wcdc-134.hep.phy.cam.ac.uk
    startd address: <[2a05:b400:104:200::500:dc86]:36313?addrs=[2a05-b400-104-200--500-dc86]-36313&alias=wcdc-134.hep.phy.cam.ac.uk>
    starter address: <[2a05:b400:104:200::500:dc86]:36907?addrs=[2a05-b400-104-200--500-dc86]-36907&alias=wcdc-134.hep.phy.cam.ac.uk>
...
