000 (7469.001.000) 2025-05-14 22:29:19 Job submitted from host: <[2a05:b400:104:200:20a:f7ff:fe41:b290]:17825?addrs=[2a05-b400-104-200-20a-f7ff-fe41-b290]-17825&alias=el9-08.hep.phy.cam.ac.uk>
...
040 (7469.001.000) 2025-05-14 22:29:23 Started transferring input files
	Transferring to host: <[2a05:b400:104:200:21e:67ff:fefe:d29a]:36267?addrs=[2a05-b400-104-200-21e-67ff-fefe-d29a]-36267&alias=wcdc-011.hep.phy.cam.ac.uk>
...
040 (7469.001.000) 2025-05-14 22:29:31 Finished transferring input files
...
001 (7469.001.000) 2025-05-14 22:29:31 Job executing on host: <[2a05:b400:104:200:21e:67ff:fefe:d29a]:35415?addrs=[2a05-b400-104-200-21e-67ff-fefe-d29a]-35415&alias=wcdc-011.hep.phy.cam.ac.uk>
	SlotName: slot1_7@wcdc-011.hep.phy.cam.ac.uk
	CondorScratchDir = "/var/work/condor/execute/dir_3029127"
	Cpus = 4
	Disk = 4195328
	GPUs = 0
	Memory = 4096
...
006 (7469.001.000) 2025-05-14 22:29:40 Image size of job updated: 52
	1  -  MemoryUsage of job (MB)
	52  -  ResidentSetSize of job (KB)
...
006 (7469.001.000) 2025-05-14 22:34:42 Image size of job updated: 113336
	111  -  MemoryUsage of job (MB)
	113336  -  ResidentSetSize of job (KB)
...
