000 (1228.000.000) 2025-05-13 12:13:19 Job submitted from host: <[2a05:b400:104:200:20a:f7ff:fe41:b290]:10909?addrs=[2a05-b400-104-200-20a-f7ff-fe41-b290]-10909&alias=el9-08.hep.phy.cam.ac.uk>
...
009 (1228.000.000) 2025-05-13 12:14:00 Job was aborted.
	via condor_rm (by user mlc95)
...
000 (1229.000.000) 2025-05-13 12:14:08 Job submitted from host: <[2a05:b400:104:200:20a:f7ff:fe41:b290]:10909?addrs=[2a05-b400-104-200-20a-f7ff-fe41-b290]-10909&alias=el9-08.hep.phy.cam.ac.uk>
...
040 (1229.000.000) 2025-05-13 13:09:38 Started transferring input files
	Transferring to host: <[2a05:b400:104:200::500:dc7f]:33895?addrs=[2a05-b400-104-200--500-dc7f]-33895&alias=wcdc-127.hep.phy.cam.ac.uk>
...
040 (1229.000.000) 2025-05-13 13:12:50 Finished transferring input files
...
001 (1229.000.000) 2025-05-13 13:12:50 Job executing on host: <[2a05:b400:104:200::500:dc7f]:42495?addrs=[2a05-b400-104-200--500-dc7f]-42495&alias=wcdc-127.hep.phy.cam.ac.uk>
	SlotName: slot1_4@wcdc-127.hep.phy.cam.ac.uk
	CondorScratchDir = "/var/work/condor/execute/dir_348460"
	Cpus = 4
	Disk = 4195328
	GPUs = 0
	Memory = 4096
...
006 (1229.000.000) 2025-05-13 13:12:59 Image size of job updated: 52
	1  -  MemoryUsage of job (MB)
	52  -  ResidentSetSize of job (KB)
...
006 (1229.000.000) 2025-05-13 13:17:58 Image size of job updated: 5208
	6  -  MemoryUsage of job (MB)
	5208  -  ResidentSetSize of job (KB)
...
006 (1229.000.000) 2025-05-13 13:22:59 Image size of job updated: 111308
	109  -  MemoryUsage of job (MB)
	111308  -  ResidentSetSize of job (KB)
...
006 (1229.000.000) 2025-05-13 13:27:59 Image size of job updated: 117508
	115  -  MemoryUsage of job (MB)
	117508  -  ResidentSetSize of job (KB)
...
006 (1229.000.000) 2025-05-13 13:33:00 Image size of job updated: 449196
	439  -  MemoryUsage of job (MB)
	449196  -  ResidentSetSize of job (KB)
...
006 (1229.000.000) 2025-05-13 13:38:00 Image size of job updated: 450752
	441  -  MemoryUsage of job (MB)
	450752  -  ResidentSetSize of job (KB)
...
