000 (1309.008.000) 2025-05-14 11:18:54 Job submitted from host: <[2a05:b400:104:200:20a:f7ff:fe41:b290]:10909?addrs=[2a05-b400-104-200-20a-f7ff-fe41-b290]-10909&alias=el9-08.hep.phy.cam.ac.uk>
...
040 (1309.008.000) 2025-05-14 11:19:11 Started transferring input files
	Transferring to host: <[2a05:b400:104:200:21e:67ff:fefe:d286]:37577?addrs=[2a05-b400-104-200-21e-67ff-fefe-d286]-37577&alias=wcdc-006.hep.phy.cam.ac.uk>
...
040 (1309.008.000) 2025-05-14 11:19:24 Finished transferring input files
...
001 (1309.008.000) 2025-05-14 11:19:24 Job executing on host: <[2a05:b400:104:200:21e:67ff:fefe:d286]:36845?addrs=[2a05-b400-104-200-21e-67ff-fefe-d286]-36845&alias=wcdc-006.hep.phy.cam.ac.uk>
	SlotName: slot1_2@wcdc-006.hep.phy.cam.ac.uk
	CondorScratchDir = "/var/work/condor/execute/dir_2998066"
	Cpus = 4
	Disk = 4195328
	GPUs = 0
	Memory = 4096
...
006 (1309.008.000) 2025-05-14 11:19:33 Image size of job updated: 56
	1  -  MemoryUsage of job (MB)
	56  -  ResidentSetSize of job (KB)
...
006 (1309.008.000) 2025-05-14 11:24:34 Image size of job updated: 117584
	115  -  MemoryUsage of job (MB)
	117584  -  ResidentSetSize of job (KB)
...
006 (1309.008.000) 2025-05-14 11:29:34 Image size of job updated: 450108
	440  -  MemoryUsage of job (MB)
	450108  -  ResidentSetSize of job (KB)
...
006 (1309.008.000) 2025-05-14 11:39:35 Image size of job updated: 450112
	440  -  MemoryUsage of job (MB)
	450112  -  ResidentSetSize of job (KB)
...
022 (1309.008.000) 2025-05-14 18:07:15 Job disconnected, attempting to reconnect
    Local schedd and job shadow died, schedd now running again
    Trying to reconnect to slot1_2@wcdc-006.hep.phy.cam.ac.uk <[2a05:b400:104:200:21e:67ff:fefe:d286]:36845?addrs=[2a05-b400-104-200-21e-67ff-fefe-d286]-36845&alias=wcdc-006.hep.phy.cam.ac.uk>
...
023 (1309.008.000) 2025-05-14 18:07:17 Job reconnected to slot1_2@wcdc-006.hep.phy.cam.ac.uk
    startd address: <[2a05:b400:104:200:21e:67ff:fefe:d286]:36845?addrs=[2a05-b400-104-200-21e-67ff-fefe-d286]-36845&alias=wcdc-006.hep.phy.cam.ac.uk>
    starter address: <[2a05:b400:104:200:21e:67ff:fefe:d286]:37577?addrs=[2a05-b400-104-200-21e-67ff-fefe-d286]-37577&alias=wcdc-006.hep.phy.cam.ac.uk>
...
022 (1309.008.000) 2025-05-15 15:57:12 Job disconnected, attempting to reconnect
    Local schedd and job shadow died, schedd now running again
    Trying to reconnect to slot1_2@wcdc-006.hep.phy.cam.ac.uk <[2a05:b400:104:200:21e:67ff:fefe:d286]:36845?addrs=[2a05-b400-104-200-21e-67ff-fefe-d286]-36845&alias=wcdc-006.hep.phy.cam.ac.uk>
...
023 (1309.008.000) 2025-05-15 15:57:13 Job reconnected to slot1_2@wcdc-006.hep.phy.cam.ac.uk
    startd address: <[2a05:b400:104:200:21e:67ff:fefe:d286]:36845?addrs=[2a05-b400-104-200-21e-67ff-fefe-d286]-36845&alias=wcdc-006.hep.phy.cam.ac.uk>
    starter address: <[2a05:b400:104:200:21e:67ff:fefe:d286]:37577?addrs=[2a05-b400-104-200-21e-67ff-fefe-d286]-37577&alias=wcdc-006.hep.phy.cam.ac.uk>
...
