000 (1228.001.000) 2025-05-13 12:13:19 Job submitted from host: <[2a05:b400:104:200:20a:f7ff:fe41:b290]:10909?addrs=[2a05-b400-104-200-20a-f7ff-fe41-b290]-10909&alias=el9-08.hep.phy.cam.ac.uk>
...
009 (1228.001.000) 2025-05-13 12:14:00 Job was aborted.
	via condor_rm (by user mlc95)
...
000 (1229.001.000) 2025-05-13 12:14:08 Job submitted from host: <[2a05:b400:104:200:20a:f7ff:fe41:b290]:10909?addrs=[2a05-b400-104-200-20a-f7ff-fe41-b290]-10909&alias=el9-08.hep.phy.cam.ac.uk>
...
040 (1229.001.000) 2025-05-13 13:42:34 Started transferring input files
	Transferring to host: <[2a05:b400:104:200::500:dc84]:45807?addrs=[2a05-b400-104-200--500-dc84]-45807&alias=wcdc-132.hep.phy.cam.ac.uk>
...
040 (1229.001.000) 2025-05-13 18:34:27 Finished transferring output files
...
005 (1229.001.000) 2025-05-13 18:34:33 Job terminated.
	(1) Normal termination (return value 0)
		Usr 1 11:01:50, Sys 0 00:00:17  -  Run Remote Usage
		Usr 0 00:00:00, Sys 0 00:00:00  -  Run Local Usage
		Usr 1 11:01:50, Sys 0 00:00:17  -  Total Remote Usage
		Usr 0 00:00:00, Sys 0 00:00:00  -  Total Local Usage
	13435459  -  Run Bytes Sent By Job
	634457356  -  Run Bytes Received By Job
	13435459  -  Total Bytes Sent By Job
	634457356  -  Total Bytes Received By Job
	Partitionable Resources :     Usage  Request Allocated 
	   Cpus                 :      0.00        4         4 
	   Disk (KB)            : 654768     4194304   4195328 
	   GPUs                 :                            0 
	   Memory (MB)          :    471        4096      4096 
	   TimeExecute (s)      :  17329                       
	   TimeSlotBusy (s)     :  17514                       

	Job terminated of its own accord at 2025-05-13T17:34:23Z with exit-code 0.
...
