000 (1309.003.000) 2025-05-14 11:18:54 Job submitted from host: <[2a05:b400:104:200:20a:f7ff:fe41:b290]:10909?addrs=[2a05-b400-104-200-20a-f7ff-fe41-b290]-10909&alias=el9-08.hep.phy.cam.ac.uk>
...
040 (1309.003.000) 2025-05-14 11:19:05 Started transferring input files
	Transferring to host: <[2a05:b400:104:200::500:dc24]:46531?addrs=[2a05-b400-104-200--500-dc24]-46531&alias=wcdc-036.hep.phy.cam.ac.uk>
...
040 (1309.003.000) 2025-05-14 11:19:17 Finished transferring input files
...
001 (1309.003.000) 2025-05-14 11:19:17 Job executing on host: <[2a05:b400:104:200::500:dc24]:36917?addrs=[2a05-b400-104-200--500-dc24]-36917&alias=wcdc-036.hep.phy.cam.ac.uk>
	SlotName: slot1_5@wcdc-036.hep.phy.cam.ac.uk
	CondorScratchDir = "/var/work/condor/execute/dir_1567612"
	Cpus = 4
	Disk = 4195328
	GPUs = 0
	Memory = 4096
...
006 (1309.003.000) 2025-05-14 11:19:26 Image size of job updated: 52
	1  -  MemoryUsage of job (MB)
	52  -  ResidentSetSize of job (KB)
...
006 (1309.003.000) 2025-05-14 11:24:27 Image size of job updated: 107212
	105  -  MemoryUsage of job (MB)
	107212  -  ResidentSetSize of job (KB)
...
006 (1309.003.000) 2025-05-14 11:29:27 Image size of job updated: 446072
	436  -  MemoryUsage of job (MB)
	446072  -  ResidentSetSize of job (KB)
...
006 (1309.003.000) 2025-05-14 11:34:27 Image size of job updated: 446076
	436  -  MemoryUsage of job (MB)
	446076  -  ResidentSetSize of job (KB)
...
022 (1309.003.000) 2025-05-14 18:07:15 Job disconnected, attempting to reconnect
    Local schedd and job shadow died, schedd now running again
    Trying to reconnect to slot1_5@wcdc-036.hep.phy.cam.ac.uk <[2a05:b400:104:200::500:dc24]:36917?addrs=[2a05-b400-104-200--500-dc24]-36917&alias=wcdc-036.hep.phy.cam.ac.uk>
...
023 (1309.003.000) 2025-05-14 18:07:17 Job reconnected to slot1_5@wcdc-036.hep.phy.cam.ac.uk
    startd address: <[2a05:b400:104:200::500:dc24]:36917?addrs=[2a05-b400-104-200--500-dc24]-36917&alias=wcdc-036.hep.phy.cam.ac.uk>
    starter address: <[2a05:b400:104:200::500:dc24]:46531?addrs=[2a05-b400-104-200--500-dc24]-46531&alias=wcdc-036.hep.phy.cam.ac.uk>
...
