000 (1309.006.000) 2025-05-14 11:18:54 Job submitted from host: <[2a05:b400:104:200:20a:f7ff:fe41:b290]:10909?addrs=[2a05-b400-104-200-20a-f7ff-fe41-b290]-10909&alias=el9-08.hep.phy.cam.ac.uk>
...
040 (1309.006.000) 2025-05-14 11:19:04 Started transferring input files
	Transferring to host: <[2a05:b400:104:200::dc00:4]:44663?addrs=[2a05-b400-104-200--dc00-4]-44663&alias=dc-cpu-04.hep.phy.cam.ac.uk>
...
040 (1309.006.000) 2025-05-14 11:19:07 Finished transferring input files
...
001 (1309.006.000) 2025-05-14 11:19:07 Job executing on host: <[2a05:b400:104:200::dc00:4]:33533?addrs=[2a05-b400-104-200--dc00-4]-33533&alias=dc-cpu-04.hep.phy.cam.ac.uk>
	SlotName: slot1_2@dc-cpu-04.hep.phy.cam.ac.uk
	CondorScratchDir = "/var/work/condor/execute/dir_3942506"
	Cpus = 4
	Disk = 4195328
	GPUs = 0
	Memory = 4096
...
006 (1309.006.000) 2025-05-14 11:19:16 Image size of job updated: 111312
	109  -  MemoryUsage of job (MB)
	111312  -  ResidentSetSize of job (KB)
...
006 (1309.006.000) 2025-05-14 11:24:17 Image size of job updated: 452160
	442  -  MemoryUsage of job (MB)
	452160  -  ResidentSetSize of job (KB)
...
006 (1309.006.000) 2025-05-14 11:29:17 Image size of job updated: 452164
	442  -  MemoryUsage of job (MB)
	452164  -  ResidentSetSize of job (KB)
...
006 (1309.006.000) 2025-05-14 11:34:17 Image size of job updated: 452168
	442  -  MemoryUsage of job (MB)
	452168  -  ResidentSetSize of job (KB)
...
006 (1309.006.000) 2025-05-14 11:44:18 Image size of job updated: 452172
	442  -  MemoryUsage of job (MB)
	452172  -  ResidentSetSize of job (KB)
...
006 (1309.006.000) 2025-05-14 13:19:24 Image size of job updated: 452196
	442  -  MemoryUsage of job (MB)
	452196  -  ResidentSetSize of job (KB)
...
006 (1309.006.000) 2025-05-14 13:24:25 Image size of job updated: 452200
	442  -  MemoryUsage of job (MB)
	452200  -  ResidentSetSize of job (KB)
...
022 (1309.006.000) 2025-05-14 18:07:15 Job disconnected, attempting to reconnect
    Local schedd and job shadow died, schedd now running again
    Trying to reconnect to slot1_2@dc-cpu-04.hep.phy.cam.ac.uk <[2a05:b400:104:200::dc00:4]:33533?addrs=[2a05-b400-104-200--dc00-4]-33533&alias=dc-cpu-04.hep.phy.cam.ac.uk>
...
023 (1309.006.000) 2025-05-14 18:07:17 Job reconnected to slot1_2@dc-cpu-04.hep.phy.cam.ac.uk
    startd address: <[2a05:b400:104:200::dc00:4]:33533?addrs=[2a05-b400-104-200--dc00-4]-33533&alias=dc-cpu-04.hep.phy.cam.ac.uk>
    starter address: <[2a05:b400:104:200::dc00:4]:44663?addrs=[2a05-b400-104-200--dc00-4]-44663&alias=dc-cpu-04.hep.phy.cam.ac.uk>
...
022 (1309.006.000) 2025-05-15 15:57:12 Job disconnected, attempting to reconnect
    Local schedd and job shadow died, schedd now running again
    Trying to reconnect to slot1_2@dc-cpu-04.hep.phy.cam.ac.uk <[2a05:b400:104:200::dc00:4]:33533?addrs=[2a05-b400-104-200--dc00-4]-33533&alias=dc-cpu-04.hep.phy.cam.ac.uk>
...
023 (1309.006.000) 2025-05-15 15:57:12 Job reconnected to slot1_2@dc-cpu-04.hep.phy.cam.ac.uk
    startd address: <[2a05:b400:104:200::dc00:4]:33533?addrs=[2a05-b400-104-200--dc00-4]-33533&alias=dc-cpu-04.hep.phy.cam.ac.uk>
    starter address: <[2a05:b400:104:200::dc00:4]:44663?addrs=[2a05-b400-104-200--dc00-4]-44663&alias=dc-cpu-04.hep.phy.cam.ac.uk>
...
