000 (1309.010.000) 2025-05-14 11:18:54 Job submitted from host: <[2a05:b400:104:200:20a:f7ff:fe41:b290]:10909?addrs=[2a05-b400-104-200-20a-f7ff-fe41-b290]-10909&alias=el9-08.hep.phy.cam.ac.uk>
...
040 (1309.010.000) 2025-05-14 11:19:04 Started transferring input files
	Transferring to host: <[2a05:b400:104:200::500:dc01]:37267?addrs=[2a05-b400-104-200--500-dc01]-37267&alias=wcdc-001.hep.phy.cam.ac.uk>
...
040 (1309.010.000) 2025-05-14 11:19:12 Finished transferring input files
...
001 (1309.010.000) 2025-05-14 11:19:12 Job executing on host: <[2a05:b400:104:200::500:dc01]:45807?addrs=[2a05-b400-104-200--500-dc01]-45807&alias=wcdc-001.hep.phy.cam.ac.uk>
	SlotName: slot1_5@wcdc-001.hep.phy.cam.ac.uk
	CondorScratchDir = "/var/work/condor/execute/dir_1039655"
	Cpus = 4
	Disk = 4195328
	GPUs = 0
	Memory = 4096
...
006 (1309.010.000) 2025-05-14 11:19:20 Image size of job updated: 9184
	9  -  MemoryUsage of job (MB)
	9184  -  ResidentSetSize of job (KB)
...
006 (1309.010.000) 2025-05-14 11:24:20 Image size of job updated: 445940
	436  -  MemoryUsage of job (MB)
	445940  -  ResidentSetSize of job (KB)
...
006 (1309.010.000) 2025-05-14 11:29:21 Image size of job updated: 445948
	436  -  MemoryUsage of job (MB)
	445948  -  ResidentSetSize of job (KB)
...
022 (1309.010.000) 2025-05-14 18:07:15 Job disconnected, attempting to reconnect
    Local schedd and job shadow died, schedd now running again
    Trying to reconnect to slot1_5@wcdc-001.hep.phy.cam.ac.uk <[2a05:b400:104:200::500:dc01]:45807?addrs=[2a05-b400-104-200--500-dc01]-45807&alias=wcdc-001.hep.phy.cam.ac.uk>
...
023 (1309.010.000) 2025-05-14 18:07:17 Job reconnected to slot1_5@wcdc-001.hep.phy.cam.ac.uk
    startd address: <[2a05:b400:104:200::500:dc01]:45807?addrs=[2a05-b400-104-200--500-dc01]-45807&alias=wcdc-001.hep.phy.cam.ac.uk>
    starter address: <[2a05:b400:104:200::500:dc01]:37267?addrs=[2a05-b400-104-200--500-dc01]-37267&alias=wcdc-001.hep.phy.cam.ac.uk>
...
022 (1309.010.000) 2025-05-15 15:57:12 Job disconnected, attempting to reconnect
    Local schedd and job shadow died, schedd now running again
    Trying to reconnect to slot1_5@wcdc-001.hep.phy.cam.ac.uk <[2a05:b400:104:200::500:dc01]:45807?addrs=[2a05-b400-104-200--500-dc01]-45807&alias=wcdc-001.hep.phy.cam.ac.uk>
...
023 (1309.010.000) 2025-05-15 15:57:12 Job reconnected to slot1_5@wcdc-001.hep.phy.cam.ac.uk
    startd address: <[2a05:b400:104:200::500:dc01]:45807?addrs=[2a05-b400-104-200--500-dc01]-45807&alias=wcdc-001.hep.phy.cam.ac.uk>
    starter address: <[2a05:b400:104:200::500:dc01]:37267?addrs=[2a05-b400-104-200--500-dc01]-37267&alias=wcdc-001.hep.phy.cam.ac.uk>
...
