000 (7469.000.000) 2025-05-14 22:29:19 Job submitted from host: <[2a05:b400:104:200:20a:f7ff:fe41:b290]:17825?addrs=[2a05-b400-104-200-20a-f7ff-fe41-b290]-17825&alias=el9-08.hep.phy.cam.ac.uk>
...
040 (7469.000.000) 2025-05-14 22:29:23 Started transferring input files
	Transferring to host: <[2a05:b400:104:200:21e:67ff:fefe:d286]:46241?addrs=[2a05-b400-104-200-21e-67ff-fefe-d286]-46241&alias=wcdc-006.hep.phy.cam.ac.uk>
...
040 (7469.000.000) 2025-05-14 22:29:32 Finished transferring input files
...
001 (7469.000.000) 2025-05-14 22:29:32 Job executing on host: <[2a05:b400:104:200:21e:67ff:fefe:d286]:36845?addrs=[2a05-b400-104-200-21e-67ff-fefe-d286]-36845&alias=wcdc-006.hep.phy.cam.ac.uk>
	SlotName: slot1_7@wcdc-006.hep.phy.cam.ac.uk
	CondorScratchDir = "/var/work/condor/execute/dir_3132287"
	Cpus = 4
	Disk = 4195328
	GPUs = 0
	Memory = 4096
...
006 (7469.000.000) 2025-05-14 22:29:40 Image size of job updated: 56
	1  -  MemoryUsage of job (MB)
	56  -  ResidentSetSize of job (KB)
...
006 (7469.000.000) 2025-05-14 22:34:40 Image size of job updated: 449332
	439  -  MemoryUsage of job (MB)
	449332  -  ResidentSetSize of job (KB)
...
