000 (295.007.000) 2025-05-08 18:32:47 Job submitted from host: <[2a05:b400:104:200:20a:f7ff:fe41:b290]:10909?addrs=[2a05-b400-104-200-20a-f7ff-fe41-b290]-10909&alias=el9-08.hep.phy.cam.ac.uk>
...
040 (295.007.000) 2025-05-08 18:43:47 Started transferring input files
	Transferring to host: <[2a05:b400:104:200::dc00:4]:33029?addrs=[2a05-b400-104-200--dc00-4]-33029&alias=dc-cpu-04.hep.phy.cam.ac.uk>
...
040 (295.007.000) 2025-05-08 18:43:50 Finished transferring input files
...
001 (295.007.000) 2025-05-08 18:43:50 Job executing on host: <[2a05:b400:104:200::dc00:4]:33533?addrs=[2a05-b400-104-200--dc00-4]-33533&alias=dc-cpu-04.hep.phy.cam.ac.uk>
	SlotName: slot1_12@dc-cpu-04.hep.phy.cam.ac.uk
	CondorScratchDir = "/var/work/condor/execute/dir_2506306"
	Cpus = 4
	Disk = 4195328
	GPUs = 0
	Memory = 6144
...
006 (295.007.000) 2025-05-08 18:43:58 Image size of job updated: 116388
	114  -  MemoryUsage of job (MB)
	116388  -  ResidentSetSize of job (KB)
...
006 (295.007.000) 2025-05-08 18:48:58 Image size of job updated: 272884
	267  -  MemoryUsage of job (MB)
	272884  -  ResidentSetSize of job (KB)
...
