000 (295.005.000) 2025-05-08 18:32:47 Job submitted from host: <[2a05:b400:104:200:20a:f7ff:fe41:b290]:10909?addrs=[2a05-b400-104-200-20a-f7ff-fe41-b290]-10909&alias=el9-08.hep.phy.cam.ac.uk>
...
040 (295.005.000) 2025-05-08 18:43:50 Started transferring input files
	Transferring to host: <[2a05:b400:104:200::500:dc83]:45785?addrs=[2a05-b400-104-200--500-dc83]-45785&alias=wcdc-131.hep.phy.cam.ac.uk>
...
040 (295.005.000) 2025-05-08 18:43:59 Finished transferring input files
...
001 (295.005.000) 2025-05-08 18:43:59 Job executing on host: <[2a05:b400:104:200::500:dc83]:46627?addrs=[2a05-b400-104-200--500-dc83]-46627&alias=wcdc-131.hep.phy.cam.ac.uk>
	SlotName: slot1_6@wcdc-131.hep.phy.cam.ac.uk
	CondorScratchDir = "/var/work/condor/execute/dir_3181807"
	Cpus = 4
	Disk = 4195328
	GPUs = 0
	Memory = 6144
...
006 (295.005.000) 2025-05-08 18:44:08 Image size of job updated: 111292
	109  -  MemoryUsage of job (MB)
	111292  -  ResidentSetSize of job (KB)
...
006 (295.005.000) 2025-05-08 18:49:09 Image size of job updated: 273772
	268  -  MemoryUsage of job (MB)
	273772  -  ResidentSetSize of job (KB)
...
006 (295.005.000) 2025-05-08 18:54:09 Image size of job updated: 273892
	268  -  MemoryUsage of job (MB)
	273892  -  ResidentSetSize of job (KB)
...
006 (295.005.000) 2025-05-08 19:09:11 Image size of job updated: 273896
	268  -  MemoryUsage of job (MB)
	273896  -  ResidentSetSize of job (KB)
...
