000 (298.000.000) 2025-05-09 00:28:44 Job submitted from host: <[2a05:b400:104:200:20a:f7ff:fe41:b290]:10909?addrs=[2a05-b400-104-200-20a-f7ff-fe41-b290]-10909&alias=el9-08.hep.phy.cam.ac.uk>
...
040 (298.000.000) 2025-05-09 00:28:44 Started transferring input files
	Transferring to host: <[2a05:b400:104:200::500:dc04]:46575?addrs=[2a05-b400-104-200--500-dc04]-46575&alias=wcdc-004.hep.phy.cam.ac.uk>
...
040 (298.000.000) 2025-05-09 00:28:52 Finished transferring input files
...
001 (298.000.000) 2025-05-09 00:28:52 Job executing on host: <[2a05:b400:104:200::500:dc04]:43367?addrs=[2a05-b400-104-200--500-dc04]-43367&alias=wcdc-004.hep.phy.cam.ac.uk>
	SlotName: slot1_11@wcdc-004.hep.phy.cam.ac.uk
	CondorScratchDir = "/var/work/condor/execute/dir_715750"
	Cpus = 4
	Disk = 4195328
	GPUs = 0
	Memory = 6144
...
006 (298.000.000) 2025-05-09 00:29:00 Image size of job updated: 46436
	46  -  MemoryUsage of job (MB)
	46436  -  ResidentSetSize of job (KB)
...
006 (298.000.000) 2025-05-09 00:34:01 Image size of job updated: 268892
	263  -  MemoryUsage of job (MB)
	268892  -  ResidentSetSize of job (KB)
...
006 (298.000.000) 2025-05-09 00:39:02 Image size of job updated: 270436
	265  -  MemoryUsage of job (MB)
	270436  -  ResidentSetSize of job (KB)
...
