000 (45841.000.000) 2025-04-30 20:14:56 Job submitted from host: <[2a05:b400:104:100::500:82f]:19363?addrs=[2a05-b400-104-100--500-82f]-19363&alias=el9-06.hep.phy.cam.ac.uk>
...
040 (45841.000.000) 2025-04-30 20:14:57 Started transferring input files
	Transferring to host: <[2a05:b400:104:200::dc00:3]:34119?addrs=[2a05-b400-104-200--dc00-3]-34119&alias=dc-cpu-03.hep.phy.cam.ac.uk>
...
040 (45841.000.000) 2025-04-30 20:15:02 Finished transferring input files
...
001 (45841.000.000) 2025-04-30 20:15:02 Job executing on host: <[2a05:b400:104:200::dc00:3]:44735?addrs=[2a05-b400-104-200--dc00-3]-44735&alias=dc-cpu-03.hep.phy.cam.ac.uk>
	SlotName: slot1_7@dc-cpu-03.hep.phy.cam.ac.uk
	CondorScratchDir = "/var/work/condor/execute/dir_1929582"
	Cpus = 4
	Disk = 6292480
	GPUs = 0
	Memory = 6144
...
006 (45841.000.000) 2025-04-30 20:15:10 Image size of job updated: 98912
	97  -  MemoryUsage of job (MB)
	98912  -  ResidentSetSize of job (KB)
...
006 (45841.000.000) 2025-04-30 20:20:10 Image size of job updated: 3257868
	3182  -  MemoryUsage of job (MB)
	3257868  -  ResidentSetSize of job (KB)
...
006 (45841.000.000) 2025-04-30 20:25:11 Image size of job updated: 3257876
	3182  -  MemoryUsage of job (MB)
	3257876  -  ResidentSetSize of job (KB)
...
006 (45841.000.000) 2025-04-30 21:00:14 Image size of job updated: 3259072
	3183  -  MemoryUsage of job (MB)
	3259072  -  ResidentSetSize of job (KB)
...
