000 (295.008.000) 2025-05-08 18:32:47 Job submitted from host: <[2a05:b400:104:200:20a:f7ff:fe41:b290]:10909?addrs=[2a05-b400-104-200-20a-f7ff-fe41-b290]-10909&alias=el9-08.hep.phy.cam.ac.uk>
...
040 (295.008.000) 2025-05-08 18:47:48 Started transferring input files
	Transferring to host: <[2a05:b400:104:200::500:dc83]:44537?addrs=[2a05-b400-104-200--500-dc83]-44537&alias=wcdc-131.hep.phy.cam.ac.uk>
...
040 (295.008.000) 2025-05-08 18:47:55 Finished transferring input files
...
001 (295.008.000) 2025-05-08 18:47:55 Job executing on host: <[2a05:b400:104:200::500:dc83]:46627?addrs=[2a05-b400-104-200--500-dc83]-46627&alias=wcdc-131.hep.phy.cam.ac.uk>
	SlotName: slot1_5@wcdc-131.hep.phy.cam.ac.uk
	CondorScratchDir = "/var/work/condor/execute/dir_3182068"
	Cpus = 4
	Disk = 4195328
	GPUs = 0
	Memory = 6144
...
006 (295.008.000) 2025-05-08 18:48:04 Image size of job updated: 111288
	109  -  MemoryUsage of job (MB)
	111288  -  ResidentSetSize of job (KB)
...
006 (295.008.000) 2025-05-08 18:53:05 Image size of job updated: 272796
	267  -  MemoryUsage of job (MB)
	272796  -  ResidentSetSize of job (KB)
...
006 (295.008.000) 2025-05-08 18:58:05 Image size of job updated: 272800
	267  -  MemoryUsage of job (MB)
	272800  -  ResidentSetSize of job (KB)
...
006 (295.008.000) 2025-05-08 19:08:06 Image size of job updated: 272836
	267  -  MemoryUsage of job (MB)
	272836  -  ResidentSetSize of job (KB)
...
