nohup: ignoring input
Configuration:
   Detector:
	 gap width: 0.1
	 steps: 500
	 electric field: 50000
	 ebar calculation steps: 140
	 anode: 0.12 cm, epsilon=5
	 cathode: 0.12 cm, epsilon=5
	 threshold: 3 pC
   Gas composition:
	 temperature: 293.15
	 pressure: 760
	 gases: 3
	 gas 0 -- name: c2h2f4 - percentage: 94.7
	 gas 1 -- name: sf6 - percentage: 0.3
	 gas 2 -- name: isobutane - percentage: 4.7
   Simulation parameters:
	 particle: muon
	 momentum: 5e+09
	 x0: 0
	 theta: 0
	 events to simulate: 72
	 threads to use: 8
	 outfile path: out/ATLAS_50kV.dat
	 generator: SFMT
	 random global seed
	 Debug outputs: 0
	 verbose: 1
	 verbosity level: 1
	 snapshots: 0
Init SFMT generator with random seed: 2745329100
MediumMagboltz::SetComposition: C2H2F4/SF6/iC4H10 (94.985/0.300903/4.71414)
	Gas table file: C2H2F4-0.94985_SF6-0.00300903_iC4H10-0.0471414_temp-293.15_pres-760.gas
MediumMagboltz::LoadGasFile:
    Reading file gastables/C2H2F4-0.94985_SF6-0.00300903_iC4H10-0.0471414_temp-293.15_pres-760.gas.
    Version 13.
MediumMagboltz::GetMixture:
    Renormalizing the percentages.
    Gas composition set to iC4H10/SF6/C2H2F4 (4.71414/0.300903/94.985).

Transport parameters:
	alpha: 157.223 cm-1
	eta: 12.5251 cm-1
	E: 50000 kV/cm
	Drift velocity: (0.0102509,0,0) cm/ns
	Ion Drift velocity: (0,0,0) cm/ns
	Diffusion coefficient: (0.00968726, 0.0117214) cm-1/2
	Dt: 0.0195106 ns

EbarTable filename: fDiffT:0.0117214-gapWidth:0.1-eps1:5-eps3:5-cathode:0.12-anode:0.12-Nstep:500-Dx:0.0002-EbarTableSize:140
Hash representation: 9156042733156212717
Computing Ebar Table ... 

TAvalanche::Computing cluster density.
TAvalanche::Computing electron density and cluster size.
Longitudinal diffusion generator: SIMD-oriented Fast Mersenne Twister
Initialising avalanche (Id: 0) with Heed track (thread 0) for muon with momentum 5e+09 at position 0 with angle 0
Garfield::RandomEngineSTL seed: 439359161
Cluster density for muon with momentum 5e+09 : 92.1483
TAvalanche1D::initialiseTrackHeed -- 17 electrons produced by heed track.

Longitudinal diffusion generator: SIMD-oriented Fast Mersenne Twister
Initialising avalanche (Id: 1) with Heed track (thread 1) for muon with momentum 5e+09 at position 0 with angle 0
Garfield::RandomEngineSTL seed: -324222073
Cluster density for muon with momentum 5e+09 : 92.1483
TAvalanche1D::initialiseTrackHeed -- 9 electrons produced by heed track.

Longitudinal diffusion generator: SIMD-oriented Fast Mersenne Twister
Initialising avalanche (Id: 2) with Heed track (thread 2) for muon with momentum 5e+09 at position 0 with angle 0
Garfield::RandomEngineSTL seed: -610689152
Cluster density for muon with momentum 5e+09 : 92.1483
TAvalanche1D::initialiseTrackHeed -- 15 electrons produced by heed track.

Longitudinal diffusion generator: SIMD-oriented Fast Mersenne Twister
Initialising avalanche (Id: 3) with Heed track (thread 3) for muon with momentum 5e+09 at position 0 with angle 0
Garfield::RandomEngineSTL seed: -1818458829
Cluster density for muon with momentum 5e+09 : 92.1483
TAvalanche1D::initialiseTrackHeed -- 10 electrons produced by heed track.

Longitudinal diffusion generator: SIMD-oriented Fast Mersenne Twister
Initialising avalanche (Id: 4) with Heed track (thread 4) for muon with momentum 5e+09 at position 0 with angle 0
Garfield::RandomEngineSTL seed: -714551647
Cluster density for muon with momentum 5e+09 : 92.1483
TAvalanche1D::initialiseTrackHeed -- 14 electrons produced by heed track.

Longitudinal diffusion generator: SIMD-oriented Fast Mersenne Twister
Initialising avalanche (Id: 5) with Heed track (thread 5) for muon with momentum 5e+09 at position 0 with angle 0
Garfield::RandomEngineSTL seed: 234482496
Cluster density for muon with momentum 5e+09 : 92.1483
TAvalanche1D::initialiseTrackHeed -- 9 electrons produced by heed track.

Longitudinal diffusion generator: SIMD-oriented Fast Mersenne Twister
Initialising avalanche (Id: 6) with Heed track (thread 6) for muon with momentum 5e+09 at position 0 with angle 0
Garfield::RandomEngineSTL seed: 362776588
Cluster density for muon with momentum 5e+09 : 92.1483
TAvalanche1D::initialiseTrackHeed -- 9 electrons produced by heed track.

Longitudinal diffusion generator: SIMD-oriented Fast Mersenne Twister
Initialising avalanche (Id: 7) with Heed track (thread 7) for muon with momentum 5e+09 at position 0 with angle 0
Garfield::RandomEngineSTL seed: 206004033
Cluster density for muon with momentum 5e+09 : 92.1483
TAvalanche1D::initialiseTrackHeed -- 17 electrons produced by heed track.


2025-04-23.17:15:16 - Avalanche simulation id 3 (0nth simulation) terminated with success (3366 seconds).

Longitudinal diffusion generator: SIMD-oriented Fast Mersenne Twister
Initialising avalanche (Id: 8) with Heed track (thread 8) for muon with momentum 5e+09 at position 0 with angle 0
Garfield::RandomEngineSTL seed: 1956552379
Cluster density for muon with momentum 5e+09 : 92.1483
TAvalanche1D::initialiseTrackHeed -- 41 electrons produced by heed track.


2025-04-23.18:49:02 - Avalanche simulation id 0 (1nth simulation) terminated with success (8993 seconds).

Longitudinal diffusion generator: SIMD-oriented Fast Mersenne Twister
Initialising avalanche (Id: 9) with Heed track (thread 9) for muon with momentum 5e+09 at position 0 with angle 0
Garfield::RandomEngineSTL seed: -2083912246
Cluster density for muon with momentum 5e+09 : 92.1483
TAvalanche1D::initialiseTrackHeed -- 56 electrons produced by heed track.


2025-04-23.20:08:41 - Avalanche simulation id 2 (2nth simulation) terminated with success (13772 seconds).

Longitudinal diffusion generator: SIMD-oriented Fast Mersenne Twister
Initialising avalanche (Id: 10) with Heed track (thread 10) for muon with momentum 5e+09 at position 0 with angle 0
Garfield::RandomEngineSTL seed: 767936613
Cluster density for muon with momentum 5e+09 : 92.1483
TAvalanche1D::initialiseTrackHeed -- 19 electrons produced by heed track.


2025-04-23.20:19:20 - Avalanche simulation id 4 (3nth simulation) terminated with success (14409 seconds).

Longitudinal diffusion generator: SIMD-oriented Fast Mersenne Twister
Initialising avalanche (Id: 11) with Heed track (thread 11) for muon with momentum 5e+09 at position 0 with angle 0
Garfield::RandomEngineSTL seed: 1688495559
Cluster density for muon with momentum 5e+09 : 92.1483
TAvalanche1D::initialiseTrackHeed -- 9 electrons produced by heed track.


2025-04-23.20:30:15 - Avalanche simulation id 1 (4nth simulation) terminated with success (15066 seconds).

Longitudinal diffusion generator: SIMD-oriented Fast Mersenne Twister
Initialising avalanche (Id: 12) with Heed track (thread 12) for muon with momentum 5e+09 at position 0 with angle 0
Garfield::RandomEngineSTL seed: -1862008045
Cluster density for muon with momentum 5e+09 : 92.1483
TAvalanche1D::initialiseTrackHeed -- 10 electrons produced by heed track.


2025-04-23.20:34:31 - Avalanche simulation id 5 (5nth simulation) terminated with success (15320 seconds).

Longitudinal diffusion generator: SIMD-oriented Fast Mersenne Twister
Initialising avalanche (Id: 13) with Heed track (thread 13) for muon with momentum 5e+09 at position 0 with angle 0
Garfield::RandomEngineSTL seed: -1966425256
Cluster density for muon with momentum 5e+09 : 92.1483
TAvalanche1D::initialiseTrackHeed -- 6 electrons produced by heed track.

