000 (47128.000.000) 2025-05-01 20:08:04 Job submitted from host: <[2a05:b400:104:100::500:82f]:19363?addrs=[2a05-b400-104-100--500-82f]-19363&alias=el9-06.hep.phy.cam.ac.uk>
...
040 (47128.000.000) 2025-05-01 20:08:10 Started transferring input files
	Transferring to host: <[2a05:b400:104:200::500:dc80]:42001?addrs=[2a05-b400-104-200--500-dc80]-42001&alias=wcdc-128.hep.phy.cam.ac.uk>
...
040 (47128.000.000) 2025-05-01 20:08:15 Finished transferring input files
...
001 (47128.000.000) 2025-05-01 20:08:15 Job executing on host: <[2a05:b400:104:200::500:dc80]:43763?addrs=[2a05-b400-104-200--500-dc80]-43763&alias=wcdc-128.hep.phy.cam.ac.uk>
	SlotName: slot1_13@wcdc-128.hep.phy.cam.ac.uk
	CondorScratchDir = "/var/work/condor/execute/dir_174325"
	Cpus = 4
	Disk = 2098176
	GPUs = 0
	Memory = 4096
...
006 (47128.000.000) 2025-05-01 20:08:23 Image size of job updated: 99004
	97  -  MemoryUsage of job (MB)
	99004  -  ResidentSetSize of job (KB)
...
006 (47128.000.000) 2025-05-01 20:13:23 Image size of job updated: 437036
	427  -  MemoryUsage of job (MB)
	437036  -  ResidentSetSize of job (KB)
...
006 (47128.000.000) 2025-05-01 20:18:23 Image size of job updated: 437040
	427  -  MemoryUsage of job (MB)
	437040  -  ResidentSetSize of job (KB)
...
006 (47128.000.000) 2025-05-01 20:28:24 Image size of job updated: 437044
	427  -  MemoryUsage of job (MB)
	437044  -  ResidentSetSize of job (KB)
...
006 (47128.000.000) 2025-05-03 00:41:09 Image size of job updated: 467156
	457  -  MemoryUsage of job (MB)
	467156  -  ResidentSetSize of job (KB)
...
