000 (47125.000.000) 2025-05-01 20:06:52 Job submitted from host: <[2a05:b400:104:100::500:82f]:19363?addrs=[2a05-b400-104-100--500-82f]-19363&alias=el9-06.hep.phy.cam.ac.uk>
...
040 (47125.000.000) 2025-05-01 20:06:52 Started transferring input files
	Transferring to host: <[2a05:b400:104:200::500:dc81]:37611?addrs=[2a05-b400-104-200--500-dc81]-37611&alias=wcdc-129.hep.phy.cam.ac.uk>
...
040 (47125.000.000) 2025-05-01 20:06:57 Finished transferring input files
...
001 (47125.000.000) 2025-05-01 20:06:57 Job executing on host: <[2a05:b400:104:200::500:dc81]:40721?addrs=[2a05-b400-104-200--500-dc81]-40721&alias=wcdc-129.hep.phy.cam.ac.uk>
	SlotName: slot1_15@wcdc-129.hep.phy.cam.ac.uk
	CondorScratchDir = "/var/work/condor/execute/dir_2379383"
	Cpus = 4
	Disk = 2098176
	GPUs = 0
	Memory = 4096
...
006 (47125.000.000) 2025-05-01 20:07:06 Image size of job updated: 23384
	23  -  MemoryUsage of job (MB)
	23384  -  ResidentSetSize of job (KB)
...
006 (47125.000.000) 2025-05-01 20:12:07 Image size of job updated: 436376
	427  -  MemoryUsage of job (MB)
	436376  -  ResidentSetSize of job (KB)
...
006 (47125.000.000) 2025-05-01 20:17:07 Image size of job updated: 436428
	427  -  MemoryUsage of job (MB)
	436428  -  ResidentSetSize of job (KB)
...
