000 (295.004.000) 2025-05-08 18:32:47 Job submitted from host: <[2a05:b400:104:200:20a:f7ff:fe41:b290]:10909?addrs=[2a05-b400-104-200-20a-f7ff-fe41-b290]-10909&alias=el9-08.hep.phy.cam.ac.uk>
...
040 (295.004.000) 2025-05-08 18:42:47 Started transferring input files
	Transferring to host: <[2a05:b400:104:200::500:dc04]:41077?addrs=[2a05-b400-104-200--500-dc04]-41077&alias=wcdc-004.hep.phy.cam.ac.uk>
...
040 (295.004.000) 2025-05-08 18:42:57 Finished transferring input files
...
001 (295.004.000) 2025-05-08 18:42:57 Job executing on host: <[2a05:b400:104:200::500:dc04]:43367?addrs=[2a05-b400-104-200--500-dc04]-43367&alias=wcdc-004.hep.phy.cam.ac.uk>
	SlotName: slot1_4@wcdc-004.hep.phy.cam.ac.uk
	CondorScratchDir = "/var/work/condor/execute/dir_3998010"
	Cpus = 4
	Disk = 4195328
	GPUs = 0
	Memory = 6144
...
006 (295.004.000) 2025-05-08 18:43:05 Image size of job updated: 9488
	10  -  MemoryUsage of job (MB)
	9488  -  ResidentSetSize of job (KB)
...
006 (295.004.000) 2025-05-08 18:48:05 Image size of job updated: 113384
	111  -  MemoryUsage of job (MB)
	113384  -  ResidentSetSize of job (KB)
...
006 (295.004.000) 2025-05-08 18:53:06 Image size of job updated: 269120
	263  -  MemoryUsage of job (MB)
	269120  -  ResidentSetSize of job (KB)
...
