000 (1307.004.000) 2025-05-14 10:26:01 Job submitted from host: <[2a05:b400:104:200:20a:f7ff:fe41:b290]:10909?addrs=[2a05-b400-104-200-20a-f7ff-fe41-b290]-10909&alias=el9-08.hep.phy.cam.ac.uk>
...
040 (1307.004.000) 2025-05-14 10:26:10 Started transferring input files
	Transferring to host: <[2a05:b400:104:200::500:dc23]:34963?addrs=[2a05-b400-104-200--500-dc23]-34963&alias=wcdc-035.hep.phy.cam.ac.uk>
...
040 (1307.004.000) 2025-05-14 10:28:15 Finished transferring input files
...
001 (1307.004.000) 2025-05-14 10:28:15 Job executing on host: <[2a05:b400:104:200::500:dc23]:43755?addrs=[2a05-b400-104-200--500-dc23]-43755&alias=wcdc-035.hep.phy.cam.ac.uk>
	SlotName: slot1_11@wcdc-035.hep.phy.cam.ac.uk
	CondorScratchDir = "/var/work/condor/execute/dir_1099310"
	Cpus = 4
	Disk = 4195328
	GPUs = 0
	Memory = 4096
...
006 (1307.004.000) 2025-05-14 10:28:29 Image size of job updated: 52
	1  -  MemoryUsage of job (MB)
	52  -  ResidentSetSize of job (KB)
...
006 (1307.004.000) 2025-05-14 10:33:29 Image size of job updated: 23732
	24  -  MemoryUsage of job (MB)
	23732  -  ResidentSetSize of job (KB)
...
006 (1307.004.000) 2025-05-14 10:38:30 Image size of job updated: 34352
	34  -  MemoryUsage of job (MB)
	34352  -  ResidentSetSize of job (KB)
...
006 (1307.004.000) 2025-05-14 10:43:30 Image size of job updated: 45164
	45  -  MemoryUsage of job (MB)
	45164  -  ResidentSetSize of job (KB)
...
006 (1307.004.000) 2025-05-14 10:53:31 Image size of job updated: 45176
	45  -  MemoryUsage of job (MB)
	45176  -  ResidentSetSize of job (KB)
...
