000 (1307.002.000) 2025-05-14 10:26:01 Job submitted from host: <[2a05:b400:104:200:20a:f7ff:fe41:b290]:10909?addrs=[2a05-b400-104-200-20a-f7ff-fe41-b290]-10909&alias=el9-08.hep.phy.cam.ac.uk>
...
040 (1307.002.000) 2025-05-14 10:26:08 Started transferring input files
	Transferring to host: <[2a05:b400:104:200::500:dc82]:44727?addrs=[2a05-b400-104-200--500-dc82]-44727&alias=wcdc-130.hep.phy.cam.ac.uk>
...
040 (1307.002.000) 2025-05-14 10:26:14 Finished transferring input files
...
001 (1307.002.000) 2025-05-14 10:26:14 Job executing on host: <[2a05:b400:104:200::500:dc82]:40365?addrs=[2a05-b400-104-200--500-dc82]-40365&alias=wcdc-130.hep.phy.cam.ac.uk>
	SlotName: slot1_11@wcdc-130.hep.phy.cam.ac.uk
	CondorScratchDir = "/var/work/condor/execute/dir_3147338"
	Cpus = 4
	Disk = 4195328
	GPUs = 0
	Memory = 4096
...
006 (1307.002.000) 2025-05-14 10:26:23 Image size of job updated: 111304
	109  -  MemoryUsage of job (MB)
	111304  -  ResidentSetSize of job (KB)
...
006 (1307.002.000) 2025-05-14 10:31:24 Image size of job updated: 449424
	439  -  MemoryUsage of job (MB)
	449424  -  ResidentSetSize of job (KB)
...
006 (1307.002.000) 2025-05-14 10:36:24 Image size of job updated: 449428
	439  -  MemoryUsage of job (MB)
	449428  -  ResidentSetSize of job (KB)
...
006 (1307.002.000) 2025-05-14 10:41:24 Image size of job updated: 469860
	459  -  MemoryUsage of job (MB)
	469860  -  ResidentSetSize of job (KB)
...
