000 (1307.003.000) 2025-05-14 10:26:01 Job submitted from host: <[2a05:b400:104:200:20a:f7ff:fe41:b290]:10909?addrs=[2a05-b400-104-200-20a-f7ff-fe41-b290]-10909&alias=el9-08.hep.phy.cam.ac.uk>
...
040 (1307.003.000) 2025-05-14 10:26:10 Started transferring input files
	Transferring to host: <[2a05:b400:104:200::500:dc22]:34865?addrs=[2a05-b400-104-200--500-dc22]-34865&alias=wcdc-034.hep.phy.cam.ac.uk>
...
040 (1307.003.000) 2025-05-14 10:27:17 Finished transferring input files
...
001 (1307.003.000) 2025-05-14 10:27:17 Job executing on host: <[2a05:b400:104:200::500:dc22]:41377?addrs=[2a05-b400-104-200--500-dc22]-41377&alias=wcdc-034.hep.phy.cam.ac.uk>
	SlotName: slot1_5@wcdc-034.hep.phy.cam.ac.uk
	CondorScratchDir = "/var/work/condor/execute/dir_1842390"
	Cpus = 4
	Disk = 4195328
	GPUs = 0
	Memory = 4096
...
006 (1307.003.000) 2025-05-14 10:27:26 Image size of job updated: 420
	1  -  MemoryUsage of job (MB)
	420  -  ResidentSetSize of job (KB)
...
006 (1307.003.000) 2025-05-14 10:32:27 Image size of job updated: 107212
	105  -  MemoryUsage of job (MB)
	107212  -  ResidentSetSize of job (KB)
...
006 (1307.003.000) 2025-05-14 10:37:27 Image size of job updated: 445288
	435  -  MemoryUsage of job (MB)
	445288  -  ResidentSetSize of job (KB)
...
006 (1307.003.000) 2025-05-14 10:42:27 Image size of job updated: 445296
	435  -  MemoryUsage of job (MB)
	445296  -  ResidentSetSize of job (KB)
...
022 (1307.003.000) 2025-05-14 18:07:15 Job disconnected, attempting to reconnect
    Local schedd and job shadow died, schedd now running again
    Trying to reconnect to slot1_5@wcdc-034.hep.phy.cam.ac.uk <[2a05:b400:104:200::500:dc22]:41377?addrs=[2a05-b400-104-200--500-dc22]-41377&alias=wcdc-034.hep.phy.cam.ac.uk>
...
023 (1307.003.000) 2025-05-14 18:07:21 Job reconnected to slot1_5@wcdc-034.hep.phy.cam.ac.uk
    startd address: <[2a05:b400:104:200::500:dc22]:41377?addrs=[2a05-b400-104-200--500-dc22]-41377&alias=wcdc-034.hep.phy.cam.ac.uk>
    starter address: <[2a05:b400:104:200::500:dc22]:34865?addrs=[2a05-b400-104-200--500-dc22]-34865&alias=wcdc-034.hep.phy.cam.ac.uk>
...
