000 (1307.006.000) 2025-05-14 10:26:01 Job submitted from host: <[2a05:b400:104:200:20a:f7ff:fe41:b290]:10909?addrs=[2a05-b400-104-200-20a-f7ff-fe41-b290]-10909&alias=el9-08.hep.phy.cam.ac.uk>
...
040 (1307.006.000) 2025-05-14 10:27:55 Started transferring input files
	Transferring to host: <[2a05:b400:104:200::500:dc81]:46279?addrs=[2a05-b400-104-200--500-dc81]-46279&alias=wcdc-129.hep.phy.cam.ac.uk>
...
040 (1307.006.000) 2025-05-14 10:31:22 Finished transferring input files
...
001 (1307.006.000) 2025-05-14 10:31:22 Job executing on host: <[2a05:b400:104:200::500:dc81]:40721?addrs=[2a05-b400-104-200--500-dc81]-40721&alias=wcdc-129.hep.phy.cam.ac.uk>
	SlotName: slot1_14@wcdc-129.hep.phy.cam.ac.uk
	CondorScratchDir = "/var/work/condor/execute/dir_901356"
	Cpus = 4
	Disk = 4195328
	GPUs = 0
	Memory = 4096
...
006 (1307.006.000) 2025-05-14 10:31:32 Image size of job updated: 56
	1  -  MemoryUsage of job (MB)
	56  -  ResidentSetSize of job (KB)
...
006 (1307.006.000) 2025-05-14 10:36:30 Image size of job updated: 12916
	9  -  MemoryUsage of job (MB)
	9136  -  ResidentSetSize of job (KB)
...
006 (1307.006.000) 2025-05-14 10:41:31 Image size of job updated: 32568
	32  -  MemoryUsage of job (MB)
	32568  -  ResidentSetSize of job (KB)
...
006 (1307.006.000) 2025-05-14 10:46:32 Image size of job updated: 107212
	105  -  MemoryUsage of job (MB)
	107212  -  ResidentSetSize of job (KB)
...
006 (1307.006.000) 2025-05-14 10:51:32 Image size of job updated: 447424
	437  -  MemoryUsage of job (MB)
	447424  -  ResidentSetSize of job (KB)
...
006 (1307.006.000) 2025-05-14 10:56:33 Image size of job updated: 448968
	439  -  MemoryUsage of job (MB)
	448968  -  ResidentSetSize of job (KB)
...
006 (1307.006.000) 2025-05-14 11:01:33 Image size of job updated: 450496
	440  -  MemoryUsage of job (MB)
	450496  -  ResidentSetSize of job (KB)
...
006 (1307.006.000) 2025-05-14 12:31:40 Image size of job updated: 450524
	440  -  MemoryUsage of job (MB)
	450524  -  ResidentSetSize of job (KB)
...
006 (1307.006.000) 2025-05-14 15:47:00 Image size of job updated: 450528
	440  -  MemoryUsage of job (MB)
	450528  -  ResidentSetSize of job (KB)
...
022 (1307.006.000) 2025-05-14 18:07:15 Job disconnected, attempting to reconnect
    Local schedd and job shadow died, schedd now running again
    Trying to reconnect to slot1_14@wcdc-129.hep.phy.cam.ac.uk <[2a05:b400:104:200::500:dc81]:40721?addrs=[2a05-b400-104-200--500-dc81]-40721&alias=wcdc-129.hep.phy.cam.ac.uk>
...
023 (1307.006.000) 2025-05-14 18:07:17 Job reconnected to slot1_14@wcdc-129.hep.phy.cam.ac.uk
    startd address: <[2a05:b400:104:200::500:dc81]:40721?addrs=[2a05-b400-104-200--500-dc81]-40721&alias=wcdc-129.hep.phy.cam.ac.uk>
    starter address: <[2a05:b400:104:200::500:dc81]:46279?addrs=[2a05-b400-104-200--500-dc81]-46279&alias=wcdc-129.hep.phy.cam.ac.uk>
...
