000 (994.006.000) 2025-05-12 12:43:51 Job submitted from host: <[2a05:b400:104:200:20a:f7ff:fe41:b290]:10909?addrs=[2a05-b400-104-200-20a-f7ff-fe41-b290]-10909&alias=el9-08.hep.phy.cam.ac.uk>
...
040 (994.006.000) 2025-05-12 12:43:51 Started transferring input files
	Transferring to host: <[2a05:b400:104:200::dc00:3]:40783?addrs=[2a05-b400-104-200--dc00-3]-40783&alias=dc-cpu-03.hep.phy.cam.ac.uk>
...
040 (994.006.000) 2025-05-12 12:43:59 Finished transferring input files
...
001 (994.006.000) 2025-05-12 12:43:59 Job executing on host: <[2a05:b400:104:200::dc00:3]:44735?addrs=[2a05-b400-104-200--dc00-3]-44735&alias=dc-cpu-03.hep.phy.cam.ac.uk>
	SlotName: slot1_10@dc-cpu-03.hep.phy.cam.ac.uk
	CondorScratchDir = "/var/work/condor/execute/dir_216224"
	Cpus = 4
	Disk = 4195328
	GPUs = 0
	Memory = 6144
...
006 (994.006.000) 2025-05-12 12:44:07 Image size of job updated: 111312
	109  -  MemoryUsage of job (MB)
	111312  -  ResidentSetSize of job (KB)
...
006 (994.006.000) 2025-05-12 12:49:07 Image size of job updated: 451124
	441  -  MemoryUsage of job (MB)
	451124  -  ResidentSetSize of job (KB)
...
