Configuration:
   Detector:
	 gap width: 0.1
	 steps: 500
	 electric field: 48000
	 ebar calculation steps: 140
	 anode: 0.12 cm, epsilon=5
	 cathode: 0.12 cm, epsilon=5
	 threshold: 3 pC
   Gas composition:
	 temperature: 293.15
	 pressure: 760
	 gases: 3
	 gas 0 -- name: c2h2f4 - percentage: 94.7
	 gas 1 -- name: sf6 - percentage: 0.3
	 gas 2 -- name: isobutane - percentage: 5
   Simulation parameters:
	 particle: muon
	 momentum: 5e+09
	 x0: 0
	 theta: 0
	 events to simulate: 50
	 threads to use: 8
	 outfile path: out/2_ATLAS_noCO2_48kV.dat
	 generator: SFMT
	 random global seed
	 Debug outputs: 0
	 verbose: 1
	 verbosity level: 1
	 snapshots: 0
Init SFMT generator with random seed: 3291614835
MediumMagboltz::SetComposition: C2H2F4/SF6/iC4H10 (94.7/0.3/5)
	Gas table file: C2H2F4-0.947_SF6-0.003_iC4H10-0.05_temp-293.15_pres-760.gas
MediumMagboltz::LoadGasFile:
    Reading file gastables/C2H2F4-0.947_SF6-0.003_iC4H10-0.05_temp-293.15_pres-760.gas.
    Version 13.
    Gas composition set to iC4H10/SF6/C2H2F4 (5/0.3/94.7).

Transport parameters:
	alpha: 136.523 cm-1
	eta: 13.4436 cm-1
	E: 48000 kV/cm
	Drift velocity: (0.0099543,0,0) cm/ns
	Ion Drift velocity: (0,0,0) cm/ns
	Diffusion coefficient: (0.0096141, 0.0125493) cm-1/2
	Dt: 0.0200918 ns

EbarTable filename: fDiffT:0.0125493-gapWidth:0.1-eps1:5-eps3:5-cathode:0.12-anode:0.12-Nstep:500-Dx:0.0002-EbarTableSize:140
Hash representation: 7952505652084641815
Computing Ebar Table ... 

TAvalanche::Computing cluster density.
TAvalanche::Computing electron density and cluster size.
Longitudinal diffusion generator: SIMD-oriented Fast Mersenne Twister
Initialising avalanche (Id: 0) with Heed track (thread 0) for muon with momentum 5e+09 at position 0 with angle 0
Garfield::RandomEngineSTL seed: -1210516608
Cluster density for muon with momentum 5e+09 : 92.198
TAvalanche1D::initialiseTrackHeed -- 10 electrons produced by heed track.

Longitudinal diffusion generator: SIMD-oriented Fast Mersenne Twister
Initialising avalanche (Id: 1) with Heed track (thread 1) for muon with momentum 5e+09 at position 0 with angle 0
Garfield::RandomEngineSTL seed: -1366803013
Cluster density for muon with momentum 5e+09 : 92.198
TAvalanche1D::initialiseTrackHeed -- 12 electrons produced by heed track.

Longitudinal diffusion generator: SIMD-oriented Fast Mersenne Twister
Initialising avalanche (Id: 2) with Heed track (thread 2) for muon with momentum 5e+09 at position 0 with angle 0
Garfield::RandomEngineSTL seed: -1241437815
Cluster density for muon with momentum 5e+09 : 92.198
TAvalanche1D::initialiseTrackHeed -- 11 electrons produced by heed track.

Longitudinal diffusion generator: SIMD-oriented Fast Mersenne Twister
Initialising avalanche (Id: 3) with Heed track (thread 3) for muon with momentum 5e+09 at position 0 with angle 0
Garfield::RandomEngineSTL seed: 1398598856
Cluster density for muon with momentum 5e+09 : 92.198
TAvalanche1D::initialiseTrackHeed -- 9 electrons produced by heed track.

Longitudinal diffusion generator: SIMD-oriented Fast Mersenne Twister
Initialising avalanche (Id: 4) with Heed track (thread 4) for muon with momentum 5e+09 at position 0 with angle 0
Garfield::RandomEngineSTL seed: -1674602246
Cluster density for muon with momentum 5e+09 : 92.198
TAvalanche1D::initialiseTrackHeed -- 7 electrons produced by heed track.

Longitudinal diffusion generator: SIMD-oriented Fast Mersenne Twister
Initialising avalanche (Id: 5) with Heed track (thread 5) for muon with momentum 5e+09 at position 0 with angle 0
Garfield::RandomEngineSTL seed: -729120855
Cluster density for muon with momentum 5e+09 : 92.198
TAvalanche1D::initialiseTrackHeed -- 10 electrons produced by heed track.

Longitudinal diffusion generator: SIMD-oriented Fast Mersenne Twister
Initialising avalanche (Id: 6) with Heed track (thread 6) for muon with momentum 5e+09 at position 0 with angle 0
Garfield::RandomEngineSTL seed: 2122814860
Cluster density for muon with momentum 5e+09 : 92.198
TAvalanche1D::initialiseTrackHeed -- 9 electrons produced by heed track.

Longitudinal diffusion generator: SIMD-oriented Fast Mersenne Twister
Initialising avalanche (Id: 7) with Heed track (thread 7) for muon with momentum 5e+09 at position 0 with angle 0
Garfield::RandomEngineSTL seed: 326112979
Cluster density for muon with momentum 5e+09 : 92.198
TAvalanche1D::initialiseTrackHeed -- 10 electrons produced by heed track.


2025-05-12.12:48:38 - Avalanche simulation id 6 (0nth simulation) terminated with success (83 seconds).

Longitudinal diffusion generator: SIMD-oriented Fast Mersenne Twister
Initialising avalanche (Id: 8) with Heed track (thread 8) for muon with momentum 5e+09 at position 0 with angle 0
Garfield::RandomEngineSTL seed: -1589179343
Cluster density for muon with momentum 5e+09 : 92.198
TAvalanche1D::initialiseTrackHeed -- 7 electrons produced by heed track.


2025-05-12.13:26:32 - Avalanche simulation id 8 (1nth simulation) terminated with success (2273 seconds).

Longitudinal diffusion generator: SIMD-oriented Fast Mersenne Twister
Initialising avalanche (Id: 9) with Heed track (thread 9) for muon with momentum 5e+09 at position 0 with angle 0
Garfield::RandomEngineSTL seed: -1782120015
Cluster density for muon with momentum 5e+09 : 92.198
TAvalanche1D::initialiseTrackHeed -- 14 electrons produced by heed track.


2025-05-12.13:40:41 - Avalanche simulation id 0 (2nth simulation) terminated with success (3208 seconds).

Longitudinal diffusion generator: SIMD-oriented Fast Mersenne Twister
Initialising avalanche (Id: 10) with Heed track (thread 10) for muon with momentum 5e+09 at position 0 with angle 0
Garfield::RandomEngineSTL seed: -1725055186
Cluster density for muon with momentum 5e+09 : 92.198
TAvalanche1D::initialiseTrackHeed -- 15 electrons produced by heed track.


2025-05-12.13:52:55 - Avalanche simulation id 1 (3nth simulation) terminated with success (3942 seconds).

Longitudinal diffusion generator: SIMD-oriented Fast Mersenne Twister
Initialising avalanche (Id: 11) with Heed track (thread 11) for muon with momentum 5e+09 at position 0 with angle 0
Garfield::RandomEngineSTL seed: 1968275500
Cluster density for muon with momentum 5e+09 : 92.198
TAvalanche1D::initialiseTrackHeed -- 50 electrons produced by heed track.


2025-05-12.14:11:49 - Avalanche simulation id 10 (4nth simulation) terminated with success (1867 seconds).

Longitudinal diffusion generator: SIMD-oriented Fast Mersenne Twister
Initialising avalanche (Id: 12) with Heed track (thread 12) for muon with momentum 5e+09 at position 0 with angle 0
Garfield::RandomEngineSTL seed: 997915998
Cluster density for muon with momentum 5e+09 : 92.198
TAvalanche1D::initialiseTrackHeed -- 30 electrons produced by heed track.


2025-05-12.14:17:10 - Avalanche simulation id 5 (5nth simulation) terminated with success (5395 seconds).

Longitudinal diffusion generator: SIMD-oriented Fast Mersenne Twister
Initialising avalanche (Id: 13) with Heed track (thread 13) for muon with momentum 5e+09 at position 0 with angle 0
Garfield::RandomEngineSTL seed: -1519561461
Cluster density for muon with momentum 5e+09 : 92.198
TAvalanche1D::initialiseTrackHeed -- 8 electrons produced by heed track.


2025-05-12.14:23:44 - Avalanche simulation id 3 (6nth simulation) terminated with success (5791 seconds).

Longitudinal diffusion generator: SIMD-oriented Fast Mersenne Twister
Initialising avalanche (Id: 14) with Heed track (thread 14) for muon with momentum 5e+09 at position 0 with angle 0
Garfield::RandomEngineSTL seed: -2131408316
Cluster density for muon with momentum 5e+09 : 92.198
TAvalanche1D::initialiseTrackHeed -- 7 electrons produced by heed track.


2025-05-12.14:26:58 - Avalanche simulation id 7 (7nth simulation) terminated with success (5982 seconds).

Longitudinal diffusion generator: SIMD-oriented Fast Mersenne Twister
Initialising avalanche (Id: 15) with Heed track (thread 15) for muon with momentum 5e+09 at position 0 with angle 0
Garfield::RandomEngineSTL seed: -1683902123
Cluster density for muon with momentum 5e+09 : 92.198
TAvalanche1D::initialiseTrackHeed -- 79 electrons produced by heed track.


2025-05-12.14:40:42 - Avalanche simulation id 4 (8nth simulation) terminated with success (6808 seconds).

Longitudinal diffusion generator: SIMD-oriented Fast Mersenne Twister
Initialising avalanche (Id: 16) with Heed track (thread 16) for muon with momentum 5e+09 at position 0 with angle 0
Garfield::RandomEngineSTL seed: 685972694
Cluster density for muon with momentum 5e+09 : 92.198
TAvalanche1D::initialiseTrackHeed -- 13 electrons produced by heed track.


2025-05-12.15:09:00 - Avalanche simulation id 16 (9nth simulation) terminated with success (1697 seconds).

Longitudinal diffusion generator: SIMD-oriented Fast Mersenne Twister
Initialising avalanche (Id: 17) with Heed track (thread 17) for muon with momentum 5e+09 at position 0 with angle 0
Garfield::RandomEngineSTL seed: 1718903479
Cluster density for muon with momentum 5e+09 : 92.198
TAvalanche1D::initialiseTrackHeed -- 11 electrons produced by heed track.


2025-05-12.15:13:38 - Avalanche simulation id 2 (10nth simulation) terminated with success (8784 seconds).

Longitudinal diffusion generator: SIMD-oriented Fast Mersenne Twister
Initialising avalanche (Id: 18) with Heed track (thread 18) for muon with momentum 5e+09 at position 0 with angle 0
Garfield::RandomEngineSTL seed: -1232427433
Cluster density for muon with momentum 5e+09 : 92.198
TAvalanche1D::initialiseTrackHeed -- 12 electrons produced by heed track.


2025-05-12.15:14:10 - Avalanche simulation id 17 (11nth simulation) terminated with success (309 seconds).

Longitudinal diffusion generator: SIMD-oriented Fast Mersenne Twister
Initialising avalanche (Id: 19) with Heed track (thread 19) for muon with momentum 5e+09 at position 0 with angle 0
Garfield::RandomEngineSTL seed: -1162149618
Cluster density for muon with momentum 5e+09 : 92.198
TAvalanche1D::initialiseTrackHeed -- 13 electrons produced by heed track.


2025-05-12.15:38:42 - Avalanche simulation id 14 (12nth simulation) terminated with success (4497 seconds).

Longitudinal diffusion generator: SIMD-oriented Fast Mersenne Twister
Initialising avalanche (Id: 20) with Heed track (thread 20) for muon with momentum 5e+09 at position 0 with angle 0
Garfield::RandomEngineSTL seed: -875532377
Cluster density for muon with momentum 5e+09 : 92.198
TAvalanche1D::initialiseTrackHeed -- 20 electrons produced by heed track.


2025-05-12.15:45:19 - Avalanche simulation id 9 (13nth simulation) terminated with success (8327 seconds).

Longitudinal diffusion generator: SIMD-oriented Fast Mersenne Twister
Initialising avalanche (Id: 21) with Heed track (thread 21) for muon with momentum 5e+09 at position 0 with angle 0
Garfield::RandomEngineSTL seed: 1821321938
Cluster density for muon with momentum 5e+09 : 92.198
TAvalanche1D::initialiseTrackHeed -- 6 electrons produced by heed track.


2025-05-12.16:13:45 - Avalanche simulation id 11 (14nth simulation) terminated with success (8450 seconds).

Longitudinal diffusion generator: SIMD-oriented Fast Mersenne Twister
Initialising avalanche (Id: 22) with Heed track (thread 22) for muon with momentum 5e+09 at position 0 with angle 0
Garfield::RandomEngineSTL seed: 681151144
Cluster density for muon with momentum 5e+09 : 92.198
TAvalanche1D::initialiseTrackHeed -- 15 electrons produced by heed track.


2025-05-12.16:21:10 - Avalanche simulation id 15 (15nth simulation) terminated with success (6852 seconds).

Longitudinal diffusion generator: SIMD-oriented Fast Mersenne Twister
Initialising avalanche (Id: 23) with Heed track (thread 23) for muon with momentum 5e+09 at position 0 with angle 0
Garfield::RandomEngineSTL seed: -166962590
Cluster density for muon with momentum 5e+09 : 92.198
TAvalanche1D::initialiseTrackHeed -- 8 electrons produced by heed track.


2025-05-12.16:22:16 - Avalanche simulation id 13 (16nth simulation) terminated with success (7506 seconds).

Longitudinal diffusion generator: SIMD-oriented Fast Mersenne Twister
Initialising avalanche (Id: 24) with Heed track (thread 24) for muon with momentum 5e+09 at position 0 with angle 0
Garfield::RandomEngineSTL seed: 2118369249
Cluster density for muon with momentum 5e+09 : 92.198
TAvalanche1D::initialiseTrackHeed -- 24 electrons produced by heed track.


2025-05-12.17:13:29 - Avalanche simulation id 12 (17nth simulation) terminated with success (10900 seconds).

Longitudinal diffusion generator: SIMD-oriented Fast Mersenne Twister
Initialising avalanche (Id: 25) with Heed track (thread 25) for muon with momentum 5e+09 at position 0 with angle 0
Garfield::RandomEngineSTL seed: 423496167
Cluster density for muon with momentum 5e+09 : 92.198
TAvalanche1D::initialiseTrackHeed -- 24 electrons produced by heed track.


2025-05-12.17:28:41 - Avalanche simulation id 21 (18nth simulation) terminated with success (6201 seconds).

Longitudinal diffusion generator: SIMD-oriented Fast Mersenne Twister
Initialising avalanche (Id: 26) with Heed track (thread 26) for muon with momentum 5e+09 at position 0 with angle 0
Garfield::RandomEngineSTL seed: -232730991
Cluster density for muon with momentum 5e+09 : 92.198
TAvalanche1D::initialiseTrackHeed -- 8 electrons produced by heed track.


2025-05-12.17:35:53 - Avalanche simulation id 18 (19nth simulation) terminated with success (8535 seconds).

Longitudinal diffusion generator: SIMD-oriented Fast Mersenne Twister
Initialising avalanche (Id: 27) with Heed track (thread 27) for muon with momentum 5e+09 at position 0 with angle 0
Garfield::RandomEngineSTL seed: -178107507
Cluster density for muon with momentum 5e+09 : 92.198
TAvalanche1D::initialiseTrackHeed -- 12 electrons produced by heed track.


2025-05-12.17:51:12 - Avalanche simulation id 23 (20nth simulation) terminated with success (5401 seconds).

Longitudinal diffusion generator: SIMD-oriented Fast Mersenne Twister
Initialising avalanche (Id: 28) with Heed track (thread 28) for muon with momentum 5e+09 at position 0 with angle 0
Garfield::RandomEngineSTL seed: -175715216
Cluster density for muon with momentum 5e+09 : 92.198
TAvalanche1D::initialiseTrackHeed -- 38 electrons produced by heed track.


2025-05-12.17:54:50 - Avalanche simulation id 19 (21nth simulation) terminated with success (9640 seconds).

Longitudinal diffusion generator: SIMD-oriented Fast Mersenne Twister
Initialising avalanche (Id: 29) with Heed track (thread 29) for muon with momentum 5e+09 at position 0 with angle 0
Garfield::RandomEngineSTL seed: -631768736
Cluster density for muon with momentum 5e+09 : 92.198
TAvalanche1D::initialiseTrackHeed -- 21 electrons produced by heed track.


2025-05-12.18:19:47 - Avalanche simulation id 22 (22nth simulation) terminated with success (7561 seconds).

Longitudinal diffusion generator: SIMD-oriented Fast Mersenne Twister
Initialising avalanche (Id: 30) with Heed track (thread 30) for muon with momentum 5e+09 at position 0 with angle 0
Garfield::RandomEngineSTL seed: -421439237
Cluster density for muon with momentum 5e+09 : 92.198
TAvalanche1D::initialiseTrackHeed -- 4 electrons produced by heed track.


2025-05-12.18:21:31 - Avalanche simulation id 20 (23nth simulation) terminated with success (9769 seconds).

Longitudinal diffusion generator: SIMD-oriented Fast Mersenne Twister
Initialising avalanche (Id: 31) with Heed track (thread 31) for muon with momentum 5e+09 at position 0 with angle 0
Garfield::RandomEngineSTL seed: -1309511020
Cluster density for muon with momentum 5e+09 : 92.198
TAvalanche1D::initialiseTrackHeed -- 5 electrons produced by heed track.


2025-05-12.18:23:14 - Avalanche simulation id 31 (24nth simulation) terminated with success (102 seconds).

Longitudinal diffusion generator: SIMD-oriented Fast Mersenne Twister
Initialising avalanche (Id: 32) with Heed track (thread 32) for muon with momentum 5e+09 at position 0 with angle 0
Garfield::RandomEngineSTL seed: -464052913
Cluster density for muon with momentum 5e+09 : 92.198
TAvalanche1D::initialiseTrackHeed -- 15 electrons produced by heed track.


2025-05-12.18:31:39 - Avalanche simulation id 28 (25nth simulation) terminated with success (2426 seconds).

Longitudinal diffusion generator: SIMD-oriented Fast Mersenne Twister
Initialising avalanche (Id: 33) with Heed track (thread 33) for muon with momentum 5e+09 at position 0 with angle 0
Garfield::RandomEngineSTL seed: -1778121784
Cluster density for muon with momentum 5e+09 : 92.198
TAvalanche1D::initialiseTrackHeed -- 11 electrons produced by heed track.


2025-05-12.18:48:16 - Avalanche simulation id 24 (26nth simulation) terminated with success (8756 seconds).

Longitudinal diffusion generator: SIMD-oriented Fast Mersenne Twister
Initialising avalanche (Id: 34) with Heed track (thread 34) for muon with momentum 5e+09 at position 0 with angle 0
Garfield::RandomEngineSTL seed: 709535974
Cluster density for muon with momentum 5e+09 : 92.198
TAvalanche1D::initialiseTrackHeed -- 11 electrons produced by heed track.


2025-05-12.19:00:39 - Avalanche simulation id 27 (27nth simulation) terminated with success (5085 seconds).

Longitudinal diffusion generator: SIMD-oriented Fast Mersenne Twister
Initialising avalanche (Id: 35) with Heed track (thread 35) for muon with momentum 5e+09 at position 0 with angle 0
Garfield::RandomEngineSTL seed: 2013678141
Cluster density for muon with momentum 5e+09 : 92.198
TAvalanche1D::initialiseTrackHeed -- 5 electrons produced by heed track.


2025-05-12.19:05:53 - Avalanche simulation id 26 (28nth simulation) terminated with success (5831 seconds).

Longitudinal diffusion generator: SIMD-oriented Fast Mersenne Twister
Initialising avalanche (Id: 36) with Heed track (thread 36) for muon with momentum 5e+09 at position 0 with angle 0
Garfield::RandomEngineSTL seed: 137843948
Cluster density for muon with momentum 5e+09 : 92.198
TAvalanche1D::initialiseTrackHeed -- 4 electrons produced by heed track.


2025-05-12.19:20:55 - Avalanche simulation id 29 (29nth simulation) terminated with success (5164 seconds).

Longitudinal diffusion generator: SIMD-oriented Fast Mersenne Twister
Initialising avalanche (Id: 37) with Heed track (thread 37) for muon with momentum 5e+09 at position 0 with angle 0
Garfield::RandomEngineSTL seed: -450639819
Cluster density for muon with momentum 5e+09 : 92.198
TAvalanche1D::initialiseTrackHeed -- 10 electrons produced by heed track.


2025-05-12.19:21:26 - Avalanche simulation id 36 (30nth simulation) terminated with success (932 seconds).

Longitudinal diffusion generator: SIMD-oriented Fast Mersenne Twister
Initialising avalanche (Id: 38) with Heed track (thread 38) for muon with momentum 5e+09 at position 0 with angle 0
Garfield::RandomEngineSTL seed: -1392470354
Cluster density for muon with momentum 5e+09 : 92.198
TAvalanche1D::initialiseTrackHeed -- 22 electrons produced by heed track.


2025-05-12.19:21:55 - Avalanche simulation id 33 (31nth simulation) terminated with success (3015 seconds).

Longitudinal diffusion generator: SIMD-oriented Fast Mersenne Twister
Initialising avalanche (Id: 39) with Heed track (thread 39) for muon with momentum 5e+09 at position 0 with angle 0
Garfield::RandomEngineSTL seed: -216682180
Cluster density for muon with momentum 5e+09 : 92.198
TAvalanche1D::initialiseTrackHeed -- 31 electrons produced by heed track.


2025-05-12.19:23:38 - Avalanche simulation id 32 (32nth simulation) terminated with success (3623 seconds).

Longitudinal diffusion generator: SIMD-oriented Fast Mersenne Twister
Initialising avalanche (Id: 40) with Heed track (thread 40) for muon with momentum 5e+09 at position 0 with angle 0
Garfield::RandomEngineSTL seed: 729130369
Cluster density for muon with momentum 5e+09 : 92.198
TAvalanche1D::initialiseTrackHeed -- 46 electrons produced by heed track.


2025-05-12.19:26:37 - Avalanche simulation id 35 (33nth simulation) terminated with success (1557 seconds).

Longitudinal diffusion generator: SIMD-oriented Fast Mersenne Twister
Initialising avalanche (Id: 41) with Heed track (thread 41) for muon with momentum 5e+09 at position 0 with angle 0
Garfield::RandomEngineSTL seed: -468375192
Cluster density for muon with momentum 5e+09 : 92.198
TAvalanche1D::initialiseTrackHeed -- 15 electrons produced by heed track.


2025-05-12.19:31:50 - Avalanche simulation id 30 (34nth simulation) terminated with success (4322 seconds).

Longitudinal diffusion generator: SIMD-oriented Fast Mersenne Twister
Initialising avalanche (Id: 42) with Heed track (thread 42) for muon with momentum 5e+09 at position 0 with angle 0
Garfield::RandomEngineSTL seed: -323995947
Cluster density for muon with momentum 5e+09 : 92.198
TAvalanche1D::initialiseTrackHeed -- 19 electrons produced by heed track.


2025-05-12.19:59:00 - Avalanche simulation id 37 (35nth simulation) terminated with success (2283 seconds).

Longitudinal diffusion generator: SIMD-oriented Fast Mersenne Twister
Initialising avalanche (Id: 43) with Heed track (thread 43) for muon with momentum 5e+09 at position 0 with angle 0
Garfield::RandomEngineSTL seed: -671897518
Cluster density for muon with momentum 5e+09 : 92.198
TAvalanche1D::initialiseTrackHeed -- 33 electrons produced by heed track.


2025-05-12.20:38:58 - Avalanche simulation id 25 (36nth simulation) terminated with success (12328 seconds).

Longitudinal diffusion generator: SIMD-oriented Fast Mersenne Twister
Initialising avalanche (Id: 44) with Heed track (thread 44) for muon with momentum 5e+09 at position 0 with angle 0
Garfield::RandomEngineSTL seed: 1560782686
Cluster density for muon with momentum 5e+09 : 92.198
TAvalanche1D::initialiseTrackHeed -- 8 electrons produced by heed track.


2025-05-12.20:45:45 - Avalanche simulation id 38 (37nth simulation) terminated with success (5058 seconds).

Longitudinal diffusion generator: SIMD-oriented Fast Mersenne Twister
Initialising avalanche (Id: 45) with Heed track (thread 45) for muon with momentum 5e+09 at position 0 with angle 0
Garfield::RandomEngineSTL seed: 908226215
Cluster density for muon with momentum 5e+09 : 92.198
TAvalanche1D::initialiseTrackHeed -- 11 electrons produced by heed track.


2025-05-12.20:46:12 - Avalanche simulation id 34 (38nth simulation) terminated with success (7074 seconds).

Longitudinal diffusion generator: SIMD-oriented Fast Mersenne Twister
Initialising avalanche (Id: 46) with Heed track (thread 46) for muon with momentum 5e+09 at position 0 with angle 0
Garfield::RandomEngineSTL seed: -208938882
Cluster density for muon with momentum 5e+09 : 92.198
TAvalanche1D::initialiseTrackHeed -- 10 electrons produced by heed track.


2025-05-12.21:01:40 - Avalanche simulation id 41 (39nth simulation) terminated with success (5702 seconds).

Longitudinal diffusion generator: SIMD-oriented Fast Mersenne Twister
Initialising avalanche (Id: 47) with Heed track (thread 47) for muon with momentum 5e+09 at position 0 with angle 0
Garfield::RandomEngineSTL seed: 313182100
Cluster density for muon with momentum 5e+09 : 92.198
TAvalanche1D::initialiseTrackHeed -- 11 electrons produced by heed track.


2025-05-12.21:24:00 - Avalanche simulation id 39 (40nth simulation) terminated with success (7325 seconds).

Longitudinal diffusion generator: SIMD-oriented Fast Mersenne Twister
Initialising avalanche (Id: 48) with Heed track (thread 48) for muon with momentum 5e+09 at position 0 with angle 0
Garfield::RandomEngineSTL seed: 1211042303
Cluster density for muon with momentum 5e+09 : 92.198
TAvalanche1D::initialiseTrackHeed -- 11 electrons produced by heed track.


2025-05-12.21:25:38 - Avalanche simulation id 42 (41nth simulation) terminated with success (6827 seconds).

Longitudinal diffusion generator: SIMD-oriented Fast Mersenne Twister
Initialising avalanche (Id: 49) with Heed track (thread 49) for muon with momentum 5e+09 at position 0 with angle 0
Garfield::RandomEngineSTL seed: 221759947
Cluster density for muon with momentum 5e+09 : 92.198
TAvalanche1D::initialiseTrackHeed -- 33 electrons produced by heed track.


2025-05-12.21:30:03 - Avalanche simulation id 47 (42nth simulation) terminated with success (1701 seconds).


2025-05-12.21:31:18 - Avalanche simulation id 40 (43nth simulation) terminated with success (7659 seconds).


2025-05-12.21:48:05 - Avalanche simulation id 44 (44nth simulation) terminated with success (4145 seconds).


2025-05-12.21:50:23 - Avalanche simulation id 46 (45nth simulation) terminated with success (3850 seconds).


2025-05-12.21:52:43 - Avalanche simulation id 43 (46nth simulation) terminated with success (6821 seconds).


2025-05-12.21:53:04 - Avalanche simulation id 48 (47nth simulation) terminated with success (1742 seconds).


2025-05-12.21:59:45 - Avalanche simulation id 45 (48nth simulation) terminated with success (4438 seconds).


2025-05-12.22:05:56 - Avalanche simulation id 49 (49nth simulation) terminated with success (2417 seconds).

