Configuration:
   Detector:
	 gap width: 0.1
	 steps: 500
	 electric field: 51000
	 ebar calculation steps: 140
	 anode: 0.12 cm, epsilon=5
	 cathode: 0.12 cm, epsilon=5
	 threshold: 3 pC
   Gas composition:
	 temperature: 293.15
	 pressure: 760
	 gases: 4
	 gas 0 -- name: c2h2f4 - percentage: 64
	 gas 1 -- name: co2 - percentage: 30
	 gas 2 -- name: isobutane - percentage: 5
	 gas 3 -- name: sf6 - percentage: 1
   Simulation parameters:
	 particle: muon
	 momentum: 5e+09
	 x0: 0
	 theta: 0
	 events to simulate: 72
	 threads to use: 4
	 outfile path: out/ATLAS_2024_51kV.dat
	 generator: SFMT
	 random global seed
	 Debug outputs: 0
	 verbose: 1
	 verbosity level: 1
	 snapshots: 0
Init SFMT generator with random seed: 1331277115
MediumMagboltz::SetComposition: C2H2F4/CO2/iC4H10/SF6 (64/30/5/1)
	Gas table file: C2H2F4-0.64_CO2-0.3_iC4H10-0.05_SF6-0.01_temp-293.15_pres-760.gas
MediumMagboltz::LoadGasFile:
    Reading file gastables/C2H2F4-0.64_CO2-0.3_iC4H10-0.05_SF6-0.01_temp-293.15_pres-760.gas.
    Version 13.
    Gas composition set to iC4H10/CO2/SF6/C2H2F4 (5/30/1/64).

Transport parameters:
	alpha: 199.775 cm-1
	eta: 29.1203 cm-1
	E: 51000 kV/cm
	Drift velocity: (0.012382,0,0) cm/ns
	Ion Drift velocity: (0,0,0) cm/ns
	Diffusion coefficient: (0.0102291, 0.0120948) cm-1/2
	Dt: 0.0161524 ns

EbarTable filename: fDiffT:0.0120948-gapWidth:0.1-eps1:5-eps3:5-cathode:0.12-anode:0.12-Nstep:500-Dx:0.0002-EbarTableSize:140
Hash representation: 17573990451522135311
Computing Ebar Table ... 

TAvalanche::Computing cluster density.
TAvalanche::Computing electron density and cluster size.
Longitudinal diffusion generator: SIMD-oriented Fast Mersenne Twister
Initialising avalanche (Id: 0) with Heed track (thread 0) for muon with momentum 5e+09 at position 0 with angle 0
Garfield::RandomEngineSTL seed: 1383586294
Cluster density for muon with momentum 5e+09 : 77.9916
TAvalanche1D::initialiseTrackHeed -- 8 electrons produced by heed track.

Longitudinal diffusion generator: SIMD-oriented Fast Mersenne Twister
Initialising avalanche (Id: 1) with Heed track (thread 1) for muon with momentum 5e+09 at position 0 with angle 0
Garfield::RandomEngineSTL seed: -548634135
Longitudinal diffusion generator: SIMD-oriented Fast Mersenne Twister
Cluster density for muon with momentum 5e+09 : 77.9916
TAvalanche1D::initialiseTrackHeed -- 15 electrons produced by heed track.

Initialising avalanche (Id: 2) with Heed track (thread 2) for muon with momentum 5e+09 at position 0 with angle 0
Garfield::RandomEngineSTL seed: -1605673280
Cluster density for muon with momentum 5e+09 : 77.9916
TAvalanche1D::initialiseTrackHeed -- 8 electrons produced by heed track.

Longitudinal diffusion generator: SIMD-oriented Fast Mersenne Twister
Initialising avalanche (Id: 3) with Heed track (thread 3) for muon with momentum 5e+09 at position 0 with angle 0
Garfield::RandomEngineSTL seed: 1196192858
Cluster density for muon with momentum 5e+09 : 77.9916
TAvalanche1D::initialiseTrackHeed -- 10 electrons produced by heed track.

aval_explosive_behaviour_clt, c = -nan

2025-05-08.20:36:02 - Avalanche simulation id 2 (0nth simulation) terminated with error: 6 (6473 seconds).

Longitudinal diffusion generator: SIMD-oriented Fast Mersenne Twister
Initialising avalanche (Id: 4) with Heed track (thread 4) for muon with momentum 5e+09 at position 0 with angle 0
Garfield::RandomEngineSTL seed: -1167217089
Cluster density for muon with momentum 5e+09 : 77.9916
TAvalanche1D::initialiseTrackHeed -- 27 electrons produced by heed track.


2025-05-08.20:39:30 - Avalanche simulation id 3 (1nth simulation) terminated with success (6682 seconds).

Longitudinal diffusion generator: SIMD-oriented Fast Mersenne Twister
Initialising avalanche (Id: 5) with Heed track (thread 5) for muon with momentum 5e+09 at position 0 with angle 0
Garfield::RandomEngineSTL seed: 359057227
Cluster density for muon with momentum 5e+09 : 77.9916
TAvalanche1D::initialiseTrackHeed -- 17 electrons produced by heed track.

aval_explosive_behaviour_clt, c = -nan

2025-05-08.21:06:13 - Avalanche simulation id 0 (2nth simulation) terminated with error: 6 (8285 seconds).

Longitudinal diffusion generator: SIMD-oriented Fast Mersenne Twister
Initialising avalanche (Id: 6) with Heed track (thread 6) for muon with momentum 5e+09 at position 0 with angle 0
Garfield::RandomEngineSTL seed: 1632858789
Cluster density for muon with momentum 5e+09 : 77.9916
TAvalanche1D::initialiseTrackHeed -- 42 electrons produced by heed track.

aval_explosive_behaviour_clt, c = -nan

2025-05-08.22:02:21 - Avalanche simulation id 1 (3nth simulation) terminated with error: 6 (11653 seconds).

Longitudinal diffusion generator: SIMD-oriented Fast Mersenne Twister
Initialising avalanche (Id: 7) with Heed track (thread 7) for muon with momentum 5e+09 at position 0 with angle 0
Garfield::RandomEngineSTL seed: -415469832
Cluster density for muon with momentum 5e+09 : 77.9916
TAvalanche1D::initialiseTrackHeed -- 17 electrons produced by heed track.


2025-05-08.22:22:29 - Avalanche simulation id 6 (4nth simulation) terminated with success (4576 seconds).

Longitudinal diffusion generator: SIMD-oriented Fast Mersenne Twister
Initialising avalanche (Id: 8) with Heed track (thread 8) for muon with momentum 5e+09 at position 0 with angle 0
Garfield::RandomEngineSTL seed: -1353928018
Cluster density for muon with momentum 5e+09 : 77.9916
TAvalanche1D::initialiseTrackHeed -- 9 electrons produced by heed track.

aval_explosive_behaviour_clt, c = -nan

2025-05-08.23:04:13 - Avalanche simulation id 4 (5nth simulation) terminated with error: 6 (8890 seconds).

Longitudinal diffusion generator: SIMD-oriented Fast Mersenne Twister
Initialising avalanche (Id: 9) with Heed track (thread 9) for muon with momentum 5e+09 at position 0 with angle 0
Garfield::RandomEngineSTL seed: -792649139
Cluster density for muon with momentum 5e+09 : 77.9916
TAvalanche1D::initialiseTrackHeed -- 7 electrons produced by heed track.

aval_explosive_behaviour_clt, c = -nan

2025-05-08.23:22:47 - Avalanche simulation id 5 (6nth simulation) terminated with error: 6 (9796 seconds).

Longitudinal diffusion generator: SIMD-oriented Fast Mersenne Twister
Initialising avalanche (Id: 10) with Heed track (thread 10) for muon with momentum 5e+09 at position 0 with angle 0
Garfield::RandomEngineSTL seed: -376177026
Cluster density for muon with momentum 5e+09 : 77.9916
TAvalanche1D::initialiseTrackHeed -- 12 electrons produced by heed track.

aval_explosive_behaviour_clt, c = -nan

2025-05-08.23:48:54 - Avalanche simulation id 8 (7nth simulation) terminated with error: 6 (5184 seconds).

Longitudinal diffusion generator: SIMD-oriented Fast Mersenne Twister
Initialising avalanche (Id: 11) with Heed track (thread 11) for muon with momentum 5e+09 at position 0 with angle 0
Garfield::RandomEngineSTL seed: -383405226
Cluster density for muon with momentum 5e+09 : 77.9916
TAvalanche1D::initialiseTrackHeed -- 18 electrons produced by heed track.

aval_explosive_behaviour_clt, c = -nan

2025-05-09.00:35:17 - Avalanche simulation id 7 (8nth simulation) terminated with error: 6 (9175 seconds).

Longitudinal diffusion generator: SIMD-oriented Fast Mersenne Twister
Initialising avalanche (Id: 12) with Heed track (thread 12) for muon with momentum 5e+09 at position 0 with angle 0
Garfield::RandomEngineSTL seed: 615658865
Cluster density for muon with momentum 5e+09 : 77.9916
TAvalanche1D::initialiseTrackHeed -- 23 electrons produced by heed track.


2025-05-09.00:50:51 - Avalanche simulation id 9 (9nth simulation) terminated with success (6398 seconds).

Longitudinal diffusion generator: SIMD-oriented Fast Mersenne Twister
Initialising avalanche (Id: 13) with Heed track (thread 13) for muon with momentum 5e+09 at position 0 with angle 0
Garfield::RandomEngineSTL seed: 1291127103
Cluster density for muon with momentum 5e+09 : 77.9916
TAvalanche1D::initialiseTrackHeed -- 47 electrons produced by heed track.

aval_explosive_behaviour_clt, c = -nan

2025-05-09.01:57:45 - Avalanche simulation id 10 (10nth simulation) terminated with error: 6 (9298 seconds).

Longitudinal diffusion generator: SIMD-oriented Fast Mersenne Twister
Initialising avalanche (Id: 14) with Heed track (thread 14) for muon with momentum 5e+09 at position 0 with angle 0
Garfield::RandomEngineSTL seed: -2118987490
Cluster density for muon with momentum 5e+09 : 77.9916
TAvalanche1D::initialiseTrackHeed -- 4 electrons produced by heed track.

aval_explosive_behaviour_clt, c = -nan

2025-05-09.02:02:38 - Avalanche simulation id 12 (11nth simulation) terminated with error: 6 (5241 seconds).

Longitudinal diffusion generator: SIMD-oriented Fast Mersenne Twister
Initialising avalanche (Id: 15) with Heed track (thread 15) for muon with momentum 5e+09 at position 0 with angle 0
Garfield::RandomEngineSTL seed: 2058558290
Cluster density for muon with momentum 5e+09 : 77.9916
TAvalanche1D::initialiseTrackHeed -- 12 electrons produced by heed track.

aval_explosive_behaviour_clt, c = -nan

2025-05-09.02:40:57 - Avalanche simulation id 11 (12nth simulation) terminated with error: 6 (10322 seconds).

Longitudinal diffusion generator: SIMD-oriented Fast Mersenne Twister
Initialising avalanche (Id: 16) with Heed track (thread 16) for muon with momentum 5e+09 at position 0 with angle 0
Garfield::RandomEngineSTL seed: -1413501231
Cluster density for muon with momentum 5e+09 : 77.9916
TAvalanche1D::initialiseTrackHeed -- 21 electrons produced by heed track.

aval_explosive_behaviour_clt, c = -nan

2025-05-09.03:33:29 - Avalanche simulation id 13 (13nth simulation) terminated with error: 6 (9757 seconds).

Longitudinal diffusion generator: SIMD-oriented Fast Mersenne Twister
Initialising avalanche (Id: 17) with Heed track (thread 17) for muon with momentum 5e+09 at position 0 with angle 0
Garfield::RandomEngineSTL seed: -1522134856
Cluster density for muon with momentum 5e+09 : 77.9916
TAvalanche1D::initialiseTrackHeed -- 9 electrons produced by heed track.

aval_explosive_behaviour_clt, c = -nan

2025-05-09.03:51:27 - Avalanche simulation id 15 (14nth simulation) terminated with error: 6 (6529 seconds).

Longitudinal diffusion generator: SIMD-oriented Fast Mersenne Twister
Initialising avalanche (Id: 18) with Heed track (thread 18) for muon with momentum 5e+09 at position 0 with angle 0
Garfield::RandomEngineSTL seed: -1980242825
Cluster density for muon with momentum 5e+09 : 77.9916
TAvalanche1D::initialiseTrackHeed -- 2 electrons produced by heed track.

aval_explosive_behaviour_clt, c = -nan

2025-05-09.04:05:50 - Avalanche simulation id 14 (15nth simulation) terminated with error: 6 (7684 seconds).

Longitudinal diffusion generator: SIMD-oriented Fast Mersenne Twister
Initialising avalanche (Id: 19) with Heed track (thread 19) for muon with momentum 5e+09 at position 0 with angle 0
Garfield::RandomEngineSTL seed: -147121623
Cluster density for muon with momentum 5e+09 : 77.9916
TAvalanche1D::initialiseTrackHeed -- 19 electrons produced by heed track.


2025-05-09.04:06:55 - Avalanche simulation id 18 (16nth simulation) terminated with success (928 seconds).

Longitudinal diffusion generator: SIMD-oriented Fast Mersenne Twister
Initialising avalanche (Id: 20) with Heed track (thread 20) for muon with momentum 5e+09 at position 0 with angle 0
Garfield::RandomEngineSTL seed: 1287691193
Cluster density for muon with momentum 5e+09 : 77.9916
TAvalanche1D::initialiseTrackHeed -- 13 electrons produced by heed track.

aval_explosive_behaviour_clt, c = -nan

2025-05-09.05:13:36 - Avalanche simulation id 17 (17nth simulation) terminated with error: 6 (6007 seconds).

Longitudinal diffusion generator: SIMD-oriented Fast Mersenne Twister
Initialising avalanche (Id: 21) with Heed track (thread 21) for muon with momentum 5e+09 at position 0 with angle 0
Garfield::RandomEngineSTL seed: 1290039029
Cluster density for muon with momentum 5e+09 : 77.9916
TAvalanche1D::initialiseTrackHeed -- 33 electrons produced by heed track.

aval_explosive_behaviour_clt, c = -nan

2025-05-09.05:21:14 - Avalanche simulation id 16 (18nth simulation) terminated with error: 6 (9617 seconds).

Longitudinal diffusion generator: SIMD-oriented Fast Mersenne Twister
Initialising avalanche (Id: 22) with Heed track (thread 22) for muon with momentum 5e+09 at position 0 with angle 0
Garfield::RandomEngineSTL seed: 1711314915
Cluster density for muon with momentum 5e+09 : 77.9916
TAvalanche1D::initialiseTrackHeed -- 10 electrons produced by heed track.


2025-05-09.06:18:41 - Avalanche simulation id 20 (19nth simulation) terminated with success (7905 seconds).

Longitudinal diffusion generator: SIMD-oriented Fast Mersenne Twister
Initialising avalanche (Id: 23) with Heed track (thread 23) for muon with momentum 5e+09 at position 0 with angle 0
Garfield::RandomEngineSTL seed: 1313080196
Cluster density for muon with momentum 5e+09 : 77.9916
TAvalanche1D::initialiseTrackHeed -- 23 electrons produced by heed track.

aval_explosive_behaviour_clt, c = -nan

2025-05-09.06:41:52 - Avalanche simulation id 19 (20nth simulation) terminated with error: 6 (9362 seconds).

Longitudinal diffusion generator: SIMD-oriented Fast Mersenne Twister
Initialising avalanche (Id: 24) with Heed track (thread 24) for muon with momentum 5e+09 at position 0 with angle 0
Garfield::RandomEngineSTL seed: 396581729
Cluster density for muon with momentum 5e+09 : 77.9916
TAvalanche1D::initialiseTrackHeed -- 6 electrons produced by heed track.

aval_explosive_behaviour_clt, c = -nan

2025-05-09.06:47:50 - Avalanche simulation id 21 (21nth simulation) terminated with error: 6 (5653 seconds).

Longitudinal diffusion generator: SIMD-oriented Fast Mersenne Twister
Initialising avalanche (Id: 25) with Heed track (thread 25) for muon with momentum 5e+09 at position 0 with angle 0
Garfield::RandomEngineSTL seed: 561684870
Cluster density for muon with momentum 5e+09 : 77.9916
TAvalanche1D::initialiseTrackHeed -- 8 electrons produced by heed track.


2025-05-09.07:26:19 - Avalanche simulation id 22 (22nth simulation) terminated with success (7504 seconds).

Longitudinal diffusion generator: SIMD-oriented Fast Mersenne Twister
Initialising avalanche (Id: 26) with Heed track (thread 26) for muon with momentum 5e+09 at position 0 with angle 0
Garfield::RandomEngineSTL seed: -481204294
Cluster density for muon with momentum 5e+09 : 77.9916
TAvalanche1D::initialiseTrackHeed -- 45 electrons produced by heed track.


2025-05-09.08:24:26 - Avalanche simulation id 25 (23nth simulation) terminated with success (5796 seconds).

Longitudinal diffusion generator: SIMD-oriented Fast Mersenne Twister
Initialising avalanche (Id: 27) with Heed track (thread 27) for muon with momentum 5e+09 at position 0 with angle 0
Garfield::RandomEngineSTL seed: -777330982
Cluster density for muon with momentum 5e+09 : 77.9916
TAvalanche1D::initialiseTrackHeed -- 201 electrons produced by heed track.

aval_explosive_behaviour_clt, c = -nan

2025-05-09.09:01:02 - Avalanche simulation id 23 (24nth simulation) terminated with error: 6 (9740 seconds).

Longitudinal diffusion generator: SIMD-oriented Fast Mersenne Twister
Initialising avalanche (Id: 28) with Heed track (thread 28) for muon with momentum 5e+09 at position 0 with angle 0
Garfield::RandomEngineSTL seed: 1816181509
Cluster density for muon with momentum 5e+09 : 77.9916
TAvalanche1D::initialiseTrackHeed -- 30 electrons produced by heed track.

aval_explosive_behaviour_clt, c = -nan

2025-05-09.09:07:44 - Avalanche simulation id 26 (25nth simulation) terminated with error: 6 (6085 seconds).

Longitudinal diffusion generator: SIMD-oriented Fast Mersenne Twister
Initialising avalanche (Id: 29) with Heed track (thread 29) for muon with momentum 5e+09 at position 0 with angle 0
Garfield::RandomEngineSTL seed: -1480718435
Cluster density for muon with momentum 5e+09 : 77.9916
TAvalanche1D::initialiseTrackHeed -- 11 electrons produced by heed track.

aval_explosive_behaviour_clt, c = -nan

2025-05-09.09:35:24 - Avalanche simulation id 24 (26nth simulation) terminated with error: 6 (10411 seconds).

Longitudinal diffusion generator: SIMD-oriented Fast Mersenne Twister
Initialising avalanche (Id: 30) with Heed track (thread 30) for muon with momentum 5e+09 at position 0 with angle 0
Garfield::RandomEngineSTL seed: -598353720
Cluster density for muon with momentum 5e+09 : 77.9916
TAvalanche1D::initialiseTrackHeed -- 8 electrons produced by heed track.

aval_explosive_behaviour_clt, c = -nan

2025-05-09.09:35:32 - Avalanche simulation id 27 (27nth simulation) terminated with error: 6 (4265 seconds).

Longitudinal diffusion generator: SIMD-oriented Fast Mersenne Twister
Initialising avalanche (Id: 31) with Heed track (thread 31) for muon with momentum 5e+09 at position 0 with angle 0
Garfield::RandomEngineSTL seed: 1498088725
Cluster density for muon with momentum 5e+09 : 77.9916
TAvalanche1D::initialiseTrackHeed -- 14 electrons produced by heed track.

aval_explosive_behaviour_clt, c = -nan

2025-05-09.10:28:42 - Avalanche simulation id 28 (28nth simulation) terminated with error: 6 (5260 seconds).

Longitudinal diffusion generator: SIMD-oriented Fast Mersenne Twister
Initialising avalanche (Id: 32) with Heed track (thread 32) for muon with momentum 5e+09 at position 0 with angle 0
Garfield::RandomEngineSTL seed: 1765811747
Cluster density for muon with momentum 5e+09 : 77.9916
TAvalanche1D::initialiseTrackHeed -- 8 electrons produced by heed track.

aval_explosive_behaviour_clt, c = -nan

2025-05-09.10:52:51 - Avalanche simulation id 29 (29nth simulation) terminated with error: 6 (6306 seconds).

Longitudinal diffusion generator: SIMD-oriented Fast Mersenne Twister
Initialising avalanche (Id: 33) with Heed track (thread 33) for muon with momentum 5e+09 at position 0 with angle 0
Garfield::RandomEngineSTL seed: -329891758
Cluster density for muon with momentum 5e+09 : 77.9916
TAvalanche1D::initialiseTrackHeed -- 27 electrons produced by heed track.


2025-05-09.11:15:16 - Avalanche simulation id 30 (30nth simulation) terminated with success (5992 seconds).

Longitudinal diffusion generator: SIMD-oriented Fast Mersenne Twister
Initialising avalanche (Id: 34) with Heed track (thread 34) for muon with momentum 5e+09 at position 0 with angle 0
Garfield::RandomEngineSTL seed: 1072472921
Cluster density for muon with momentum 5e+09 : 77.9916
TAvalanche1D::initialiseTrackHeed -- 21 electrons produced by heed track.

aval_explosive_behaviour_clt, c = -nan

2025-05-09.11:51:04 - Avalanche simulation id 31 (31nth simulation) terminated with error: 6 (8132 seconds).

Longitudinal diffusion generator: SIMD-oriented Fast Mersenne Twister
Initialising avalanche (Id: 35) with Heed track (thread 35) for muon with momentum 5e+09 at position 0 with angle 0
Garfield::RandomEngineSTL seed: 1067303922
Cluster density for muon with momentum 5e+09 : 77.9916
TAvalanche1D::initialiseTrackHeed -- 68 electrons produced by heed track.


2025-05-09.12:12:28 - Avalanche simulation id 32 (32nth simulation) terminated with success (6225 seconds).

Longitudinal diffusion generator: SIMD-oriented Fast Mersenne Twister
Initialising avalanche (Id: 36) with Heed track (thread 36) for muon with momentum 5e+09 at position 0 with angle 0
Garfield::RandomEngineSTL seed: -1059098271
Cluster density for muon with momentum 5e+09 : 77.9916
TAvalanche1D::initialiseTrackHeed -- 6 electrons produced by heed track.


2025-05-09.12:17:04 - Avalanche simulation id 33 (33nth simulation) terminated with success (5053 seconds).

Longitudinal diffusion generator: SIMD-oriented Fast Mersenne Twister
Initialising avalanche (Id: 37) with Heed track (thread 37) for muon with momentum 5e+09 at position 0 with angle 0
Garfield::RandomEngineSTL seed: 1128969534
Cluster density for muon with momentum 5e+09 : 77.9916
TAvalanche1D::initialiseTrackHeed -- 20 electrons produced by heed track.

aval_explosive_behaviour_clt, c = -nan

2025-05-09.13:05:06 - Avalanche simulation id 34 (34nth simulation) terminated with error: 6 (6589 seconds).

Longitudinal diffusion generator: SIMD-oriented Fast Mersenne Twister
Initialising avalanche (Id: 38) with Heed track (thread 38) for muon with momentum 5e+09 at position 0 with angle 0
Garfield::RandomEngineSTL seed: -2114787764
Cluster density for muon with momentum 5e+09 : 77.9916
TAvalanche1D::initialiseTrackHeed -- 13 electrons produced by heed track.


2025-05-09.13:45:16 - Avalanche simulation id 36 (35nth simulation) terminated with success (5568 seconds).

Longitudinal diffusion generator: SIMD-oriented Fast Mersenne Twister
Initialising avalanche (Id: 39) with Heed track (thread 39) for muon with momentum 5e+09 at position 0 with angle 0
Garfield::RandomEngineSTL seed: 43963040
Cluster density for muon with momentum 5e+09 : 77.9916
TAvalanche1D::initialiseTrackHeed -- 12 electrons produced by heed track.

aval_explosive_behaviour_clt, c = -nan

2025-05-09.13:47:02 - Avalanche simulation id 35 (36nth simulation) terminated with error: 6 (6957 seconds).

Longitudinal diffusion generator: SIMD-oriented Fast Mersenne Twister
Initialising avalanche (Id: 40) with Heed track (thread 40) for muon with momentum 5e+09 at position 0 with angle 0
Garfield::RandomEngineSTL seed: -498434218
Cluster density for muon with momentum 5e+09 : 77.9916
TAvalanche1D::initialiseTrackHeed -- 13 electrons produced by heed track.

aval_explosive_behaviour_clt, c = -nan

2025-05-09.14:28:11 - Avalanche simulation id 37 (37nth simulation) terminated with error: 6 (7866 seconds).

Longitudinal diffusion generator: SIMD-oriented Fast Mersenne Twister
Initialising avalanche (Id: 41) with Heed track (thread 41) for muon with momentum 5e+09 at position 0 with angle 0
Garfield::RandomEngineSTL seed: 2094436875
Cluster density for muon with momentum 5e+09 : 77.9916
TAvalanche1D::initialiseTrackHeed -- 5 electrons produced by heed track.

aval_explosive_behaviour_clt, c = -nan

2025-05-09.15:28:51 - Avalanche simulation id 38 (38nth simulation) terminated with error: 6 (8625 seconds).

Longitudinal diffusion generator: SIMD-oriented Fast Mersenne Twister
Initialising avalanche (Id: 42) with Heed track (thread 42) for muon with momentum 5e+09 at position 0 with angle 0
Garfield::RandomEngineSTL seed: 1763453171
Cluster density for muon with momentum 5e+09 : 77.9916
TAvalanche1D::initialiseTrackHeed -- 27 electrons produced by heed track.


2025-05-09.15:32:26 - Avalanche simulation id 41 (39nth simulation) terminated with success (3854 seconds).

Longitudinal diffusion generator: SIMD-oriented Fast Mersenne Twister
Initialising avalanche (Id: 43) with Heed track (thread 43) for muon with momentum 5e+09 at position 0 with angle 0
Garfield::RandomEngineSTL seed: 532562402
Cluster density for muon with momentum 5e+09 : 77.9916
TAvalanche1D::initialiseTrackHeed -- 7 electrons produced by heed track.

aval_explosive_behaviour_clt, c = -nan

2025-05-09.16:24:59 - Avalanche simulation id 40 (40nth simulation) terminated with error: 6 (9477 seconds).

Longitudinal diffusion generator: SIMD-oriented Fast Mersenne Twister
Initialising avalanche (Id: 44) with Heed track (thread 44) for muon with momentum 5e+09 at position 0 with angle 0
Garfield::RandomEngineSTL seed: 953387544
Cluster density for muon with momentum 5e+09 : 77.9916
TAvalanche1D::initialiseTrackHeed -- 2 electrons produced by heed track.

aval_explosive_behaviour_clt, c = -nan

2025-05-09.16:33:32 - Avalanche simulation id 39 (41nth simulation) terminated with error: 6 (10095 seconds).

Longitudinal diffusion generator: SIMD-oriented Fast Mersenne Twister
Initialising avalanche (Id: 45) with Heed track (thread 45) for muon with momentum 5e+09 at position 0 with angle 0
Garfield::RandomEngineSTL seed: 945114800
Cluster density for muon with momentum 5e+09 : 77.9916
TAvalanche1D::initialiseTrackHeed -- 15 electrons produced by heed track.


2025-05-09.17:02:41 - Avalanche simulation id 44 (42nth simulation) terminated with success (2262 seconds).

Longitudinal diffusion generator: SIMD-oriented Fast Mersenne Twister
Initialising avalanche (Id: 46) with Heed track (thread 46) for muon with momentum 5e+09 at position 0 with angle 0
Garfield::RandomEngineSTL seed: 1497782327
Cluster density for muon with momentum 5e+09 : 77.9916
TAvalanche1D::initialiseTrackHeed -- 17 electrons produced by heed track.


2025-05-09.17:12:44 - Avalanche simulation id 42 (43nth simulation) terminated with success (6232 seconds).

Longitudinal diffusion generator: SIMD-oriented Fast Mersenne Twister
Initialising avalanche (Id: 47) with Heed track (thread 47) for muon with momentum 5e+09 at position 0 with angle 0
Garfield::RandomEngineSTL seed: -771481666
Cluster density for muon with momentum 5e+09 : 77.9916
TAvalanche1D::initialiseTrackHeed -- 10 electrons produced by heed track.

aval_explosive_behaviour_clt, c = -nan

2025-05-09.17:59:45 - Avalanche simulation id 43 (44nth simulation) terminated with error: 6 (8839 seconds).

Longitudinal diffusion generator: SIMD-oriented Fast Mersenne Twister
Initialising avalanche (Id: 48) with Heed track (thread 48) for muon with momentum 5e+09 at position 0 with angle 0
Garfield::RandomEngineSTL seed: -587994114
Cluster density for muon with momentum 5e+09 : 77.9916
TAvalanche1D::initialiseTrackHeed -- 16 electrons produced by heed track.

aval_explosive_behaviour_clt, c = -nan

2025-05-09.19:05:07 - Avalanche simulation id 45 (45nth simulation) terminated with error: 6 (9095 seconds).

Longitudinal diffusion generator: SIMD-oriented Fast Mersenne Twister
Initialising avalanche (Id: 49) with Heed track (thread 49) for muon with momentum 5e+09 at position 0 with angle 0
Garfield::RandomEngineSTL seed: -1946173362
Cluster density for muon with momentum 5e+09 : 77.9916
TAvalanche1D::initialiseTrackHeed -- 27 electrons produced by heed track.

aval_explosive_behaviour_clt, c = -nan

2025-05-09.19:46:44 - Avalanche simulation id 46 (46nth simulation) terminated with error: 6 (9842 seconds).

Longitudinal diffusion generator: SIMD-oriented Fast Mersenne Twister
Initialising avalanche (Id: 50) with Heed track (thread 50) for muon with momentum 5e+09 at position 0 with angle 0
Garfield::RandomEngineSTL seed: -1424638461
Cluster density for muon with momentum 5e+09 : 77.9916
TAvalanche1D::initialiseTrackHeed -- 22 electrons produced by heed track.

aval_explosive_behaviour_clt, c = -nan

2025-05-09.19:55:32 - Avalanche simulation id 47 (47nth simulation) terminated with error: 6 (9767 seconds).

Longitudinal diffusion generator: SIMD-oriented Fast Mersenne Twister
Initialising avalanche (Id: 51) with Heed track (thread 51) for muon with momentum 5e+09 at position 0 with angle 0
Garfield::RandomEngineSTL seed: -883900963
Cluster density for muon with momentum 5e+09 : 77.9916
TAvalanche1D::initialiseTrackHeed -- 8 electrons produced by heed track.

aval_explosive_behaviour_clt, c = -nan

2025-05-09.20:27:08 - Avalanche simulation id 48 (48nth simulation) terminated with error: 6 (8842 seconds).

Longitudinal diffusion generator: SIMD-oriented Fast Mersenne Twister
Initialising avalanche (Id: 52) with Heed track (thread 52) for muon with momentum 5e+09 at position 0 with angle 0
Garfield::RandomEngineSTL seed: -1646587160
Cluster density for muon with momentum 5e+09 : 77.9916
TAvalanche1D::initialiseTrackHeed -- 3 electrons produced by heed track.


2025-05-09.20:27:10 - Avalanche simulation id 52 (49nth simulation) terminated with success (1 seconds).

Longitudinal diffusion generator: SIMD-oriented Fast Mersenne Twister
Initialising avalanche (Id: 53) with Heed track (thread 53) for muon with momentum 5e+09 at position 0 with angle 0
Garfield::RandomEngineSTL seed: -1584891761
Cluster density for muon with momentum 5e+09 : 77.9916
TAvalanche1D::initialiseTrackHeed -- 33 electrons produced by heed track.

aval_explosive_behaviour_clt, c = -nan

2025-05-09.20:37:30 - Avalanche simulation id 49 (50nth simulation) terminated with error: 6 (5542 seconds).

Longitudinal diffusion generator: SIMD-oriented Fast Mersenne Twister
Initialising avalanche (Id: 54) with Heed track (thread 54) for muon with momentum 5e+09 at position 0 with angle 0
Garfield::RandomEngineSTL seed: -2042053726
Cluster density for muon with momentum 5e+09 : 77.9916
TAvalanche1D::initialiseTrackHeed -- 8 electrons produced by heed track.


2025-05-09.21:39:36 - Avalanche simulation id 51 (51nth simulation) terminated with success (6244 seconds).

Longitudinal diffusion generator: SIMD-oriented Fast Mersenne Twister
Initialising avalanche (Id: 55) with Heed track (thread 55) for muon with momentum 5e+09 at position 0 with angle 0
Garfield::RandomEngineSTL seed: 2026199027
Cluster density for muon with momentum 5e+09 : 77.9916
TAvalanche1D::initialiseTrackHeed -- 29 electrons produced by heed track.

aval_explosive_behaviour_clt, c = -nan

2025-05-09.21:40:34 - Avalanche simulation id 55 (52nth simulation) terminated with error: 6 (57 seconds).

Longitudinal diffusion generator: SIMD-oriented Fast Mersenne Twister
Initialising avalanche (Id: 56) with Heed track (thread 56) for muon with momentum 5e+09 at position 0 with angle 0
Garfield::RandomEngineSTL seed: -1490297198
Cluster density for muon with momentum 5e+09 : 77.9916
TAvalanche1D::initialiseTrackHeed -- 15 electrons produced by heed track.


2025-05-09.22:04:07 - Avalanche simulation id 54 (53nth simulation) terminated with success (5196 seconds).

Longitudinal diffusion generator: SIMD-oriented Fast Mersenne Twister
Initialising avalanche (Id: 57) with Heed track (thread 57) for muon with momentum 5e+09 at position 0 with angle 0
Garfield::RandomEngineSTL seed: -958260813
Cluster density for muon with momentum 5e+09 : 77.9916
TAvalanche1D::initialiseTrackHeed -- 8 electrons produced by heed track.

aval_explosive_behaviour_clt, c = -nan

2025-05-09.22:28:20 - Avalanche simulation id 50 (54nth simulation) terminated with error: 6 (9696 seconds).

Longitudinal diffusion generator: SIMD-oriented Fast Mersenne Twister
Initialising avalanche (Id: 58) with Heed track (thread 58) for muon with momentum 5e+09 at position 0 with angle 0
Garfield::RandomEngineSTL seed: -664873139
Cluster density for muon with momentum 5e+09 : 77.9916
TAvalanche1D::initialiseTrackHeed -- 21 electrons produced by heed track.

aval_explosive_behaviour_clt, c = -nan

2025-05-09.23:16:46 - Avalanche simulation id 53 (55nth simulation) terminated with error: 6 (10176 seconds).

Longitudinal diffusion generator: SIMD-oriented Fast Mersenne Twister
Initialising avalanche (Id: 59) with Heed track (thread 59) for muon with momentum 5e+09 at position 0 with angle 0
Garfield::RandomEngineSTL seed: 315106363
Cluster density for muon with momentum 5e+09 : 77.9916
TAvalanche1D::initialiseTrackHeed -- 5 electrons produced by heed track.

aval_explosive_behaviour_clt, c = -nan

2025-05-09.23:21:16 - Avalanche simulation id 56 (56nth simulation) terminated with error: 6 (6041 seconds).

Longitudinal diffusion generator: SIMD-oriented Fast Mersenne Twister
Initialising avalanche (Id: 60) with Heed track (thread 60) for muon with momentum 5e+09 at position 0 with angle 0
Garfield::RandomEngineSTL seed: -407197499
Cluster density for muon with momentum 5e+09 : 77.9916
TAvalanche1D::initialiseTrackHeed -- 7 electrons produced by heed track.


2025-05-09.23:44:25 - Avalanche simulation id 60 (57nth simulation) terminated with success (1389 seconds).

Longitudinal diffusion generator: SIMD-oriented Fast Mersenne Twister
Initialising avalanche (Id: 61) with Heed track (thread 61) for muon with momentum 5e+09 at position 0 with angle 0
Garfield::RandomEngineSTL seed: -1560575630
Cluster density for muon with momentum 5e+09 : 77.9916
TAvalanche1D::initialiseTrackHeed -- 14 electrons produced by heed track.

aval_explosive_behaviour_clt, c = -nan

2025-05-09.23:44:30 - Avalanche simulation id 57 (58nth simulation) terminated with error: 6 (6023 seconds).

Longitudinal diffusion generator: SIMD-oriented Fast Mersenne Twister
Initialising avalanche (Id: 62) with Heed track (thread 62) for muon with momentum 5e+09 at position 0 with angle 0
Garfield::RandomEngineSTL seed: 1939102146
Cluster density for muon with momentum 5e+09 : 77.9916
TAvalanche1D::initialiseTrackHeed -- 7 electrons produced by heed track.


2025-05-10.00:37:18 - Avalanche simulation id 62 (59nth simulation) terminated with success (3167 seconds).

Longitudinal diffusion generator: SIMD-oriented Fast Mersenne Twister
Initialising avalanche (Id: 63) with Heed track (thread 63) for muon with momentum 5e+09 at position 0 with angle 0
Garfield::RandomEngineSTL seed: -1718148967
Cluster density for muon with momentum 5e+09 : 77.9916
TAvalanche1D::initialiseTrackHeed -- 13 electrons produced by heed track.


2025-05-10.00:45:19 - Avalanche simulation id 59 (60nth simulation) terminated with success (5313 seconds).

Longitudinal diffusion generator: SIMD-oriented Fast Mersenne Twister
Initialising avalanche (Id: 64) with Heed track (thread 64) for muon with momentum 5e+09 at position 0 with angle 0
Garfield::RandomEngineSTL seed: -680528686
Cluster density for muon with momentum 5e+09 : 77.9916
TAvalanche1D::initialiseTrackHeed -- 6 electrons produced by heed track.


2025-05-10.01:01:18 - Avalanche simulation id 64 (61nth simulation) terminated with success (959 seconds).

Longitudinal diffusion generator: SIMD-oriented Fast Mersenne Twister
Initialising avalanche (Id: 65) with Heed track (thread 65) for muon with momentum 5e+09 at position 0 with angle 0
Garfield::RandomEngineSTL seed: 1147201173
Cluster density for muon with momentum 5e+09 : 77.9916
TAvalanche1D::initialiseTrackHeed -- 53 electrons produced by heed track.


2025-05-10.01:10:55 - Avalanche simulation id 58 (62nth simulation) terminated with success (9754 seconds).

Longitudinal diffusion generator: SIMD-oriented Fast Mersenne Twister
Initialising avalanche (Id: 66) with Heed track (thread 66) for muon with momentum 5e+09 at position 0 with angle 0
Garfield::RandomEngineSTL seed: 1997677
Cluster density for muon with momentum 5e+09 : 77.9916
TAvalanche1D::initialiseTrackHeed -- 7 electrons produced by heed track.

aval_explosive_behaviour_clt, c = -nan

2025-05-10.01:41:17 - Avalanche simulation id 61 (63nth simulation) terminated with error: 6 (7012 seconds).

Longitudinal diffusion generator: SIMD-oriented Fast Mersenne Twister
Initialising avalanche (Id: 67) with Heed track (thread 67) for muon with momentum 5e+09 at position 0 with angle 0
Garfield::RandomEngineSTL seed: 1670833679
Cluster density for muon with momentum 5e+09 : 77.9916
TAvalanche1D::initialiseTrackHeed -- 13 electrons produced by heed track.

aval_explosive_behaviour_clt, c = -nan

2025-05-10.03:01:14 - Avalanche simulation id 63 (64nth simulation) terminated with error: 6 (8636 seconds).

Longitudinal diffusion generator: SIMD-oriented Fast Mersenne Twister
Initialising avalanche (Id: 68) with Heed track (thread 68) for muon with momentum 5e+09 at position 0 with angle 0
Garfield::RandomEngineSTL seed: 1609393055
Cluster density for muon with momentum 5e+09 : 77.9916
TAvalanche1D::initialiseTrackHeed -- 12 electrons produced by heed track.

aval_explosive_behaviour_clt, c = -nan

2025-05-10.03:09:47 - Avalanche simulation id 66 (65nth simulation) terminated with error: 6 (7132 seconds).

Longitudinal diffusion generator: SIMD-oriented Fast Mersenne Twister
Initialising avalanche (Id: 69) with Heed track (thread 69) for muon with momentum 5e+09 at position 0 with angle 0
Garfield::RandomEngineSTL seed: -1393895827
Cluster density for muon with momentum 5e+09 : 77.9916
TAvalanche1D::initialiseTrackHeed -- 29 electrons produced by heed track.

aval_explosive_behaviour_clt, c = -nan

2025-05-10.03:36:28 - Avalanche simulation id 65 (66nth simulation) terminated with error: 6 (9309 seconds).

Longitudinal diffusion generator: SIMD-oriented Fast Mersenne Twister
Initialising avalanche (Id: 70) with Heed track (thread 70) for muon with momentum 5e+09 at position 0 with angle 0
Garfield::RandomEngineSTL seed: 1407273424
Cluster density for muon with momentum 5e+09 : 77.9916
TAvalanche1D::initialiseTrackHeed -- 8 electrons produced by heed track.

aval_explosive_behaviour_clt, c = -nan

2025-05-10.04:12:19 - Avalanche simulation id 67 (67nth simulation) terminated with error: 6 (9061 seconds).

Longitudinal diffusion generator: SIMD-oriented Fast Mersenne Twister
Initialising avalanche (Id: 71) with Heed track (thread 71) for muon with momentum 5e+09 at position 0 with angle 0
Garfield::RandomEngineSTL seed: 895293508
Cluster density for muon with momentum 5e+09 : 77.9916
TAvalanche1D::initialiseTrackHeed -- 10 electrons produced by heed track.


2025-05-10.04:13:41 - Avalanche simulation id 70 (68nth simulation) terminated with success (2232 seconds).

aval_explosive_behaviour_clt, c = -nan

2025-05-10.04:32:12 - Avalanche simulation id 68 (69nth simulation) terminated with error: 6 (5457 seconds).

aval_explosive_behaviour_clt, c = -nan

2025-05-10.05:02:03 - Avalanche simulation id 69 (70nth simulation) terminated with error: 6 (6736 seconds).

aval_explosive_behaviour_clt, c = -nan

2025-05-10.05:12:58 - Avalanche simulation id 71 (71nth simulation) terminated with error: 6 (3638 seconds).

