Configuration:
   Detector:
	 gap width: 0.1
	 steps: 500
	 electric field: 57000
	 ebar calculation steps: 140
	 anode: 0.12 cm, epsilon=5
	 cathode: 0.12 cm, epsilon=5
	 threshold: 3 pC
   Gas composition:
	 temperature: 293.15
	 pressure: 760
	 gases: 4
	 gas 0 -- name: c2h2f4 - percentage: 64
	 gas 1 -- name: co2 - percentage: 30
	 gas 2 -- name: isobutane - percentage: 5
	 gas 3 -- name: sf6 - percentage: 1
   Simulation parameters:
	 particle: muon
	 momentum: 5e+09
	 x0: 0
	 theta: 0
	 events to simulate: 72
	 threads to use: 4
	 outfile path: out/ATLAS_2024_57kV.dat
	 generator: SFMT
	 random global seed
	 Debug outputs: 0
	 verbose: 1
	 verbosity level: 1
	 snapshots: 0
Init SFMT generator with random seed: 2128842790
MediumMagboltz::SetComposition: C2H2F4/CO2/iC4H10/SF6 (64/30/5/1)
	Gas table file: C2H2F4-0.64_CO2-0.3_iC4H10-0.05_SF6-0.01_temp-293.15_pres-760.gas
MediumMagboltz::LoadGasFile:
    Reading file gastables/C2H2F4-0.64_CO2-0.3_iC4H10-0.05_SF6-0.01_temp-293.15_pres-760.gas.
    Version 13.
    Gas composition set to iC4H10/CO2/SF6/C2H2F4 (5/30/1/64).

Transport parameters:
	alpha: 277.94 cm-1
	eta: 23.5957 cm-1
	E: 57000 kV/cm
	Drift velocity: (0.0133689,0,0) cm/ns
	Ion Drift velocity: (0,0,0) cm/ns
	Diffusion coefficient: (0.0098674, 0.0116856) cm-1/2
	Dt: 0.0149601 ns

EbarTable filename: fDiffT:0.0116856-gapWidth:0.1-eps1:5-eps3:5-cathode:0.12-anode:0.12-Nstep:500-Dx:0.0002-EbarTableSize:140
Hash representation: 6622529376665100568
Computing Ebar Table ... 

TAvalanche::Computing cluster density.
TAvalanche::Computing electron density and cluster size.
Longitudinal diffusion generator: SIMD-oriented Fast Mersenne Twister
Initialising avalanche (Id: 0) with Heed track (thread 0) for muon with momentum 5e+09 at position 0 with angle 0
Garfield::RandomEngineSTL seed: -1395005636
Cluster density for muon with momentum 5e+09 : 77.9916
TAvalanche1D::initialiseTrackHeed -- 6 electrons produced by heed track.

Longitudinal diffusion generator: SIMD-oriented Fast Mersenne Twister
Initialising avalanche (Id: 1) with Heed track (thread 1) for muon with momentum 5e+09 at position 0 with angle 0
Garfield::RandomEngineSTL seed: -298643870
Cluster density for muon with momentum 5e+09 : 77.9916
TAvalanche1D::initialiseTrackHeed -- 25 electrons produced by heed track.

Longitudinal diffusion generator: SIMD-oriented Fast Mersenne Twister
Initialising avalanche (Id: 2) with Heed track (thread 2) for muon with momentum 5e+09 at position 0 with angle 0
Garfield::RandomEngineSTL seed: -621117550
Cluster density for muon with momentum 5e+09 : 77.9916
TAvalanche1D::initialiseTrackHeed -- 78 electrons produced by heed track.

Longitudinal diffusion generator: SIMD-oriented Fast Mersenne Twister
Initialising avalanche (Id: 3) with Heed track (thread 3) for muon with momentum 5e+09 at position 0 with angle 0
Garfield::RandomEngineSTL seed: 646902824
Cluster density for muon with momentum 5e+09 : 77.9916
TAvalanche1D::initialiseTrackHeed -- 10 electrons produced by heed track.

aval_explosive_behaviour_clt, c = -nan

2025-05-08.20:16:51 - Avalanche simulation id 2 (0nth simulation) terminated with error: 6 (5196 seconds).

Longitudinal diffusion generator: SIMD-oriented Fast Mersenne Twister
Initialising avalanche (Id: 4) with Heed track (thread 4) for muon with momentum 5e+09 at position 0 with angle 0
Garfield::RandomEngineSTL seed: -1117380752
Cluster density for muon with momentum 5e+09 : 77.9916
TAvalanche1D::initialiseTrackHeed -- 8 electrons produced by heed track.

aval_explosive_behaviour_clt, c = -nan

2025-05-08.20:30:54 - Avalanche simulation id 0 (1nth simulation) terminated with error: 6 (6039 seconds).

Longitudinal diffusion generator: SIMD-oriented Fast Mersenne Twister
Initialising avalanche (Id: 5) with Heed track (thread 5) for muon with momentum 5e+09 at position 0 with angle 0
Garfield::RandomEngineSTL seed: 1064623281
Cluster density for muon with momentum 5e+09 : 77.9916
TAvalanche1D::initialiseTrackHeed -- 6 electrons produced by heed track.

aval_explosive_behaviour_clt, c = -nan

2025-05-08.20:36:54 - Avalanche simulation id 3 (2nth simulation) terminated with error: 6 (6398 seconds).

Longitudinal diffusion generator: SIMD-oriented Fast Mersenne Twister
Initialising avalanche (Id: 6) with Heed track (thread 6) for muon with momentum 5e+09 at position 0 with angle 0
Garfield::RandomEngineSTL seed: -170595340
Cluster density for muon with momentum 5e+09 : 77.9916
TAvalanche1D::initialiseTrackHeed -- 14 electrons produced by heed track.

aval_explosive_behaviour_clt, c = -nan

2025-05-08.20:37:22 - Avalanche simulation id 1 (3nth simulation) terminated with error: 6 (6427 seconds).

Longitudinal diffusion generator: SIMD-oriented Fast Mersenne Twister
Initialising avalanche (Id: 7) with Heed track (thread 7) for muon with momentum 5e+09 at position 0 with angle 0
Garfield::RandomEngineSTL seed: 1993642882
Cluster density for muon with momentum 5e+09 : 77.9916
TAvalanche1D::initialiseTrackHeed -- 17 electrons produced by heed track.

aval_explosive_behaviour_clt, c = -nan

2025-05-08.21:53:26 - Avalanche simulation id 7 (4nth simulation) terminated with error: 6 (4564 seconds).

Longitudinal diffusion generator: SIMD-oriented Fast Mersenne Twister
Initialising avalanche (Id: 8) with Heed track (thread 8) for muon with momentum 5e+09 at position 0 with angle 0
Garfield::RandomEngineSTL seed: 1660011114
Cluster density for muon with momentum 5e+09 : 77.9916
TAvalanche1D::initialiseTrackHeed -- 24 electrons produced by heed track.

aval_explosive_behaviour_clt, c = -nan

2025-05-08.21:55:39 - Avalanche simulation id 4 (5nth simulation) terminated with error: 6 (5927 seconds).

Longitudinal diffusion generator: SIMD-oriented Fast Mersenne Twister
Initialising avalanche (Id: 9) with Heed track (thread 9) for muon with momentum 5e+09 at position 0 with angle 0
Garfield::RandomEngineSTL seed: -1085834818
Cluster density for muon with momentum 5e+09 : 77.9916
TAvalanche1D::initialiseTrackHeed -- 21 electrons produced by heed track.

aval_explosive_behaviour_clt, c = -nan

2025-05-08.21:56:38 - Avalanche simulation id 6 (6nth simulation) terminated with error: 6 (4784 seconds).

Longitudinal diffusion generator: SIMD-oriented Fast Mersenne Twister
Initialising avalanche (Id: 10) with Heed track (thread 10) for muon with momentum 5e+09 at position 0 with angle 0
Garfield::RandomEngineSTL seed: -2094503208
Cluster density for muon with momentum 5e+09 : 77.9916
TAvalanche1D::initialiseTrackHeed -- 18 electrons produced by heed track.

aval_explosive_behaviour_clt, c = -nan

2025-05-08.21:59:49 - Avalanche simulation id 5 (7nth simulation) terminated with error: 6 (5334 seconds).

Longitudinal diffusion generator: SIMD-oriented Fast Mersenne Twister
Initialising avalanche (Id: 11) with Heed track (thread 11) for muon with momentum 5e+09 at position 0 with angle 0
Garfield::RandomEngineSTL seed: -368254116
Cluster density for muon with momentum 5e+09 : 77.9916
TAvalanche1D::initialiseTrackHeed -- 4 electrons produced by heed track.

aval_explosive_behaviour_clt, c = -nan

2025-05-08.22:36:12 - Avalanche simulation id 11 (8nth simulation) terminated with error: 6 (2182 seconds).

Longitudinal diffusion generator: SIMD-oriented Fast Mersenne Twister
Initialising avalanche (Id: 12) with Heed track (thread 12) for muon with momentum 5e+09 at position 0 with angle 0
Garfield::RandomEngineSTL seed: -1589279803
Cluster density for muon with momentum 5e+09 : 77.9916
TAvalanche1D::initialiseTrackHeed -- 8 electrons produced by heed track.

aval_explosive_behaviour_clt, c = -nan

2025-05-08.23:02:51 - Avalanche simulation id 9 (9nth simulation) terminated with error: 6 (4031 seconds).

Longitudinal diffusion generator: SIMD-oriented Fast Mersenne Twister
Initialising avalanche (Id: 13) with Heed track (thread 13) for muon with momentum 5e+09 at position 0 with angle 0
Garfield::RandomEngineSTL seed: 1533380234
Cluster density for muon with momentum 5e+09 : 77.9916
TAvalanche1D::initialiseTrackHeed -- 10 electrons produced by heed track.

aval_explosive_behaviour_clt, c = -nan

2025-05-08.23:26:43 - Avalanche simulation id 10 (10nth simulation) terminated with error: 6 (5405 seconds).

Longitudinal diffusion generator: SIMD-oriented Fast Mersenne Twister
Initialising avalanche (Id: 14) with Heed track (thread 14) for muon with momentum 5e+09 at position 0 with angle 0
Garfield::RandomEngineSTL seed: -479110045
Cluster density for muon with momentum 5e+09 : 77.9916
TAvalanche1D::initialiseTrackHeed -- 14 electrons produced by heed track.

aval_explosive_behaviour_clt, c = -nan

2025-05-08.23:37:50 - Avalanche simulation id 8 (11nth simulation) terminated with error: 6 (6263 seconds).

Longitudinal diffusion generator: SIMD-oriented Fast Mersenne Twister
Initialising avalanche (Id: 15) with Heed track (thread 15) for muon with momentum 5e+09 at position 0 with angle 0
Garfield::RandomEngineSTL seed: -74060910
Cluster density for muon with momentum 5e+09 : 77.9916
TAvalanche1D::initialiseTrackHeed -- 8 electrons produced by heed track.

aval_explosive_behaviour_clt, c = -nan

2025-05-08.23:41:09 - Avalanche simulation id 12 (12nth simulation) terminated with error: 6 (3897 seconds).

Longitudinal diffusion generator: SIMD-oriented Fast Mersenne Twister
Initialising avalanche (Id: 16) with Heed track (thread 16) for muon with momentum 5e+09 at position 0 with angle 0
Garfield::RandomEngineSTL seed: 786559425
Cluster density for muon with momentum 5e+09 : 77.9916
TAvalanche1D::initialiseTrackHeed -- 10 electrons produced by heed track.

aval_explosive_behaviour_clt, c = -nan

2025-05-09.00:19:05 - Avalanche simulation id 15 (13nth simulation) terminated with error: 6 (2474 seconds).

Longitudinal diffusion generator: SIMD-oriented Fast Mersenne Twister
Initialising avalanche (Id: 17) with Heed track (thread 17) for muon with momentum 5e+09 at position 0 with angle 0
Garfield::RandomEngineSTL seed: 1374741552
Cluster density for muon with momentum 5e+09 : 77.9916
TAvalanche1D::initialiseTrackHeed -- 12 electrons produced by heed track.

aval_explosive_behaviour_clt, c = -nan

2025-05-09.00:33:08 - Avalanche simulation id 16 (14nth simulation) terminated with error: 6 (3118 seconds).

Longitudinal diffusion generator: SIMD-oriented Fast Mersenne Twister
Initialising avalanche (Id: 18) with Heed track (thread 18) for muon with momentum 5e+09 at position 0 with angle 0
Garfield::RandomEngineSTL seed: -1497141311
Cluster density for muon with momentum 5e+09 : 77.9916
TAvalanche1D::initialiseTrackHeed -- 14 electrons produced by heed track.

aval_explosive_behaviour_clt, c = -nan

2025-05-09.00:40:09 - Avalanche simulation id 13 (15nth simulation) terminated with error: 6 (5837 seconds).

Longitudinal diffusion generator: SIMD-oriented Fast Mersenne Twister
Initialising avalanche (Id: 19) with Heed track (thread 19) for muon with momentum 5e+09 at position 0 with angle 0
Garfield::RandomEngineSTL seed: 1863474349
Cluster density for muon with momentum 5e+09 : 77.9916
TAvalanche1D::initialiseTrackHeed -- 11 electrons produced by heed track.

aval_explosive_behaviour_clt, c = -nan

2025-05-09.00:50:09 - Avalanche simulation id 14 (16nth simulation) terminated with error: 6 (5005 seconds).

Longitudinal diffusion generator: SIMD-oriented Fast Mersenne Twister
Initialising avalanche (Id: 20) with Heed track (thread 20) for muon with momentum 5e+09 at position 0 with angle 0
Garfield::RandomEngineSTL seed: 1084696126
Cluster density for muon with momentum 5e+09 : 77.9916
TAvalanche1D::initialiseTrackHeed -- 17 electrons produced by heed track.

aval_explosive_behaviour_clt, c = -nan

2025-05-09.01:40:53 - Avalanche simulation id 20 (17nth simulation) terminated with error: 6 (3043 seconds).

Longitudinal diffusion generator: SIMD-oriented Fast Mersenne Twister
Initialising avalanche (Id: 21) with Heed track (thread 21) for muon with momentum 5e+09 at position 0 with angle 0
Garfield::RandomEngineSTL seed: 1901545865
Cluster density for muon with momentum 5e+09 : 77.9916
TAvalanche1D::initialiseTrackHeed -- 24 electrons produced by heed track.

aval_explosive_behaviour_clt, c = -nan

2025-05-09.01:58:12 - Avalanche simulation id 17 (18nth simulation) terminated with error: 6 (5947 seconds).

Longitudinal diffusion generator: SIMD-oriented Fast Mersenne Twister
Initialising avalanche (Id: 22) with Heed track (thread 22) for muon with momentum 5e+09 at position 0 with angle 0
Garfield::RandomEngineSTL seed: 49139005
Cluster density for muon with momentum 5e+09 : 77.9916
TAvalanche1D::initialiseTrackHeed -- 14 electrons produced by heed track.

aval_explosive_behaviour_clt, c = -nan

2025-05-09.02:21:02 - Avalanche simulation id 18 (19nth simulation) terminated with error: 6 (6474 seconds).

Longitudinal diffusion generator: SIMD-oriented Fast Mersenne Twister
Initialising avalanche (Id: 23) with Heed track (thread 23) for muon with momentum 5e+09 at position 0 with angle 0
Garfield::RandomEngineSTL seed: -693003353
Cluster density for muon with momentum 5e+09 : 77.9916
TAvalanche1D::initialiseTrackHeed -- 6 electrons produced by heed track.

aval_explosive_behaviour_clt, c = -nan

2025-05-09.02:25:42 - Avalanche simulation id 19 (20nth simulation) terminated with error: 6 (6333 seconds).

Longitudinal diffusion generator: SIMD-oriented Fast Mersenne Twister
Initialising avalanche (Id: 24) with Heed track (thread 24) for muon with momentum 5e+09 at position 0 with angle 0
Garfield::RandomEngineSTL seed: -1688077197
Cluster density for muon with momentum 5e+09 : 77.9916
TAvalanche1D::initialiseTrackHeed -- 11 electrons produced by heed track.

aval_explosive_behaviour_clt, c = -nan

2025-05-09.02:31:50 - Avalanche simulation id 21 (21nth simulation) terminated with error: 6 (3057 seconds).

Longitudinal diffusion generator: SIMD-oriented Fast Mersenne Twister
Initialising avalanche (Id: 25) with Heed track (thread 25) for muon with momentum 5e+09 at position 0 with angle 0
Garfield::RandomEngineSTL seed: 1396976859
Cluster density for muon with momentum 5e+09 : 77.9916
TAvalanche1D::initialiseTrackHeed -- 11 electrons produced by heed track.

aval_explosive_behaviour_clt, c = -nan

2025-05-09.03:02:01 - Avalanche simulation id 24 (22nth simulation) terminated with error: 6 (2178 seconds).

Longitudinal diffusion generator: SIMD-oriented Fast Mersenne Twister
Initialising avalanche (Id: 26) with Heed track (thread 26) for muon with momentum 5e+09 at position 0 with angle 0
Garfield::RandomEngineSTL seed: -87156427
Cluster density for muon with momentum 5e+09 : 77.9916
TAvalanche1D::initialiseTrackHeed -- 10 electrons produced by heed track.

aval_explosive_behaviour_clt, c = -nan

2025-05-09.03:05:53 - Avalanche simulation id 22 (23nth simulation) terminated with error: 6 (4060 seconds).

Longitudinal diffusion generator: SIMD-oriented Fast Mersenne Twister
Initialising avalanche (Id: 27) with Heed track (thread 27) for muon with momentum 5e+09 at position 0 with angle 0
Garfield::RandomEngineSTL seed: 1532710136
Cluster density for muon with momentum 5e+09 : 77.9916
TAvalanche1D::initialiseTrackHeed -- 8 electrons produced by heed track.

aval_explosive_behaviour_clt, c = -nan

2025-05-09.03:30:57 - Avalanche simulation id 25 (24nth simulation) terminated with error: 6 (3546 seconds).

Longitudinal diffusion generator: SIMD-oriented Fast Mersenne Twister
Initialising avalanche (Id: 28) with Heed track (thread 28) for muon with momentum 5e+09 at position 0 with angle 0
Garfield::RandomEngineSTL seed: -794760007
Cluster density for muon with momentum 5e+09 : 77.9916
TAvalanche1D::initialiseTrackHeed -- 10 electrons produced by heed track.

aval_explosive_behaviour_clt, c = -nan

2025-05-09.03:37:47 - Avalanche simulation id 23 (25nth simulation) terminated with error: 6 (4604 seconds).

Longitudinal diffusion generator: SIMD-oriented Fast Mersenne Twister
Initialising avalanche (Id: 29) with Heed track (thread 29) for muon with momentum 5e+09 at position 0 with angle 0
Garfield::RandomEngineSTL seed: -1458059195
Cluster density for muon with momentum 5e+09 : 77.9916
TAvalanche1D::initialiseTrackHeed -- 28 electrons produced by heed track.

aval_explosive_behaviour_clt, c = -nan

2025-05-09.04:07:43 - Avalanche simulation id 27 (26nth simulation) terminated with error: 6 (3709 seconds).

Longitudinal diffusion generator: SIMD-oriented Fast Mersenne Twister
Initialising avalanche (Id: 30) with Heed track (thread 30) for muon with momentum 5e+09 at position 0 with angle 0
Garfield::RandomEngineSTL seed: -500168495
Cluster density for muon with momentum 5e+09 : 77.9916
TAvalanche1D::initialiseTrackHeed -- 122 electrons produced by heed track.

aval_explosive_behaviour_clt, c = -nan

2025-05-09.04:39:04 - Avalanche simulation id 28 (27nth simulation) terminated with error: 6 (4087 seconds).

Longitudinal diffusion generator: SIMD-oriented Fast Mersenne Twister
Initialising avalanche (Id: 31) with Heed track (thread 31) for muon with momentum 5e+09 at position 0 with angle 0
Garfield::RandomEngineSTL seed: -1845576320
Cluster density for muon with momentum 5e+09 : 77.9916
TAvalanche1D::initialiseTrackHeed -- 20 electrons produced by heed track.

aval_explosive_behaviour_clt, c = -nan

2025-05-09.05:05:33 - Avalanche simulation id 26 (28nth simulation) terminated with error: 6 (7412 seconds).

Longitudinal diffusion generator: SIMD-oriented Fast Mersenne Twister
Initialising avalanche (Id: 32) with Heed track (thread 32) for muon with momentum 5e+09 at position 0 with angle 0
Garfield::RandomEngineSTL seed: 1939441146
Cluster density for muon with momentum 5e+09 : 77.9916
TAvalanche1D::initialiseTrackHeed -- 4 electrons produced by heed track.

aval_explosive_behaviour_clt, c = -nan

2025-05-09.05:17:11 - Avalanche simulation id 30 (29nth simulation) terminated with error: 6 (4167 seconds).

Longitudinal diffusion generator: SIMD-oriented Fast Mersenne Twister
Initialising avalanche (Id: 33) with Heed track (thread 33) for muon with momentum 5e+09 at position 0 with angle 0
Garfield::RandomEngineSTL seed: 1978508034
Cluster density for muon with momentum 5e+09 : 77.9916
TAvalanche1D::initialiseTrackHeed -- 12 electrons produced by heed track.

aval_explosive_behaviour_clt, c = -nan

2025-05-09.05:36:03 - Avalanche simulation id 29 (30nth simulation) terminated with error: 6 (7095 seconds).

Longitudinal diffusion generator: SIMD-oriented Fast Mersenne Twister
Initialising avalanche (Id: 34) with Heed track (thread 34) for muon with momentum 5e+09 at position 0 with angle 0
Garfield::RandomEngineSTL seed: 1287355026
Cluster density for muon with momentum 5e+09 : 77.9916
TAvalanche1D::initialiseTrackHeed -- 22 electrons produced by heed track.

aval_explosive_behaviour_clt, c = -nan

2025-05-09.05:36:44 - Avalanche simulation id 34 (31nth simulation) terminated with error: 6 (41 seconds).

Longitudinal diffusion generator: SIMD-oriented Fast Mersenne Twister
Initialising avalanche (Id: 35) with Heed track (thread 35) for muon with momentum 5e+09 at position 0 with angle 0
Garfield::RandomEngineSTL seed: -1225071937
Cluster density for muon with momentum 5e+09 : 77.9916
TAvalanche1D::initialiseTrackHeed -- 15 electrons produced by heed track.

aval_explosive_behaviour_clt, c = -nan

2025-05-09.05:58:20 - Avalanche simulation id 31 (32nth simulation) terminated with error: 6 (4756 seconds).

Longitudinal diffusion generator: SIMD-oriented Fast Mersenne Twister
Initialising avalanche (Id: 36) with Heed track (thread 36) for muon with momentum 5e+09 at position 0 with angle 0
Garfield::RandomEngineSTL seed: -694724154
Cluster density for muon with momentum 5e+09 : 77.9916
TAvalanche1D::initialiseTrackHeed -- 5 electrons produced by heed track.

aval_explosive_behaviour_clt, c = -nan

2025-05-09.06:14:53 - Avalanche simulation id 32 (33nth simulation) terminated with error: 6 (4160 seconds).

Longitudinal diffusion generator: SIMD-oriented Fast Mersenne Twister
Initialising avalanche (Id: 37) with Heed track (thread 37) for muon with momentum 5e+09 at position 0 with angle 0
Garfield::RandomEngineSTL seed: -699485802
Cluster density for muon with momentum 5e+09 : 77.9916
TAvalanche1D::initialiseTrackHeed -- 13 electrons produced by heed track.

aval_explosive_behaviour_clt, c = -nan

2025-05-09.06:43:05 - Avalanche simulation id 33 (34nth simulation) terminated with error: 6 (5154 seconds).

Longitudinal diffusion generator: SIMD-oriented Fast Mersenne Twister
Initialising avalanche (Id: 38) with Heed track (thread 38) for muon with momentum 5e+09 at position 0 with angle 0
Garfield::RandomEngineSTL seed: -719026092
Cluster density for muon with momentum 5e+09 : 77.9916
TAvalanche1D::initialiseTrackHeed -- 21 electrons produced by heed track.

aval_explosive_behaviour_clt, c = -nan

2025-05-09.06:47:15 - Avalanche simulation id 36 (35nth simulation) terminated with error: 6 (2935 seconds).

Longitudinal diffusion generator: SIMD-oriented Fast Mersenne Twister
Initialising avalanche (Id: 39) with Heed track (thread 39) for muon with momentum 5e+09 at position 0 with angle 0
Garfield::RandomEngineSTL seed: -1083345796
Cluster density for muon with momentum 5e+09 : 77.9916
TAvalanche1D::initialiseTrackHeed -- 10 electrons produced by heed track.

aval_explosive_behaviour_clt, c = -nan

2025-05-09.07:28:02 - Avalanche simulation id 35 (36nth simulation) terminated with error: 6 (6677 seconds).

Longitudinal diffusion generator: SIMD-oriented Fast Mersenne Twister
Initialising avalanche (Id: 40) with Heed track (thread 40) for muon with momentum 5e+09 at position 0 with angle 0
Garfield::RandomEngineSTL seed: -1669786670
Cluster density for muon with momentum 5e+09 : 77.9916
TAvalanche1D::initialiseTrackHeed -- 10 electrons produced by heed track.

aval_explosive_behaviour_clt, c = -nan

2025-05-09.07:54:10 - Avalanche simulation id 38 (37nth simulation) terminated with error: 6 (4265 seconds).

Longitudinal diffusion generator: SIMD-oriented Fast Mersenne Twister
Initialising avalanche (Id: 41) with Heed track (thread 41) for muon with momentum 5e+09 at position 0 with angle 0
Garfield::RandomEngineSTL seed: -419020711
Cluster density for muon with momentum 5e+09 : 77.9916
TAvalanche1D::initialiseTrackHeed -- 6 electrons produced by heed track.

aval_explosive_behaviour_clt, c = -nan

2025-05-09.08:05:01 - Avalanche simulation id 39 (38nth simulation) terminated with error: 6 (4665 seconds).

Longitudinal diffusion generator: SIMD-oriented Fast Mersenne Twister
Initialising avalanche (Id: 42) with Heed track (thread 42) for muon with momentum 5e+09 at position 0 with angle 0
Garfield::RandomEngineSTL seed: -459166528
Cluster density for muon with momentum 5e+09 : 77.9916
TAvalanche1D::initialiseTrackHeed -- 97 electrons produced by heed track.

aval_explosive_behaviour_clt, c = -nan

2025-05-09.08:12:00 - Avalanche simulation id 37 (39nth simulation) terminated with error: 6 (7027 seconds).

Longitudinal diffusion generator: SIMD-oriented Fast Mersenne Twister
Initialising avalanche (Id: 43) with Heed track (thread 43) for muon with momentum 5e+09 at position 0 with angle 0
Garfield::RandomEngineSTL seed: 1723146395
Cluster density for muon with momentum 5e+09 : 77.9916
TAvalanche1D::initialiseTrackHeed -- 22 electrons produced by heed track.

aval_explosive_behaviour_clt, c = -nan

2025-05-09.08:29:28 - Avalanche simulation id 40 (40nth simulation) terminated with error: 6 (3686 seconds).

Longitudinal diffusion generator: SIMD-oriented Fast Mersenne Twister
Initialising avalanche (Id: 44) with Heed track (thread 44) for muon with momentum 5e+09 at position 0 with angle 0
Garfield::RandomEngineSTL seed: 1379000847
Cluster density for muon with momentum 5e+09 : 77.9916
TAvalanche1D::initialiseTrackHeed -- 16 electrons produced by heed track.

aval_explosive_behaviour_clt, c = -nan

2025-05-09.08:48:08 - Avalanche simulation id 41 (41nth simulation) terminated with error: 6 (3237 seconds).

Longitudinal diffusion generator: SIMD-oriented Fast Mersenne Twister
Initialising avalanche (Id: 45) with Heed track (thread 45) for muon with momentum 5e+09 at position 0 with angle 0
Garfield::RandomEngineSTL seed: 484173601
Cluster density for muon with momentum 5e+09 : 77.9916
TAvalanche1D::initialiseTrackHeed -- 28 electrons produced by heed track.

aval_explosive_behaviour_clt, c = -nan

2025-05-09.09:45:10 - Avalanche simulation id 42 (42nth simulation) terminated with error: 6 (6008 seconds).

Longitudinal diffusion generator: SIMD-oriented Fast Mersenne Twister
Initialising avalanche (Id: 46) with Heed track (thread 46) for muon with momentum 5e+09 at position 0 with angle 0
Garfield::RandomEngineSTL seed: -2089769703
Cluster density for muon with momentum 5e+09 : 77.9916
TAvalanche1D::initialiseTrackHeed -- 11 electrons produced by heed track.

aval_explosive_behaviour_clt, c = -nan

2025-05-09.09:46:52 - Avalanche simulation id 45 (43nth simulation) terminated with error: 6 (3524 seconds).

Longitudinal diffusion generator: SIMD-oriented Fast Mersenne Twister
Initialising avalanche (Id: 47) with Heed track (thread 47) for muon with momentum 5e+09 at position 0 with angle 0
Garfield::RandomEngineSTL seed: -2056980102
Cluster density for muon with momentum 5e+09 : 77.9916
TAvalanche1D::initialiseTrackHeed -- 11 electrons produced by heed track.

aval_explosive_behaviour_clt, c = -nan

2025-05-09.10:03:36 - Avalanche simulation id 43 (44nth simulation) terminated with error: 6 (6695 seconds).

Longitudinal diffusion generator: SIMD-oriented Fast Mersenne Twister
Initialising avalanche (Id: 48) with Heed track (thread 48) for muon with momentum 5e+09 at position 0 with angle 0
Garfield::RandomEngineSTL seed: 861821301
Cluster density for muon with momentum 5e+09 : 77.9916
TAvalanche1D::initialiseTrackHeed -- 14 electrons produced by heed track.

aval_explosive_behaviour_clt, c = -nan

2025-05-09.10:19:12 - Avalanche simulation id 44 (45nth simulation) terminated with error: 6 (6584 seconds).

Longitudinal diffusion generator: SIMD-oriented Fast Mersenne Twister
Initialising avalanche (Id: 49) with Heed track (thread 49) for muon with momentum 5e+09 at position 0 with angle 0
Garfield::RandomEngineSTL seed: -608206253
Cluster density for muon with momentum 5e+09 : 77.9916
TAvalanche1D::initialiseTrackHeed -- 12 electrons produced by heed track.

aval_explosive_behaviour_clt, c = -nan

2025-05-09.11:23:41 - Avalanche simulation id 48 (46nth simulation) terminated with error: 6 (4804 seconds).

Longitudinal diffusion generator: SIMD-oriented Fast Mersenne Twister
Initialising avalanche (Id: 50) with Heed track (thread 50) for muon with momentum 5e+09 at position 0 with angle 0
Garfield::RandomEngineSTL seed: 2030710625
Cluster density for muon with momentum 5e+09 : 77.9916
TAvalanche1D::initialiseTrackHeed -- 7 electrons produced by heed track.

aval_explosive_behaviour_clt, c = -nan

2025-05-09.11:30:32 - Avalanche simulation id 46 (47nth simulation) terminated with error: 6 (6322 seconds).

Longitudinal diffusion generator: SIMD-oriented Fast Mersenne Twister
Initialising avalanche (Id: 51) with Heed track (thread 51) for muon with momentum 5e+09 at position 0 with angle 0
Garfield::RandomEngineSTL seed: -400161248
Cluster density for muon with momentum 5e+09 : 77.9916
TAvalanche1D::initialiseTrackHeed -- 21 electrons produced by heed track.

aval_explosive_behaviour_clt, c = -nan

2025-05-09.11:45:21 - Avalanche simulation id 47 (48nth simulation) terminated with error: 6 (7109 seconds).

Longitudinal diffusion generator: SIMD-oriented Fast Mersenne Twister
Initialising avalanche (Id: 52) with Heed track (thread 52) for muon with momentum 5e+09 at position 0 with angle 0
Garfield::RandomEngineSTL seed: 1129724259
Cluster density for muon with momentum 5e+09 : 77.9916
TAvalanche1D::initialiseTrackHeed -- 19 electrons produced by heed track.

aval_explosive_behaviour_clt, c = -nan

2025-05-09.12:22:01 - Avalanche simulation id 49 (49nth simulation) terminated with error: 6 (7368 seconds).

Longitudinal diffusion generator: SIMD-oriented Fast Mersenne Twister
Initialising avalanche (Id: 53) with Heed track (thread 53) for muon with momentum 5e+09 at position 0 with angle 0
Garfield::RandomEngineSTL seed: -2092507581
Cluster density for muon with momentum 5e+09 : 77.9916
TAvalanche1D::initialiseTrackHeed -- 9 electrons produced by heed track.

aval_explosive_behaviour_clt, c = -nan

2025-05-09.12:32:26 - Avalanche simulation id 51 (50nth simulation) terminated with error: 6 (3713 seconds).

Longitudinal diffusion generator: SIMD-oriented Fast Mersenne Twister
Initialising avalanche (Id: 54) with Heed track (thread 54) for muon with momentum 5e+09 at position 0 with angle 0
Garfield::RandomEngineSTL seed: -1515646807
Cluster density for muon with momentum 5e+09 : 77.9916
TAvalanche1D::initialiseTrackHeed -- 17 electrons produced by heed track.

aval_explosive_behaviour_clt, c = -nan

2025-05-09.12:45:28 - Avalanche simulation id 52 (51nth simulation) terminated with error: 6 (3607 seconds).

Longitudinal diffusion generator: SIMD-oriented Fast Mersenne Twister
Initialising avalanche (Id: 55) with Heed track (thread 55) for muon with momentum 5e+09 at position 0 with angle 0
Garfield::RandomEngineSTL seed: 786685123
Cluster density for muon with momentum 5e+09 : 77.9916
TAvalanche1D::initialiseTrackHeed -- 16 electrons produced by heed track.

aval_explosive_behaviour_clt, c = -nan

2025-05-09.13:18:37 - Avalanche simulation id 50 (52nth simulation) terminated with error: 6 (6895 seconds).

Longitudinal diffusion generator: SIMD-oriented Fast Mersenne Twister
Initialising avalanche (Id: 56) with Heed track (thread 56) for muon with momentum 5e+09 at position 0 with angle 0
Garfield::RandomEngineSTL seed: -121012027
Cluster density for muon with momentum 5e+09 : 77.9916
TAvalanche1D::initialiseTrackHeed -- 5 electrons produced by heed track.

aval_explosive_behaviour_clt, c = -nan

2025-05-09.13:37:54 - Avalanche simulation id 53 (53nth simulation) terminated with error: 6 (4553 seconds).

Longitudinal diffusion generator: SIMD-oriented Fast Mersenne Twister
Initialising avalanche (Id: 57) with Heed track (thread 57) for muon with momentum 5e+09 at position 0 with angle 0
Garfield::RandomEngineSTL seed: 1722401662
Cluster density for muon with momentum 5e+09 : 77.9916
TAvalanche1D::initialiseTrackHeed -- 43 electrons produced by heed track.

aval_explosive_behaviour_clt, c = -nan

2025-05-09.13:49:05 - Avalanche simulation id 54 (54nth simulation) terminated with error: 6 (4599 seconds).

Longitudinal diffusion generator: SIMD-oriented Fast Mersenne Twister
Initialising avalanche (Id: 58) with Heed track (thread 58) for muon with momentum 5e+09 at position 0 with angle 0
Garfield::RandomEngineSTL seed: 1453792733
Cluster density for muon with momentum 5e+09 : 77.9916
TAvalanche1D::initialiseTrackHeed -- 4 electrons produced by heed track.

aval_explosive_behaviour_clt, c = -nan

2025-05-09.14:00:31 - Avalanche simulation id 55 (55nth simulation) terminated with error: 6 (4503 seconds).

Longitudinal diffusion generator: SIMD-oriented Fast Mersenne Twister
Initialising avalanche (Id: 59) with Heed track (thread 59) for muon with momentum 5e+09 at position 0 with angle 0
Garfield::RandomEngineSTL seed: 1306119955
Cluster density for muon with momentum 5e+09 : 77.9916
TAvalanche1D::initialiseTrackHeed -- 8 electrons produced by heed track.

aval_explosive_behaviour_clt, c = -nan

2025-05-09.14:42:46 - Avalanche simulation id 59 (56nth simulation) terminated with error: 6 (2534 seconds).

Longitudinal diffusion generator: SIMD-oriented Fast Mersenne Twister
Initialising avalanche (Id: 60) with Heed track (thread 60) for muon with momentum 5e+09 at position 0 with angle 0
Garfield::RandomEngineSTL seed: 845718553
Cluster density for muon with momentum 5e+09 : 77.9916
TAvalanche1D::initialiseTrackHeed -- 8 electrons produced by heed track.

aval_explosive_behaviour_clt, c = -nan

2025-05-09.14:44:29 - Avalanche simulation id 58 (57nth simulation) terminated with error: 6 (3323 seconds).

Longitudinal diffusion generator: SIMD-oriented Fast Mersenne Twister
Initialising avalanche (Id: 61) with Heed track (thread 61) for muon with momentum 5e+09 at position 0 with angle 0
Garfield::RandomEngineSTL seed: -1082838076
Cluster density for muon with momentum 5e+09 : 77.9916
TAvalanche1D::initialiseTrackHeed -- 14 electrons produced by heed track.

aval_explosive_behaviour_clt, c = -nan

2025-05-09.15:02:12 - Avalanche simulation id 56 (58nth simulation) terminated with error: 6 (6215 seconds).

Longitudinal diffusion generator: SIMD-oriented Fast Mersenne Twister
Initialising avalanche (Id: 62) with Heed track (thread 62) for muon with momentum 5e+09 at position 0 with angle 0
Garfield::RandomEngineSTL seed: 523181905
Cluster density for muon with momentum 5e+09 : 77.9916
TAvalanche1D::initialiseTrackHeed -- 32 electrons produced by heed track.

aval_explosive_behaviour_clt, c = -nan

2025-05-09.15:20:51 - Avalanche simulation id 57 (59nth simulation) terminated with error: 6 (6176 seconds).

Longitudinal diffusion generator: SIMD-oriented Fast Mersenne Twister
Initialising avalanche (Id: 63) with Heed track (thread 63) for muon with momentum 5e+09 at position 0 with angle 0
Garfield::RandomEngineSTL seed: -1537786145
Cluster density for muon with momentum 5e+09 : 77.9916
TAvalanche1D::initialiseTrackHeed -- 10 electrons produced by heed track.

aval_explosive_behaviour_clt, c = -nan

2025-05-09.15:56:11 - Avalanche simulation id 60 (60nth simulation) terminated with error: 6 (4404 seconds).

Longitudinal diffusion generator: SIMD-oriented Fast Mersenne Twister
Initialising avalanche (Id: 64) with Heed track (thread 64) for muon with momentum 5e+09 at position 0 with angle 0
Garfield::RandomEngineSTL seed: -1389808507
Cluster density for muon with momentum 5e+09 : 77.9916
TAvalanche1D::initialiseTrackHeed -- 10 electrons produced by heed track.

aval_explosive_behaviour_clt, c = -nan

2025-05-09.16:14:28 - Avalanche simulation id 61 (61nth simulation) terminated with error: 6 (5398 seconds).

Longitudinal diffusion generator: SIMD-oriented Fast Mersenne Twister
Initialising avalanche (Id: 65) with Heed track (thread 65) for muon with momentum 5e+09 at position 0 with angle 0
Garfield::RandomEngineSTL seed: 192813942
Cluster density for muon with momentum 5e+09 : 77.9916
TAvalanche1D::initialiseTrackHeed -- 8 electrons produced by heed track.

aval_explosive_behaviour_clt, c = -nan

2025-05-09.16:35:36 - Avalanche simulation id 63 (62nth simulation) terminated with error: 6 (4485 seconds).

Longitudinal diffusion generator: SIMD-oriented Fast Mersenne Twister
Initialising avalanche (Id: 66) with Heed track (thread 66) for muon with momentum 5e+09 at position 0 with angle 0
Garfield::RandomEngineSTL seed: -1207566334
Cluster density for muon with momentum 5e+09 : 77.9916
TAvalanche1D::initialiseTrackHeed -- 16 electrons produced by heed track.

aval_explosive_behaviour_clt, c = -nan

2025-05-09.17:07:42 - Avalanche simulation id 62 (63nth simulation) terminated with error: 6 (7530 seconds).

Longitudinal diffusion generator: SIMD-oriented Fast Mersenne Twister
Initialising avalanche (Id: 67) with Heed track (thread 67) for muon with momentum 5e+09 at position 0 with angle 0
Garfield::RandomEngineSTL seed: 1605420710
Cluster density for muon with momentum 5e+09 : 77.9916
TAvalanche1D::initialiseTrackHeed -- 5 electrons produced by heed track.

aval_explosive_behaviour_clt, c = -nan

2025-05-09.17:33:16 - Avalanche simulation id 65 (64nth simulation) terminated with error: 6 (4728 seconds).

Longitudinal diffusion generator: SIMD-oriented Fast Mersenne Twister
Initialising avalanche (Id: 68) with Heed track (thread 68) for muon with momentum 5e+09 at position 0 with angle 0
Garfield::RandomEngineSTL seed: -1884133426
Cluster density for muon with momentum 5e+09 : 77.9916
TAvalanche1D::initialiseTrackHeed -- 12 electrons produced by heed track.

aval_explosive_behaviour_clt, c = -nan

2025-05-09.17:36:20 - Avalanche simulation id 64 (65nth simulation) terminated with error: 6 (6009 seconds).

Longitudinal diffusion generator: SIMD-oriented Fast Mersenne Twister
Initialising avalanche (Id: 69) with Heed track (thread 69) for muon with momentum 5e+09 at position 0 with angle 0
Garfield::RandomEngineSTL seed: -957262242
Cluster density for muon with momentum 5e+09 : 77.9916
TAvalanche1D::initialiseTrackHeed -- 5 electrons produced by heed track.

aval_explosive_behaviour_clt, c = -nan

2025-05-09.17:48:41 - Avalanche simulation id 66 (66nth simulation) terminated with error: 6 (4385 seconds).

Longitudinal diffusion generator: SIMD-oriented Fast Mersenne Twister
Initialising avalanche (Id: 70) with Heed track (thread 70) for muon with momentum 5e+09 at position 0 with angle 0
Garfield::RandomEngineSTL seed: -1051077030
Cluster density for muon with momentum 5e+09 : 77.9916
TAvalanche1D::initialiseTrackHeed -- 16 electrons produced by heed track.

aval_explosive_behaviour_clt, c = -nan

2025-05-09.17:49:08 - Avalanche simulation id 70 (67nth simulation) terminated with error: 6 (26 seconds).

Longitudinal diffusion generator: SIMD-oriented Fast Mersenne Twister
Initialising avalanche (Id: 71) with Heed track (thread 71) for muon with momentum 5e+09 at position 0 with angle 0
Garfield::RandomEngineSTL seed: -1610988335
Cluster density for muon with momentum 5e+09 : 77.9916
TAvalanche1D::initialiseTrackHeed -- 6 electrons produced by heed track.

aval_explosive_behaviour_clt, c = -nan

2025-05-09.18:29:21 - Avalanche simulation id 67 (68nth simulation) terminated with error: 6 (4899 seconds).

aval_explosive_behaviour_clt, c = -nan

2025-05-09.19:10:01 - Avalanche simulation id 71 (69nth simulation) terminated with error: 6 (4853 seconds).

aval_explosive_behaviour_clt, c = -nan

2025-05-09.19:20:12 - Avalanche simulation id 68 (70nth simulation) terminated with error: 6 (6415 seconds).

aval_explosive_behaviour_clt, c = -nan

2025-05-09.19:20:29 - Avalanche simulation id 69 (71nth simulation) terminated with error: 6 (6249 seconds).

