000 (55022.000.000) 2025-05-07 01:35:25 Job submitted from host: <[2a05:b400:104:100::500:82f]:19363?addrs=[2a05-b400-104-100--500-82f]-19363&alias=el9-06.hep.phy.cam.ac.uk>
...
040 (55022.000.000) 2025-05-07 01:35:25 Started transferring input files
	Transferring to host: <[2a05:b400:104:200::500:dc82]:43631?addrs=[2a05-b400-104-200--500-dc82]-43631&alias=wcdc-130.hep.phy.cam.ac.uk>
...
040 (55022.000.000) 2025-05-07 12:03:12 Finished transferring output files
...
005 (55022.000.000) 2025-05-07 12:03:12 Job terminated.
	(1) Normal termination (return value 0)
		Usr 1 17:02:27, Sys 0 00:00:26  -  Run Remote Usage
		Usr 0 00:00:00, Sys 0 00:00:00  -  Run Local Usage
		Usr 1 17:02:27, Sys 0 00:00:26  -  Total Remote Usage
		Usr 0 00:00:00, Sys 0 00:00:00  -  Total Local Usage
	6308013  -  Run Bytes Sent By Job
	634155521  -  Run Bytes Received By Job
	6308013  -  Total Bytes Sent By Job
	634155521  -  Total Bytes Received By Job
	Partitionable Resources :     Usage  Request Allocated 
	   Cpus                 :      1.99        4         4 
	   Disk (KB)            : 647547     4194304   4195328 
	   GPUs                 :                            0 
	   Memory (MB)          :    293        6144      6144 
	   TimeExecute (s)      :  37639                       
	   TimeSlotBusy (s)     :  37667                       

	Job terminated of its own accord at 2025-05-07T11:03:11Z with exit-code 0.
...
