000 (55022.005.000) 2025-05-07 01:35:25 Job submitted from host: <[2a05:b400:104:100::500:82f]:19363?addrs=[2a05-b400-104-100--500-82f]-19363&alias=el9-06.hep.phy.cam.ac.uk>
...
022 (55022.005.000) 2025-05-07 19:14:34 Job disconnected, attempting to reconnect
    Local schedd and job shadow died, schedd now running again
    Trying to reconnect to slot1_6@wcdc-003.hep.phy.cam.ac.uk <[2a05:b400:104:200::500:dc03]:35369?addrs=[2a05-b400-104-200--500-dc03]-35369&alias=wcdc-003.hep.phy.cam.ac.uk>
...
023 (55022.005.000) 2025-05-07 19:14:39 Job reconnected to slot1_6@wcdc-003.hep.phy.cam.ac.uk
    startd address: <[2a05:b400:104:200::500:dc03]:35369?addrs=[2a05-b400-104-200--500-dc03]-35369&alias=wcdc-003.hep.phy.cam.ac.uk>
    starter address: <[2a05:b400:104:200::500:dc03]:38035?addrs=[2a05-b400-104-200--500-dc03]-38035&alias=wcdc-003.hep.phy.cam.ac.uk>
...
040 (295.005.000) 2025-05-10 01:31:21 Started transferring output files
...
040 (295.005.000) 2025-05-10 01:31:21 Finished transferring output files
...
005 (295.005.000) 2025-05-10 01:31:21 Job terminated.
	(1) Normal termination (return value 0)
		Usr 4 23:58:54, Sys 0 00:02:03  -  Run Remote Usage
		Usr 0 00:00:00, Sys 0 00:00:00  -  Run Local Usage
		Usr 4 23:58:54, Sys 0 00:02:03  -  Total Remote Usage
		Usr 0 00:00:00, Sys 0 00:00:00  -  Total Local Usage
	6311036  -  Run Bytes Sent By Job
	634159930  -  Run Bytes Received By Job
	6311036  -  Total Bytes Sent By Job
	634159930  -  Total Bytes Received By Job
	Partitionable Resources :     Usage  Request Allocated 
	   Cpus                 :      0.99        4         4 
	   Disk (KB)            : 647551     4194304   4195328 
	   GPUs                 :                            0 
	   Memory (MB)          :    294        6144      6144 
	   TimeExecute (s)      : 110842                       
	   TimeSlotBusy (s)     : 110854                       

	Job terminated of its own accord at 2025-05-10T00:31:21Z with exit-code 0.
...
