000 (55022.001.000) 2025-05-07 01:35:25 Job submitted from host: <[2a05:b400:104:100::500:82f]:19363?addrs=[2a05-b400-104-100--500-82f]-19363&alias=el9-06.hep.phy.cam.ac.uk>
...
040 (55022.001.000) 2025-05-07 01:35:25 Started transferring input files
	Transferring to host: <[2a05:b400:104:200::500:dc81]:40519?addrs=[2a05-b400-104-200--500-dc81]-40519&alias=wcdc-129.hep.phy.cam.ac.uk>
...
040 (55022.001.000) 2025-05-07 17:59:04 Finished transferring output files
...
005 (55022.001.000) 2025-05-07 17:59:04 Job terminated.
	(1) Normal termination (return value 0)
		Usr 2 15:53:30, Sys 0 00:00:15  -  Run Remote Usage
		Usr 0 00:00:00, Sys 0 00:00:00  -  Run Local Usage
		Usr 2 15:53:30, Sys 0 00:00:15  -  Total Remote Usage
		Usr 0 00:00:00, Sys 0 00:00:00  -  Total Local Usage
	129369077  -  Run Bytes Sent By Job
	634155935  -  Run Bytes Received By Job
	129369077  -  Total Bytes Sent By Job
	634155935  -  Total Bytes Received By Job
	Partitionable Resources :     Usage  Request Allocated 
	   Cpus                 :      1.00        4         4 
	   Disk (KB)            : 745823     4194304   4195328 
	   GPUs                 :                            0 
	   Memory (MB)          :    293        6144      6144 
	   TimeExecute (s)      :  58989                       
	   TimeSlotBusy (s)     :  59019                       

	Job terminated of its own accord at 2025-05-07T16:59:02Z with exit-code 0.
...
