000 (55022.002.000) 2025-05-07 01:35:25 Job submitted from host: <[2a05:b400:104:100::500:82f]:19363?addrs=[2a05-b400-104-100--500-82f]-19363&alias=el9-06.hep.phy.cam.ac.uk>
...
040 (55022.002.000) 2025-05-07 01:35:25 Started transferring input files
	Transferring to host: <[2a05:b400:104:200::500:dc85]:37853?addrs=[2a05-b400-104-200--500-dc85]-37853&alias=wcdc-133.hep.phy.cam.ac.uk>
...
022 (55022.002.000) 2025-05-07 19:14:34 Job disconnected, attempting to reconnect
    Local schedd and job shadow died, schedd now running again
    Trying to reconnect to slot1_5@wcdc-133.hep.phy.cam.ac.uk <[2a05:b400:104:200::500:dc85]:35503?addrs=[2a05-b400-104-200--500-dc85]-35503&alias=wcdc-133.hep.phy.cam.ac.uk>
...
023 (55022.002.000) 2025-05-07 19:14:38 Job reconnected to slot1_5@wcdc-133.hep.phy.cam.ac.uk
    startd address: <[2a05:b400:104:200::500:dc85]:35503?addrs=[2a05-b400-104-200--500-dc85]-35503&alias=wcdc-133.hep.phy.cam.ac.uk>
    starter address: <[2a05:b400:104:200::500:dc85]:37853?addrs=[2a05-b400-104-200--500-dc85]-37853&alias=wcdc-133.hep.phy.cam.ac.uk>
...
040 (55022.002.000) 2025-05-08 15:04:30 Started transferring input files
	Transferring to host: <[2a05:b400:104:200::500:dc82]:38549?addrs=[2a05-b400-104-200--500-dc82]-38549&alias=wcdc-130.hep.phy.cam.ac.uk>
...
040 (55022.002.000) 2025-05-08 15:04:46 Finished transferring input files
...
001 (55022.002.000) 2025-05-08 15:04:46 Job executing on host: <[2a05:b400:104:200::500:dc82]:40365?addrs=[2a05-b400-104-200--500-dc82]-40365&alias=wcdc-130.hep.phy.cam.ac.uk>
	SlotName: slot1_6@wcdc-130.hep.phy.cam.ac.uk
	CondorScratchDir = "/var/work/condor/execute/dir_4125581"
	Cpus = 4
	Disk = 4195328
	GPUs = 0
	Memory = 6144
...
040 (295.002.000) 2025-05-09 20:28:03 Started transferring output files
...
040 (295.002.000) 2025-05-09 20:28:03 Finished transferring output files
...
005 (295.002.000) 2025-05-09 20:28:04 Job terminated.
	(1) Normal termination (return value 0)
		Usr 4 04:50:28, Sys 0 00:00:43  -  Run Remote Usage
		Usr 0 00:00:00, Sys 0 00:00:00  -  Run Local Usage
		Usr 4 04:50:28, Sys 0 00:00:43  -  Total Remote Usage
		Usr 0 00:00:00, Sys 0 00:00:00  -  Total Local Usage
	6313534  -  Run Bytes Sent By Job
	634155959  -  Run Bytes Received By Job
	6313534  -  Total Bytes Sent By Job
	634155959  -  Total Bytes Received By Job
	Partitionable Resources :     Usage  Request Allocated 
	   Cpus                 :      1.00        4         4 
	   Disk (KB)            : 647552     4194304   4195328 
	   GPUs                 :                            0 
	   Memory (MB)          :    269        6144      6144 
	   TimeExecute (s)      :  93182                       
	   TimeSlotBusy (s)     :  93196                       

	Job terminated of its own accord at 2025-05-09T19:28:03Z with exit-code 0.
...
