Configuration:
   Detector:
	 gap width: 0.1
	 steps: 500
	 electric field: 56000
	 ebar calculation steps: 140
	 anode: 0.12 cm, epsilon=5
	 cathode: 0.12 cm, epsilon=5
	 threshold: 3 pC
   Gas composition:
	 temperature: 293.15
	 pressure: 760
	 gases: 4
	 gas 0 -- name: c2h2f4 - percentage: 64
	 gas 1 -- name: co2 - percentage: 30
	 gas 2 -- name: isobutane - percentage: 5
	 gas 3 -- name: sf6 - percentage: 1
   Simulation parameters:
	 particle: muon
	 momentum: 5e+09
	 x0: 0
	 theta: 0
	 events to simulate: 72
	 threads to use: 4
	 outfile path: out/ATLAS_2024_56kV.dat
	 generator: SFMT
	 random global seed
	 Debug outputs: 0
	 verbose: 1
	 verbosity level: 1
	 snapshots: 0
Init SFMT generator with random seed: 1752773577
MediumMagboltz::SetComposition: C2H2F4/CO2/iC4H10/SF6 (64/30/5/1)
	Gas table file: C2H2F4-0.64_CO2-0.3_iC4H10-0.05_SF6-0.01_temp-293.15_pres-760.gas
MediumMagboltz::LoadGasFile:
    Reading file gastables/C2H2F4-0.64_CO2-0.3_iC4H10-0.05_SF6-0.01_temp-293.15_pres-760.gas.
    Version 13.
    Gas composition set to iC4H10/CO2/SF6/C2H2F4 (5/30/1/64).

Transport parameters:
	alpha: 263.706 cm-1
	eta: 24.5816 cm-1
	E: 56000 kV/cm
	Drift velocity: (0.0132117,0,0) cm/ns
	Ion Drift velocity: (0,0,0) cm/ns
	Diffusion coefficient: (0.00969106, 0.0118918) cm-1/2
	Dt: 0.0151381 ns

EbarTable filename: fDiffT:0.0118918-gapWidth:0.1-eps1:5-eps3:5-cathode:0.12-anode:0.12-Nstep:500-Dx:0.0002-EbarTableSize:140
Hash representation: 1458586540952277909
Computing Ebar Table ... 

TAvalanche::Computing cluster density.
TAvalanche::Computing electron density and cluster size.
Longitudinal diffusion generator: SIMD-oriented Fast Mersenne Twister
Initialising avalanche (Id: 0) with Heed track (thread 0) for muon with momentum 5e+09 at position 0 with angle 0
Garfield::RandomEngineSTL seed: 468874599
Cluster density for muon with momentum 5e+09 : 77.9916
TAvalanche1D::initialiseTrackHeed -- 16 electrons produced by heed track.

Longitudinal diffusion generator: SIMD-oriented Fast Mersenne Twister
Initialising avalanche (Id: 1) with Heed track (thread 1) for muon with momentum 5e+09 at position 0 with angle 0
Garfield::RandomEngineSTL seed: 162301615
Cluster density for muon with momentum 5e+09 : 77.9916
TAvalanche1D::initialiseTrackHeed -- 15 electrons produced by heed track.

Longitudinal diffusion generator: SIMD-oriented Fast Mersenne Twister
Initialising avalanche (Id: 2) with Heed track (thread 2) for muon with momentum 5e+09 at position 0 with angle 0
Garfield::RandomEngineSTL seed: -79482434
Cluster density for muon with momentum 5e+09 : 77.9916
TAvalanche1D::initialiseTrackHeed -- 7 electrons produced by heed track.

Longitudinal diffusion generator: SIMD-oriented Fast Mersenne Twister
Initialising avalanche (Id: 3) with Heed track (thread 3) for muon with momentum 5e+09 at position 0 with angle 0
Garfield::RandomEngineSTL seed: 1420560274
Cluster density for muon with momentum 5e+09 : 77.9916
TAvalanche1D::initialiseTrackHeed -- 20 electrons produced by heed track.


2025-05-08.19:03:22 - Avalanche simulation id 2 (0nth simulation) terminated with success (776 seconds).

Longitudinal diffusion generator: SIMD-oriented Fast Mersenne Twister
Initialising avalanche (Id: 4) with Heed track (thread 4) for muon with momentum 5e+09 at position 0 with angle 0
Garfield::RandomEngineSTL seed: -1529840865
Cluster density for muon with momentum 5e+09 : 77.9916
TAvalanche1D::initialiseTrackHeed -- 54 electrons produced by heed track.

aval_explosive_behaviour_clt, c = -nan

2025-05-08.19:59:33 - Avalanche simulation id 0 (1nth simulation) terminated with error: 6 (4148 seconds).

Longitudinal diffusion generator: SIMD-oriented Fast Mersenne Twister
Initialising avalanche (Id: 5) with Heed track (thread 5) for muon with momentum 5e+09 at position 0 with angle 0
Garfield::RandomEngineSTL seed: -2017330453
Cluster density for muon with momentum 5e+09 : 77.9916
TAvalanche1D::initialiseTrackHeed -- 25 electrons produced by heed track.

aval_explosive_behaviour_clt, c = -nan

2025-05-08.20:00:48 - Avalanche simulation id 1 (2nth simulation) terminated with error: 6 (4222 seconds).

Longitudinal diffusion generator: SIMD-oriented Fast Mersenne Twister
Initialising avalanche (Id: 6) with Heed track (thread 6) for muon with momentum 5e+09 at position 0 with angle 0
Garfield::RandomEngineSTL seed: -659396483
Cluster density for muon with momentum 5e+09 : 77.9916
TAvalanche1D::initialiseTrackHeed -- 42 electrons produced by heed track.

aval_explosive_behaviour_clt, c = -nan

2025-05-08.20:48:51 - Avalanche simulation id 4 (3nth simulation) terminated with error: 6 (6328 seconds).

Longitudinal diffusion generator: SIMD-oriented Fast Mersenne Twister
Initialising avalanche (Id: 7) with Heed track (thread 7) for muon with momentum 5e+09 at position 0 with angle 0
Garfield::RandomEngineSTL seed: 2112497056
Cluster density for muon with momentum 5e+09 : 77.9916
TAvalanche1D::initialiseTrackHeed -- 8 electrons produced by heed track.

aval_explosive_behaviour_clt, c = -nan

2025-05-08.21:06:53 - Avalanche simulation id 3 (4nth simulation) terminated with error: 6 (8187 seconds).

Longitudinal diffusion generator: SIMD-oriented Fast Mersenne Twister
Initialising avalanche (Id: 8) with Heed track (thread 8) for muon with momentum 5e+09 at position 0 with angle 0
Garfield::RandomEngineSTL seed: 1280151882
Cluster density for muon with momentum 5e+09 : 77.9916
TAvalanche1D::initialiseTrackHeed -- 16 electrons produced by heed track.

aval_explosive_behaviour_clt, c = -nan

2025-05-08.21:27:22 - Avalanche simulation id 6 (5nth simulation) terminated with error: 6 (5194 seconds).

Longitudinal diffusion generator: SIMD-oriented Fast Mersenne Twister
Initialising avalanche (Id: 9) with Heed track (thread 9) for muon with momentum 5e+09 at position 0 with angle 0
Garfield::RandomEngineSTL seed: 186383195
Cluster density for muon with momentum 5e+09 : 77.9916
TAvalanche1D::initialiseTrackHeed -- 18 electrons produced by heed track.

aval_explosive_behaviour_clt, c = -nan

2025-05-08.21:57:07 - Avalanche simulation id 5 (6nth simulation) terminated with error: 6 (7054 seconds).

Longitudinal diffusion generator: SIMD-oriented Fast Mersenne Twister
Initialising avalanche (Id: 10) with Heed track (thread 10) for muon with momentum 5e+09 at position 0 with angle 0
Garfield::RandomEngineSTL seed: 147029679
Cluster density for muon with momentum 5e+09 : 77.9916
TAvalanche1D::initialiseTrackHeed -- 9 electrons produced by heed track.

aval_explosive_behaviour_clt, c = -nan

2025-05-08.22:25:35 - Avalanche simulation id 7 (7nth simulation) terminated with error: 6 (5804 seconds).

Longitudinal diffusion generator: SIMD-oriented Fast Mersenne Twister
Initialising avalanche (Id: 11) with Heed track (thread 11) for muon with momentum 5e+09 at position 0 with angle 0
Garfield::RandomEngineSTL seed: -503463175
Cluster density for muon with momentum 5e+09 : 77.9916
TAvalanche1D::initialiseTrackHeed -- 19 electrons produced by heed track.

aval_explosive_behaviour_clt, c = -nan

2025-05-08.22:55:55 - Avalanche simulation id 8 (8nth simulation) terminated with error: 6 (6542 seconds).

Longitudinal diffusion generator: SIMD-oriented Fast Mersenne Twister
Initialising avalanche (Id: 12) with Heed track (thread 12) for muon with momentum 5e+09 at position 0 with angle 0
Garfield::RandomEngineSTL seed: 1397115290
Cluster density for muon with momentum 5e+09 : 77.9916
TAvalanche1D::initialiseTrackHeed -- 4 electrons produced by heed track.

aval_explosive_behaviour_clt, c = -nan

2025-05-08.23:20:54 - Avalanche simulation id 9 (9nth simulation) terminated with error: 6 (6811 seconds).

Longitudinal diffusion generator: SIMD-oriented Fast Mersenne Twister
Initialising avalanche (Id: 13) with Heed track (thread 13) for muon with momentum 5e+09 at position 0 with angle 0
Garfield::RandomEngineSTL seed: -328038456
Cluster density for muon with momentum 5e+09 : 77.9916
TAvalanche1D::initialiseTrackHeed -- 9 electrons produced by heed track.

aval_explosive_behaviour_clt, c = -nan

2025-05-08.23:26:09 - Avalanche simulation id 10 (10nth simulation) terminated with error: 6 (5341 seconds).

Longitudinal diffusion generator: SIMD-oriented Fast Mersenne Twister
Initialising avalanche (Id: 14) with Heed track (thread 14) for muon with momentum 5e+09 at position 0 with angle 0
Garfield::RandomEngineSTL seed: -1566891359
Cluster density for muon with momentum 5e+09 : 77.9916
TAvalanche1D::initialiseTrackHeed -- 23 electrons produced by heed track.

aval_explosive_behaviour_clt, c = -nan

2025-05-08.23:45:15 - Avalanche simulation id 11 (11nth simulation) terminated with error: 6 (4780 seconds).

Longitudinal diffusion generator: SIMD-oriented Fast Mersenne Twister
Initialising avalanche (Id: 15) with Heed track (thread 15) for muon with momentum 5e+09 at position 0 with angle 0
Garfield::RandomEngineSTL seed: -297221763
Cluster density for muon with momentum 5e+09 : 77.9916
TAvalanche1D::initialiseTrackHeed -- 11 electrons produced by heed track.

aval_explosive_behaviour_clt, c = -nan

2025-05-09.00:21:10 - Avalanche simulation id 12 (12nth simulation) terminated with error: 6 (5114 seconds).

Longitudinal diffusion generator: SIMD-oriented Fast Mersenne Twister
Initialising avalanche (Id: 16) with Heed track (thread 16) for muon with momentum 5e+09 at position 0 with angle 0
Garfield::RandomEngineSTL seed: -1457527003
Cluster density for muon with momentum 5e+09 : 77.9916
TAvalanche1D::initialiseTrackHeed -- 30 electrons produced by heed track.

aval_explosive_behaviour_clt, c = -nan

2025-05-09.00:42:51 - Avalanche simulation id 13 (13nth simulation) terminated with error: 6 (4916 seconds).

Longitudinal diffusion generator: SIMD-oriented Fast Mersenne Twister
Initialising avalanche (Id: 17) with Heed track (thread 17) for muon with momentum 5e+09 at position 0 with angle 0
Garfield::RandomEngineSTL seed: 743318673
Cluster density for muon with momentum 5e+09 : 77.9916
TAvalanche1D::initialiseTrackHeed -- 7 electrons produced by heed track.

aval_explosive_behaviour_clt, c = -nan

2025-05-09.00:53:39 - Avalanche simulation id 14 (14nth simulation) terminated with error: 6 (5250 seconds).

Longitudinal diffusion generator: SIMD-oriented Fast Mersenne Twister
Initialising avalanche (Id: 18) with Heed track (thread 18) for muon with momentum 5e+09 at position 0 with angle 0
Garfield::RandomEngineSTL seed: 1184212196
Cluster density for muon with momentum 5e+09 : 77.9916
TAvalanche1D::initialiseTrackHeed -- 7 electrons produced by heed track.

aval_explosive_behaviour_clt, c = -nan

2025-05-09.01:16:13 - Avalanche simulation id 16 (15nth simulation) terminated with error: 6 (3303 seconds).

Longitudinal diffusion generator: SIMD-oriented Fast Mersenne Twister
Initialising avalanche (Id: 19) with Heed track (thread 19) for muon with momentum 5e+09 at position 0 with angle 0
Garfield::RandomEngineSTL seed: 867036857
Cluster density for muon with momentum 5e+09 : 77.9916
TAvalanche1D::initialiseTrackHeed -- 30 electrons produced by heed track.

aval_explosive_behaviour_clt, c = -nan

2025-05-09.01:34:55 - Avalanche simulation id 15 (16nth simulation) terminated with error: 6 (6579 seconds).

Longitudinal diffusion generator: SIMD-oriented Fast Mersenne Twister
Initialising avalanche (Id: 20) with Heed track (thread 20) for muon with momentum 5e+09 at position 0 with angle 0
Garfield::RandomEngineSTL seed: 495320069
Cluster density for muon with momentum 5e+09 : 77.9916
TAvalanche1D::initialiseTrackHeed -- 15 electrons produced by heed track.

aval_explosive_behaviour_clt, c = -nan

2025-05-09.02:12:53 - Avalanche simulation id 19 (17nth simulation) terminated with error: 6 (3399 seconds).

Longitudinal diffusion generator: SIMD-oriented Fast Mersenne Twister
Initialising avalanche (Id: 21) with Heed track (thread 21) for muon with momentum 5e+09 at position 0 with angle 0
Garfield::RandomEngineSTL seed: 1423070975
Cluster density for muon with momentum 5e+09 : 77.9916
TAvalanche1D::initialiseTrackHeed -- 12 electrons produced by heed track.

aval_explosive_behaviour_clt, c = -nan

2025-05-09.02:20:22 - Avalanche simulation id 17 (18nth simulation) terminated with error: 6 (5851 seconds).

Longitudinal diffusion generator: SIMD-oriented Fast Mersenne Twister
Initialising avalanche (Id: 22) with Heed track (thread 22) for muon with momentum 5e+09 at position 0 with angle 0
Garfield::RandomEngineSTL seed: -318956615
Cluster density for muon with momentum 5e+09 : 77.9916
TAvalanche1D::initialiseTrackHeed -- 20 electrons produced by heed track.

aval_explosive_behaviour_clt, c = -nan

2025-05-09.02:21:48 - Avalanche simulation id 18 (19nth simulation) terminated with error: 6 (5288 seconds).

Longitudinal diffusion generator: SIMD-oriented Fast Mersenne Twister
Initialising avalanche (Id: 23) with Heed track (thread 23) for muon with momentum 5e+09 at position 0 with angle 0
Garfield::RandomEngineSTL seed: -273239364
Cluster density for muon with momentum 5e+09 : 77.9916
TAvalanche1D::initialiseTrackHeed -- 15 electrons produced by heed track.

aval_explosive_behaviour_clt, c = -nan

2025-05-09.02:55:33 - Avalanche simulation id 20 (20nth simulation) terminated with error: 6 (4837 seconds).

Longitudinal diffusion generator: SIMD-oriented Fast Mersenne Twister
Initialising avalanche (Id: 24) with Heed track (thread 24) for muon with momentum 5e+09 at position 0 with angle 0
Garfield::RandomEngineSTL seed: -1376514014
Cluster density for muon with momentum 5e+09 : 77.9916
TAvalanche1D::initialiseTrackHeed -- 16 electrons produced by heed track.

aval_explosive_behaviour_clt, c = -nan

2025-05-09.03:44:37 - Avalanche simulation id 23 (21nth simulation) terminated with error: 6 (4969 seconds).

Longitudinal diffusion generator: SIMD-oriented Fast Mersenne Twister
Initialising avalanche (Id: 25) with Heed track (thread 25) for muon with momentum 5e+09 at position 0 with angle 0
Garfield::RandomEngineSTL seed: 755821811
Cluster density for muon with momentum 5e+09 : 77.9916
TAvalanche1D::initialiseTrackHeed -- 7 electrons produced by heed track.

aval_explosive_behaviour_clt, c = -nan

2025-05-09.03:54:39 - Avalanche simulation id 21 (22nth simulation) terminated with error: 6 (6105 seconds).

Longitudinal diffusion generator: SIMD-oriented Fast Mersenne Twister
Initialising avalanche (Id: 26) with Heed track (thread 26) for muon with momentum 5e+09 at position 0 with angle 0
Garfield::RandomEngineSTL seed: -45302897
Cluster density for muon with momentum 5e+09 : 77.9916
TAvalanche1D::initialiseTrackHeed -- 8 electrons produced by heed track.

aval_explosive_behaviour_clt, c = -nan

2025-05-09.04:15:32 - Avalanche simulation id 22 (23nth simulation) terminated with error: 6 (6910 seconds).

Longitudinal diffusion generator: SIMD-oriented Fast Mersenne Twister
Initialising avalanche (Id: 27) with Heed track (thread 27) for muon with momentum 5e+09 at position 0 with angle 0
Garfield::RandomEngineSTL seed: 663890397
Cluster density for muon with momentum 5e+09 : 77.9916
TAvalanche1D::initialiseTrackHeed -- 13 electrons produced by heed track.

aval_explosive_behaviour_clt, c = -nan

2025-05-09.04:47:59 - Avalanche simulation id 24 (24nth simulation) terminated with error: 6 (6746 seconds).

Longitudinal diffusion generator: SIMD-oriented Fast Mersenne Twister
Initialising avalanche (Id: 28) with Heed track (thread 28) for muon with momentum 5e+09 at position 0 with angle 0
Garfield::RandomEngineSTL seed: 722954009
Cluster density for muon with momentum 5e+09 : 77.9916
TAvalanche1D::initialiseTrackHeed -- 3 electrons produced by heed track.

aval_explosive_behaviour_clt, c = -nan

2025-05-09.05:08:57 - Avalanche simulation id 25 (25nth simulation) terminated with error: 6 (5059 seconds).

Longitudinal diffusion generator: SIMD-oriented Fast Mersenne Twister
Initialising avalanche (Id: 29) with Heed track (thread 29) for muon with momentum 5e+09 at position 0 with angle 0
Garfield::RandomEngineSTL seed: 1727682273
Cluster density for muon with momentum 5e+09 : 77.9916
TAvalanche1D::initialiseTrackHeed -- 7 electrons produced by heed track.

aval_explosive_behaviour_clt, c = -nan

2025-05-09.05:31:04 - Avalanche simulation id 26 (26nth simulation) terminated with error: 6 (5785 seconds).

Longitudinal diffusion generator: SIMD-oriented Fast Mersenne Twister
Initialising avalanche (Id: 30) with Heed track (thread 30) for muon with momentum 5e+09 at position 0 with angle 0
Garfield::RandomEngineSTL seed: -1151479098
Cluster density for muon with momentum 5e+09 : 77.9916
TAvalanche1D::initialiseTrackHeed -- 15 electrons produced by heed track.

aval_explosive_behaviour_clt, c = -nan

2025-05-09.05:31:07 - Avalanche simulation id 27 (27nth simulation) terminated with error: 6 (4534 seconds).

Longitudinal diffusion generator: SIMD-oriented Fast Mersenne Twister
Initialising avalanche (Id: 31) with Heed track (thread 31) for muon with momentum 5e+09 at position 0 with angle 0
Garfield::RandomEngineSTL seed: 671759042
Cluster density for muon with momentum 5e+09 : 77.9916
TAvalanche1D::initialiseTrackHeed -- 26 electrons produced by heed track.

aval_explosive_behaviour_clt, c = -nan

2025-05-09.05:55:25 - Avalanche simulation id 28 (28nth simulation) terminated with error: 6 (4045 seconds).

Longitudinal diffusion generator: SIMD-oriented Fast Mersenne Twister
Initialising avalanche (Id: 32) with Heed track (thread 32) for muon with momentum 5e+09 at position 0 with angle 0
Garfield::RandomEngineSTL seed: 1044726809
Cluster density for muon with momentum 5e+09 : 77.9916
TAvalanche1D::initialiseTrackHeed -- 8 electrons produced by heed track.

aval_explosive_behaviour_clt, c = -nan

2025-05-09.06:42:45 - Avalanche simulation id 30 (29nth simulation) terminated with error: 6 (4300 seconds).

Longitudinal diffusion generator: SIMD-oriented Fast Mersenne Twister
Initialising avalanche (Id: 33) with Heed track (thread 33) for muon with momentum 5e+09 at position 0 with angle 0
Garfield::RandomEngineSTL seed: -937089687
Cluster density for muon with momentum 5e+09 : 77.9916
TAvalanche1D::initialiseTrackHeed -- 15 electrons produced by heed track.

aval_explosive_behaviour_clt, c = -nan

2025-05-09.06:44:02 - Avalanche simulation id 29 (30nth simulation) terminated with error: 6 (5705 seconds).

Longitudinal diffusion generator: SIMD-oriented Fast Mersenne Twister
Initialising avalanche (Id: 34) with Heed track (thread 34) for muon with momentum 5e+09 at position 0 with angle 0
Garfield::RandomEngineSTL seed: -998791659
Cluster density for muon with momentum 5e+09 : 77.9916
TAvalanche1D::initialiseTrackHeed -- 17 electrons produced by heed track.

aval_explosive_behaviour_clt, c = -nan

2025-05-09.06:46:49 - Avalanche simulation id 31 (31nth simulation) terminated with error: 6 (4541 seconds).

Longitudinal diffusion generator: SIMD-oriented Fast Mersenne Twister
Initialising avalanche (Id: 35) with Heed track (thread 35) for muon with momentum 5e+09 at position 0 with angle 0
Garfield::RandomEngineSTL seed: -1746259708
Cluster density for muon with momentum 5e+09 : 77.9916
TAvalanche1D::initialiseTrackHeed -- 22 electrons produced by heed track.

aval_explosive_behaviour_clt, c = -nan

2025-05-09.07:29:50 - Avalanche simulation id 32 (32nth simulation) terminated with error: 6 (5665 seconds).

Longitudinal diffusion generator: SIMD-oriented Fast Mersenne Twister
Initialising avalanche (Id: 36) with Heed track (thread 36) for muon with momentum 5e+09 at position 0 with angle 0
Garfield::RandomEngineSTL seed: 952133712
Cluster density for muon with momentum 5e+09 : 77.9916
TAvalanche1D::initialiseTrackHeed -- 22 electrons produced by heed track.

aval_explosive_behaviour_clt, c = -nan

2025-05-09.08:07:42 - Avalanche simulation id 33 (33nth simulation) terminated with error: 6 (5096 seconds).

Longitudinal diffusion generator: SIMD-oriented Fast Mersenne Twister
Initialising avalanche (Id: 37) with Heed track (thread 37) for muon with momentum 5e+09 at position 0 with angle 0
Garfield::RandomEngineSTL seed: 708179656
Cluster density for muon with momentum 5e+09 : 77.9916
TAvalanche1D::initialiseTrackHeed -- 37 electrons produced by heed track.

aval_explosive_behaviour_clt, c = -nan

2025-05-09.08:12:49 - Avalanche simulation id 34 (34nth simulation) terminated with error: 6 (5326 seconds).

Longitudinal diffusion generator: SIMD-oriented Fast Mersenne Twister
Initialising avalanche (Id: 38) with Heed track (thread 38) for muon with momentum 5e+09 at position 0 with angle 0
Garfield::RandomEngineSTL seed: -848206572
Cluster density for muon with momentum 5e+09 : 77.9916
TAvalanche1D::initialiseTrackHeed -- 7 electrons produced by heed track.

aval_explosive_behaviour_clt, c = -nan

2025-05-09.08:14:23 - Avalanche simulation id 35 (35nth simulation) terminated with error: 6 (5254 seconds).

Longitudinal diffusion generator: SIMD-oriented Fast Mersenne Twister
Initialising avalanche (Id: 39) with Heed track (thread 39) for muon with momentum 5e+09 at position 0 with angle 0
Garfield::RandomEngineSTL seed: 90828425
Cluster density for muon with momentum 5e+09 : 77.9916
TAvalanche1D::initialiseTrackHeed -- 14 electrons produced by heed track.

aval_explosive_behaviour_clt, c = -nan

2025-05-09.09:02:18 - Avalanche simulation id 37 (36nth simulation) terminated with error: 6 (3276 seconds).

Longitudinal diffusion generator: SIMD-oriented Fast Mersenne Twister
Initialising avalanche (Id: 40) with Heed track (thread 40) for muon with momentum 5e+09 at position 0 with angle 0
Garfield::RandomEngineSTL seed: 1745706921
Cluster density for muon with momentum 5e+09 : 77.9916
TAvalanche1D::initialiseTrackHeed -- 20 electrons produced by heed track.

aval_explosive_behaviour_clt, c = -nan

2025-05-09.09:18:17 - Avalanche simulation id 36 (37nth simulation) terminated with error: 6 (6506 seconds).

Longitudinal diffusion generator: SIMD-oriented Fast Mersenne Twister
Initialising avalanche (Id: 41) with Heed track (thread 41) for muon with momentum 5e+09 at position 0 with angle 0
Garfield::RandomEngineSTL seed: -954678841
Cluster density for muon with momentum 5e+09 : 77.9916
TAvalanche1D::initialiseTrackHeed -- 26 electrons produced by heed track.

aval_explosive_behaviour_clt, c = -nan

2025-05-09.09:43:39 - Avalanche simulation id 38 (38nth simulation) terminated with error: 6 (5450 seconds).

Longitudinal diffusion generator: SIMD-oriented Fast Mersenne Twister
Initialising avalanche (Id: 42) with Heed track (thread 42) for muon with momentum 5e+09 at position 0 with angle 0
Garfield::RandomEngineSTL seed: 498012259
Cluster density for muon with momentum 5e+09 : 77.9916
TAvalanche1D::initialiseTrackHeed -- 17 electrons produced by heed track.

aval_explosive_behaviour_clt, c = -nan

2025-05-09.09:44:15 - Avalanche simulation id 39 (39nth simulation) terminated with error: 6 (5391 seconds).

Longitudinal diffusion generator: SIMD-oriented Fast Mersenne Twister
Initialising avalanche (Id: 43) with Heed track (thread 43) for muon with momentum 5e+09 at position 0 with angle 0
Garfield::RandomEngineSTL seed: -1699324598
Cluster density for muon with momentum 5e+09 : 77.9916
TAvalanche1D::initialiseTrackHeed -- 4 electrons produced by heed track.

aval_explosive_behaviour_clt, c = -nan

2025-05-09.10:21:06 - Avalanche simulation id 40 (40nth simulation) terminated with error: 6 (4727 seconds).

Longitudinal diffusion generator: SIMD-oriented Fast Mersenne Twister
Initialising avalanche (Id: 44) with Heed track (thread 44) for muon with momentum 5e+09 at position 0 with angle 0
Garfield::RandomEngineSTL seed: 1491154608
Cluster density for muon with momentum 5e+09 : 77.9916
TAvalanche1D::initialiseTrackHeed -- 21 electrons produced by heed track.

aval_explosive_behaviour_clt, c = -nan

2025-05-09.11:01:35 - Avalanche simulation id 42 (41nth simulation) terminated with error: 6 (4676 seconds).

Longitudinal diffusion generator: SIMD-oriented Fast Mersenne Twister
Initialising avalanche (Id: 45) with Heed track (thread 45) for muon with momentum 5e+09 at position 0 with angle 0
Garfield::RandomEngineSTL seed: -665268258
Cluster density for muon with momentum 5e+09 : 77.9916
TAvalanche1D::initialiseTrackHeed -- 12 electrons produced by heed track.

aval_explosive_behaviour_clt, c = -nan

2025-05-09.11:02:09 - Avalanche simulation id 43 (42nth simulation) terminated with error: 6 (4674 seconds).

Longitudinal diffusion generator: SIMD-oriented Fast Mersenne Twister
Initialising avalanche (Id: 46) with Heed track (thread 46) for muon with momentum 5e+09 at position 0 with angle 0
Garfield::RandomEngineSTL seed: 22321110
Cluster density for muon with momentum 5e+09 : 77.9916
TAvalanche1D::initialiseTrackHeed -- 14 electrons produced by heed track.

aval_explosive_behaviour_clt, c = -nan

2025-05-09.11:06:23 - Avalanche simulation id 41 (43nth simulation) terminated with error: 6 (6486 seconds).

Longitudinal diffusion generator: SIMD-oriented Fast Mersenne Twister
Initialising avalanche (Id: 47) with Heed track (thread 47) for muon with momentum 5e+09 at position 0 with angle 0
Garfield::RandomEngineSTL seed: 2132400066
Cluster density for muon with momentum 5e+09 : 77.9916
TAvalanche1D::initialiseTrackHeed -- 11 electrons produced by heed track.

aval_explosive_behaviour_clt, c = -nan

2025-05-09.11:47:24 - Avalanche simulation id 44 (44nth simulation) terminated with error: 6 (5178 seconds).

Longitudinal diffusion generator: SIMD-oriented Fast Mersenne Twister
Initialising avalanche (Id: 48) with Heed track (thread 48) for muon with momentum 5e+09 at position 0 with angle 0
Garfield::RandomEngineSTL seed: -1525448573
Cluster density for muon with momentum 5e+09 : 77.9916
TAvalanche1D::initialiseTrackHeed -- 8 electrons produced by heed track.

aval_explosive_behaviour_clt, c = -nan

2025-05-09.12:11:28 - Avalanche simulation id 46 (45nth simulation) terminated with error: 6 (4158 seconds).

Longitudinal diffusion generator: SIMD-oriented Fast Mersenne Twister
Initialising avalanche (Id: 49) with Heed track (thread 49) for muon with momentum 5e+09 at position 0 with angle 0
Garfield::RandomEngineSTL seed: 323961377
Cluster density for muon with momentum 5e+09 : 77.9916
TAvalanche1D::initialiseTrackHeed -- 9 electrons produced by heed track.

aval_explosive_behaviour_clt, c = -nan

2025-05-09.12:11:53 - Avalanche simulation id 47 (46nth simulation) terminated with error: 6 (3929 seconds).

Longitudinal diffusion generator: SIMD-oriented Fast Mersenne Twister
Initialising avalanche (Id: 50) with Heed track (thread 50) for muon with momentum 5e+09 at position 0 with angle 0
Garfield::RandomEngineSTL seed: -386434665
Cluster density for muon with momentum 5e+09 : 77.9916
TAvalanche1D::initialiseTrackHeed -- 5 electrons produced by heed track.

aval_explosive_behaviour_clt, c = -nan

2025-05-09.12:32:21 - Avalanche simulation id 45 (47nth simulation) terminated with error: 6 (5446 seconds).

Longitudinal diffusion generator: SIMD-oriented Fast Mersenne Twister
Initialising avalanche (Id: 51) with Heed track (thread 51) for muon with momentum 5e+09 at position 0 with angle 0
Garfield::RandomEngineSTL seed: 909634559
Cluster density for muon with momentum 5e+09 : 77.9916
TAvalanche1D::initialiseTrackHeed -- 10 electrons produced by heed track.

aval_explosive_behaviour_clt, c = -nan

2025-05-09.13:33:25 - Avalanche simulation id 50 (48nth simulation) terminated with error: 6 (4892 seconds).

Longitudinal diffusion generator: SIMD-oriented Fast Mersenne Twister
Initialising avalanche (Id: 52) with Heed track (thread 52) for muon with momentum 5e+09 at position 0 with angle 0
Garfield::RandomEngineSTL seed: -1187126572
Cluster density for muon with momentum 5e+09 : 77.9916
TAvalanche1D::initialiseTrackHeed -- 4 electrons produced by heed track.

aval_explosive_behaviour_clt, c = -nan

2025-05-09.13:34:06 - Avalanche simulation id 49 (49nth simulation) terminated with error: 6 (4958 seconds).

Longitudinal diffusion generator: SIMD-oriented Fast Mersenne Twister
Initialising avalanche (Id: 53) with Heed track (thread 53) for muon with momentum 5e+09 at position 0 with angle 0
Garfield::RandomEngineSTL seed: -877676051
Cluster density for muon with momentum 5e+09 : 77.9916
TAvalanche1D::initialiseTrackHeed -- 12 electrons produced by heed track.

aval_explosive_behaviour_clt, c = -nan

2025-05-09.13:39:42 - Avalanche simulation id 48 (50nth simulation) terminated with error: 6 (6738 seconds).

Longitudinal diffusion generator: SIMD-oriented Fast Mersenne Twister
Initialising avalanche (Id: 54) with Heed track (thread 54) for muon with momentum 5e+09 at position 0 with angle 0
Garfield::RandomEngineSTL seed: -285527741
Cluster density for muon with momentum 5e+09 : 77.9916
TAvalanche1D::initialiseTrackHeed -- 16 electrons produced by heed track.

aval_explosive_behaviour_clt, c = -nan

2025-05-09.13:51:24 - Avalanche simulation id 51 (51nth simulation) terminated with error: 6 (4742 seconds).

Longitudinal diffusion generator: SIMD-oriented Fast Mersenne Twister
Initialising avalanche (Id: 55) with Heed track (thread 55) for muon with momentum 5e+09 at position 0 with angle 0
Garfield::RandomEngineSTL seed: 649209345
Cluster density for muon with momentum 5e+09 : 77.9916
TAvalanche1D::initialiseTrackHeed -- 17 electrons produced by heed track.

aval_explosive_behaviour_clt, c = -nan

2025-05-09.14:36:50 - Avalanche simulation id 52 (52nth simulation) terminated with error: 6 (3804 seconds).

Longitudinal diffusion generator: SIMD-oriented Fast Mersenne Twister
Initialising avalanche (Id: 56) with Heed track (thread 56) for muon with momentum 5e+09 at position 0 with angle 0
Garfield::RandomEngineSTL seed: -1159423386
Cluster density for muon with momentum 5e+09 : 77.9916
TAvalanche1D::initialiseTrackHeed -- 8 electrons produced by heed track.

aval_explosive_behaviour_clt, c = -nan

2025-05-09.14:54:05 - Avalanche simulation id 55 (53nth simulation) terminated with error: 6 (3761 seconds).

Longitudinal diffusion generator: SIMD-oriented Fast Mersenne Twister
Initialising avalanche (Id: 57) with Heed track (thread 57) for muon with momentum 5e+09 at position 0 with angle 0
Garfield::RandomEngineSTL seed: -377778722
Cluster density for muon with momentum 5e+09 : 77.9916
TAvalanche1D::initialiseTrackHeed -- 9 electrons produced by heed track.

aval_explosive_behaviour_clt, c = -nan

2025-05-09.14:54:48 - Avalanche simulation id 54 (54nth simulation) terminated with error: 6 (4505 seconds).

Longitudinal diffusion generator: SIMD-oriented Fast Mersenne Twister
Initialising avalanche (Id: 58) with Heed track (thread 58) for muon with momentum 5e+09 at position 0 with angle 0
Garfield::RandomEngineSTL seed: 95231703
Cluster density for muon with momentum 5e+09 : 77.9916
TAvalanche1D::initialiseTrackHeed -- 9 electrons produced by heed track.

aval_explosive_behaviour_clt, c = -nan

2025-05-09.15:45:58 - Avalanche simulation id 53 (55nth simulation) terminated with error: 6 (7912 seconds).

Longitudinal diffusion generator: SIMD-oriented Fast Mersenne Twister
Initialising avalanche (Id: 59) with Heed track (thread 59) for muon with momentum 5e+09 at position 0 with angle 0
Garfield::RandomEngineSTL seed: -762016361
Cluster density for muon with momentum 5e+09 : 77.9916
TAvalanche1D::initialiseTrackHeed -- 12 electrons produced by heed track.

aval_explosive_behaviour_clt, c = -nan

2025-05-09.15:59:00 - Avalanche simulation id 56 (56nth simulation) terminated with error: 6 (4929 seconds).

Longitudinal diffusion generator: SIMD-oriented Fast Mersenne Twister
Initialising avalanche (Id: 60) with Heed track (thread 60) for muon with momentum 5e+09 at position 0 with angle 0
Garfield::RandomEngineSTL seed: 807051528
Cluster density for muon with momentum 5e+09 : 77.9916
TAvalanche1D::initialiseTrackHeed -- 10 electrons produced by heed track.

aval_explosive_behaviour_clt, c = -nan

2025-05-09.16:13:20 - Avalanche simulation id 58 (57nth simulation) terminated with error: 6 (4711 seconds).

Longitudinal diffusion generator: SIMD-oriented Fast Mersenne Twister
Initialising avalanche (Id: 61) with Heed track (thread 61) for muon with momentum 5e+09 at position 0 with angle 0
Garfield::RandomEngineSTL seed: -1111886779
Cluster density for muon with momentum 5e+09 : 77.9916
TAvalanche1D::initialiseTrackHeed -- 10 electrons produced by heed track.

aval_explosive_behaviour_clt, c = -nan

2025-05-09.16:26:32 - Avalanche simulation id 57 (58nth simulation) terminated with error: 6 (5546 seconds).

Longitudinal diffusion generator: SIMD-oriented Fast Mersenne Twister
Initialising avalanche (Id: 62) with Heed track (thread 62) for muon with momentum 5e+09 at position 0 with angle 0
Garfield::RandomEngineSTL seed: 163374410
Cluster density for muon with momentum 5e+09 : 77.9916
TAvalanche1D::initialiseTrackHeed -- 8 electrons produced by heed track.

aval_explosive_behaviour_clt, c = -nan

2025-05-09.17:04:48 - Avalanche simulation id 60 (59nth simulation) terminated with error: 6 (3947 seconds).

Longitudinal diffusion generator: SIMD-oriented Fast Mersenne Twister
Initialising avalanche (Id: 63) with Heed track (thread 63) for muon with momentum 5e+09 at position 0 with angle 0
Garfield::RandomEngineSTL seed: 175553807
Cluster density for muon with momentum 5e+09 : 77.9916
TAvalanche1D::initialiseTrackHeed -- 16 electrons produced by heed track.

aval_explosive_behaviour_clt, c = -nan

2025-05-09.17:22:33 - Avalanche simulation id 59 (60nth simulation) terminated with error: 6 (5794 seconds).

Longitudinal diffusion generator: SIMD-oriented Fast Mersenne Twister
Initialising avalanche (Id: 64) with Heed track (thread 64) for muon with momentum 5e+09 at position 0 with angle 0
Garfield::RandomEngineSTL seed: 2088528442
Cluster density for muon with momentum 5e+09 : 77.9916
TAvalanche1D::initialiseTrackHeed -- 13 electrons produced by heed track.

aval_explosive_behaviour_clt, c = -nan

2025-05-09.17:27:15 - Avalanche simulation id 61 (61nth simulation) terminated with error: 6 (4435 seconds).

Longitudinal diffusion generator: SIMD-oriented Fast Mersenne Twister
Initialising avalanche (Id: 65) with Heed track (thread 65) for muon with momentum 5e+09 at position 0 with angle 0
Garfield::RandomEngineSTL seed: -778560232
Cluster density for muon with momentum 5e+09 : 77.9916
TAvalanche1D::initialiseTrackHeed -- 9 electrons produced by heed track.

aval_explosive_behaviour_clt, c = -nan

2025-05-09.17:50:11 - Avalanche simulation id 62 (62nth simulation) terminated with error: 6 (5019 seconds).

Longitudinal diffusion generator: SIMD-oriented Fast Mersenne Twister
Initialising avalanche (Id: 66) with Heed track (thread 66) for muon with momentum 5e+09 at position 0 with angle 0
Garfield::RandomEngineSTL seed: 688757879
Cluster density for muon with momentum 5e+09 : 77.9916
TAvalanche1D::initialiseTrackHeed -- 29 electrons produced by heed track.

aval_explosive_behaviour_clt, c = -nan

2025-05-09.18:21:28 - Avalanche simulation id 65 (63nth simulation) terminated with error: 6 (3252 seconds).

Longitudinal diffusion generator: SIMD-oriented Fast Mersenne Twister
Initialising avalanche (Id: 67) with Heed track (thread 67) for muon with momentum 5e+09 at position 0 with angle 0
Garfield::RandomEngineSTL seed: 1760139387
Cluster density for muon with momentum 5e+09 : 77.9916
TAvalanche1D::initialiseTrackHeed -- 9 electrons produced by heed track.

aval_explosive_behaviour_clt, c = -nan

2025-05-09.18:53:42 - Avalanche simulation id 66 (64nth simulation) terminated with error: 6 (3811 seconds).

Longitudinal diffusion generator: SIMD-oriented Fast Mersenne Twister
Initialising avalanche (Id: 68) with Heed track (thread 68) for muon with momentum 5e+09 at position 0 with angle 0
Garfield::RandomEngineSTL seed: 2002417400
Cluster density for muon with momentum 5e+09 : 77.9916
TAvalanche1D::initialiseTrackHeed -- 86 electrons produced by heed track.

aval_explosive_behaviour_clt, c = -nan

2025-05-09.19:08:24 - Avalanche simulation id 63 (65nth simulation) terminated with error: 6 (7416 seconds).

Longitudinal diffusion generator: SIMD-oriented Fast Mersenne Twister
Initialising avalanche (Id: 69) with Heed track (thread 69) for muon with momentum 5e+09 at position 0 with angle 0
Garfield::RandomEngineSTL seed: 922012806
Cluster density for muon with momentum 5e+09 : 77.9916
TAvalanche1D::initialiseTrackHeed -- 9 electrons produced by heed track.


2025-05-09.19:09:53 - Avalanche simulation id 69 (66nth simulation) terminated with success (88 seconds).

Longitudinal diffusion generator: SIMD-oriented Fast Mersenne Twister
Initialising avalanche (Id: 70) with Heed track (thread 70) for muon with momentum 5e+09 at position 0 with angle 0
Garfield::RandomEngineSTL seed: -1287192272
Cluster density for muon with momentum 5e+09 : 77.9916
TAvalanche1D::initialiseTrackHeed -- 14 electrons produced by heed track.

aval_explosive_behaviour_clt, c = -nan

2025-05-09.19:27:23 - Avalanche simulation id 64 (67nth simulation) terminated with error: 6 (7490 seconds).

Longitudinal diffusion generator: SIMD-oriented Fast Mersenne Twister
Initialising avalanche (Id: 71) with Heed track (thread 71) for muon with momentum 5e+09 at position 0 with angle 0
Garfield::RandomEngineSTL seed: -2076012255
Cluster density for muon with momentum 5e+09 : 77.9916
TAvalanche1D::initialiseTrackHeed -- 30 electrons produced by heed track.

aval_explosive_behaviour_clt, c = -nan

2025-05-09.19:32:08 - Avalanche simulation id 67 (68nth simulation) terminated with error: 6 (4240 seconds).

aval_explosive_behaviour_clt, c = -nan

2025-05-09.19:45:09 - Avalanche simulation id 68 (69nth simulation) terminated with error: 6 (3087 seconds).

aval_explosive_behaviour_clt, c = -nan

2025-05-09.20:29:41 - Avalanche simulation id 70 (70nth simulation) terminated with error: 6 (4788 seconds).

aval_explosive_behaviour_clt, c = -nan

2025-05-09.20:38:16 - Avalanche simulation id 71 (71nth simulation) terminated with error: 6 (4252 seconds).

