000 (295.003.000) 2025-05-08 18:32:47 Job submitted from host: <[2a05:b400:104:200:20a:f7ff:fe41:b290]:10909?addrs=[2a05-b400-104-200-20a-f7ff-fe41-b290]-10909&alias=el9-08.hep.phy.cam.ac.uk>
...
040 (295.003.000) 2025-05-08 18:38:48 Started transferring input files
	Transferring to host: <[2a05:b400:104:200::500:dc82]:38185?addrs=[2a05-b400-104-200--500-dc82]-38185&alias=wcdc-130.hep.phy.cam.ac.uk>
...
040 (295.003.000) 2025-05-08 18:38:54 Finished transferring input files
...
001 (295.003.000) 2025-05-08 18:38:54 Job executing on host: <[2a05:b400:104:200::500:dc82]:40365?addrs=[2a05-b400-104-200--500-dc82]-40365&alias=wcdc-130.hep.phy.cam.ac.uk>
	SlotName: slot1_9@wcdc-130.hep.phy.cam.ac.uk
	CondorScratchDir = "/var/work/condor/execute/dir_236119"
	Cpus = 4
	Disk = 4195328
	GPUs = 0
	Memory = 6144
...
006 (295.003.000) 2025-05-08 18:39:03 Image size of job updated: 111184
	109  -  MemoryUsage of job (MB)
	111184  -  ResidentSetSize of job (KB)
...
005 (55022.003.000) 2025-05-10 05:29:01 Job terminated.
	(1) Normal termination (return value 0)
		Usr 4 23:17:13, Sys 0 00:00:41  -  Run Remote Usage
		Usr 0 00:00:00, Sys 0 00:00:00  -  Run Local Usage
		Usr 7 20:39:35, Sys 0 00:01:00  -  Total Remote Usage
		Usr 0 00:00:00, Sys 0 00:00:00  -  Total Local Usage
	129397166  -  Run Bytes Sent By Job
	1397685781  -  Run Bytes Received By Job
	129397166  -  Total Bytes Sent By Job
	1397685781  -  Total Bytes Received By Job

	Job terminated of its own accord at 2025-05-09T20:23:25Z with exit-code 0.
...
