nohup: ignoring input
Configuration:
   Detector:
	 gap width: 0.1
	 steps: 500
	 electric field: 55000
	 ebar calculation steps: 140
	 anode: 0.12 cm, epsilon=5
	 cathode: 0.12 cm, epsilon=5
	 threshold: 3 pC
   Gas composition:
	 temperature: 293.15
	 pressure: 760
	 gases: 3
	 gas 0 -- name: c2h2f4 - percentage: 94.7
	 gas 1 -- name: sf6 - percentage: 0.3
	 gas 2 -- name: isobutane - percentage: 4.7
   Simulation parameters:
	 particle: muon
	 momentum: 5e+09
	 x0: 0
	 theta: 0
	 events to simulate: 72
	 threads to use: 8
	 outfile path: out/ATLAS_55kV.dat
	 generator: SFMT
	 random global seed
	 Debug outputs: 0
	 verbose: 1
	 verbosity level: 1
	 snapshots: 0
Init SFMT generator with random seed: 1375346950
MediumMagboltz::SetComposition: C2H2F4/SF6/iC4H10 (94.985/0.300903/4.71414)
	Gas table file: C2H2F4-0.94985_SF6-0.00300903_iC4H10-0.0471414_temp-293.15_pres-760.gas
MediumMagboltz::LoadGasFile:
    Reading file gastables/C2H2F4-0.94985_SF6-0.00300903_iC4H10-0.0471414_temp-293.15_pres-760.gas.
    Version 13.
MediumMagboltz::GetMixture:
    Renormalizing the percentages.
    Gas composition set to iC4H10/SF6/C2H2F4 (4.71414/0.300903/94.985).

Transport parameters:
	alpha: 223.116 cm-1
	eta: 10.1196 cm-1
	E: 55000 kV/cm
	Drift velocity: (0.0109844,0,0) cm/ns
	Ion Drift velocity: (0,0,0) cm/ns
	Diffusion coefficient: (0.00958458, 0.0119783) cm-1/2
	Dt: 0.0182076 ns

EbarTable filename: fDiffT:0.0119783-gapWidth:0.1-eps1:5-eps3:5-cathode:0.12-anode:0.12-Nstep:500-Dx:0.0002-EbarTableSize:140
Hash representation: 3273165344310203195
TAvalanche::Computing cluster density.
TAvalanche::Computing electron density and cluster size.
Longitudinal diffusion generator: SIMD-oriented Fast Mersenne Twister
Initialising avalanche (Id: 0) with Heed track (thread 0) for muon with momentum 5e+09 at position 0 with angle 0
Garfield::RandomEngineSTL seed: -1780493034
Cluster density for muon with momentum 5e+09 : 92.1483
TAvalanche1D::initialiseTrackHeed -- 48 electrons produced by heed track.

Longitudinal diffusion generator: SIMD-oriented Fast Mersenne Twister
Initialising avalanche (Id: 1) with Heed track (thread 1) for muon with momentum 5e+09 at position 0 with angle 0
Garfield::RandomEngineSTL seed: 97442731
Cluster density for muon with momentum 5e+09 : 92.1483
TAvalanche1D::initialiseTrackHeed -- 48 electrons produced by heed track.

Longitudinal diffusion generator: SIMD-oriented Fast Mersenne Twister
Initialising avalanche (Id: 2) with Heed track (thread 2) for muon with momentum 5e+09 at position 0 with angle 0
Garfield::RandomEngineSTL seed: 514172168
Cluster density for muon with momentum 5e+09 : 92.1483
TAvalanche1D::initialiseTrackHeed -- 21 electrons produced by heed track.

Longitudinal diffusion generator: SIMD-oriented Fast Mersenne Twister
Initialising avalanche (Id: 3) with Heed track (thread 3) for muon with momentum 5e+09 at position 0 with angle 0
Garfield::RandomEngineSTL seed: -988226340
Cluster density for muon with momentum 5e+09 : 92.1483
TAvalanche1D::initialiseTrackHeed -- 12 electrons produced by heed track.

Longitudinal diffusion generator: SIMD-oriented Fast Mersenne Twister
Initialising avalanche (Id: 4) with Heed track (thread 4) for muon with momentum 5e+09 at position 0 with angle 0
Garfield::RandomEngineSTL seed: -1813513233
Cluster density for muon with momentum 5e+09 : 92.1483
TAvalanche1D::initialiseTrackHeed -- 7 electrons produced by heed track.

Longitudinal diffusion generator: SIMD-oriented Fast Mersenne Twister
Initialising avalanche (Id: 5) with Heed track (thread 5) for muon with momentum 5e+09 at position 0 with angle 0
Garfield::RandomEngineSTL seed: 1864178547
Cluster density for muon with momentum 5e+09 : 92.1483
TAvalanche1D::initialiseTrackHeed -- 5 electrons produced by heed track.

Longitudinal diffusion generator: SIMD-oriented Fast Mersenne Twister
Initialising avalanche (Id: 6) with Heed track (thread 6) for muon with momentum 5e+09 at position 0 with angle 0
Garfield::RandomEngineSTL seed: -1036006742
Cluster density for muon with momentum 5e+09 : 92.1483
TAvalanche1D::initialiseTrackHeed -- 3 electrons produced by heed track.

Longitudinal diffusion generator: SIMD-oriented Fast Mersenne Twister
Initialising avalanche (Id: 7) with Heed track (thread 7) for muon with momentum 5e+09 at position 0 with angle 0
Garfield::RandomEngineSTL seed: 1651676407
Cluster density for muon with momentum 5e+09 : 92.1483
TAvalanche1D::initialiseTrackHeed -- 5 electrons produced by heed track.


2025-04-22.17:23:23 - Avalanche simulation id 3 (0nth simulation) terminated with success (4423 seconds).

Longitudinal diffusion generator: SIMD-oriented Fast Mersenne Twister
Initialising avalanche (Id: 8) with Heed track (thread 8) for muon with momentum 5e+09 at position 0 with angle 0
Garfield::RandomEngineSTL seed: 1554123901
Cluster density for muon with momentum 5e+09 : 92.1483
TAvalanche1D::initialiseTrackHeed -- 43 electrons produced by heed track.


2025-04-22.17:26:58 - Avalanche simulation id 6 (1nth simulation) terminated with success (4637 seconds).

Longitudinal diffusion generator: SIMD-oriented Fast Mersenne Twister
Initialising avalanche (Id: 9) with Heed track (thread 9) for muon with momentum 5e+09 at position 0 with angle 0
Garfield::RandomEngineSTL seed: -1853331173
Cluster density for muon with momentum 5e+09 : 92.1483
TAvalanche1D::initialiseTrackHeed -- 24 electrons produced by heed track.


2025-04-22.17:35:22 - Avalanche simulation id 7 (2nth simulation) terminated with success (5140 seconds).

Longitudinal diffusion generator: SIMD-oriented Fast Mersenne Twister
Initialising avalanche (Id: 10) with Heed track (thread 10) for muon with momentum 5e+09 at position 0 with angle 0
Garfield::RandomEngineSTL seed: 271766821
Cluster density for muon with momentum 5e+09 : 92.1483
TAvalanche1D::initialiseTrackHeed -- 9 electrons produced by heed track.


2025-04-22.17:38:16 - Avalanche simulation id 2 (3nth simulation) terminated with success (5316 seconds).

Longitudinal diffusion generator: SIMD-oriented Fast Mersenne Twister
Initialising avalanche (Id: 11) with Heed track (thread 11) for muon with momentum 5e+09 at position 0 with angle 0
Garfield::RandomEngineSTL seed: 168605752
Cluster density for muon with momentum 5e+09 : 92.1483
TAvalanche1D::initialiseTrackHeed -- 11 electrons produced by heed track.


2025-04-22.17:51:53 - Avalanche simulation id 5 (4nth simulation) terminated with success (6132 seconds).

Longitudinal diffusion generator: SIMD-oriented Fast Mersenne Twister
Initialising avalanche (Id: 12) with Heed track (thread 12) for muon with momentum 5e+09 at position 0 with angle 0
Garfield::RandomEngineSTL seed: 619014909
Cluster density for muon with momentum 5e+09 : 92.1483
TAvalanche1D::initialiseTrackHeed -- 9 electrons produced by heed track.


2025-04-22.17:55:17 - Avalanche simulation id 1 (5nth simulation) terminated with success (6338 seconds).

Longitudinal diffusion generator: SIMD-oriented Fast Mersenne Twister
Initialising avalanche (Id: 13) with Heed track (thread 13) for muon with momentum 5e+09 at position 0 with angle 0
Garfield::RandomEngineSTL seed: -1082290607
Cluster density for muon with momentum 5e+09 : 92.1483
TAvalanche1D::initialiseTrackHeed -- 6 electrons produced by heed track.


2025-04-22.18:05:02 - Avalanche simulation id 4 (6nth simulation) terminated with success (6921 seconds).

Longitudinal diffusion generator: SIMD-oriented Fast Mersenne Twister
Initialising avalanche (Id: 14) with Heed track (thread 14) for muon with momentum 5e+09 at position 0 with angle 0
Garfield::RandomEngineSTL seed: -670571497
Cluster density for muon with momentum 5e+09 : 92.1483
TAvalanche1D::initialiseTrackHeed -- 18 electrons produced by heed track.


2025-04-22.18:35:15 - Avalanche simulation id 10 (7nth simulation) terminated with success (3592 seconds).

Longitudinal diffusion generator: SIMD-oriented Fast Mersenne Twister
Initialising avalanche (Id: 15) with Heed track (thread 15) for muon with momentum 5e+09 at position 0 with angle 0
Garfield::RandomEngineSTL seed: 1728409825
Cluster density for muon with momentum 5e+09 : 92.1483
TAvalanche1D::initialiseTrackHeed -- 18 electrons produced by heed track.


2025-04-22.18:39:45 - Avalanche simulation id 0 (8nth simulation) terminated with success (9006 seconds).

Longitudinal diffusion generator: SIMD-oriented Fast Mersenne Twister
Initialising avalanche (Id: 16) with Heed track (thread 16) for muon with momentum 5e+09 at position 0 with angle 0
Garfield::RandomEngineSTL seed: -433652221
Cluster density for muon with momentum 5e+09 : 92.1483
TAvalanche1D::initialiseTrackHeed -- 18 electrons produced by heed track.


2025-04-22.19:10:22 - Avalanche simulation id 8 (9nth simulation) terminated with success (6418 seconds).

Longitudinal diffusion generator: SIMD-oriented Fast Mersenne Twister
Initialising avalanche (Id: 17) with Heed track (thread 17) for muon with momentum 5e+09 at position 0 with angle 0
Garfield::RandomEngineSTL seed: 569826278
Cluster density for muon with momentum 5e+09 : 92.1483
TAvalanche1D::initialiseTrackHeed -- 23 electrons produced by heed track.


2025-04-22.19:26:47 - Avalanche simulation id 13 (10nth simulation) terminated with success (5490 seconds).

Longitudinal diffusion generator: SIMD-oriented Fast Mersenne Twister
Initialising avalanche (Id: 18) with Heed track (thread 18) for muon with momentum 5e+09 at position 0 with angle 0
Garfield::RandomEngineSTL seed: 581344016
Cluster density for muon with momentum 5e+09 : 92.1483
TAvalanche1D::initialiseTrackHeed -- 10 electrons produced by heed track.


2025-04-22.19:26:57 - Avalanche simulation id 12 (11nth simulation) terminated with success (5703 seconds).

Longitudinal diffusion generator: SIMD-oriented Fast Mersenne Twister
Initialising avalanche (Id: 19) with Heed track (thread 19) for muon with momentum 5e+09 at position 0 with angle 0
Garfield::RandomEngineSTL seed: -165724102
Cluster density for muon with momentum 5e+09 : 92.1483
TAvalanche1D::initialiseTrackHeed -- 20 electrons produced by heed track.


2025-04-22.19:34:49 - Avalanche simulation id 19 (12nth simulation) terminated with success (472 seconds).

Longitudinal diffusion generator: SIMD-oriented Fast Mersenne Twister
Initialising avalanche (Id: 20) with Heed track (thread 20) for muon with momentum 5e+09 at position 0 with angle 0
Garfield::RandomEngineSTL seed: -438375775
Cluster density for muon with momentum 5e+09 : 92.1483
TAvalanche1D::initialiseTrackHeed -- 16 electrons produced by heed track.


2025-04-22.20:32:27 - Avalanche simulation id 14 (13nth simulation) terminated with success (8844 seconds).

Longitudinal diffusion generator: SIMD-oriented Fast Mersenne Twister
Initialising avalanche (Id: 21) with Heed track (thread 21) for muon with momentum 5e+09 at position 0 with angle 0
Garfield::RandomEngineSTL seed: -874453036
Cluster density for muon with momentum 5e+09 : 92.1483
TAvalanche1D::initialiseTrackHeed -- 12 electrons produced by heed track.


2025-04-22.20:37:44 - Avalanche simulation id 9 (14nth simulation) terminated with success (11445 seconds).

Longitudinal diffusion generator: SIMD-oriented Fast Mersenne Twister
Initialising avalanche (Id: 22) with Heed track (thread 22) for muon with momentum 5e+09 at position 0 with angle 0
Garfield::RandomEngineSTL seed: -916393315
Cluster density for muon with momentum 5e+09 : 92.1483
TAvalanche1D::initialiseTrackHeed -- 17 electrons produced by heed track.


2025-04-22.20:40:26 - Avalanche simulation id 11 (15nth simulation) terminated with success (10929 seconds).

Longitudinal diffusion generator: SIMD-oriented Fast Mersenne Twister
Initialising avalanche (Id: 23) with Heed track (thread 23) for muon with momentum 5e+09 at position 0 with angle 0
Garfield::RandomEngineSTL seed: -1960487622
Cluster density for muon with momentum 5e+09 : 92.1483
TAvalanche1D::initialiseTrackHeed -- 6 electrons produced by heed track.


2025-04-22.20:57:13 - Avalanche simulation id 17 (16nth simulation) terminated with success (6411 seconds).

Longitudinal diffusion generator: SIMD-oriented Fast Mersenne Twister
Initialising avalanche (Id: 24) with Heed track (thread 24) for muon with momentum 5e+09 at position 0 with angle 0
Garfield::RandomEngineSTL seed: 1516105508
Cluster density for muon with momentum 5e+09 : 92.1483
TAvalanche1D::initialiseTrackHeed -- 23 electrons produced by heed track.


2025-04-22.20:59:36 - Avalanche simulation id 20 (17nth simulation) terminated with success (5087 seconds).

Longitudinal diffusion generator: SIMD-oriented Fast Mersenne Twister
Initialising avalanche (Id: 25) with Heed track (thread 25) for muon with momentum 5e+09 at position 0 with angle 0
Garfield::RandomEngineSTL seed: 336462938
Cluster density for muon with momentum 5e+09 : 92.1483
TAvalanche1D::initialiseTrackHeed -- 36 electrons produced by heed track.


2025-04-22.21:06:19 - Avalanche simulation id 18 (18nth simulation) terminated with success (5971 seconds).

Longitudinal diffusion generator: SIMD-oriented Fast Mersenne Twister
Initialising avalanche (Id: 26) with Heed track (thread 26) for muon with momentum 5e+09 at position 0 with angle 0
Garfield::RandomEngineSTL seed: 80767535
Cluster density for muon with momentum 5e+09 : 92.1483
TAvalanche1D::initialiseTrackHeed -- 11 electrons produced by heed track.

clt failed

2025-04-22.21:57:28 - Avalanche simulation id 16 (19nth simulation) terminated with success (11863 seconds).

Longitudinal diffusion generator: SIMD-oriented Fast Mersenne Twister
Initialising avalanche (Id: 27) with Heed track (thread 27) for muon with momentum 5e+09 at position 0 with angle 0
Garfield::RandomEngineSTL seed: -36375782
Cluster density for muon with momentum 5e+09 : 92.1483
TAvalanche1D::initialiseTrackHeed -- 10 electrons produced by heed track.


2025-04-22.22:09:59 - Avalanche simulation id 15 (20nth simulation) terminated with success (12884 seconds).

Longitudinal diffusion generator: SIMD-oriented Fast Mersenne Twister
Initialising avalanche (Id: 28) with Heed track (thread 28) for muon with momentum 5e+09 at position 0 with angle 0
Garfield::RandomEngineSTL seed: 1446929225
Cluster density for muon with momentum 5e+09 : 92.1483
TAvalanche1D::initialiseTrackHeed -- 16 electrons produced by heed track.


2025-04-22.23:15:31 - Avalanche simulation id 26 (21nth simulation) terminated with success (7752 seconds).

Longitudinal diffusion generator: SIMD-oriented Fast Mersenne Twister
Initialising avalanche (Id: 29) with Heed track (thread 29) for muon with momentum 5e+09 at position 0 with angle 0
Garfield::RandomEngineSTL seed: 1126558093
Cluster density for muon with momentum 5e+09 : 92.1483
TAvalanche1D::initialiseTrackHeed -- 12 electrons produced by heed track.


2025-04-22.23:27:03 - Avalanche simulation id 22 (22nth simulation) terminated with success (10159 seconds).

Longitudinal diffusion generator: SIMD-oriented Fast Mersenne Twister
Initialising avalanche (Id: 30) with Heed track (thread 30) for muon with momentum 5e+09 at position 0 with angle 0
Garfield::RandomEngineSTL seed: 642543344
Cluster density for muon with momentum 5e+09 : 92.1483
TAvalanche1D::initialiseTrackHeed -- 16 electrons produced by heed track.


2025-04-22.23:50:30 - Avalanche simulation id 23 (23nth simulation) terminated with success (11404 seconds).

Longitudinal diffusion generator: SIMD-oriented Fast Mersenne Twister
Initialising avalanche (Id: 31) with Heed track (thread 31) for muon with momentum 5e+09 at position 0 with angle 0
Garfield::RandomEngineSTL seed: -2092497201
Cluster density for muon with momentum 5e+09 : 92.1483
TAvalanche1D::initialiseTrackHeed -- 41 electrons produced by heed track.


2025-04-23.00:40:46 - Avalanche simulation id 21 (24nth simulation) terminated with success (14898 seconds).

Longitudinal diffusion generator: SIMD-oriented Fast Mersenne Twister
Initialising avalanche (Id: 32) with Heed track (thread 32) for muon with momentum 5e+09 at position 0 with angle 0
Garfield::RandomEngineSTL seed: 2147187374
Cluster density for muon with momentum 5e+09 : 92.1483
TAvalanche1D::initialiseTrackHeed -- 10 electrons produced by heed track.


2025-04-23.01:33:11 - Avalanche simulation id 25 (25nth simulation) terminated with success (16415 seconds).

Longitudinal diffusion generator: SIMD-oriented Fast Mersenne Twister
Initialising avalanche (Id: 33) with Heed track (thread 33) for muon with momentum 5e+09 at position 0 with angle 0
Garfield::RandomEngineSTL seed: -1144896710
Cluster density for muon with momentum 5e+09 : 92.1483
TAvalanche1D::initialiseTrackHeed -- 444 electrons produced by heed track.


2025-04-23.02:09:08 - Avalanche simulation id 24 (26nth simulation) terminated with success (18715 seconds).

Longitudinal diffusion generator: SIMD-oriented Fast Mersenne Twister
Initialising avalanche (Id: 34) with Heed track (thread 34) for muon with momentum 5e+09 at position 0 with angle 0
Garfield::RandomEngineSTL seed: 67117975
Cluster density for muon with momentum 5e+09 : 92.1483
TAvalanche1D::initialiseTrackHeed -- 9 electrons produced by heed track.


2025-04-23.02:32:34 - Avalanche simulation id 31 (27nth simulation) terminated with success (9723 seconds).

Longitudinal diffusion generator: SIMD-oriented Fast Mersenne Twister
Initialising avalanche (Id: 35) with Heed track (thread 35) for muon with momentum 5e+09 at position 0 with angle 0
Garfield::RandomEngineSTL seed: 1274661510
Cluster density for muon with momentum 5e+09 : 92.1483
TAvalanche1D::initialiseTrackHeed -- 12 electrons produced by heed track.


2025-04-23.03:14:56 - Avalanche simulation id 30 (28nth simulation) terminated with success (13672 seconds).

Longitudinal diffusion generator: SIMD-oriented Fast Mersenne Twister
Initialising avalanche (Id: 36) with Heed track (thread 36) for muon with momentum 5e+09 at position 0 with angle 0
Garfield::RandomEngineSTL seed: 494523298
Cluster density for muon with momentum 5e+09 : 92.1483
TAvalanche1D::initialiseTrackHeed -- 27 electrons produced by heed track.


2025-04-23.03:37:38 - Avalanche simulation id 27 (29nth simulation) terminated with success (20410 seconds).

Longitudinal diffusion generator: SIMD-oriented Fast Mersenne Twister
Initialising avalanche (Id: 37) with Heed track (thread 37) for muon with momentum 5e+09 at position 0 with angle 0
Garfield::RandomEngineSTL seed: 551067829
Cluster density for muon with momentum 5e+09 : 92.1483
TAvalanche1D::initialiseTrackHeed -- 10 electrons produced by heed track.


2025-04-23.03:58:08 - Avalanche simulation id 28 (30nth simulation) terminated with success (20889 seconds).

Longitudinal diffusion generator: SIMD-oriented Fast Mersenne Twister
Initialising avalanche (Id: 38) with Heed track (thread 38) for muon with momentum 5e+09 at position 0 with angle 0
Garfield::RandomEngineSTL seed: 983001546
Cluster density for muon with momentum 5e+09 : 92.1483
TAvalanche1D::initialiseTrackHeed -- 31 electrons produced by heed track.


2025-04-23.04:35:01 - Avalanche simulation id 32 (31nth simulation) terminated with success (14055 seconds).

Longitudinal diffusion generator: SIMD-oriented Fast Mersenne Twister
Initialising avalanche (Id: 39) with Heed track (thread 39) for muon with momentum 5e+09 at position 0 with angle 0
Garfield::RandomEngineSTL seed: 1567740273
Cluster density for muon with momentum 5e+09 : 92.1483
TAvalanche1D::initialiseTrackHeed -- 8 electrons produced by heed track.


2025-04-23.04:39:10 - Avalanche simulation id 35 (32nth simulation) terminated with success (7595 seconds).

Longitudinal diffusion generator: SIMD-oriented Fast Mersenne Twister
Initialising avalanche (Id: 40) with Heed track (thread 40) for muon with momentum 5e+09 at position 0 with angle 0
Garfield::RandomEngineSTL seed: 359832234
Cluster density for muon with momentum 5e+09 : 92.1483
TAvalanche1D::initialiseTrackHeed -- 9 electrons produced by heed track.


2025-04-23.04:41:29 - Avalanche simulation id 29 (33nth simulation) terminated with success (19558 seconds).

Longitudinal diffusion generator: SIMD-oriented Fast Mersenne Twister
Initialising avalanche (Id: 41) with Heed track (thread 41) for muon with momentum 5e+09 at position 0 with angle 0
Garfield::RandomEngineSTL seed: 1146519497
Cluster density for muon with momentum 5e+09 : 92.1483
TAvalanche1D::initialiseTrackHeed -- 14 electrons produced by heed track.


2025-04-23.05:41:53 - Avalanche simulation id 33 (34nth simulation) terminated with success (14921 seconds).

Longitudinal diffusion generator: SIMD-oriented Fast Mersenne Twister
Initialising avalanche (Id: 42) with Heed track (thread 42) for muon with momentum 5e+09 at position 0 with angle 0
Garfield::RandomEngineSTL seed: -1268479938
Cluster density for muon with momentum 5e+09 : 92.1483
TAvalanche1D::initialiseTrackHeed -- 14 electrons produced by heed track.


2025-04-23.05:57:49 - Avalanche simulation id 38 (35nth simulation) terminated with success (7181 seconds).

Longitudinal diffusion generator: SIMD-oriented Fast Mersenne Twister
Initialising avalanche (Id: 43) with Heed track (thread 43) for muon with momentum 5e+09 at position 0 with angle 0
Garfield::RandomEngineSTL seed: 201598687
Cluster density for muon with momentum 5e+09 : 92.1483
TAvalanche1D::initialiseTrackHeed -- 10 electrons produced by heed track.


2025-04-23.06:11:07 - Avalanche simulation id 39 (36nth simulation) terminated with success (5766 seconds).

Longitudinal diffusion generator: SIMD-oriented Fast Mersenne Twister
Initialising avalanche (Id: 44) with Heed track (thread 44) for muon with momentum 5e+09 at position 0 with angle 0
Garfield::RandomEngineSTL seed: -1031295056
Cluster density for muon with momentum 5e+09 : 92.1483
TAvalanche1D::initialiseTrackHeed -- 11 electrons produced by heed track.


2025-04-23.06:30:01 - Avalanche simulation id 34 (37nth simulation) terminated with success (15652 seconds).

Longitudinal diffusion generator: SIMD-oriented Fast Mersenne Twister
Initialising avalanche (Id: 45) with Heed track (thread 45) for muon with momentum 5e+09 at position 0 with angle 0
Garfield::RandomEngineSTL seed: 838487542
Cluster density for muon with momentum 5e+09 : 92.1483
TAvalanche1D::initialiseTrackHeed -- 12 electrons produced by heed track.


2025-04-23.06:47:22 - Avalanche simulation id 36 (38nth simulation) terminated with success (12746 seconds).

Longitudinal diffusion generator: SIMD-oriented Fast Mersenne Twister
Initialising avalanche (Id: 46) with Heed track (thread 46) for muon with momentum 5e+09 at position 0 with angle 0
Garfield::RandomEngineSTL seed: 1167807616
Cluster density for muon with momentum 5e+09 : 92.1483
TAvalanche1D::initialiseTrackHeed -- 17 electrons produced by heed track.


2025-04-23.07:27:25 - Avalanche simulation id 40 (39nth simulation) terminated with success (10094 seconds).

Longitudinal diffusion generator: SIMD-oriented Fast Mersenne Twister
Initialising avalanche (Id: 47) with Heed track (thread 47) for muon with momentum 5e+09 at position 0 with angle 0
Garfield::RandomEngineSTL seed: -1219397057
Cluster density for muon with momentum 5e+09 : 92.1483
TAvalanche1D::initialiseTrackHeed -- 4 electrons produced by heed track.


2025-04-23.07:47:47 - Avalanche simulation id 37 (40nth simulation) terminated with success (15008 seconds).

Longitudinal diffusion generator: SIMD-oriented Fast Mersenne Twister
Initialising avalanche (Id: 48) with Heed track (thread 48) for muon with momentum 5e+09 at position 0 with angle 0
Garfield::RandomEngineSTL seed: -864544975
Cluster density for muon with momentum 5e+09 : 92.1483
TAvalanche1D::initialiseTrackHeed -- 8 electrons produced by heed track.


2025-04-23.07:49:59 - Avalanche simulation id 43 (41nth simulation) terminated with success (6729 seconds).

Longitudinal diffusion generator: SIMD-oriented Fast Mersenne Twister
Initialising avalanche (Id: 49) with Heed track (thread 49) for muon with momentum 5e+09 at position 0 with angle 0
Garfield::RandomEngineSTL seed: -1765281856
Cluster density for muon with momentum 5e+09 : 92.1483
TAvalanche1D::initialiseTrackHeed -- 13 electrons produced by heed track.


2025-04-23.07:55:29 - Avalanche simulation id 41 (42nth simulation) terminated with success (11639 seconds).

Longitudinal diffusion generator: SIMD-oriented Fast Mersenne Twister
Initialising avalanche (Id: 50) with Heed track (thread 50) for muon with momentum 5e+09 at position 0 with angle 0
Garfield::RandomEngineSTL seed: 1097864510
Cluster density for muon with momentum 5e+09 : 92.1483
TAvalanche1D::initialiseTrackHeed -- 34 electrons produced by heed track.


2025-04-23.08:20:04 - Avalanche simulation id 42 (43nth simulation) terminated with success (9490 seconds).

Longitudinal diffusion generator: SIMD-oriented Fast Mersenne Twister
Initialising avalanche (Id: 51) with Heed track (thread 51) for muon with momentum 5e+09 at position 0 with angle 0
Garfield::RandomEngineSTL seed: 1429324040
Cluster density for muon with momentum 5e+09 : 92.1483
TAvalanche1D::initialiseTrackHeed -- 11 electrons produced by heed track.


2025-04-23.08:20:55 - Avalanche simulation id 47 (44nth simulation) terminated with success (3210 seconds).

Longitudinal diffusion generator: SIMD-oriented Fast Mersenne Twister
Initialising avalanche (Id: 52) with Heed track (thread 52) for muon with momentum 5e+09 at position 0 with angle 0
Garfield::RandomEngineSTL seed: -1955587589
Cluster density for muon with momentum 5e+09 : 92.1483
TAvalanche1D::initialiseTrackHeed -- 7 electrons produced by heed track.


2025-04-23.08:25:58 - Avalanche simulation id 45 (45nth simulation) terminated with success (6956 seconds).

Longitudinal diffusion generator: SIMD-oriented Fast Mersenne Twister
Initialising avalanche (Id: 53) with Heed track (thread 53) for muon with momentum 5e+09 at position 0 with angle 0
Garfield::RandomEngineSTL seed: 2138944342
Cluster density for muon with momentum 5e+09 : 92.1483
TAvalanche1D::initialiseTrackHeed -- 11 electrons produced by heed track.


2025-04-23.08:27:18 - Avalanche simulation id 49 (46nth simulation) terminated with success (2238 seconds).

Longitudinal diffusion generator: SIMD-oriented Fast Mersenne Twister
Initialising avalanche (Id: 54) with Heed track (thread 54) for muon with momentum 5e+09 at position 0 with angle 0
Garfield::RandomEngineSTL seed: 1068488349
Cluster density for muon with momentum 5e+09 : 92.1483
TAvalanche1D::initialiseTrackHeed -- 23 electrons produced by heed track.


2025-04-23.08:57:19 - Avalanche simulation id 44 (47nth simulation) terminated with success (9972 seconds).

Longitudinal diffusion generator: SIMD-oriented Fast Mersenne Twister
Initialising avalanche (Id: 55) with Heed track (thread 55) for muon with momentum 5e+09 at position 0 with angle 0
Garfield::RandomEngineSTL seed: -1137823940
Cluster density for muon with momentum 5e+09 : 92.1483
TAvalanche1D::initialiseTrackHeed -- 8 electrons produced by heed track.

clt failed

2025-04-23.09:30:27 - Avalanche simulation id 52 (48nth simulation) terminated with success (4172 seconds).

Longitudinal diffusion generator: SIMD-oriented Fast Mersenne Twister
Initialising avalanche (Id: 56) with Heed track (thread 56) for muon with momentum 5e+09 at position 0 with angle 0
Garfield::RandomEngineSTL seed: 1241688610
Cluster density for muon with momentum 5e+09 : 92.1483
TAvalanche1D::initialiseTrackHeed -- 8 electrons produced by heed track.


2025-04-23.09:35:18 - Avalanche simulation id 46 (49nth simulation) terminated with success (10076 seconds).

Longitudinal diffusion generator: SIMD-oriented Fast Mersenne Twister
Initialising avalanche (Id: 57) with Heed track (thread 57) for muon with momentum 5e+09 at position 0 with angle 0
Garfield::RandomEngineSTL seed: -681358140
Cluster density for muon with momentum 5e+09 : 92.1483
TAvalanche1D::initialiseTrackHeed -- 34 electrons produced by heed track.


2025-04-23.10:02:31 - Avalanche simulation id 48 (50nth simulation) terminated with success (8083 seconds).

Longitudinal diffusion generator: SIMD-oriented Fast Mersenne Twister
Initialising avalanche (Id: 58) with Heed track (thread 58) for muon with momentum 5e+09 at position 0 with angle 0
Garfield::RandomEngineSTL seed: -357874098
Cluster density for muon with momentum 5e+09 : 92.1483
TAvalanche1D::initialiseTrackHeed -- 14 electrons produced by heed track.


2025-04-23.10:02:36 - Avalanche simulation id 54 (51nth simulation) terminated with success (5718 seconds).

Longitudinal diffusion generator: SIMD-oriented Fast Mersenne Twister
Initialising avalanche (Id: 59) with Heed track (thread 59) for muon with momentum 5e+09 at position 0 with angle 0
Garfield::RandomEngineSTL seed: 195992892
Cluster density for muon with momentum 5e+09 : 92.1483
TAvalanche1D::initialiseTrackHeed -- 12 electrons produced by heed track.


2025-04-23.10:02:47 - Avalanche simulation id 53 (52nth simulation) terminated with success (5808 seconds).

Longitudinal diffusion generator: SIMD-oriented Fast Mersenne Twister
Initialising avalanche (Id: 60) with Heed track (thread 60) for muon with momentum 5e+09 at position 0 with angle 0
Garfield::RandomEngineSTL seed: -362514953
Cluster density for muon with momentum 5e+09 : 92.1483
TAvalanche1D::initialiseTrackHeed -- 32 electrons produced by heed track.


2025-04-23.10:17:34 - Avalanche simulation id 50 (53nth simulation) terminated with success (8524 seconds).

Longitudinal diffusion generator: SIMD-oriented Fast Mersenne Twister
Initialising avalanche (Id: 61) with Heed track (thread 61) for muon with momentum 5e+09 at position 0 with angle 0
Garfield::RandomEngineSTL seed: -656044710
Cluster density for muon with momentum 5e+09 : 92.1483
TAvalanche1D::initialiseTrackHeed -- 10 electrons produced by heed track.


2025-04-23.11:03:49 - Avalanche simulation id 51 (54nth simulation) terminated with success (9825 seconds).

Longitudinal diffusion generator: SIMD-oriented Fast Mersenne Twister
Initialising avalanche (Id: 62) with Heed track (thread 62) for muon with momentum 5e+09 at position 0 with angle 0
Garfield::RandomEngineSTL seed: 1679226823
Cluster density for muon with momentum 5e+09 : 92.1483
TAvalanche1D::initialiseTrackHeed -- 19 electrons produced by heed track.


2025-04-23.11:04:52 - Avalanche simulation id 55 (55nth simulation) terminated with success (7652 seconds).

Longitudinal diffusion generator: SIMD-oriented Fast Mersenne Twister
Initialising avalanche (Id: 63) with Heed track (thread 63) for muon with momentum 5e+09 at position 0 with angle 0
Garfield::RandomEngineSTL seed: 1833813123
Cluster density for muon with momentum 5e+09 : 92.1483
TAvalanche1D::initialiseTrackHeed -- 7 electrons produced by heed track.


2025-04-23.11:34:32 - Avalanche simulation id 56 (56nth simulation) terminated with success (7444 seconds).

Longitudinal diffusion generator: SIMD-oriented Fast Mersenne Twister
Initialising avalanche (Id: 64) with Heed track (thread 64) for muon with momentum 5e+09 at position 0 with angle 0
Garfield::RandomEngineSTL seed: -1608196406
Cluster density for muon with momentum 5e+09 : 92.1483
TAvalanche1D::initialiseTrackHeed -- 14 electrons produced by heed track.


2025-04-23.11:42:12 - Avalanche simulation id 60 (57nth simulation) terminated with success (5965 seconds).

Longitudinal diffusion generator: SIMD-oriented Fast Mersenne Twister
Initialising avalanche (Id: 65) with Heed track (thread 65) for muon with momentum 5e+09 at position 0 with angle 0
Garfield::RandomEngineSTL seed: -1515823977
Cluster density for muon with momentum 5e+09 : 92.1483
TAvalanche1D::initialiseTrackHeed -- 17 electrons produced by heed track.


2025-04-23.12:05:55 - Avalanche simulation id 57 (58nth simulation) terminated with success (9037 seconds).

Longitudinal diffusion generator: SIMD-oriented Fast Mersenne Twister
Initialising avalanche (Id: 66) with Heed track (thread 66) for muon with momentum 5e+09 at position 0 with angle 0
Garfield::RandomEngineSTL seed: 11885645
Cluster density for muon with momentum 5e+09 : 92.1483
TAvalanche1D::initialiseTrackHeed -- 7 electrons produced by heed track.


2025-04-23.12:22:27 - Avalanche simulation id 59 (59nth simulation) terminated with success (8390 seconds).

Longitudinal diffusion generator: SIMD-oriented Fast Mersenne Twister
Initialising avalanche (Id: 67) with Heed track (thread 67) for muon with momentum 5e+09 at position 0 with angle 0
Garfield::RandomEngineSTL seed: -661578175
Cluster density for muon with momentum 5e+09 : 92.1483
TAvalanche1D::initialiseTrackHeed -- 22 electrons produced by heed track.


2025-04-23.12:51:29 - Avalanche simulation id 63 (60nth simulation) terminated with success (6397 seconds).

Longitudinal diffusion generator: SIMD-oriented Fast Mersenne Twister
Initialising avalanche (Id: 68) with Heed track (thread 68) for muon with momentum 5e+09 at position 0 with angle 0
Garfield::RandomEngineSTL seed: -947431584
Cluster density for muon with momentum 5e+09 : 92.1483
TAvalanche1D::initialiseTrackHeed -- 18 electrons produced by heed track.


2025-04-23.12:52:15 - Avalanche simulation id 58 (61nth simulation) terminated with success (10183 seconds).

Longitudinal diffusion generator: SIMD-oriented Fast Mersenne Twister
Initialising avalanche (Id: 69) with Heed track (thread 69) for muon with momentum 5e+09 at position 0 with angle 0
Garfield::RandomEngineSTL seed: 549185444
Cluster density for muon with momentum 5e+09 : 92.1483
TAvalanche1D::initialiseTrackHeed -- 10 electrons produced by heed track.


2025-04-23.12:54:24 - Avalanche simulation id 62 (62nth simulation) terminated with success (6634 seconds).

Longitudinal diffusion generator: SIMD-oriented Fast Mersenne Twister
Initialising avalanche (Id: 70) with Heed track (thread 70) for muon with momentum 5e+09 at position 0 with angle 0
Garfield::RandomEngineSTL seed: 1975026961
Cluster density for muon with momentum 5e+09 : 92.1483
TAvalanche1D::initialiseTrackHeed -- 12 electrons produced by heed track.


2025-04-23.13:21:44 - Avalanche simulation id 61 (63nth simulation) terminated with success (11050 seconds).

Longitudinal diffusion generator: SIMD-oriented Fast Mersenne Twister
Initialising avalanche (Id: 71) with Heed track (thread 71) for muon with momentum 5e+09 at position 0 with angle 0
Garfield::RandomEngineSTL seed: -153036475
Cluster density for muon with momentum 5e+09 : 92.1483
TAvalanche1D::initialiseTrackHeed -- 23 electrons produced by heed track.

clt failed

2025-04-23.13:43:51 - Avalanche simulation id 66 (64nth simulation) terminated with success (5875 seconds).


2025-04-23.13:53:11 - Avalanche simulation id 65 (65nth simulation) terminated with success (7859 seconds).


2025-04-23.14:17:31 - Avalanche simulation id 67 (66nth simulation) terminated with success (6904 seconds).


2025-04-23.14:30:14 - Avalanche simulation id 71 (67nth simulation) terminated with success (4110 seconds).


2025-04-23.14:50:41 - Avalanche simulation id 64 (68nth simulation) terminated with success (11768 seconds).


2025-04-23.14:59:11 - Avalanche simulation id 70 (69nth simulation) terminated with success (7487 seconds).


2025-04-23.15:24:08 - Avalanche simulation id 68 (70nth simulation) terminated with success (9159 seconds).


2025-04-23.15:25:22 - Avalanche simulation id 69 (71nth simulation) terminated with success (9187 seconds).

