000 (1307.000.000) 2025-05-14 10:26:01 Job submitted from host: <[2a05:b400:104:200:20a:f7ff:fe41:b290]:10909?addrs=[2a05-b400-104-200-20a-f7ff-fe41-b290]-10909&alias=el9-08.hep.phy.cam.ac.uk>
...
040 (1307.000.000) 2025-05-14 10:26:10 Started transferring input files
	Transferring to host: <[2a05:b400:104:200::500:dc84]:42303?addrs=[2a05-b400-104-200--500-dc84]-42303&alias=wcdc-132.hep.phy.cam.ac.uk>
...
040 (1307.000.000) 2025-05-14 10:32:49 Finished transferring input files
...
001 (1307.000.000) 2025-05-14 10:32:49 Job executing on host: <[2a05:b400:104:200::500:dc84]:33677?addrs=[2a05-b400-104-200--500-dc84]-33677&alias=wcdc-132.hep.phy.cam.ac.uk>
	SlotName: slot1_13@wcdc-132.hep.phy.cam.ac.uk
	CondorScratchDir = "/var/work/condor/execute/dir_2594797"
	Cpus = 4
	Disk = 4195328
	GPUs = 0
	Memory = 4096
...
006 (1307.000.000) 2025-05-14 10:32:57 Image size of job updated: 680
	1  -  MemoryUsage of job (MB)
	680  -  ResidentSetSize of job (KB)
...
006 (1307.000.000) 2025-05-14 10:37:57 Image size of job updated: 107212
	105  -  MemoryUsage of job (MB)
	107212  -  ResidentSetSize of job (KB)
...
006 (1307.000.000) 2025-05-14 10:42:58 Image size of job updated: 444964
	435  -  MemoryUsage of job (MB)
	444964  -  ResidentSetSize of job (KB)
...
006 (1307.000.000) 2025-05-14 10:47:59 Image size of job updated: 444968
	435  -  MemoryUsage of job (MB)
	444968  -  ResidentSetSize of job (KB)
...
006 (1307.000.000) 2025-05-14 11:13:02 Image size of job updated: 444996
	435  -  MemoryUsage of job (MB)
	444996  -  ResidentSetSize of job (KB)
...
006 (1307.000.000) 2025-05-14 11:48:05 Image size of job updated: 466852
	456  -  MemoryUsage of job (MB)
	466852  -  ResidentSetSize of job (KB)
...
006 (1307.000.000) 2025-05-14 13:03:11 Image size of job updated: 466856
	456  -  MemoryUsage of job (MB)
	466856  -  ResidentSetSize of job (KB)
...
006 (1307.000.000) 2025-05-14 13:23:13 Image size of job updated: 468388
	458  -  MemoryUsage of job (MB)
	468388  -  ResidentSetSize of job (KB)
...
006 (1307.000.000) 2025-05-14 13:33:14 Image size of job updated: 468396
	458  -  MemoryUsage of job (MB)
	468396  -  ResidentSetSize of job (KB)
...
006 (1307.000.000) 2025-05-14 14:13:18 Image size of job updated: 468400
	458  -  MemoryUsage of job (MB)
	468400  -  ResidentSetSize of job (KB)
...
006 (1307.000.000) 2025-05-14 14:48:22 Image size of job updated: 469928
	459  -  MemoryUsage of job (MB)
	469928  -  ResidentSetSize of job (KB)
...
006 (1307.000.000) 2025-05-14 16:33:32 Image size of job updated: 471472
	461  -  MemoryUsage of job (MB)
	471472  -  ResidentSetSize of job (KB)
...
006 (1307.000.000) 2025-05-14 17:03:35 Image size of job updated: 472064
	461  -  MemoryUsage of job (MB)
	472064  -  ResidentSetSize of job (KB)
...
022 (1307.000.000) 2025-05-14 18:07:15 Job disconnected, attempting to reconnect
    Local schedd and job shadow died, schedd now running again
    Trying to reconnect to slot1_13@wcdc-132.hep.phy.cam.ac.uk <[2a05:b400:104:200::500:dc84]:33677?addrs=[2a05-b400-104-200--500-dc84]-33677&alias=wcdc-132.hep.phy.cam.ac.uk>
...
023 (1307.000.000) 2025-05-14 18:07:17 Job reconnected to slot1_13@wcdc-132.hep.phy.cam.ac.uk
    startd address: <[2a05:b400:104:200::500:dc84]:33677?addrs=[2a05-b400-104-200--500-dc84]-33677&alias=wcdc-132.hep.phy.cam.ac.uk>
    starter address: <[2a05:b400:104:200::500:dc84]:42303?addrs=[2a05-b400-104-200--500-dc84]-42303&alias=wcdc-132.hep.phy.cam.ac.uk>
...
005 (1307.000.000) 2025-05-15 05:51:42 Job terminated.
	(1) Normal termination (return value 0)
		Usr 6 03:02:43, Sys 0 00:01:53  -  Run Remote Usage
		Usr 0 00:00:00, Sys 0 00:00:00  -  Run Local Usage
		Usr 8 12:38:56, Sys 0 00:03:00  -  Total Remote Usage
		Usr 0 00:00:00, Sys 0 00:00:00  -  Total Local Usage
	7344676  -  Run Bytes Sent By Job
	0  -  Run Bytes Received By Job
	7344676  -  Total Bytes Sent By Job
	634433751  -  Total Bytes Received By Job
	Partitionable Resources :         Usage  Request Allocated 
	   Cpus                 :          0.99        4         4 
	   Disk (KB)            :     648833     4194304   4195328 
	   Memory (MB)          :        464        4096      4096 
	   TimeExecute (s)      : 1747284702                       
	   TimeSlotBusy (s)     : 1747284702                       

	Job terminated of its own accord at 2025-05-15T04:51:42Z with exit-code 0.
...
