000 (1307.001.000) 2025-05-14 10:26:01 Job submitted from host: <[2a05:b400:104:200:20a:f7ff:fe41:b290]:10909?addrs=[2a05-b400-104-200-20a-f7ff-fe41-b290]-10909&alias=el9-08.hep.phy.cam.ac.uk>
...
040 (1307.001.000) 2025-05-14 10:26:11 Started transferring input files
	Transferring to host: <[2a05:b400:104:200::500:dc83]:43535?addrs=[2a05-b400-104-200--500-dc83]-43535&alias=wcdc-131.hep.phy.cam.ac.uk>
...
040 (1307.001.000) 2025-05-14 10:29:21 Finished transferring input files
...
001 (1307.001.000) 2025-05-14 10:29:21 Job executing on host: <[2a05:b400:104:200::500:dc83]:46627?addrs=[2a05-b400-104-200--500-dc83]-46627&alias=wcdc-131.hep.phy.cam.ac.uk>
	SlotName: slot1_16@wcdc-131.hep.phy.cam.ac.uk
	CondorScratchDir = "/var/work/condor/execute/dir_50925"
	Cpus = 4
	Disk = 4195328
	GPUs = 0
	Memory = 4096
...
006 (1307.001.000) 2025-05-14 10:29:31 Image size of job updated: 52
	1  -  MemoryUsage of job (MB)
	52  -  ResidentSetSize of job (KB)
...
006 (1307.001.000) 2025-05-14 10:34:31 Image size of job updated: 18760
	19  -  MemoryUsage of job (MB)
	18760  -  ResidentSetSize of job (KB)
...
006 (1307.001.000) 2025-05-14 10:39:30 Image size of job updated: 38000
	38  -  MemoryUsage of job (MB)
	38000  -  ResidentSetSize of job (KB)
...
006 (1307.001.000) 2025-05-14 10:44:30 Image size of job updated: 111300
	109  -  MemoryUsage of job (MB)
	111300  -  ResidentSetSize of job (KB)
...
006 (1307.001.000) 2025-05-14 10:49:30 Image size of job updated: 449364
	439  -  MemoryUsage of job (MB)
	449364  -  ResidentSetSize of job (KB)
...
006 (1307.001.000) 2025-05-14 10:54:31 Image size of job updated: 449372
	439  -  MemoryUsage of job (MB)
	449372  -  ResidentSetSize of job (KB)
...
006 (1307.001.000) 2025-05-14 11:29:37 Image size of job updated: 450908
	441  -  MemoryUsage of job (MB)
	450908  -  ResidentSetSize of job (KB)
...
006 (1307.001.000) 2025-05-14 12:09:40 Image size of job updated: 451020
	441  -  MemoryUsage of job (MB)
	451020  -  ResidentSetSize of job (KB)
...
006 (1307.001.000) 2025-05-14 12:24:42 Image size of job updated: 451032
	441  -  MemoryUsage of job (MB)
	451032  -  ResidentSetSize of job (KB)
...
006 (1307.001.000) 2025-05-14 12:29:42 Image size of job updated: 451044
	441  -  MemoryUsage of job (MB)
	451044  -  ResidentSetSize of job (KB)
...
006 (1307.001.000) 2025-05-14 13:19:47 Image size of job updated: 451048
	441  -  MemoryUsage of job (MB)
	451048  -  ResidentSetSize of job (KB)
...
006 (1307.001.000) 2025-05-14 13:59:50 Image size of job updated: 471484
	461  -  MemoryUsage of job (MB)
	471484  -  ResidentSetSize of job (KB)
...
006 (1307.001.000) 2025-05-14 14:14:51 Image size of job updated: 473032
	462  -  MemoryUsage of job (MB)
	473032  -  ResidentSetSize of job (KB)
...
006 (1307.001.000) 2025-05-14 14:49:55 Image size of job updated: 473036
	462  -  MemoryUsage of job (MB)
	473036  -  ResidentSetSize of job (KB)
...
006 (1307.001.000) 2025-05-14 15:34:59 Image size of job updated: 474576
	464  -  MemoryUsage of job (MB)
	474576  -  ResidentSetSize of job (KB)
...
006 (1307.001.000) 2025-05-14 15:55:02 Image size of job updated: 474688
	464  -  MemoryUsage of job (MB)
	474688  -  ResidentSetSize of job (KB)
...
006 (1307.001.000) 2025-05-14 16:10:03 Image size of job updated: 476120
	465  -  MemoryUsage of job (MB)
	476120  -  ResidentSetSize of job (KB)
...
022 (1307.001.000) 2025-05-14 18:07:15 Job disconnected, attempting to reconnect
    Local schedd and job shadow died, schedd now running again
    Trying to reconnect to slot1_16@wcdc-131.hep.phy.cam.ac.uk <[2a05:b400:104:200::500:dc83]:46627?addrs=[2a05-b400-104-200--500-dc83]-46627&alias=wcdc-131.hep.phy.cam.ac.uk>
...
023 (1307.001.000) 2025-05-14 18:07:17 Job reconnected to slot1_16@wcdc-131.hep.phy.cam.ac.uk
    startd address: <[2a05:b400:104:200::500:dc83]:46627?addrs=[2a05-b400-104-200--500-dc83]-46627&alias=wcdc-131.hep.phy.cam.ac.uk>
    starter address: <[2a05:b400:104:200::500:dc83]:43535?addrs=[2a05-b400-104-200--500-dc83]-43535&alias=wcdc-131.hep.phy.cam.ac.uk>
...
005 (1307.001.000) 2025-05-15 09:33:12 Job terminated.
	(1) Normal termination (return value 0)
		Usr 7 03:05:13, Sys 0 00:02:05  -  Run Remote Usage
		Usr 0 00:00:00, Sys 0 00:00:00  -  Run Local Usage
		Usr 9 11:16:29, Sys 0 00:03:04  -  Total Remote Usage
		Usr 0 00:00:00, Sys 0 00:00:00  -  Total Local Usage
	7359082  -  Run Bytes Sent By Job
	0  -  Run Bytes Received By Job
	7359082  -  Total Bytes Sent By Job
	634433751  -  Total Bytes Received By Job
	Partitionable Resources :         Usage  Request Allocated 
	   Cpus                 :          1.99        4         4 
	   Disk (KB)            :     648847     4194304   4195328 
	   Memory (MB)          :        489        4096      4096 
	   TimeExecute (s)      : 1747297992                       
	   TimeSlotBusy (s)     : 1747297992                       

	Job terminated of its own accord at 2025-05-15T08:33:12Z with exit-code 0.
...
