000 (298.003.000) 2025-05-09 00:28:44 Job submitted from host: <[2a05:b400:104:200:20a:f7ff:fe41:b290]:10909?addrs=[2a05-b400-104-200-20a-f7ff-fe41-b290]-10909&alias=el9-08.hep.phy.cam.ac.uk>
...
040 (298.003.000) 2025-05-09 00:47:45 Started transferring input files
	Transferring to host: <[2a05:b400:104:200::dc00:4]:35803?addrs=[2a05-b400-104-200--dc00-4]-35803&alias=dc-cpu-04.hep.phy.cam.ac.uk>
...
040 (298.003.000) 2025-05-09 16:57:43 Finished transferring output files
...
005 (298.003.000) 2025-05-09 16:57:44 Job terminated.
	(1) Normal termination (return value 0)
		Usr 2 15:14:53, Sys 0 00:00:07  -  Run Remote Usage
		Usr 0 00:00:00, Sys 0 00:00:00  -  Run Local Usage
		Usr 2 15:14:53, Sys 0 00:00:07  -  Total Remote Usage
		Usr 0 00:00:00, Sys 0 00:00:00  -  Total Local Usage
	130365839  -  Run Bytes Sent By Job
	634195544  -  Run Bytes Received By Job
	130365839  -  Total Bytes Sent By Job
	634195544  -  Total Bytes Received By Job
	Partitionable Resources :     Usage  Request Allocated 
	   Cpus                 :      0.99        4         4 
	   Disk (KB)            : 746810     4194304   4195328 
	   GPUs                 :                            0 
	   Memory (MB)          :    293        6144      6144 
	   TimeExecute (s)      :  58196                       
	   TimeSlotBusy (s)     :  58198                       

	Job terminated of its own accord at 2025-05-09T15:57:43Z with exit-code 0.
...
