000 (1228.001.000) 2025-05-13 12:13:19 Job submitted from host: <[2a05:b400:104:200:20a:f7ff:fe41:b290]:10909?addrs=[2a05-b400-104-200-20a-f7ff-fe41-b290]-10909&alias=el9-08.hep.phy.cam.ac.uk>
...
009 (1228.001.000) 2025-05-13 12:14:00 Job was aborted.
	via condor_rm (by user mlc95)
...
000 (1229.001.000) 2025-05-13 12:14:08 Job submitted from host: <[2a05:b400:104:200:20a:f7ff:fe41:b290]:10909?addrs=[2a05-b400-104-200-20a-f7ff-fe41-b290]-10909&alias=el9-08.hep.phy.cam.ac.uk>
...
040 (1229.001.000) 2025-05-13 13:42:34 Started transferring input files
	Transferring to host: <[2a05:b400:104:200::500:dc84]:45807?addrs=[2a05-b400-104-200--500-dc84]-45807&alias=wcdc-132.hep.phy.cam.ac.uk>
...
040 (1229.001.000) 2025-05-13 13:45:34 Finished transferring input files
...
001 (1229.001.000) 2025-05-13 13:45:34 Job executing on host: <[2a05:b400:104:200::500:dc84]:33677?addrs=[2a05-b400-104-200--500-dc84]-33677&alias=wcdc-132.hep.phy.cam.ac.uk>
	SlotName: slot1_13@wcdc-132.hep.phy.cam.ac.uk
	CondorScratchDir = "/var/work/condor/execute/dir_1517853"
	Cpus = 4
	Disk = 4195328
	GPUs = 0
	Memory = 4096
...
006 (1229.001.000) 2025-05-13 13:45:44 Image size of job updated: 52
	1  -  MemoryUsage of job (MB)
	52  -  ResidentSetSize of job (KB)
...
006 (1229.001.000) 2025-05-13 13:50:44 Image size of job updated: 111304
	109  -  MemoryUsage of job (MB)
	111304  -  ResidentSetSize of job (KB)
...
006 (1229.001.000) 2025-05-13 13:55:44 Image size of job updated: 117752
	115  -  MemoryUsage of job (MB)
	117752  -  ResidentSetSize of job (KB)
...
006 (1229.001.000) 2025-05-13 14:00:44 Image size of job updated: 449464
	439  -  MemoryUsage of job (MB)
	449464  -  ResidentSetSize of job (KB)
...
006 (1229.001.000) 2025-05-13 14:05:44 Image size of job updated: 451024
	441  -  MemoryUsage of job (MB)
	451024  -  ResidentSetSize of job (KB)
...
006 (1229.001.000) 2025-05-13 14:20:45 Image size of job updated: 452576
	442  -  MemoryUsage of job (MB)
	452576  -  ResidentSetSize of job (KB)
...
006 (1229.001.000) 2025-05-13 14:30:46 Image size of job updated: 454136
	444  -  MemoryUsage of job (MB)
	454136  -  ResidentSetSize of job (KB)
...
006 (1229.001.000) 2025-05-13 14:35:46 Image size of job updated: 455692
	446  -  MemoryUsage of job (MB)
	455692  -  ResidentSetSize of job (KB)
...
