Configuration:
   Detector:
	 gap width: 0.2
	 steps: 500
	 electric field: 42000
	 ebar calculation steps: 140
	 anode: 0.2 cm, epsilon=5
	 cathode: 0.2 cm, epsilon=5
	 threshold: 3 pC
   Gas composition:
	 temperature: 293.15
	 pressure: 760
	 gases: 3
	 gas 0 -- name: c2h2f4 - percentage: 94.7
	 gas 1 -- name: sf6 - percentage: 0.3
	 gas 2 -- name: isobutane - percentage: 5
   Simulation parameters:
	 particle: muon
	 momentum: 5e+09
	 x0: 0
	 theta: 0
	 events to simulate: 50
	 threads to use: 8
	 outfile path: out/2mm_ATLAS_noCO2_42kV.dat
	 generator: SFMT
	 random global seed
	 Debug outputs: 0
	 verbose: 1
	 verbosity level: 1
	 snapshots: 0
Init SFMT generator with random seed: 192200188
MediumMagboltz::SetComposition: C2H2F4/SF6/iC4H10 (94.7/0.3/5)
	Gas table file: C2H2F4-0.947_SF6-0.003_iC4H10-0.05_temp-293.15_pres-760.gas
MediumMagboltz::LoadGasFile:
    Reading file gastables/C2H2F4-0.947_SF6-0.003_iC4H10-0.05_temp-293.15_pres-760.gas.
    Version 13.
    Gas composition set to iC4H10/SF6/C2H2F4 (5/0.3/94.7).

Transport parameters:
	alpha: 75.2114 cm-1
	eta: 18.6563 cm-1
	E: 42000 kV/cm
	Drift velocity: (0.0091715,0,0) cm/ns
	Ion Drift velocity: (0,0,0) cm/ns
	Diffusion coefficient: (0.00898691, 0.0120887) cm-1/2
	Dt: 0.0436134 ns

EbarTable filename: fDiffT:0.0120887-gapWidth:0.2-eps1:5-eps3:5-cathode:0.2-anode:0.2-Nstep:500-Dx:0.0004-EbarTableSize:140
Hash representation: 8429373854029933186
Computing Ebar Table ... 

TAvalanche::Computing cluster density.
TAvalanche::Computing electron density and cluster size.
Longitudinal diffusion generator: SIMD-oriented Fast Mersenne Twister
Initialising avalanche (Id: 0) with Heed track (thread 0) for muon with momentum 5e+09 at position 0 with angle 0
Garfield::RandomEngineSTL seed: -1954569879
Longitudinal diffusion generator: SIMD-oriented Fast Mersenne Twister
Cluster density for muon with momentum 5e+09 : 92.198
TAvalanche1D::initialiseTrackHeed -- 23 electrons produced by heed track.

Initialising avalanche (Id: 1) with Heed track (thread 1) for muon with momentum 5e+09 at position 0 with angle 0
Garfield::RandomEngineSTL seed: -2081332003
Longitudinal diffusion generator: SIMD-oriented Fast Mersenne Twister
Cluster density for muon with momentum 5e+09 : 92.198
TAvalanche1D::initialiseTrackHeed -- 27 electrons produced by heed track.

Initialising avalanche (Id: 2) with Heed track (thread 2) for muon with momentum 5e+09 at position 0 with angle 0
Garfield::RandomEngineSTL seed: 1294894731
Longitudinal diffusion generator: SIMD-oriented Fast Mersenne Twister
Cluster density for muon with momentum 5e+09 : 92.198
TAvalanche1D::initialiseTrackHeed -- 20 electrons produced by heed track.

Initialising avalanche (Id: 3) with Heed track (thread 3) for muon with momentum 5e+09 at position 0 with angle 0
Garfield::RandomEngineSTL seed: -1961456331
Longitudinal diffusion generator: SIMD-oriented Fast Mersenne Twister
Cluster density for muon with momentum 5e+09 : 92.198
TAvalanche1D::initialiseTrackHeed -- 25 electrons produced by heed track.

Initialising avalanche (Id: 4) with Heed track (thread 4) for muon with momentum 5e+09 at position 0 with angle 0
Garfield::RandomEngineSTL seed: 375020263
Cluster density for muon with momentum 5e+09 : 92.198
TAvalanche1D::initialiseTrackHeed -- 26 electrons produced by heed track.

Longitudinal diffusion generator: SIMD-oriented Fast Mersenne Twister
Initialising avalanche (Id: 5) with Heed track (thread 5) for muon with momentum 5e+09 at position 0 with angle 0
Garfield::RandomEngineSTL seed: -1612606218
Longitudinal diffusion generator: SIMD-oriented Fast Mersenne Twister
Cluster density for muon with momentum 5e+09 : 92.198
TAvalanche1D::initialiseTrackHeed -- 113 electrons produced by heed track.

Initialising avalanche (Id: 6) with Heed track (thread 6) for muon with momentum 5e+09 at position 0 with angle 0
Garfield::RandomEngineSTL seed: -1935711471
Longitudinal diffusion generator: SIMD-oriented Fast Mersenne Twister
Cluster density for muon with momentum 5e+09 : 92.198
TAvalanche1D::initialiseTrackHeed -- 28 electrons produced by heed track.

Initialising avalanche (Id: 7) with Heed track (thread 7) for muon with momentum 5e+09 at position 0 with angle 0
Garfield::RandomEngineSTL seed: -1035172997
Cluster density for muon with momentum 5e+09 : 92.198
TAvalanche1D::initialiseTrackHeed -- 19 electrons produced by heed track.


2025-05-13.14:42:58 - Avalanche simulation id 0 (0nth simulation) terminated with success (2399 seconds).

Longitudinal diffusion generator: SIMD-oriented Fast Mersenne Twister
Initialising avalanche (Id: 8) with Heed track (thread 8) for muon with momentum 5e+09 at position 0 with angle 0
Garfield::RandomEngineSTL seed: 1418513823
Cluster density for muon with momentum 5e+09 : 92.198
TAvalanche1D::initialiseTrackHeed -- 33 electrons produced by heed track.


2025-05-13.15:07:00 - Avalanche simulation id 2 (1nth simulation) terminated with success (3840 seconds).

Longitudinal diffusion generator: SIMD-oriented Fast Mersenne Twister
Initialising avalanche (Id: 9) with Heed track (thread 9) for muon with momentum 5e+09 at position 0 with angle 0
Garfield::RandomEngineSTL seed: -374806284
Cluster density for muon with momentum 5e+09 : 92.198
TAvalanche1D::initialiseTrackHeed -- 34 electrons produced by heed track.


2025-05-13.15:30:16 - Avalanche simulation id 3 (2nth simulation) terminated with success (5236 seconds).

Longitudinal diffusion generator: SIMD-oriented Fast Mersenne Twister
Initialising avalanche (Id: 10) with Heed track (thread 10) for muon with momentum 5e+09 at position 0 with angle 0
Garfield::RandomEngineSTL seed: -1259733885
Cluster density for muon with momentum 5e+09 : 92.198
TAvalanche1D::initialiseTrackHeed -- 23 electrons produced by heed track.


2025-05-13.15:47:20 - Avalanche simulation id 10 (3nth simulation) terminated with success (1023 seconds).

Longitudinal diffusion generator: SIMD-oriented Fast Mersenne Twister
Initialising avalanche (Id: 11) with Heed track (thread 11) for muon with momentum 5e+09 at position 0 with angle 0
Garfield::RandomEngineSTL seed: 630804545
Cluster density for muon with momentum 5e+09 : 92.198
TAvalanche1D::initialiseTrackHeed -- 37 electrons produced by heed track.


2025-05-13.16:01:13 - Avalanche simulation id 6 (4nth simulation) terminated with success (7092 seconds).

Longitudinal diffusion generator: SIMD-oriented Fast Mersenne Twister
Initialising avalanche (Id: 12) with Heed track (thread 12) for muon with momentum 5e+09 at position 0 with angle 0
Garfield::RandomEngineSTL seed: 1493725697
Cluster density for muon with momentum 5e+09 : 92.198
TAvalanche1D::initialiseTrackHeed -- 73 electrons produced by heed track.


2025-05-13.16:24:22 - Avalanche simulation id 4 (5nth simulation) terminated with success (8482 seconds).

Longitudinal diffusion generator: SIMD-oriented Fast Mersenne Twister
Initialising avalanche (Id: 13) with Heed track (thread 13) for muon with momentum 5e+09 at position 0 with angle 0
Garfield::RandomEngineSTL seed: 1788562410
Cluster density for muon with momentum 5e+09 : 92.198
TAvalanche1D::initialiseTrackHeed -- 54 electrons produced by heed track.


2025-05-13.16:36:30 - Avalanche simulation id 1 (6nth simulation) terminated with success (9210 seconds).

Longitudinal diffusion generator: SIMD-oriented Fast Mersenne Twister
Initialising avalanche (Id: 14) with Heed track (thread 14) for muon with momentum 5e+09 at position 0 with angle 0
Garfield::RandomEngineSTL seed: 393207516
Cluster density for muon with momentum 5e+09 : 92.198
TAvalanche1D::initialiseTrackHeed -- 20 electrons produced by heed track.


2025-05-13.16:53:41 - Avalanche simulation id 9 (7nth simulation) terminated with success (6399 seconds).

Longitudinal diffusion generator: SIMD-oriented Fast Mersenne Twister

2025-05-13.16:55:34 - Avalanche simulation id 12 (8nth simulation) terminated with success (3260 seconds).

Initialising avalanche (Id: 15) with Heed track (thread 15) for muon with momentum 5e+09 at position 0 with angle 0
Garfield::RandomEngineSTL seed: -1395981009
Cluster density for muon with momentum 5e+09 : 92.198
TAvalanche1D::initialiseTrackHeed -- 24 electrons produced by heed track.

Longitudinal diffusion generator: SIMD-oriented Fast Mersenne Twister
Initialising avalanche (Id: 16) with Heed track (thread 16) for muon with momentum 5e+09 at position 0 with angle 0
Garfield::RandomEngineSTL seed: 894493
Cluster density for muon with momentum 5e+09 : 92.198
TAvalanche1D::initialiseTrackHeed -- 15 electrons produced by heed track.


2025-05-13.17:03:50 - Avalanche simulation id 7 (9nth simulation) terminated with success (10848 seconds).

Longitudinal diffusion generator: SIMD-oriented Fast Mersenne Twister
Initialising avalanche (Id: 17) with Heed track (thread 17) for muon with momentum 5e+09 at position 0 with angle 0
Garfield::RandomEngineSTL seed: 944654522
Cluster density for muon with momentum 5e+09 : 92.198
TAvalanche1D::initialiseTrackHeed -- 21 electrons produced by heed track.


2025-05-13.17:10:12 - Avalanche simulation id 8 (10nth simulation) terminated with success (8833 seconds).

Longitudinal diffusion generator: SIMD-oriented Fast Mersenne Twister
Initialising avalanche (Id: 18) with Heed track (thread 18) for muon with momentum 5e+09 at position 0 with angle 0
Garfield::RandomEngineSTL seed: 60996035
Cluster density for muon with momentum 5e+09 : 92.198
TAvalanche1D::initialiseTrackHeed -- 26 electrons produced by heed track.


2025-05-13.17:26:26 - Avalanche simulation id 5 (11nth simulation) terminated with success (12205 seconds).

Longitudinal diffusion generator: SIMD-oriented Fast Mersenne Twister
Initialising avalanche (Id: 19) with Heed track (thread 19) for muon with momentum 5e+09 at position 0 with angle 0
Garfield::RandomEngineSTL seed: -90857512
Cluster density for muon with momentum 5e+09 : 92.198
TAvalanche1D::initialiseTrackHeed -- 25 electrons produced by heed track.


2025-05-13.17:46:18 - Avalanche simulation id 17 (12nth simulation) terminated with success (2545 seconds).

Longitudinal diffusion generator: SIMD-oriented Fast Mersenne Twister
Initialising avalanche (Id: 20) with Heed track (thread 20) for muon with momentum 5e+09 at position 0 with angle 0
Garfield::RandomEngineSTL seed: 1331595394
Cluster density for muon with momentum 5e+09 : 92.198
TAvalanche1D::initialiseTrackHeed -- 23 electrons produced by heed track.


2025-05-13.17:58:21 - Avalanche simulation id 16 (13nth simulation) terminated with success (3741 seconds).

Longitudinal diffusion generator: SIMD-oriented Fast Mersenne Twister
Initialising avalanche (Id: 21) with Heed track (thread 21) for muon with momentum 5e+09 at position 0 with angle 0
Garfield::RandomEngineSTL seed: 986353367
Cluster density for muon with momentum 5e+09 : 92.198
TAvalanche1D::initialiseTrackHeed -- 25 electrons produced by heed track.


2025-05-13.18:03:57 - Avalanche simulation id 11 (14nth simulation) terminated with success (8197 seconds).

Longitudinal diffusion generator: SIMD-oriented Fast Mersenne Twister

2025-05-13.18:05:51 - Avalanche simulation id 14 (15nth simulation) terminated with success (5360 seconds).

Initialising avalanche (Id: 22) with Heed track (thread 22) for muon with momentum 5e+09 at position 0 with angle 0
Garfield::RandomEngineSTL seed: -617954385
Cluster density for muon with momentum 5e+09 : 92.198
TAvalanche1D::initialiseTrackHeed -- 20 electrons produced by heed track.

Longitudinal diffusion generator: SIMD-oriented Fast Mersenne Twister
Initialising avalanche (Id: 23) with Heed track (thread 23) for muon with momentum 5e+09 at position 0 with angle 0
Garfield::RandomEngineSTL seed: -1644880676
Cluster density for muon with momentum 5e+09 : 92.198
TAvalanche1D::initialiseTrackHeed -- 47 electrons produced by heed track.


2025-05-13.18:39:22 - Avalanche simulation id 15 (16nth simulation) terminated with success (6325 seconds).

Longitudinal diffusion generator: SIMD-oriented Fast Mersenne Twister
Initialising avalanche (Id: 24) with Heed track (thread 24) for muon with momentum 5e+09 at position 0 with angle 0
Garfield::RandomEngineSTL seed: 910406334
Cluster density for muon with momentum 5e+09 : 92.198
TAvalanche1D::initialiseTrackHeed -- 18 electrons produced by heed track.


2025-05-13.18:43:16 - Avalanche simulation id 18 (17nth simulation) terminated with success (5583 seconds).

Longitudinal diffusion generator: SIMD-oriented Fast Mersenne Twister
Initialising avalanche (Id: 25) with Heed track (thread 25) for muon with momentum 5e+09 at position 0 with angle 0
Garfield::RandomEngineSTL seed: -563071482
Cluster density for muon with momentum 5e+09 : 92.198
TAvalanche1D::initialiseTrackHeed -- 15 electrons produced by heed track.


2025-05-13.19:14:54 - Avalanche simulation id 19 (18nth simulation) terminated with success (6500 seconds).

Longitudinal diffusion generator: SIMD-oriented Fast Mersenne Twister
Initialising avalanche (Id: 26) with Heed track (thread 26) for muon with momentum 5e+09 at position 0 with angle 0
Garfield::RandomEngineSTL seed: -1738555977
Cluster density for muon with momentum 5e+09 : 92.198
TAvalanche1D::initialiseTrackHeed -- 91 electrons produced by heed track.


2025-05-13.19:24:31 - Avalanche simulation id 24 (19nth simulation) terminated with success (2707 seconds).

Longitudinal diffusion generator: SIMD-oriented Fast Mersenne Twister
Initialising avalanche (Id: 27) with Heed track (thread 27) for muon with momentum 5e+09 at position 0 with angle 0
Garfield::RandomEngineSTL seed: -1785533570
Cluster density for muon with momentum 5e+09 : 92.198
TAvalanche1D::initialiseTrackHeed -- 42 electrons produced by heed track.


2025-05-13.19:34:56 - Avalanche simulation id 20 (20nth simulation) terminated with success (6518 seconds).

Longitudinal diffusion generator: SIMD-oriented Fast Mersenne Twister
Initialising avalanche (Id: 28) with Heed track (thread 28) for muon with momentum 5e+09 at position 0 with angle 0
Garfield::RandomEngineSTL seed: -1091897267
Cluster density for muon with momentum 5e+09 : 92.198
TAvalanche1D::initialiseTrackHeed -- 21 electrons produced by heed track.


2025-05-13.19:37:32 - Avalanche simulation id 22 (21nth simulation) terminated with success (5614 seconds).

Longitudinal diffusion generator: SIMD-oriented Fast Mersenne Twister
Initialising avalanche (Id: 29) with Heed track (thread 29) for muon with momentum 5e+09 at position 0 with angle 0
Garfield::RandomEngineSTL seed: 1054968698
Cluster density for muon with momentum 5e+09 : 92.198
TAvalanche1D::initialiseTrackHeed -- 47 electrons produced by heed track.


2025-05-13.19:45:20 - Avalanche simulation id 13 (22nth simulation) terminated with success (12052 seconds).

Longitudinal diffusion generator: SIMD-oriented Fast Mersenne Twister
Initialising avalanche (Id: 30) with Heed track (thread 30) for muon with momentum 5e+09 at position 0 with angle 0
Garfield::RandomEngineSTL seed: -1278246656
Cluster density for muon with momentum 5e+09 : 92.198
TAvalanche1D::initialiseTrackHeed -- 27 electrons produced by heed track.


2025-05-13.19:54:56 - Avalanche simulation id 21 (23nth simulation) terminated with success (6994 seconds).

Longitudinal diffusion generator: SIMD-oriented Fast Mersenne Twister
Initialising avalanche (Id: 31) with Heed track (thread 31) for muon with momentum 5e+09 at position 0 with angle 0
Garfield::RandomEngineSTL seed: 230597403
Cluster density for muon with momentum 5e+09 : 92.198
TAvalanche1D::initialiseTrackHeed -- 62 electrons produced by heed track.


2025-05-13.20:20:04 - Avalanche simulation id 26 (24nth simulation) terminated with success (3909 seconds).

Longitudinal diffusion generator: SIMD-oriented Fast Mersenne Twister
Initialising avalanche (Id: 32) with Heed track (thread 32) for muon with momentum 5e+09 at position 0 with angle 0
Garfield::RandomEngineSTL seed: 1769457909
Cluster density for muon with momentum 5e+09 : 92.198
TAvalanche1D::initialiseTrackHeed -- 20 electrons produced by heed track.


2025-05-13.20:53:51 - Avalanche simulation id 23 (25nth simulation) terminated with success (9953 seconds).

Longitudinal diffusion generator: SIMD-oriented Fast Mersenne Twister
Initialising avalanche (Id: 33) with Heed track (thread 33) for muon with momentum 5e+09 at position 0 with angle 0
Garfield::RandomEngineSTL seed: 2121558310
Cluster density for muon with momentum 5e+09 : 92.198
TAvalanche1D::initialiseTrackHeed -- 28 electrons produced by heed track.


2025-05-13.21:08:48 - Avalanche simulation id 25 (26nth simulation) terminated with success (8731 seconds).

Longitudinal diffusion generator: SIMD-oriented Fast Mersenne Twister
Initialising avalanche (Id: 34) with Heed track (thread 34) for muon with momentum 5e+09 at position 0 with angle 0
Garfield::RandomEngineSTL seed: -505965932
Cluster density for muon with momentum 5e+09 : 92.198
TAvalanche1D::initialiseTrackHeed -- 50 electrons produced by heed track.


2025-05-13.21:22:27 - Avalanche simulation id 29 (27nth simulation) terminated with success (6285 seconds).

Longitudinal diffusion generator: SIMD-oriented Fast Mersenne Twister
Initialising avalanche (Id: 35) with Heed track (thread 35) for muon with momentum 5e+09 at position 0 with angle 0
Garfield::RandomEngineSTL seed: 1936541086
Cluster density for muon with momentum 5e+09 : 92.198
TAvalanche1D::initialiseTrackHeed -- 41 electrons produced by heed track.


2025-05-13.21:39:17 - Avalanche simulation id 30 (28nth simulation) terminated with success (6836 seconds).

Longitudinal diffusion generator: SIMD-oriented Fast Mersenne Twister
Initialising avalanche (Id: 36) with Heed track (thread 36) for muon with momentum 5e+09 at position 0 with angle 0
Garfield::RandomEngineSTL seed: -1959547210
Cluster density for muon with momentum 5e+09 : 92.198
TAvalanche1D::initialiseTrackHeed -- 13 electrons produced by heed track.


2025-05-13.21:42:00 - Avalanche simulation id 27 (29nth simulation) terminated with success (8248 seconds).

Longitudinal diffusion generator: SIMD-oriented Fast Mersenne Twister
Initialising avalanche (Id: 37) with Heed track (thread 37) for muon with momentum 5e+09 at position 0 with angle 0
Garfield::RandomEngineSTL seed: 1692520739
Cluster density for muon with momentum 5e+09 : 92.198
TAvalanche1D::initialiseTrackHeed -- 183 electrons produced by heed track.


2025-05-13.21:56:16 - Avalanche simulation id 32 (30nth simulation) terminated with success (5766 seconds).

Longitudinal diffusion generator: SIMD-oriented Fast Mersenne Twister
Initialising avalanche (Id: 38) with Heed track (thread 38) for muon with momentum 5e+09 at position 0 with angle 0
Garfield::RandomEngineSTL seed: -163419435
Cluster density for muon with momentum 5e+09 : 92.198
TAvalanche1D::initialiseTrackHeed -- 23 electrons produced by heed track.


2025-05-13.21:59:35 - Avalanche simulation id 28 (31nth simulation) terminated with success (8677 seconds).

Longitudinal diffusion generator: SIMD-oriented Fast Mersenne Twister
Initialising avalanche (Id: 39) with Heed track (thread 39) for muon with momentum 5e+09 at position 0 with angle 0
Garfield::RandomEngineSTL seed: -1692363083
Cluster density for muon with momentum 5e+09 : 92.198
TAvalanche1D::initialiseTrackHeed -- 29 electrons produced by heed track.


2025-05-13.22:03:00 - Avalanche simulation id 31 (32nth simulation) terminated with success (7683 seconds).

aval_explosive_behaviour_clt, c = 1.08489e+10

2025-05-13.22:03:00 - Avalanche simulation id 39 (33nth simulation) terminated with error: 6 (200 seconds).

Longitudinal diffusion generator: SIMD-oriented Fast Mersenne Twister
Initialising avalanche (Id: 40) with Heed track (thread 40) for muon with momentum 5e+09 at position 0 with angle 0
Garfield::RandomEngineSTL seed: 2035745167
Cluster density for muon with momentum 5e+09 : 92.198
TAvalanche1D::initialiseTrackHeed -- 38 electrons produced by heed track.

Longitudinal diffusion generator: SIMD-oriented Fast Mersenne Twister
Initialising avalanche (Id: 41) with Heed track (thread 41) for muon with momentum 5e+09 at position 0 with angle 0
Garfield::RandomEngineSTL seed: 915839414
Cluster density for muon with momentum 5e+09 : 92.198
TAvalanche1D::initialiseTrackHeed -- 40 electrons produced by heed track.


2025-05-13.22:36:52 - Avalanche simulation id 38 (34nth simulation) terminated with success (2421 seconds).

Longitudinal diffusion generator: SIMD-oriented Fast Mersenne Twister
Initialising avalanche (Id: 42) with Heed track (thread 42) for muon with momentum 5e+09 at position 0 with angle 0
Garfield::RandomEngineSTL seed: 1866962152
Cluster density for muon with momentum 5e+09 : 92.198
TAvalanche1D::initialiseTrackHeed -- 22 electrons produced by heed track.


2025-05-13.22:54:29 - Avalanche simulation id 36 (35nth simulation) terminated with success (4511 seconds).

Longitudinal diffusion generator: SIMD-oriented Fast Mersenne Twister
Initialising avalanche (Id: 43) with Heed track (thread 43) for muon with momentum 5e+09 at position 0 with angle 0
Garfield::RandomEngineSTL seed: -230358519
Cluster density for muon with momentum 5e+09 : 92.198
TAvalanche1D::initialiseTrackHeed -- 19 electrons produced by heed track.


2025-05-13.23:06:17 - Avalanche simulation id 33 (36nth simulation) terminated with success (7945 seconds).

Longitudinal diffusion generator: SIMD-oriented Fast Mersenne Twister
Initialising avalanche (Id: 44) with Heed track (thread 44) for muon with momentum 5e+09 at position 0 with angle 0
Garfield::RandomEngineSTL seed: -864625058
Cluster density for muon with momentum 5e+09 : 92.198
TAvalanche1D::initialiseTrackHeed -- 22 electrons produced by heed track.


2025-05-13.23:18:38 - Avalanche simulation id 34 (37nth simulation) terminated with success (7788 seconds).

Longitudinal diffusion generator: SIMD-oriented Fast Mersenne Twister
Initialising avalanche (Id: 45) with Heed track (thread 45) for muon with momentum 5e+09 at position 0 with angle 0
Garfield::RandomEngineSTL seed: -1999024401
Cluster density for muon with momentum 5e+09 : 92.198
TAvalanche1D::initialiseTrackHeed -- 22 electrons produced by heed track.


2025-05-13.23:26:53 - Avalanche simulation id 44 (38nth simulation) terminated with success (1236 seconds).

Longitudinal diffusion generator: SIMD-oriented Fast Mersenne Twister
Initialising avalanche (Id: 46) with Heed track (thread 46) for muon with momentum 5e+09 at position 0 with angle 0
Garfield::RandomEngineSTL seed: 1476008210
Cluster density for muon with momentum 5e+09 : 92.198
TAvalanche1D::initialiseTrackHeed -- 46 electrons produced by heed track.


2025-05-13.23:31:21 - Avalanche simulation id 40 (39nth simulation) terminated with success (5300 seconds).

Longitudinal diffusion generator: SIMD-oriented Fast Mersenne Twister
Initialising avalanche (Id: 47) with Heed track (thread 47) for muon with momentum 5e+09 at position 0 with angle 0
Garfield::RandomEngineSTL seed: -62443689
Cluster density for muon with momentum 5e+09 : 92.198
TAvalanche1D::initialiseTrackHeed -- 80 electrons produced by heed track.


2025-05-13.23:41:15 - Avalanche simulation id 35 (40nth simulation) terminated with success (8327 seconds).

Longitudinal diffusion generator: SIMD-oriented Fast Mersenne Twister
Initialising avalanche (Id: 48) with Heed track (thread 48) for muon with momentum 5e+09 at position 0 with angle 0
Garfield::RandomEngineSTL seed: 1016898468
Cluster density for muon with momentum 5e+09 : 92.198
TAvalanche1D::initialiseTrackHeed -- 127 electrons produced by heed track.


2025-05-14.00:26:42 - Avalanche simulation id 41 (41nth simulation) terminated with success (8620 seconds).

Longitudinal diffusion generator: SIMD-oriented Fast Mersenne Twister
Initialising avalanche (Id: 49) with Heed track (thread 49) for muon with momentum 5e+09 at position 0 with angle 0
Garfield::RandomEngineSTL seed: -1532248847
Cluster density for muon with momentum 5e+09 : 92.198
TAvalanche1D::initialiseTrackHeed -- 21 electrons produced by heed track.


2025-05-14.00:59:56 - Avalanche simulation id 37 (42nth simulation) terminated with success (11875 seconds).


2025-05-14.00:59:56 - Avalanche simulation id 42 (43nth simulation) terminated with success (8584 seconds).


2025-05-14.01:06:57 - Avalanche simulation id 46 (44nth simulation) terminated with success (6003 seconds).


2025-05-14.01:20:58 - Avalanche simulation id 43 (45nth simulation) terminated with success (8786 seconds).


2025-05-14.01:27:15 - Avalanche simulation id 45 (46nth simulation) terminated with success (7714 seconds).


2025-05-14.01:31:59 - Avalanche simulation id 47 (47nth simulation) terminated with success (7237 seconds).


2025-05-14.01:37:04 - Avalanche simulation id 49 (48nth simulation) terminated with success (4220 seconds).


2025-05-14.01:42:34 - Avalanche simulation id 48 (49nth simulation) terminated with success (7278 seconds).

