000 (1228.006.000) 2025-05-13 12:13:19 Job submitted from host: <[2a05:b400:104:200:20a:f7ff:fe41:b290]:10909?addrs=[2a05-b400-104-200-20a-f7ff-fe41-b290]-10909&alias=el9-08.hep.phy.cam.ac.uk>
...
009 (1228.006.000) 2025-05-13 12:14:00 Job was aborted.
	via condor_rm (by user mlc95)
...
000 (1229.006.000) 2025-05-13 12:14:08 Job submitted from host: <[2a05:b400:104:200:20a:f7ff:fe41:b290]:10909?addrs=[2a05-b400-104-200-20a-f7ff-fe41-b290]-10909&alias=el9-08.hep.phy.cam.ac.uk>
...
040 (1229.006.000) 2025-05-13 14:44:17 Started transferring input files
	Transferring to host: <[2a05:b400:104:200::dc00:3]:40565?addrs=[2a05-b400-104-200--dc00-3]-40565&alias=dc-cpu-03.hep.phy.cam.ac.uk>
...
005 (1229.006.000) 2025-05-14 20:23:17 Job terminated.
	(1) Normal termination (return value 0)
		Usr 9 08:13:46, Sys 0 00:01:35  -  Run Remote Usage
		Usr 0 00:00:00, Sys 0 00:00:00  -  Run Local Usage
		Usr 18 03:06:22, Sys 0 00:03:08  -  Total Remote Usage
		Usr 0 00:00:00, Sys 0 00:00:00  -  Total Local Usage
	13820107  -  Run Bytes Sent By Job
	0  -  Run Bytes Received By Job
	13820107  -  Total Bytes Sent By Job
	642153699  -  Total Bytes Received By Job
	Partitionable Resources :         Usage  Request Allocated 
	   Cpus                 :          0.99        4         4 
	   Disk (KB)            :     655144     4194304   4195328 
	   Memory (MB)          :        464        4096      4096 
	   TimeExecute (s)      : 1747250597                       
	   TimeSlotBusy (s)     : 1747250597                       

	Job terminated of its own accord at 2025-05-14T19:23:17Z with exit-code 0.
...
