000 (45841.000.000) 2025-04-30 20:14:56 Job submitted from host: <[2a05:b400:104:100::500:82f]:19363?addrs=[2a05-b400-104-100--500-82f]-19363&alias=el9-06.hep.phy.cam.ac.uk>
...
040 (45841.000.000) 2025-04-30 20:14:57 Started transferring input files
	Transferring to host: <[2a05:b400:104:200::dc00:3]:34119?addrs=[2a05-b400-104-200--dc00-3]-34119&alias=dc-cpu-03.hep.phy.cam.ac.uk>
...
040 (45841.000.000) 2025-05-01 19:24:07 Finished transferring output files
...
005 (45841.000.000) 2025-05-01 19:24:07 Job terminated.
	(1) Normal termination (return value 0)
		Usr 52 09:15:12, Sys 0 00:47:59  -  Run Remote Usage
		Usr 0 00:00:00, Sys 0 00:00:00  -  Run Local Usage
		Usr 52 09:15:12, Sys 0 00:47:59  -  Total Remote Usage
		Usr 0 00:00:00, Sys 0 00:00:00  -  Total Local Usage
	130426428  -  Run Bytes Sent By Job
	589104380  -  Run Bytes Received By Job
	130426428  -  Total Bytes Sent By Job
	589104380  -  Total Bytes Received By Job
	Partitionable Resources :     Usage  Request Allocated 
	   Cpus                 :      4.98        4         4 
	   Disk (KB)            : 702851     6291456   6292480 
	   GPUs                 :                            0 
	   Memory (MB)          :   3183        6144      6144 
	   TimeExecute (s)      :  83343                       
	   TimeSlotBusy (s)     :  83351                       

	Job terminated of its own accord at 2025-05-01T18:24:05Z with exit-code 0.
...
