000 (47122.000.000) 2025-05-01 19:47:32 Job submitted from host: <[2a05:b400:104:100::500:82f]:19363?addrs=[2a05-b400-104-100--500-82f]-19363&alias=el9-06.hep.phy.cam.ac.uk>
...
040 (47122.000.000) 2025-05-01 19:47:32 Started transferring input files
	Transferring to host: <[2a05:b400:104:200::500:dc03]:39705?addrs=[2a05-b400-104-200--500-dc03]-39705&alias=wcdc-003.hep.phy.cam.ac.uk>
...
040 (47122.000.000) 2025-05-01 19:47:38 Finished transferring input files
...
001 (47122.000.000) 2025-05-01 19:47:38 Job executing on host: <[2a05:b400:104:200::500:dc03]:35369?addrs=[2a05-b400-104-200--500-dc03]-35369&alias=wcdc-003.hep.phy.cam.ac.uk>
	SlotName: slot1_18@wcdc-003.hep.phy.cam.ac.uk
	CondorScratchDir = "/var/work/condor/execute/dir_1357867"
	Cpus = 4
	Disk = 2098176
	GPUs = 0
	Memory = 4096
...
006 (47122.000.000) 2025-05-01 19:47:47 Image size of job updated: 98900
	97  -  MemoryUsage of job (MB)
	98900  -  ResidentSetSize of job (KB)
...
006 (47122.000.000) 2025-05-01 19:52:48 Image size of job updated: 436456
	427  -  MemoryUsage of job (MB)
	436456  -  ResidentSetSize of job (KB)
...
006 (47122.000.000) 2025-05-01 19:57:48 Image size of job updated: 436460
	427  -  MemoryUsage of job (MB)
	436460  -  ResidentSetSize of job (KB)
...
