nohup: ignoring input
Configuration:
   Detector:
	 gap width: 0.1
	 steps: 500
	 electric field: 49000
	 ebar calculation steps: 140
	 anode: 0.12 cm, epsilon=5
	 cathode: 0.12 cm, epsilon=5
	 threshold: 3 pC
   Gas composition:
	 temperature: 293.15
	 pressure: 760
	 gases: 3
	 gas 0 -- name: c2h2f4 - percentage: 94.7
	 gas 1 -- name: sf6 - percentage: 0.3
	 gas 2 -- name: isobutane - percentage: 4.7
   Simulation parameters:
	 particle: muon
	 momentum: 5e+09
	 x0: 0
	 theta: 0
	 events to simulate: 72
	 threads to use: 8
	 outfile path: out/ATLAS_49kV.dat
	 generator: SFMT
	 random global seed
	 Debug outputs: 0
	 verbose: 1
	 verbosity level: 1
	 snapshots: 0
Init SFMT generator with random seed: 1717305211
MediumMagboltz::SetComposition: C2H2F4/SF6/iC4H10 (94.985/0.300903/4.71414)
	Gas table file: C2H2F4-0.94985_SF6-0.00300903_iC4H10-0.0471414_temp-293.15_pres-760.gas
MediumMagboltz::LoadGasFile:
    Reading file gastables/C2H2F4-0.94985_SF6-0.00300903_iC4H10-0.0471414_temp-293.15_pres-760.gas.
    Version 13.
MediumMagboltz::GetMixture:
    Renormalizing the percentages.
    Gas composition set to iC4H10/SF6/C2H2F4 (4.71414/0.300903/94.985).

Transport parameters:
	alpha: 145.642 cm-1
	eta: 12.7997 cm-1
	E: 49000 kV/cm
	Drift velocity: (0.0101066,0,0) cm/ns
	Ion Drift velocity: (0,0,0) cm/ns
	Diffusion coefficient: (0.00990491, 0.011924) cm-1/2
	Dt: 0.019789 ns

EbarTable filename: fDiffT:0.011924-gapWidth:0.1-eps1:5-eps3:5-cathode:0.12-anode:0.12-Nstep:500-Dx:0.0002-EbarTableSize:140
Hash representation: 10068033494760882178
TAvalanche::Computing cluster density.
TAvalanche::Computing electron density and cluster size.
Longitudinal diffusion generator: SIMD-oriented Fast Mersenne Twister
Initialising avalanche (Id: 0) with Heed track (thread 0) for muon with momentum 5e+09 at position 0 with angle 0
Garfield::RandomEngineSTL seed: -1435096704
Cluster density for muon with momentum 5e+09 : 92.1483
TAvalanche1D::initialiseTrackHeed -- 19 electrons produced by heed track.

Longitudinal diffusion generator: SIMD-oriented Fast Mersenne Twister
Initialising avalanche (Id: 1) with Heed track (thread 1) for muon with momentum 5e+09 at position 0 with angle 0
Garfield::RandomEngineSTL seed: 538795089
Cluster density for muon with momentum 5e+09 : 92.1483
TAvalanche1D::initialiseTrackHeed -- 59 electrons produced by heed track.

Longitudinal diffusion generator: SIMD-oriented Fast Mersenne Twister
Initialising avalanche (Id: 2) with Heed track (thread 2) for muon with momentum 5e+09 at position 0 with angle 0
Garfield::RandomEngineSTL seed: 1302330697
Cluster density for muon with momentum 5e+09 : 92.1483
TAvalanche1D::initialiseTrackHeed -- 18 electrons produced by heed track.

Longitudinal diffusion generator: SIMD-oriented Fast Mersenne Twister
Initialising avalanche (Id: 3) with Heed track (thread 3) for muon with momentum 5e+09 at position 0 with angle 0
Garfield::RandomEngineSTL seed: 692598572
Cluster density for muon with momentum 5e+09 : 92.1483
TAvalanche1D::initialiseTrackHeed -- 13 electrons produced by heed track.

Longitudinal diffusion generator: SIMD-oriented Fast Mersenne Twister
Initialising avalanche (Id: 4) with Heed track (thread 4) for muon with momentum 5e+09 at position 0 with angle 0
Garfield::RandomEngineSTL seed: 1066440391
Cluster density for muon with momentum 5e+09 : 92.1483
TAvalanche1D::initialiseTrackHeed -- 13 electrons produced by heed track.

Longitudinal diffusion generator: SIMD-oriented Fast Mersenne Twister
Initialising avalanche (Id: 5) with Heed track (thread 5) for muon with momentum 5e+09 at position 0 with angle 0
Garfield::RandomEngineSTL seed: -793504650
Cluster density for muon with momentum 5e+09 : 92.1483
TAvalanche1D::initialiseTrackHeed -- 16 electrons produced by heed track.

Longitudinal diffusion generator: SIMD-oriented Fast Mersenne Twister
Initialising avalanche (Id: 6) with Heed track (thread 6) for muon with momentum 5e+09 at position 0 with angle 0
Garfield::RandomEngineSTL seed: 482505100
Cluster density for muon with momentum 5e+09 : 92.1483
TAvalanche1D::initialiseTrackHeed -- 8 electrons produced by heed track.

Longitudinal diffusion generator: SIMD-oriented Fast Mersenne Twister
Initialising avalanche (Id: 7) with Heed track (thread 7) for muon with momentum 5e+09 at position 0 with angle 0
Garfield::RandomEngineSTL seed: -969926244
Cluster density for muon with momentum 5e+09 : 92.1483
TAvalanche1D::initialiseTrackHeed -- 15 electrons produced by heed track.


2025-04-22.21:28:48 - Avalanche simulation id 5 (0nth simulation) terminated with success (1197 seconds).

Longitudinal diffusion generator: SIMD-oriented Fast Mersenne Twister
Initialising avalanche (Id: 8) with Heed track (thread 8) for muon with momentum 5e+09 at position 0 with angle 0
Garfield::RandomEngineSTL seed: -451490220
Cluster density for muon with momentum 5e+09 : 92.1483
TAvalanche1D::initialiseTrackHeed -- 15 electrons produced by heed track.


2025-04-22.21:41:59 - Avalanche simulation id 0 (1nth simulation) terminated with success (1990 seconds).

Longitudinal diffusion generator: SIMD-oriented Fast Mersenne Twister
Initialising avalanche (Id: 9) with Heed track (thread 9) for muon with momentum 5e+09 at position 0 with angle 0
Garfield::RandomEngineSTL seed: -1265659132
Cluster density for muon with momentum 5e+09 : 92.1483
TAvalanche1D::initialiseTrackHeed -- 10 electrons produced by heed track.


2025-04-22.21:51:38 - Avalanche simulation id 7 (2nth simulation) terminated with success (2566 seconds).

Longitudinal diffusion generator: SIMD-oriented Fast Mersenne Twister
Initialising avalanche (Id: 10) with Heed track (thread 10) for muon with momentum 5e+09 at position 0 with angle 0
Garfield::RandomEngineSTL seed: 1212479556
Cluster density for muon with momentum 5e+09 : 92.1483
TAvalanche1D::initialiseTrackHeed -- 13 electrons produced by heed track.


2025-04-22.22:13:25 - Avalanche simulation id 6 (3nth simulation) terminated with success (3873 seconds).

Longitudinal diffusion generator: SIMD-oriented Fast Mersenne Twister
Initialising avalanche (Id: 11) with Heed track (thread 11) for muon with momentum 5e+09 at position 0 with angle 0
Garfield::RandomEngineSTL seed: -1380754381
Cluster density for muon with momentum 5e+09 : 92.1483
TAvalanche1D::initialiseTrackHeed -- 30 electrons produced by heed track.


2025-04-22.22:30:05 - Avalanche simulation id 3 (4nth simulation) terminated with success (4875 seconds).

Longitudinal diffusion generator: SIMD-oriented Fast Mersenne Twister
Initialising avalanche (Id: 12) with Heed track (thread 12) for muon with momentum 5e+09 at position 0 with angle 0
Garfield::RandomEngineSTL seed: -56059945
Cluster density for muon with momentum 5e+09 : 92.1483
TAvalanche1D::initialiseTrackHeed -- 29 electrons produced by heed track.


2025-04-22.22:52:13 - Avalanche simulation id 8 (5nth simulation) terminated with success (5005 seconds).

Longitudinal diffusion generator: SIMD-oriented Fast Mersenne Twister
Initialising avalanche (Id: 13) with Heed track (thread 13) for muon with momentum 5e+09 at position 0 with angle 0
Garfield::RandomEngineSTL seed: -160530799
Cluster density for muon with momentum 5e+09 : 92.1483
TAvalanche1D::initialiseTrackHeed -- 18 electrons produced by heed track.


2025-04-22.23:13:45 - Avalanche simulation id 1 (6nth simulation) terminated with success (7495 seconds).

Longitudinal diffusion generator: SIMD-oriented Fast Mersenne Twister
Initialising avalanche (Id: 14) with Heed track (thread 14) for muon with momentum 5e+09 at position 0 with angle 0
Garfield::RandomEngineSTL seed: -222015127
Cluster density for muon with momentum 5e+09 : 92.1483
TAvalanche1D::initialiseTrackHeed -- 14 electrons produced by heed track.


2025-04-22.23:30:28 - Avalanche simulation id 2 (7nth simulation) terminated with success (8498 seconds).

Longitudinal diffusion generator: SIMD-oriented Fast Mersenne Twister
Initialising avalanche (Id: 15) with Heed track (thread 15) for muon with momentum 5e+09 at position 0 with angle 0
Garfield::RandomEngineSTL seed: -407024927
Cluster density for muon with momentum 5e+09 : 92.1483
TAvalanche1D::initialiseTrackHeed -- 24 electrons produced by heed track.


2025-04-22.23:43:39 - Avalanche simulation id 15 (8nth simulation) terminated with success (791 seconds).

Longitudinal diffusion generator: SIMD-oriented Fast Mersenne Twister
Initialising avalanche (Id: 16) with Heed track (thread 16) for muon with momentum 5e+09 at position 0 with angle 0
Garfield::RandomEngineSTL seed: -1729504713
Cluster density for muon with momentum 5e+09 : 92.1483
TAvalanche1D::initialiseTrackHeed -- 20 electrons produced by heed track.


2025-04-22.23:54:04 - Avalanche simulation id 9 (9nth simulation) terminated with success (7924 seconds).

Longitudinal diffusion generator: SIMD-oriented Fast Mersenne Twister
Initialising avalanche (Id: 17) with Heed track (thread 17) for muon with momentum 5e+09 at position 0 with angle 0
Garfield::RandomEngineSTL seed: 1450241599
Cluster density for muon with momentum 5e+09 : 92.1483
TAvalanche1D::initialiseTrackHeed -- 44 electrons produced by heed track.


2025-04-23.00:25:12 - Avalanche simulation id 14 (10nth simulation) terminated with success (4286 seconds).

Longitudinal diffusion generator: SIMD-oriented Fast Mersenne Twister
Initialising avalanche (Id: 18) with Heed track (thread 18) for muon with momentum 5e+09 at position 0 with angle 0
Garfield::RandomEngineSTL seed: -2030952428
Cluster density for muon with momentum 5e+09 : 92.1483
TAvalanche1D::initialiseTrackHeed -- 22 electrons produced by heed track.


2025-04-23.00:27:27 - Avalanche simulation id 4 (11nth simulation) terminated with success (11917 seconds).

Longitudinal diffusion generator: SIMD-oriented Fast Mersenne Twister
Initialising avalanche (Id: 19) with Heed track (thread 19) for muon with momentum 5e+09 at position 0 with angle 0
Garfield::RandomEngineSTL seed: -1455370217
Cluster density for muon with momentum 5e+09 : 92.1483
TAvalanche1D::initialiseTrackHeed -- 22 electrons produced by heed track.


2025-04-23.00:42:02 - Avalanche simulation id 10 (12nth simulation) terminated with success (10223 seconds).

Longitudinal diffusion generator: SIMD-oriented Fast Mersenne Twister
Initialising avalanche (Id: 20) with Heed track (thread 20) for muon with momentum 5e+09 at position 0 with angle 0
Garfield::RandomEngineSTL seed: -1247131364
Cluster density for muon with momentum 5e+09 : 92.1483
TAvalanche1D::initialiseTrackHeed -- 12 electrons produced by heed track.


2025-04-23.01:29:52 - Avalanche simulation id 20 (13nth simulation) terminated with success (2870 seconds).

Longitudinal diffusion generator: SIMD-oriented Fast Mersenne Twister
Initialising avalanche (Id: 21) with Heed track (thread 21) for muon with momentum 5e+09 at position 0 with angle 0
Garfield::RandomEngineSTL seed: -403140933
Cluster density for muon with momentum 5e+09 : 92.1483
TAvalanche1D::initialiseTrackHeed -- 21 electrons produced by heed track.


2025-04-23.01:35:29 - Avalanche simulation id 12 (14nth simulation) terminated with success (11123 seconds).

Longitudinal diffusion generator: SIMD-oriented Fast Mersenne Twister
Initialising avalanche (Id: 22) with Heed track (thread 22) for muon with momentum 5e+09 at position 0 with angle 0
Garfield::RandomEngineSTL seed: -1377815839
Cluster density for muon with momentum 5e+09 : 92.1483
TAvalanche1D::initialiseTrackHeed -- 9 electrons produced by heed track.


2025-04-23.01:37:05 - Avalanche simulation id 11 (15nth simulation) terminated with success (12220 seconds).

Longitudinal diffusion generator: SIMD-oriented Fast Mersenne Twister
Initialising avalanche (Id: 23) with Heed track (thread 23) for muon with momentum 5e+09 at position 0 with angle 0
Garfield::RandomEngineSTL seed: 148720883
Cluster density for muon with momentum 5e+09 : 92.1483
TAvalanche1D::initialiseTrackHeed -- 94 electrons produced by heed track.


2025-04-23.01:46:30 - Avalanche simulation id 22 (16nth simulation) terminated with success (660 seconds).

Longitudinal diffusion generator: SIMD-oriented Fast Mersenne Twister
Initialising avalanche (Id: 24) with Heed track (thread 24) for muon with momentum 5e+09 at position 0 with angle 0
Garfield::RandomEngineSTL seed: -1270863672
Cluster density for muon with momentum 5e+09 : 92.1483
TAvalanche1D::initialiseTrackHeed -- 2 electrons produced by heed track.


2025-04-23.01:47:28 - Avalanche simulation id 24 (17nth simulation) terminated with success (58 seconds).

Longitudinal diffusion generator: SIMD-oriented Fast Mersenne Twister
Initialising avalanche (Id: 25) with Heed track (thread 25) for muon with momentum 5e+09 at position 0 with angle 0
Garfield::RandomEngineSTL seed: 230231315
Cluster density for muon with momentum 5e+09 : 92.1483
TAvalanche1D::initialiseTrackHeed -- 16 electrons produced by heed track.


2025-04-23.01:57:30 - Avalanche simulation id 16 (18nth simulation) terminated with success (8030 seconds).

Longitudinal diffusion generator: SIMD-oriented Fast Mersenne Twister
Initialising avalanche (Id: 26) with Heed track (thread 26) for muon with momentum 5e+09 at position 0 with angle 0
Garfield::RandomEngineSTL seed: -1029043683
Cluster density for muon with momentum 5e+09 : 92.1483
TAvalanche1D::initialiseTrackHeed -- 14 electrons produced by heed track.


2025-04-23.01:59:50 - Avalanche simulation id 13 (19nth simulation) terminated with success (11256 seconds).

Longitudinal diffusion generator: SIMD-oriented Fast Mersenne Twister
Initialising avalanche (Id: 27) with Heed track (thread 27) for muon with momentum 5e+09 at position 0 with angle 0
Garfield::RandomEngineSTL seed: 1613522289
Cluster density for muon with momentum 5e+09 : 92.1483
TAvalanche1D::initialiseTrackHeed -- 31 electrons produced by heed track.


2025-04-23.02:01:00 - Avalanche simulation id 19 (20nth simulation) terminated with success (5612 seconds).

Longitudinal diffusion generator: SIMD-oriented Fast Mersenne Twister
Initialising avalanche (Id: 28) with Heed track (thread 28) for muon with momentum 5e+09 at position 0 with angle 0
Garfield::RandomEngineSTL seed: 1921324991
Cluster density for muon with momentum 5e+09 : 92.1483
TAvalanche1D::initialiseTrackHeed -- 21 electrons produced by heed track.


2025-04-23.02:27:59 - Avalanche simulation id 17 (21nth simulation) terminated with success (9235 seconds).

Longitudinal diffusion generator: SIMD-oriented Fast Mersenne Twister
Initialising avalanche (Id: 29) with Heed track (thread 29) for muon with momentum 5e+09 at position 0 with angle 0
Garfield::RandomEngineSTL seed: -1962056987
Cluster density for muon with momentum 5e+09 : 92.1483
TAvalanche1D::initialiseTrackHeed -- 9 electrons produced by heed track.


2025-04-23.02:44:20 - Avalanche simulation id 29 (22nth simulation) terminated with success (980 seconds).

Longitudinal diffusion generator: SIMD-oriented Fast Mersenne Twister
Initialising avalanche (Id: 30) with Heed track (thread 30) for muon with momentum 5e+09 at position 0 with angle 0
Garfield::RandomEngineSTL seed: 142790802
Cluster density for muon with momentum 5e+09 : 92.1483
TAvalanche1D::initialiseTrackHeed -- 10 electrons produced by heed track.


2025-04-23.02:50:16 - Avalanche simulation id 27 (23nth simulation) terminated with success (3026 seconds).

Longitudinal diffusion generator: SIMD-oriented Fast Mersenne Twister
Initialising avalanche (Id: 31) with Heed track (thread 31) for muon with momentum 5e+09 at position 0 with angle 0
Garfield::RandomEngineSTL seed: 242568525
Cluster density for muon with momentum 5e+09 : 92.1483
TAvalanche1D::initialiseTrackHeed -- 16 electrons produced by heed track.


2025-04-23.03:28:28 - Avalanche simulation id 25 (24nth simulation) terminated with success (6060 seconds).

Longitudinal diffusion generator: SIMD-oriented Fast Mersenne Twister
Initialising avalanche (Id: 32) with Heed track (thread 32) for muon with momentum 5e+09 at position 0 with angle 0
Garfield::RandomEngineSTL seed: -1990165120
Cluster density for muon with momentum 5e+09 : 92.1483
TAvalanche1D::initialiseTrackHeed -- 17 electrons produced by heed track.


2025-04-23.03:30:13 - Avalanche simulation id 21 (25nth simulation) terminated with success (7221 seconds).

Longitudinal diffusion generator: SIMD-oriented Fast Mersenne Twister
Initialising avalanche (Id: 33) with Heed track (thread 33) for muon with momentum 5e+09 at position 0 with angle 0
Garfield::RandomEngineSTL seed: 308048769
Cluster density for muon with momentum 5e+09 : 92.1483
TAvalanche1D::initialiseTrackHeed -- 16 electrons produced by heed track.


2025-04-23.03:36:23 - Avalanche simulation id 23 (26nth simulation) terminated with success (7157 seconds).

Longitudinal diffusion generator: SIMD-oriented Fast Mersenne Twister
Initialising avalanche (Id: 34) with Heed track (thread 34) for muon with momentum 5e+09 at position 0 with angle 0
Garfield::RandomEngineSTL seed: 947431654
Cluster density for muon with momentum 5e+09 : 92.1483
TAvalanche1D::initialiseTrackHeed -- 17 electrons produced by heed track.


2025-04-23.03:45:23 - Avalanche simulation id 18 (27nth simulation) terminated with success (12010 seconds).

Longitudinal diffusion generator: SIMD-oriented Fast Mersenne Twister
Initialising avalanche (Id: 35) with Heed track (thread 35) for muon with momentum 5e+09 at position 0 with angle 0
Garfield::RandomEngineSTL seed: 793801485
Cluster density for muon with momentum 5e+09 : 92.1483
TAvalanche1D::initialiseTrackHeed -- 15 electrons produced by heed track.


2025-04-23.04:02:24 - Avalanche simulation id 33 (28nth simulation) terminated with success (1930 seconds).

Longitudinal diffusion generator: SIMD-oriented Fast Mersenne Twister
Initialising avalanche (Id: 36) with Heed track (thread 36) for muon with momentum 5e+09 at position 0 with angle 0
Garfield::RandomEngineSTL seed: 330369588
Cluster density for muon with momentum 5e+09 : 92.1483
TAvalanche1D::initialiseTrackHeed -- 38 electrons produced by heed track.


2025-04-23.04:19:07 - Avalanche simulation id 26 (29nth simulation) terminated with success (8497 seconds).

Longitudinal diffusion generator: SIMD-oriented Fast Mersenne Twister
Initialising avalanche (Id: 37) with Heed track (thread 37) for muon with momentum 5e+09 at position 0 with angle 0
Garfield::RandomEngineSTL seed: 164281179
Cluster density for muon with momentum 5e+09 : 92.1483
TAvalanche1D::initialiseTrackHeed -- 15 electrons produced by heed track.


2025-04-23.04:23:27 - Avalanche simulation id 31 (30nth simulation) terminated with success (5590 seconds).

Longitudinal diffusion generator: SIMD-oriented Fast Mersenne Twister
Initialising avalanche (Id: 38) with Heed track (thread 38) for muon with momentum 5e+09 at position 0 with angle 0
Garfield::RandomEngineSTL seed: -1572519748
Cluster density for muon with momentum 5e+09 : 92.1483
TAvalanche1D::initialiseTrackHeed -- 21 electrons produced by heed track.


2025-04-23.04:41:47 - Avalanche simulation id 28 (31nth simulation) terminated with success (9647 seconds).

Longitudinal diffusion generator: SIMD-oriented Fast Mersenne Twister
Initialising avalanche (Id: 39) with Heed track (thread 39) for muon with momentum 5e+09 at position 0 with angle 0
Garfield::RandomEngineSTL seed: 44584415
Cluster density for muon with momentum 5e+09 : 92.1483
TAvalanche1D::initialiseTrackHeed -- 14 electrons produced by heed track.


2025-04-23.04:55:56 - Avalanche simulation id 30 (32nth simulation) terminated with success (7896 seconds).

Longitudinal diffusion generator: SIMD-oriented Fast Mersenne Twister
Initialising avalanche (Id: 40) with Heed track (thread 40) for muon with momentum 5e+09 at position 0 with angle 0
Garfield::RandomEngineSTL seed: -977406046
Cluster density for muon with momentum 5e+09 : 92.1483
TAvalanche1D::initialiseTrackHeed -- 381 electrons produced by heed track.


2025-04-23.05:47:09 - Avalanche simulation id 32 (33nth simulation) terminated with success (8321 seconds).

Longitudinal diffusion generator: SIMD-oriented Fast Mersenne Twister
Initialising avalanche (Id: 41) with Heed track (thread 41) for muon with momentum 5e+09 at position 0 with angle 0
Garfield::RandomEngineSTL seed: 1718428044
Cluster density for muon with momentum 5e+09 : 92.1483
TAvalanche1D::initialiseTrackHeed -- 24 electrons produced by heed track.


2025-04-23.06:17:58 - Avalanche simulation id 37 (34nth simulation) terminated with success (7131 seconds).

Longitudinal diffusion generator: SIMD-oriented Fast Mersenne Twister
Initialising avalanche (Id: 42) with Heed track (thread 42) for muon with momentum 5e+09 at position 0 with angle 0
Garfield::RandomEngineSTL seed: 638750296
Cluster density for muon with momentum 5e+09 : 92.1483
TAvalanche1D::initialiseTrackHeed -- 14 electrons produced by heed track.


2025-04-23.06:22:15 - Avalanche simulation id 35 (35nth simulation) terminated with success (9412 seconds).

Longitudinal diffusion generator: SIMD-oriented Fast Mersenne Twister
Initialising avalanche (Id: 43) with Heed track (thread 43) for muon with momentum 5e+09 at position 0 with angle 0
Garfield::RandomEngineSTL seed: -367315436
Cluster density for muon with momentum 5e+09 : 92.1483
TAvalanche1D::initialiseTrackHeed -- 22 electrons produced by heed track.


2025-04-23.06:33:51 - Avalanche simulation id 40 (36nth simulation) terminated with success (5875 seconds).

Longitudinal diffusion generator: SIMD-oriented Fast Mersenne Twister
Initialising avalanche (Id: 44) with Heed track (thread 44) for muon with momentum 5e+09 at position 0 with angle 0
Garfield::RandomEngineSTL seed: -832875035
Cluster density for muon with momentum 5e+09 : 92.1483
TAvalanche1D::initialiseTrackHeed -- 36 electrons produced by heed track.


2025-04-23.06:52:12 - Avalanche simulation id 42 (37nth simulation) terminated with success (2054 seconds).

Longitudinal diffusion generator: SIMD-oriented Fast Mersenne Twister
Initialising avalanche (Id: 45) with Heed track (thread 45) for muon with momentum 5e+09 at position 0 with angle 0
Garfield::RandomEngineSTL seed: 1347777412
Cluster density for muon with momentum 5e+09 : 92.1483
TAvalanche1D::initialiseTrackHeed -- 19 electrons produced by heed track.


2025-04-23.06:52:24 - Avalanche simulation id 39 (38nth simulation) terminated with success (7836 seconds).

Longitudinal diffusion generator: SIMD-oriented Fast Mersenne Twister
Initialising avalanche (Id: 46) with Heed track (thread 46) for muon with momentum 5e+09 at position 0 with angle 0
Garfield::RandomEngineSTL seed: 1790725258
Cluster density for muon with momentum 5e+09 : 92.1483
TAvalanche1D::initialiseTrackHeed -- 12 electrons produced by heed track.


2025-04-23.07:20:06 - Avalanche simulation id 34 (39nth simulation) terminated with success (13422 seconds).

Longitudinal diffusion generator: SIMD-oriented Fast Mersenne Twister
Initialising avalanche (Id: 47) with Heed track (thread 47) for muon with momentum 5e+09 at position 0 with angle 0
Garfield::RandomEngineSTL seed: 146800575
Cluster density for muon with momentum 5e+09 : 92.1483
TAvalanche1D::initialiseTrackHeed -- 27 electrons produced by heed track.


2025-04-23.07:20:14 - Avalanche simulation id 36 (40nth simulation) terminated with success (11870 seconds).

Longitudinal diffusion generator: SIMD-oriented Fast Mersenne Twister
Initialising avalanche (Id: 48) with Heed track (thread 48) for muon with momentum 5e+09 at position 0 with angle 0
Garfield::RandomEngineSTL seed: 1509392044
Cluster density for muon with momentum 5e+09 : 92.1483
TAvalanche1D::initialiseTrackHeed -- 10 electrons produced by heed track.


2025-04-23.07:39:49 - Avalanche simulation id 48 (41nth simulation) terminated with success (1175 seconds).

Longitudinal diffusion generator: SIMD-oriented Fast Mersenne Twister
Initialising avalanche (Id: 49) with Heed track (thread 49) for muon with momentum 5e+09 at position 0 with angle 0
Garfield::RandomEngineSTL seed: -478350985
Cluster density for muon with momentum 5e+09 : 92.1483
TAvalanche1D::initialiseTrackHeed -- 14 electrons produced by heed track.


2025-04-23.07:46:19 - Avalanche simulation id 44 (42nth simulation) terminated with success (4348 seconds).

Longitudinal diffusion generator: SIMD-oriented Fast Mersenne Twister
Initialising avalanche (Id: 50) with Heed track (thread 50) for muon with momentum 5e+09 at position 0 with angle 0
Garfield::RandomEngineSTL seed: -1610861167
Cluster density for muon with momentum 5e+09 : 92.1483
TAvalanche1D::initialiseTrackHeed -- 7 electrons produced by heed track.


2025-04-23.07:53:47 - Avalanche simulation id 46 (43nth simulation) terminated with success (3683 seconds).

Longitudinal diffusion generator: SIMD-oriented Fast Mersenne Twister
Initialising avalanche (Id: 51) with Heed track (thread 51) for muon with momentum 5e+09 at position 0 with angle 0
Garfield::RandomEngineSTL seed: 1892266769
Cluster density for muon with momentum 5e+09 : 92.1483
TAvalanche1D::initialiseTrackHeed -- 21 electrons produced by heed track.


2025-04-23.08:00:06 - Avalanche simulation id 41 (44nth simulation) terminated with success (7976 seconds).

Longitudinal diffusion generator: SIMD-oriented Fast Mersenne Twister
Initialising avalanche (Id: 52) with Heed track (thread 52) for muon with momentum 5e+09 at position 0 with angle 0
Garfield::RandomEngineSTL seed: -557741033
Cluster density for muon with momentum 5e+09 : 92.1483
TAvalanche1D::initialiseTrackHeed -- 14 electrons produced by heed track.


2025-04-23.08:24:27 - Avalanche simulation id 38 (45nth simulation) terminated with success (14460 seconds).

Longitudinal diffusion generator: SIMD-oriented Fast Mersenne Twister
Initialising avalanche (Id: 53) with Heed track (thread 53) for muon with momentum 5e+09 at position 0 with angle 0
Garfield::RandomEngineSTL seed: 312903883
Cluster density for muon with momentum 5e+09 : 92.1483
TAvalanche1D::initialiseTrackHeed -- 14 electrons produced by heed track.


2025-04-23.08:38:33 - Avalanche simulation id 43 (46nth simulation) terminated with success (8178 seconds).

Longitudinal diffusion generator: SIMD-oriented Fast Mersenne Twister
Initialising avalanche (Id: 54) with Heed track (thread 54) for muon with momentum 5e+09 at position 0 with angle 0
Garfield::RandomEngineSTL seed: -599279074
Cluster density for muon with momentum 5e+09 : 92.1483
TAvalanche1D::initialiseTrackHeed -- 35 electrons produced by heed track.


2025-04-23.09:29:43 - Avalanche simulation id 52 (47nth simulation) terminated with success (5376 seconds).

Longitudinal diffusion generator: SIMD-oriented Fast Mersenne Twister
Initialising avalanche (Id: 55) with Heed track (thread 55) for muon with momentum 5e+09 at position 0 with angle 0
Garfield::RandomEngineSTL seed: -160861176
Cluster density for muon with momentum 5e+09 : 92.1483
TAvalanche1D::initialiseTrackHeed -- 8 electrons produced by heed track.


2025-04-23.09:36:28 - Avalanche simulation id 49 (48nth simulation) terminated with success (6998 seconds).

Longitudinal diffusion generator: SIMD-oriented Fast Mersenne Twister
Initialising avalanche (Id: 56) with Heed track (thread 56) for muon with momentum 5e+09 at position 0 with angle 0
Garfield::RandomEngineSTL seed: 953624556
Cluster density for muon with momentum 5e+09 : 92.1483
TAvalanche1D::initialiseTrackHeed -- 9 electrons produced by heed track.


2025-04-23.09:46:11 - Avalanche simulation id 45 (49nth simulation) terminated with success (10438 seconds).

Longitudinal diffusion generator: SIMD-oriented Fast Mersenne Twister
Initialising avalanche (Id: 57) with Heed track (thread 57) for muon with momentum 5e+09 at position 0 with angle 0
Garfield::RandomEngineSTL seed: 581173152
Cluster density for muon with momentum 5e+09 : 92.1483
TAvalanche1D::initialiseTrackHeed -- 7 electrons produced by heed track.


2025-04-23.09:53:39 - Avalanche simulation id 50 (50nth simulation) terminated with success (7640 seconds).

Longitudinal diffusion generator: SIMD-oriented Fast Mersenne Twister
Initialising avalanche (Id: 58) with Heed track (thread 58) for muon with momentum 5e+09 at position 0 with angle 0
Garfield::RandomEngineSTL seed: 588930456
Cluster density for muon with momentum 5e+09 : 92.1483
TAvalanche1D::initialiseTrackHeed -- 6 electrons produced by heed track.


2025-04-23.09:57:19 - Avalanche simulation id 57 (51nth simulation) terminated with success (667 seconds).

Longitudinal diffusion generator: SIMD-oriented Fast Mersenne Twister
Initialising avalanche (Id: 59) with Heed track (thread 59) for muon with momentum 5e+09 at position 0 with angle 0
Garfield::RandomEngineSTL seed: -405509518
Cluster density for muon with momentum 5e+09 : 92.1483
TAvalanche1D::initialiseTrackHeed -- 11 electrons produced by heed track.


2025-04-23.09:58:39 - Avalanche simulation id 47 (52nth simulation) terminated with success (9513 seconds).

Longitudinal diffusion generator: SIMD-oriented Fast Mersenne Twister
Initialising avalanche (Id: 60) with Heed track (thread 60) for muon with momentum 5e+09 at position 0 with angle 0
Garfield::RandomEngineSTL seed: 300417055
Cluster density for muon with momentum 5e+09 : 92.1483
TAvalanche1D::initialiseTrackHeed -- 33 electrons produced by heed track.


2025-04-23.10:37:03 - Avalanche simulation id 55 (53nth simulation) terminated with success (4039 seconds).

Longitudinal diffusion generator: SIMD-oriented Fast Mersenne Twister
Initialising avalanche (Id: 61) with Heed track (thread 61) for muon with momentum 5e+09 at position 0 with angle 0
Garfield::RandomEngineSTL seed: 1391392175
Cluster density for muon with momentum 5e+09 : 92.1483
TAvalanche1D::initialiseTrackHeed -- 49 electrons produced by heed track.


2025-04-23.10:48:08 - Avalanche simulation id 51 (54nth simulation) terminated with success (10460 seconds).

Longitudinal diffusion generator: SIMD-oriented Fast Mersenne Twister
Initialising avalanche (Id: 62) with Heed track (thread 62) for muon with momentum 5e+09 at position 0 with angle 0
Garfield::RandomEngineSTL seed: -1745288779
Cluster density for muon with momentum 5e+09 : 92.1483
TAvalanche1D::initialiseTrackHeed -- 9 electrons produced by heed track.


2025-04-23.11:00:56 - Avalanche simulation id 53 (55nth simulation) terminated with success (9389 seconds).

Longitudinal diffusion generator: SIMD-oriented Fast Mersenne Twister
Initialising avalanche (Id: 63) with Heed track (thread 63) for muon with momentum 5e+09 at position 0 with angle 0
Garfield::RandomEngineSTL seed: -121805860
Cluster density for muon with momentum 5e+09 : 92.1483
TAvalanche1D::initialiseTrackHeed -- 16 electrons produced by heed track.


2025-04-23.11:03:42 - Avalanche simulation id 63 (56nth simulation) terminated with success (166 seconds).

Longitudinal diffusion generator: SIMD-oriented Fast Mersenne Twister
Initialising avalanche (Id: 64) with Heed track (thread 64) for muon with momentum 5e+09 at position 0 with angle 0
Garfield::RandomEngineSTL seed: -345822589
Cluster density for muon with momentum 5e+09 : 92.1483
TAvalanche1D::initialiseTrackHeed -- 16 electrons produced by heed track.


2025-04-23.11:16:29 - Avalanche simulation id 54 (57nth simulation) terminated with success (9475 seconds).

Longitudinal diffusion generator: SIMD-oriented Fast Mersenne Twister
Initialising avalanche (Id: 65) with Heed track (thread 65) for muon with momentum 5e+09 at position 0 with angle 0
Garfield::RandomEngineSTL seed: -680307506
Cluster density for muon with momentum 5e+09 : 92.1483
TAvalanche1D::initialiseTrackHeed -- 21 electrons produced by heed track.


2025-04-23.11:26:03 - Avalanche simulation id 60 (58nth simulation) terminated with success (5243 seconds).

Longitudinal diffusion generator: SIMD-oriented Fast Mersenne Twister
Initialising avalanche (Id: 66) with Heed track (thread 66) for muon with momentum 5e+09 at position 0 with angle 0
Garfield::RandomEngineSTL seed: -426702517
Cluster density for muon with momentum 5e+09 : 92.1483
TAvalanche1D::initialiseTrackHeed -- 21 electrons produced by heed track.


2025-04-23.11:27:08 - Avalanche simulation id 58 (59nth simulation) terminated with success (5608 seconds).

Longitudinal diffusion generator: SIMD-oriented Fast Mersenne Twister
Initialising avalanche (Id: 67) with Heed track (thread 67) for muon with momentum 5e+09 at position 0 with angle 0
Garfield::RandomEngineSTL seed: -1622754814
Cluster density for muon with momentum 5e+09 : 92.1483
TAvalanche1D::initialiseTrackHeed -- 17 electrons produced by heed track.


2025-04-23.12:25:55 - Avalanche simulation id 59 (60nth simulation) terminated with success (8916 seconds).

Longitudinal diffusion generator: SIMD-oriented Fast Mersenne Twister
Initialising avalanche (Id: 68) with Heed track (thread 68) for muon with momentum 5e+09 at position 0 with angle 0
Garfield::RandomEngineSTL seed: 1219463191
Cluster density for muon with momentum 5e+09 : 92.1483
TAvalanche1D::initialiseTrackHeed -- 16 electrons produced by heed track.


2025-04-23.12:26:56 - Avalanche simulation id 56 (61nth simulation) terminated with success (10227 seconds).

Longitudinal diffusion generator: SIMD-oriented Fast Mersenne Twister
Initialising avalanche (Id: 69) with Heed track (thread 69) for muon with momentum 5e+09 at position 0 with angle 0
Garfield::RandomEngineSTL seed: 1475294873
Cluster density for muon with momentum 5e+09 : 92.1483
TAvalanche1D::initialiseTrackHeed -- 14 electrons produced by heed track.


2025-04-23.12:30:11 - Avalanche simulation id 67 (62nth simulation) terminated with success (3782 seconds).

Longitudinal diffusion generator: SIMD-oriented Fast Mersenne Twister
Initialising avalanche (Id: 70) with Heed track (thread 70) for muon with momentum 5e+09 at position 0 with angle 0
Garfield::RandomEngineSTL seed: 632786929
Cluster density for muon with momentum 5e+09 : 92.1483
TAvalanche1D::initialiseTrackHeed -- 11 electrons produced by heed track.


2025-04-23.12:40:42 - Avalanche simulation id 62 (63nth simulation) terminated with success (6754 seconds).

Longitudinal diffusion generator: SIMD-oriented Fast Mersenne Twister
Initialising avalanche (Id: 71) with Heed track (thread 71) for muon with momentum 5e+09 at position 0 with angle 0
Garfield::RandomEngineSTL seed: 1063152657
Cluster density for muon with momentum 5e+09 : 92.1483
TAvalanche1D::initialiseTrackHeed -- 6 electrons produced by heed track.


2025-04-23.12:58:41 - Avalanche simulation id 65 (64nth simulation) terminated with success (6132 seconds).


2025-04-23.13:01:08 - Avalanche simulation id 68 (65nth simulation) terminated with success (2113 seconds).


2025-04-23.13:33:21 - Avalanche simulation id 64 (66nth simulation) terminated with success (8978 seconds).


2025-04-23.13:40:35 - Avalanche simulation id 69 (67nth simulation) terminated with success (4419 seconds).


2025-04-23.13:42:44 - Avalanche simulation id 66 (68nth simulation) terminated with success (8200 seconds).


2025-04-23.13:43:16 - Avalanche simulation id 71 (69nth simulation) terminated with success (3753 seconds).


2025-04-23.13:52:12 - Avalanche simulation id 61 (70nth simulation) terminated with success (11708 seconds).


2025-04-23.13:54:17 - Avalanche simulation id 70 (71nth simulation) terminated with success (5046 seconds).

