000 (55022.009.000) 2025-05-07 01:35:25 Job submitted from host: <[2a05:b400:104:100::500:82f]:19363?addrs=[2a05-b400-104-100--500-82f]-19363&alias=el9-06.hep.phy.cam.ac.uk>
...
022 (55022.009.000) 2025-05-07 19:14:34 Job disconnected, attempting to reconnect
    Local schedd and job shadow died, schedd now running again
    Trying to reconnect to slot1_5@wcdc-128.hep.phy.cam.ac.uk <[2a05:b400:104:200::500:dc80]:43763?addrs=[2a05-b400-104-200--500-dc80]-43763&alias=wcdc-128.hep.phy.cam.ac.uk>
...
023 (55022.009.000) 2025-05-07 19:14:41 Job reconnected to slot1_5@wcdc-128.hep.phy.cam.ac.uk
    startd address: <[2a05:b400:104:200::500:dc80]:43763?addrs=[2a05-b400-104-200--500-dc80]-43763&alias=wcdc-128.hep.phy.cam.ac.uk>
    starter address: <[2a05:b400:104:200::500:dc80]:34377?addrs=[2a05-b400-104-200--500-dc80]-34377&alias=wcdc-128.hep.phy.cam.ac.uk>
...
040 (55022.009.000) 2025-05-08 15:15:21 Started transferring input files
	Transferring to host: <[2a05:b400:104:200::dc00:4]:37073?addrs=[2a05-b400-104-200--dc00-4]-37073&alias=dc-cpu-04.hep.phy.cam.ac.uk>
...
005 (55022.009.000) 2025-05-09 14:24:40 Job terminated.
	(1) Normal termination (return value 0)
		Usr 3 19:13:16, Sys 0 00:00:49  -  Run Remote Usage
		Usr 0 00:00:00, Sys 0 00:00:00  -  Run Local Usage
		Usr 6 16:34:33, Sys 0 00:00:57  -  Total Remote Usage
		Usr 0 00:00:00, Sys 0 00:00:00  -  Total Local Usage
	6376563  -  Run Bytes Sent By Job
	1397695013  -  Run Bytes Received By Job
	6376563  -  Total Bytes Sent By Job
	1397695013  -  Total Bytes Received By Job

	Job terminated of its own accord at 2025-05-09T13:23:26Z with exit-code 0.
...
040 (295.009.000) 2025-05-09 20:38:16 Started transferring output files
...
040 (295.009.000) 2025-05-09 20:38:16 Finished transferring output files
...
005 (295.009.000) 2025-05-09 20:38:16 Job terminated.
	(1) Normal termination (return value 0)
		Usr 4 04:33:51, Sys 0 00:00:39  -  Run Remote Usage
		Usr 0 00:00:00, Sys 0 00:00:00  -  Run Local Usage
		Usr 4 04:33:51, Sys 0 00:00:39  -  Total Remote Usage
		Usr 0 00:00:00, Sys 0 00:00:00  -  Total Local Usage
	6335195  -  Run Bytes Sent By Job
	634161414  -  Run Bytes Received By Job
	6335195  -  Total Bytes Sent By Job
	634161414  -  Total Bytes Received By Job
	Partitionable Resources :     Usage  Request Allocated 
	   Cpus                 :      0.99        4         4 
	   Disk (KB)            : 647574     4194304   4195328 
	   GPUs                 :                            0 
	   Memory (MB)          :    293        6144      6144 
	   TimeExecute (s)      :  93026                       
	   TimeSlotBusy (s)     :  93028                       

	Job terminated of its own accord at 2025-05-09T19:38:16Z with exit-code 0.
...
