000 (994.000.000) 2025-05-12 12:43:51 Job submitted from host: <[2a05:b400:104:200:20a:f7ff:fe41:b290]:10909?addrs=[2a05-b400-104-200-20a-f7ff-fe41-b290]-10909&alias=el9-08.hep.phy.cam.ac.uk>
...
040 (994.000.000) 2025-05-12 12:43:51 Started transferring input files
	Transferring to host: <[2a05:b400:104:200::500:dc02]:38229?addrs=[2a05-b400-104-200--500-dc02]-38229&alias=wcdc-002.hep.phy.cam.ac.uk>
...
040 (994.000.000) 2025-05-12 12:44:00 Finished transferring input files
...
001 (994.000.000) 2025-05-12 12:44:00 Job executing on host: <[2a05:b400:104:200::500:dc02]:43533?addrs=[2a05-b400-104-200--500-dc02]-43533&alias=wcdc-002.hep.phy.cam.ac.uk>
	SlotName: slot1_7@wcdc-002.hep.phy.cam.ac.uk
	CondorScratchDir = "/var/work/condor/execute/dir_2329212"
	Cpus = 4
	Disk = 4195328
	GPUs = 0
	Memory = 6144
...
006 (994.000.000) 2025-05-12 12:44:13 Image size of job updated: 34368
	34  -  MemoryUsage of job (MB)
	34368  -  ResidentSetSize of job (KB)
...
006 (994.000.000) 2025-05-12 12:49:13 Image size of job updated: 449128
	439  -  MemoryUsage of job (MB)
	449128  -  ResidentSetSize of job (KB)
...
006 (994.000.000) 2025-05-12 12:54:14 Image size of job updated: 449140
	439  -  MemoryUsage of job (MB)
	449140  -  ResidentSetSize of job (KB)
...
