000 (994.003.000) 2025-05-12 12:43:51 Job submitted from host: <[2a05:b400:104:200:20a:f7ff:fe41:b290]:10909?addrs=[2a05-b400-104-200-20a-f7ff-fe41-b290]-10909&alias=el9-08.hep.phy.cam.ac.uk>
...
040 (994.003.000) 2025-05-12 12:43:58 Entered queue to transfer input files
	Transferring to host: <[2a05:b400:104:200:21e:67ff:fefe:d29a]:40605?addrs=[2a05-b400-104-200-21e-67ff-fefe-d29a]-40605&alias=wcdc-011.hep.phy.cam.ac.uk>
...
040 (994.003.000) 2025-05-12 12:43:59 Started transferring input files
	Seconds spent in queue: 1
...
040 (994.003.000) 2025-05-12 12:44:29 Finished transferring input files
...
001 (994.003.000) 2025-05-12 12:44:29 Job executing on host: <[2a05:b400:104:200:21e:67ff:fefe:d29a]:35415?addrs=[2a05-b400-104-200-21e-67ff-fefe-d29a]-35415&alias=wcdc-011.hep.phy.cam.ac.uk>
	SlotName: slot1_4@wcdc-011.hep.phy.cam.ac.uk
	CondorScratchDir = "/var/work/condor/execute/dir_1330745"
	Cpus = 4
	Disk = 4195328
	GPUs = 0
	Memory = 6144
...
006 (994.003.000) 2025-05-12 12:44:39 Image size of job updated: 52
	1  -  MemoryUsage of job (MB)
	52  -  ResidentSetSize of job (KB)
...
006 (994.003.000) 2025-05-12 12:49:39 Image size of job updated: 111324
	109  -  MemoryUsage of job (MB)
	111324  -  ResidentSetSize of job (KB)
...
006 (994.003.000) 2025-05-12 12:54:40 Image size of job updated: 448936
	439  -  MemoryUsage of job (MB)
	448936  -  ResidentSetSize of job (KB)
...
