000 (1166.009.000) 2025-05-13 11:21:46 Job submitted from host: <[2a05:b400:104:200:20a:f7ff:fe41:b290]:10909?addrs=[2a05-b400-104-200-20a-f7ff-fe41-b290]-10909&alias=el9-08.hep.phy.cam.ac.uk>
...
040 (1166.009.000) 2025-05-13 11:22:50 Started transferring input files
	Transferring to host: <[2a05:b400:104:200::dc00:3]:42437?addrs=[2a05-b400-104-200--dc00-3]-42437&alias=dc-cpu-03.hep.phy.cam.ac.uk>
...
040 (1166.009.000) 2025-05-13 11:22:53 Finished transferring input files
...
001 (1166.009.000) 2025-05-13 11:22:53 Job executing on host: <[2a05:b400:104:200::dc00:3]:44735?addrs=[2a05-b400-104-200--dc00-3]-44735&alias=dc-cpu-03.hep.phy.cam.ac.uk>
	SlotName: slot1_63@dc-cpu-03.hep.phy.cam.ac.uk
	CondorScratchDir = "/var/work/condor/execute/dir_476613"
	Cpus = 4
	Disk = 4195328
	GPUs = 0
	Memory = 6144
...
006 (1166.009.000) 2025-05-13 11:23:01 Image size of job updated: 111304
	109  -  MemoryUsage of job (MB)
	111304  -  ResidentSetSize of job (KB)
...
006 (1166.009.000) 2025-05-13 11:28:01 Image size of job updated: 450352
	440  -  MemoryUsage of job (MB)
	450352  -  ResidentSetSize of job (KB)
...
006 (1166.009.000) 2025-05-13 11:53:03 Image size of job updated: 470760
	460  -  MemoryUsage of job (MB)
	470760  -  ResidentSetSize of job (KB)
...
006 (1166.009.000) 2025-05-13 12:08:05 Image size of job updated: 470768
	460  -  MemoryUsage of job (MB)
	470768  -  ResidentSetSize of job (KB)
...
006 (1166.009.000) 2025-05-13 12:13:06 Image size of job updated: 472320
	462  -  MemoryUsage of job (MB)
	472320  -  ResidentSetSize of job (KB)
...
006 (1166.009.000) 2025-05-13 12:33:08 Image size of job updated: 474040
	463  -  MemoryUsage of job (MB)
	474040  -  ResidentSetSize of job (KB)
...
006 (1166.009.000) 2025-05-13 12:43:09 Image size of job updated: 475580
	465  -  MemoryUsage of job (MB)
	475580  -  ResidentSetSize of job (KB)
...
006 (1166.009.000) 2025-05-13 12:53:09 Image size of job updated: 477120
	466  -  MemoryUsage of job (MB)
	477120  -  ResidentSetSize of job (KB)
...
