000 (1166.007.000) 2025-05-13 11:21:46 Job submitted from host: <[2a05:b400:104:200:20a:f7ff:fe41:b290]:10909?addrs=[2a05-b400-104-200-20a-f7ff-fe41-b290]-10909&alias=el9-08.hep.phy.cam.ac.uk>
...
040 (1166.007.000) 2025-05-13 11:22:47 Started transferring input files
	Transferring to host: <[2a05:b400:104:200::dc00:3]:35061?addrs=[2a05-b400-104-200--dc00-3]-35061&alias=dc-cpu-03.hep.phy.cam.ac.uk>
...
040 (1166.007.000) 2025-05-13 11:22:52 Finished transferring input files
...
001 (1166.007.000) 2025-05-13 11:22:52 Job executing on host: <[2a05:b400:104:200::dc00:3]:44735?addrs=[2a05-b400-104-200--dc00-3]-44735&alias=dc-cpu-03.hep.phy.cam.ac.uk>
	SlotName: slot1_61@dc-cpu-03.hep.phy.cam.ac.uk
	CondorScratchDir = "/var/work/condor/execute/dir_476609"
	Cpus = 4
	Disk = 4195328
	GPUs = 0
	Memory = 6144
...
006 (1166.007.000) 2025-05-13 11:23:00 Image size of job updated: 111304
	109  -  MemoryUsage of job (MB)
	111304  -  ResidentSetSize of job (KB)
...
006 (1166.007.000) 2025-05-13 11:28:00 Image size of job updated: 450596
	441  -  MemoryUsage of job (MB)
	450596  -  ResidentSetSize of job (KB)
...
006 (1166.007.000) 2025-05-13 11:58:04 Image size of job updated: 450620
	441  -  MemoryUsage of job (MB)
	450620  -  ResidentSetSize of job (KB)
...
006 (1166.007.000) 2025-05-13 12:08:05 Image size of job updated: 451708
	442  -  MemoryUsage of job (MB)
	451708  -  ResidentSetSize of job (KB)
...
006 (1166.007.000) 2025-05-13 12:13:05 Image size of job updated: 453252
	443  -  MemoryUsage of job (MB)
	453252  -  ResidentSetSize of job (KB)
...
006 (1166.007.000) 2025-05-13 12:18:05 Image size of job updated: 454800
	445  -  MemoryUsage of job (MB)
	454800  -  ResidentSetSize of job (KB)
...
006 (1166.007.000) 2025-05-13 12:23:06 Image size of job updated: 476684
	466  -  MemoryUsage of job (MB)
	476684  -  ResidentSetSize of job (KB)
...
006 (1166.007.000) 2025-05-13 12:28:06 Image size of job updated: 476736
	466  -  MemoryUsage of job (MB)
	476736  -  ResidentSetSize of job (KB)
...
