000 (1166.002.000) 2025-05-13 11:21:46 Job submitted from host: <[2a05:b400:104:200:20a:f7ff:fe41:b290]:10909?addrs=[2a05-b400-104-200-20a-f7ff-fe41-b290]-10909&alias=el9-08.hep.phy.cam.ac.uk>
...
040 (1166.002.000) 2025-05-13 11:22:46 Started transferring input files
	Transferring to host: <[2a05:b400:104:200::dc00:4]:42453?addrs=[2a05-b400-104-200--dc00-4]-42453&alias=dc-cpu-04.hep.phy.cam.ac.uk>
...
040 (1166.002.000) 2025-05-13 11:22:52 Finished transferring input files
...
001 (1166.002.000) 2025-05-13 11:22:52 Job executing on host: <[2a05:b400:104:200::dc00:4]:33533?addrs=[2a05-b400-104-200--dc00-4]-33533&alias=dc-cpu-04.hep.phy.cam.ac.uk>
	SlotName: slot1_19@dc-cpu-04.hep.phy.cam.ac.uk
	CondorScratchDir = "/var/work/condor/execute/dir_3064115"
	Cpus = 4
	Disk = 4195328
	GPUs = 0
	Memory = 6144
...
006 (1166.002.000) 2025-05-13 11:23:00 Image size of job updated: 111308
	109  -  MemoryUsage of job (MB)
	111308  -  ResidentSetSize of job (KB)
...
006 (1166.002.000) 2025-05-13 11:28:00 Image size of job updated: 448648
	439  -  MemoryUsage of job (MB)
	448648  -  ResidentSetSize of job (KB)
...
006 (1166.002.000) 2025-05-13 12:13:05 Image size of job updated: 450188
	440  -  MemoryUsage of job (MB)
	450188  -  ResidentSetSize of job (KB)
...
006 (1166.002.000) 2025-05-13 12:28:06 Image size of job updated: 451736
	442  -  MemoryUsage of job (MB)
	451736  -  ResidentSetSize of job (KB)
...
